<?xml version="1.0" encoding="UTF-8"?>
<testsuite name="org.example.RabbitTest" tests="1" skipped="0" failures="0" errors="0" timestamp="2023-02-24T12:03:39" hostname="STEWS" time="10.606">
  <properties/>
  <testcase name="rabbitTest()" classname="org.example.RabbitTest" time="10.606"/>
  <system-out><![CDATA[04:03:23.213 [Test worker] DEBUG org.springframework.boot.test.context.SpringBootTestContextBootstrapper - Neither @ContextConfiguration nor @ContextHierarchy found for test class [RabbitTest]: using SpringBootContextLoader
04:03:23.219 [Test worker] DEBUG org.springframework.test.context.support.AbstractContextLoader - Could not detect default resource locations for test class [org.example.RabbitTest]: no resource found for suffixes {-context.xml, Context.groovy}.
04:03:23.219 [Test worker] INFO org.springframework.test.context.support.AnnotationConfigContextLoaderUtils - Could not detect default configuration classes for test class [org.example.RabbitTest]: RabbitTest does not declare any static, non-private, non-final, nested classes annotated with @Configuration.
04:03:23.243 [Test worker] DEBUG org.springframework.boot.test.context.SpringBootTestContextBootstrapper - Using ContextCustomizers for test class [RabbitTest]: [DisableObservabilityContextCustomizer, PropertyMappingContextCustomizer, Customizer, ExcludeFilterContextCustomizer, DuplicateJsonObjectContextCustomizer, MockitoContextCustomizer, TestRestTemplateContextCustomizer, DynamicPropertiesContextCustomizer]
04:03:23.315 [Test worker] DEBUG org.springframework.context.annotation.ClassPathScanningCandidateComponentProvider - Identified candidate component class: file [C:\Users\localst\repo\spring-boot-testing-amqp\build\classes\java\main\org\example\SpringBootTestingAMQPApp.class]
04:03:23.329 [Test worker] INFO org.springframework.boot.test.context.SpringBootTestContextBootstrapper - Found @SpringBootConfiguration org.example.SpringBootTestingAMQPApp for test class org.example.RabbitTest
04:03:23.435 [Test worker] DEBUG org.springframework.test.context.util.TestContextSpringFactoriesUtils - Skipping candidate TestExecutionListener [org.springframework.test.context.web.ServletTestExecutionListener] due to a missing dependency. Specify custom TestExecutionListener classes or make the default TestExecutionListener classes and their required dependencies available. Offending class: [jakarta/servlet/ServletContext]
04:03:23.448 [Test worker] DEBUG org.springframework.boot.test.context.SpringBootTestContextBootstrapper - Using TestExecutionListeners for test class [RabbitTest]: [DirtiesContextBeforeModesTestExecutionListener, ApplicationEventsTestExecutionListener, MockitoTestExecutionListener, DependencyInjectionTestExecutionListener, DirtiesContextTestExecutionListener, TransactionalTestExecutionListener, SqlScriptsTestExecutionListener, EventPublishingTestExecutionListener, RestDocsTestExecutionListener, MockRestServiceServerResetTestExecutionListener, MockMvcPrintOnlyOnFailureTestExecutionListener, WebDriverTestExecutionListener, MockWebServiceServerTestExecutionListener, ResetMocksTestExecutionListener]
04:03:23.450 [Test worker] DEBUG org.springframework.test.context.support.AbstractDirtiesContextTestExecutionListener - Before test class: class [RabbitTest], class annotated with @DirtiesContext [false] with mode [null]
04:03:23.482 [Test worker] DEBUG org.testcontainers.utility.TestcontainersConfiguration - Testcontainers configuration overrides will be loaded from file:/C:/Users/localst/.testcontainers.properties
04:03:23.488 [Test worker] INFO org.testcontainers.utility.ImageNameSubstitutor - Image name substitution will be performed by: DefaultImageNameSubstitutor (composite of 'ConfigurationFileImageNameSubstitutor' and 'PrefixingImageNameSubstitutor')
04:03:23.510 [Test worker] INFO org.testcontainers.dockerclient.DockerClientProviderStrategy - Loaded org.testcontainers.dockerclient.NpipeSocketClientProviderStrategy from ~/.testcontainers.properties, will try it first
04:03:23.511 [Test worker] DEBUG org.testcontainers.dockerclient.DockerClientProviderStrategy - Trying out strategy: NpipeSocketClientProviderStrategy
04:03:23.873 [Test worker] DEBUG org.testcontainers.shaded.com.github.dockerjava.core.command.AbstrDockerCmd - Cmd: 
04:03:23.914 [Test worker] DEBUG com.github.dockerjava.zerodep.shaded.org.apache.hc.client5.http.impl.classic.InternalHttpClient - ex-00000001: preparing request execution
04:03:23.919 [Test worker] DEBUG com.github.dockerjava.zerodep.shaded.org.apache.hc.client5.http.protocol.RequestAddCookies - Cookie spec selected: strict
04:03:23.927 [Test worker] DEBUG com.github.dockerjava.zerodep.shaded.org.apache.hc.client5.http.protocol.RequestAuthCache - Auth cache not set in the context
04:03:23.927 [Test worker] DEBUG com.github.dockerjava.zerodep.shaded.org.apache.hc.client5.http.impl.classic.ProtocolExec - ex-00000001: target auth state: UNCHALLENGED
04:03:23.930 [Test worker] DEBUG com.github.dockerjava.zerodep.shaded.org.apache.hc.client5.http.impl.classic.ProtocolExec - ex-00000001: proxy auth state: UNCHALLENGED
04:03:23.930 [Test worker] DEBUG com.github.dockerjava.zerodep.shaded.org.apache.hc.client5.http.impl.classic.ConnectExec - ex-00000001: acquiring connection with route {}->npipe://localhost:2375
04:03:23.931 [Test worker] DEBUG com.github.dockerjava.zerodep.shaded.org.apache.hc.client5.http.impl.classic.InternalHttpClient - ex-00000001: acquiring endpoint (3 MINUTES)
04:03:23.932 [Test worker] DEBUG com.github.dockerjava.zerodep.shaded.org.apache.hc.client5.http.impl.io.PoolingHttpClientConnectionManager - ex-00000001: endpoint lease request (3 MINUTES) [route: {}->npipe://localhost:2375][total available: 0; route allocated: 0 of 2147483647; total allocated: 0 of 2147483647]
04:03:23.936 [Test worker] DEBUG com.github.dockerjava.zerodep.shaded.org.apache.hc.client5.http.impl.io.PoolingHttpClientConnectionManager - ex-00000001: endpoint leased [route: {}->npipe://localhost:2375][total available: 0; route allocated: 1 of 2147483647; total allocated: 1 of 2147483647]
04:03:23.950 [Test worker] DEBUG com.github.dockerjava.zerodep.shaded.org.apache.hc.client5.http.impl.io.PoolingHttpClientConnectionManager - ex-00000001: acquired ep-00000000
04:03:23.950 [Test worker] DEBUG com.github.dockerjava.zerodep.shaded.org.apache.hc.client5.http.impl.classic.InternalHttpClient - ex-00000001: acquired endpoint ep-00000000
04:03:23.950 [Test worker] DEBUG com.github.dockerjava.zerodep.shaded.org.apache.hc.client5.http.impl.classic.ConnectExec - ex-00000001: opening connection {}->npipe://localhost:2375
04:03:23.951 [Test worker] DEBUG com.github.dockerjava.zerodep.shaded.org.apache.hc.client5.http.impl.classic.InternalHttpClient - ep-00000000: connecting endpoint (3 MINUTES)
04:03:23.951 [Test worker] DEBUG com.github.dockerjava.zerodep.shaded.org.apache.hc.client5.http.impl.io.PoolingHttpClientConnectionManager - ep-00000000: connecting endpoint to npipe://localhost:2375 (3 MINUTES)
04:03:23.954 [Test worker] DEBUG com.github.dockerjava.zerodep.shaded.org.apache.hc.client5.http.impl.io.DefaultHttpClientConnectionOperator - http-outgoing-0: connecting to localhost/127.0.0.1:2375
04:03:23.955 [Test worker] DEBUG com.github.dockerjava.zerodep.shaded.org.apache.hc.client5.http.impl.io.DefaultHttpClientConnectionOperator - http-outgoing-0: connection established 
04:03:23.955 [Test worker] DEBUG com.github.dockerjava.zerodep.shaded.org.apache.hc.client5.http.impl.io.PoolingHttpClientConnectionManager - ep-00000000: connected http-outgoing-0
04:03:23.955 [Test worker] DEBUG com.github.dockerjava.zerodep.shaded.org.apache.hc.client5.http.impl.classic.InternalHttpClient - ep-00000000: endpoint connected
04:03:23.956 [Test worker] DEBUG com.github.dockerjava.zerodep.shaded.org.apache.hc.client5.http.impl.classic.MainClientExec - ex-00000001: executing GET /v1.32/info HTTP/1.1
04:03:23.957 [Test worker] DEBUG com.github.dockerjava.zerodep.shaded.org.apache.hc.client5.http.impl.classic.InternalHttpClient - ep-00000000: start execution ex-00000001
04:03:23.957 [Test worker] DEBUG com.github.dockerjava.zerodep.shaded.org.apache.hc.client5.http.impl.io.PoolingHttpClientConnectionManager - ep-00000000: executing exchange ex-00000001 over http-outgoing-0
04:03:23.960 [Test worker] DEBUG com.github.dockerjava.zerodep.shaded.org.apache.hc.client5.http.headers - http-outgoing-0 >> GET /v1.32/info HTTP/1.1
04:03:23.961 [Test worker] DEBUG com.github.dockerjava.zerodep.shaded.org.apache.hc.client5.http.headers - http-outgoing-0 >> x-tc-sid: ed23b396-e83d-44ca-9296-5871eeaad6a6
04:03:23.961 [Test worker] DEBUG com.github.dockerjava.zerodep.shaded.org.apache.hc.client5.http.headers - http-outgoing-0 >> Accept-Encoding: gzip, x-gzip, deflate
04:03:23.961 [Test worker] DEBUG com.github.dockerjava.zerodep.shaded.org.apache.hc.client5.http.headers - http-outgoing-0 >> Host: localhost:2375
04:03:23.961 [Test worker] DEBUG com.github.dockerjava.zerodep.shaded.org.apache.hc.client5.http.headers - http-outgoing-0 >> Connection: keep-alive
04:03:23.961 [Test worker] DEBUG com.github.dockerjava.zerodep.shaded.org.apache.hc.client5.http.headers - http-outgoing-0 >> User-Agent: Apache-HttpClient/5.0.3 (Java/17.0.4)
04:03:23.962 [Test worker] DEBUG com.github.dockerjava.zerodep.shaded.org.apache.hc.client5.http.wire - http-outgoing-0 >> "GET /v1.32/info HTTP/1.1[\r][\n]"
04:03:23.962 [Test worker] DEBUG com.github.dockerjava.zerodep.shaded.org.apache.hc.client5.http.wire - http-outgoing-0 >> "x-tc-sid: ed23b396-e83d-44ca-9296-5871eeaad6a6[\r][\n]"
04:03:23.962 [Test worker] DEBUG com.github.dockerjava.zerodep.shaded.org.apache.hc.client5.http.wire - http-outgoing-0 >> "Accept-Encoding: gzip, x-gzip, deflate[\r][\n]"
04:03:23.963 [Test worker] DEBUG com.github.dockerjava.zerodep.shaded.org.apache.hc.client5.http.wire - http-outgoing-0 >> "Host: localhost:2375[\r][\n]"
04:03:23.963 [Test worker] DEBUG com.github.dockerjava.zerodep.shaded.org.apache.hc.client5.http.wire - http-outgoing-0 >> "Connection: keep-alive[\r][\n]"
04:03:23.963 [Test worker] DEBUG com.github.dockerjava.zerodep.shaded.org.apache.hc.client5.http.wire - http-outgoing-0 >> "User-Agent: Apache-HttpClient/5.0.3 (Java/17.0.4)[\r][\n]"
04:03:23.963 [Test worker] DEBUG com.github.dockerjava.zerodep.shaded.org.apache.hc.client5.http.wire - http-outgoing-0 >> "[\r][\n]"
04:03:24.700 [Test worker] DEBUG com.github.dockerjava.zerodep.shaded.org.apache.hc.client5.http.wire - http-outgoing-0 << "HTTP/1.1 200 OK[\r][\n]"
04:03:24.701 [Test worker] DEBUG com.github.dockerjava.zerodep.shaded.org.apache.hc.client5.http.wire - http-outgoing-0 << "Api-Version: 1.41[\r][\n]"
04:03:24.701 [Test worker] DEBUG com.github.dockerjava.zerodep.shaded.org.apache.hc.client5.http.wire - http-outgoing-0 << "Content-Type: application/json[\r][\n]"
04:03:24.701 [Test worker] DEBUG com.github.dockerjava.zerodep.shaded.org.apache.hc.client5.http.wire - http-outgoing-0 << "Date: Fri, 24 Feb 2023 12:03:24 GMT[\r][\n]"
04:03:24.701 [Test worker] DEBUG com.github.dockerjava.zerodep.shaded.org.apache.hc.client5.http.wire - http-outgoing-0 << "Docker-Experimental: false[\r][\n]"
04:03:24.701 [Test worker] DEBUG com.github.dockerjava.zerodep.shaded.org.apache.hc.client5.http.wire - http-outgoing-0 << "Ostype: linux[\r][\n]"
04:03:24.701 [Test worker] DEBUG com.github.dockerjava.zerodep.shaded.org.apache.hc.client5.http.wire - http-outgoing-0 << "Server: Docker/20.10.21 (linux)[\r][\n]"
04:03:24.701 [Test worker] DEBUG com.github.dockerjava.zerodep.shaded.org.apache.hc.client5.http.wire - http-outgoing-0 << "Transfer-Encoding: chunked[\r][\n]"
04:03:24.701 [Test worker] DEBUG com.github.dockerjava.zerodep.shaded.org.apache.hc.client5.http.wire - http-outgoing-0 << "[\r][\n]"
04:03:24.703 [Test worker] DEBUG com.github.dockerjava.zerodep.shaded.org.apache.hc.client5.http.headers - http-outgoing-0 << HTTP/1.1 200 OK
04:03:24.703 [Test worker] DEBUG com.github.dockerjava.zerodep.shaded.org.apache.hc.client5.http.headers - http-outgoing-0 << Api-Version: 1.41
04:03:24.703 [Test worker] DEBUG com.github.dockerjava.zerodep.shaded.org.apache.hc.client5.http.headers - http-outgoing-0 << Content-Type: application/json
04:03:24.703 [Test worker] DEBUG com.github.dockerjava.zerodep.shaded.org.apache.hc.client5.http.headers - http-outgoing-0 << Date: Fri, 24 Feb 2023 12:03:24 GMT
04:03:24.703 [Test worker] DEBUG com.github.dockerjava.zerodep.shaded.org.apache.hc.client5.http.headers - http-outgoing-0 << Docker-Experimental: false
04:03:24.703 [Test worker] DEBUG com.github.dockerjava.zerodep.shaded.org.apache.hc.client5.http.headers - http-outgoing-0 << Ostype: linux
04:03:24.703 [Test worker] DEBUG com.github.dockerjava.zerodep.shaded.org.apache.hc.client5.http.headers - http-outgoing-0 << Server: Docker/20.10.21 (linux)
04:03:24.703 [Test worker] DEBUG com.github.dockerjava.zerodep.shaded.org.apache.hc.client5.http.headers - http-outgoing-0 << Transfer-Encoding: chunked
04:03:24.706 [Test worker] DEBUG com.github.dockerjava.zerodep.shaded.org.apache.hc.client5.http.impl.classic.MainClientExec - ex-00000001: connection can be kept alive for 3 MINUTES
04:03:24.715 [Test worker] DEBUG com.github.dockerjava.zerodep.shaded.org.apache.hc.client5.http.wire - http-outgoing-0 << "a89[\r][\n]"
04:03:24.715 [Test worker] DEBUG com.github.dockerjava.zerodep.shaded.org.apache.hc.client5.http.wire - http-outgoing-0 << "{"ID":"7HLB:QGXF:4O26:F5BY:225N:R6UC:C44G:JGDL:7OCC:7ZNV:U62F:ALNV","Containers":2,"ContainersRunning":0,"ContainersPaused":0,"ContainersStopped":2,"Images":10,"Driver":"overlay2","DriverStatus":[["Backing Filesystem","extfs"],["Supports d_type","true"],["Native Overlay Diff","true"],["userxattr","false"]],"Plugins":{"Volume":["local"],"Network":["bridge","host","ipvlan","macvlan","null","overlay"],"Authorization":null,"Log":["awslogs","fluentd","gcplogs","gelf","journald","json-file","local","logentries","splunk","syslog"]},"MemoryLimit":true,"SwapLimit":true,"KernelMemory":true,"KernelMemoryTCP":true,"CpuCfsPeriod":true,"CpuCfsQuota":true,"CPUShares":true,"CPUSet":true,"PidsLimit":true,"IPv4Forwarding":true,"BridgeNfIptables":true,"BridgeNfIp6tables":true,"Debug":false,"NFd":48,"OomKillDisable":true,"NGoroutines":53,"SystemTime":"2023-02-24T12:03:24.349355578Z","LoggingDriver":"json-file","CgroupDriver":"cgroupfs","CgroupVersion":"1","NEventsListener":6,"KernelVersion":"5.10.102.1-microsoft-standard-WSL2","OperatingSystem":"Docker Desktop","OSVersion":"","OSType":"linux","Architecture":"x86_64","IndexServerAddress":"https://index.docker.io/v1/","RegistryConfig":{"AllowNondistributableArtifactsCIDRs":[],"AllowNondistributableArtifactsHostnames":[],"InsecureRegistryCIDRs":["127.0.0.0/8"],"IndexConfigs":{"docker.io":{"Name":"docker.io","Mirrors":[],"Secure":true,"Official":true},"hubproxy.docker.internal:5000":{"Name":"hubproxy.docker.internal:5000","Mirrors":[],"Secure":false,"Official":false}},"Mirrors":[]},"NCPU":16,"MemTotal":3975458816,"GenericResources":null,"DockerRootDir":"/var/lib/docker","HttpProxy":"http.docker.internal:3128","HttpsProxy":"http.docker.internal:3128","NoProxy":"hubproxy.docker.internal","Name":"docker-desktop","Labels":[],"ExperimentalBuild":false,"ServerVersion":"20.10.21","Runtimes":{"io.containerd.runc.v2":{"path":"runc"},"io.containerd.runtime.v1.linux":{"path":"runc"},"runc":{"path":"runc"}},"DefaultRuntime":"runc","Swarm":{"NodeID":"","NodeAddr":"","LocalNodeState":"inactive","ControlAvailable":false,"Error":"","RemoteManagers":null},"LiveRestoreEnabled":false,"Isolation":"","InitBinary":"docker-init","ContainerdCommit":{"ID":"770bd0108c32f3fb5c73ae1264f7e503fe7b2661","Expected":"770bd0108c32f3fb5c73ae1264f7e503fe7b2661"},"RuncCommit":{"ID":"v1.1.4-0-g5fd4c4d","Expected":"v1.1.4-0-g5fd4c4d"},"InitCommit":{"ID":"de40ad0","Expected":"de40ad0"},"SecurityOptions":["name=seccomp,profile=default"],"Warnings":["WARNING: No blkio throttle.read_bps_device support","WARNING: No blkio throttle.write_bps_device support","WARNING: No blkio throttle.read_iops_device support","WARNING: No blkio throttle.write_iops_device support"]}[\n]"
04:03:24.715 [Test worker] DEBUG com.github.dockerjava.zerodep.shaded.org.apache.hc.client5.http.wire - http-outgoing-0 << "[\r][\n]"
04:03:24.715 [Test worker] DEBUG com.github.dockerjava.zerodep.shaded.org.apache.hc.client5.http.wire - http-outgoing-0 << "0[\r][\n]"
04:03:24.715 [Test worker] DEBUG com.github.dockerjava.zerodep.shaded.org.apache.hc.client5.http.wire - http-outgoing-0 << "[\r][\n]"
04:03:24.831 [Test worker] DEBUG com.github.dockerjava.zerodep.shaded.org.apache.hc.client5.http.impl.classic.InternalHttpClient - ep-00000000: releasing valid endpoint
04:03:24.831 [Test worker] DEBUG com.github.dockerjava.zerodep.shaded.org.apache.hc.client5.http.impl.io.PoolingHttpClientConnectionManager - ep-00000000: releasing endpoint
04:03:24.831 [Test worker] DEBUG com.github.dockerjava.zerodep.shaded.org.apache.hc.client5.http.impl.io.PoolingHttpClientConnectionManager - ep-00000000: connection http-outgoing-0 can be kept alive for 3 MINUTES
04:03:24.832 [Test worker] DEBUG com.github.dockerjava.zerodep.shaded.org.apache.hc.client5.http.impl.io.PoolingHttpClientConnectionManager - ep-00000000: connection released [route: {}->npipe://localhost:2375][total available: 1; route allocated: 1 of 2147483647; total allocated: 1 of 2147483647]
04:03:24.832 [Test worker] INFO org.testcontainers.dockerclient.DockerClientProviderStrategy - Found Docker environment with local Npipe socket (npipe:////./pipe/docker_engine)
04:03:24.832 [Test worker] DEBUG org.testcontainers.dockerclient.DockerClientProviderStrategy - Transport type: 'httpclient5', Docker host: 'npipe:////./pipe/docker_engine'
04:03:24.832 [Test worker] DEBUG org.testcontainers.dockerclient.DockerClientProviderStrategy - Checking Docker OS type for local Npipe socket (npipe:////./pipe/docker_engine)
04:03:24.834 [Test worker] INFO org.testcontainers.DockerClientFactory - Docker host IP address is localhost
04:03:24.834 [Test worker] DEBUG org.testcontainers.DockerClientFactory - Docker info: {NGoroutines=53, Name=docker-desktop, Swarm={NodeID=, NodeAddr=, LocalNodeState=inactive, ControlAvailable=false, Error=, RemoteManagers=null}, RuncCommit={ID=v1.1.4-0-g5fd4c4d, Expected=v1.1.4-0-g5fd4c4d}, OSVersion=, Runtimes={io.containerd.runc.v2={path=runc}, io.containerd.runtime.v1.linux={path=runc}, runc={path=runc}}, ID=7HLB:QGXF:4O26:F5BY:225N:R6UC:C44G:JGDL:7OCC:7ZNV:U62F:ALNV, DriverStatus=[[Backing Filesystem, extfs], [Supports d_type, true], [Native Overlay Diff, true], [userxattr, false]], BridgeNfIptables=true, LiveRestoreEnabled=false, SystemTime=2023-02-24T12:03:24.349355578Z, NoProxy=hubproxy.docker.internal, Architecture=x86_64, NEventsListener=6, HttpsProxy=http.docker.internal:3128, Images=10, ContainersRunning=0, Labels=[], InitCommit={ID=de40ad0, Expected=de40ad0}, NFd=48, KernelVersion=5.10.102.1-microsoft-standard-WSL2, LoggingDriver=json-file, OSType=linux, SecurityOptions=[name=seccomp,profile=default], ContainerdCommit={ID=770bd0108c32f3fb5c73ae1264f7e503fe7b2661, Expected=770bd0108c32f3fb5c73ae1264f7e503fe7b2661}, GenericResources=null, KernelMemory=true, OperatingSystem=Docker Desktop, RegistryConfig={AllowNondistributableArtifactsCIDRs=[], AllowNondistributableArtifactsHostnames=[], InsecureRegistryCIDRs=[127.0.0.0/8], IndexConfigs={docker.io={Name=docker.io, Mirrors=[], Secure=true, Official=true}, hubproxy.docker.internal:5000={Name=hubproxy.docker.internal:5000, Mirrors=[], Secure=false, Official=false}}, Mirrors=[]}, ServerVersion=20.10.21, OomKillDisable=true, CpuCfsQuota=true, Containers=2, Driver=overlay2, KernelMemoryTCP=true, IPv4Forwarding=true, ExperimentalBuild=false, DockerRootDir=/var/lib/docker, CPUSet=true, CpuCfsPeriod=true, DefaultRuntime=runc, CPUShares=true, Debug=false, NCPU=16, Plugins={Volume=[local], Network=[bridge, host, ipvlan, macvlan, null, overlay], Authorization=null, Log=[awslogs, fluentd, gcplogs, gelf, journald, json-file, local, logentries, splunk, syslog]}, SwapLimit=true, CgroupDriver=cgroupfs, ContainersPaused=0, MemTotal=3975458816, IndexServerAddress=https://index.docker.io/v1/, MemoryLimit=true, HttpProxy=http.docker.internal:3128, InitBinary=docker-init, CgroupVersion=1, PidsLimit=true, Isolation=, BridgeNfIp6tables=true, Warnings=[WARNING: No blkio throttle.read_bps_device support, WARNING: No blkio throttle.write_bps_device support, WARNING: No blkio throttle.read_iops_device support, WARNING: No blkio throttle.write_iops_device support], ContainersStopped=2}
04:03:24.837 [Test worker] DEBUG org.testcontainers.shaded.com.github.dockerjava.core.command.AbstrDockerCmd - Cmd: 
04:03:24.838 [Test worker] DEBUG com.github.dockerjava.zerodep.shaded.org.apache.hc.client5.http.impl.classic.InternalHttpClient - ex-00000002: preparing request execution
04:03:24.838 [Test worker] DEBUG com.github.dockerjava.zerodep.shaded.org.apache.hc.client5.http.protocol.RequestAddCookies - Cookie spec selected: strict
04:03:24.838 [Test worker] DEBUG com.github.dockerjava.zerodep.shaded.org.apache.hc.client5.http.protocol.RequestAuthCache - Auth cache not set in the context
04:03:24.838 [Test worker] DEBUG com.github.dockerjava.zerodep.shaded.org.apache.hc.client5.http.impl.classic.ProtocolExec - ex-00000002: target auth state: UNCHALLENGED
04:03:24.838 [Test worker] DEBUG com.github.dockerjava.zerodep.shaded.org.apache.hc.client5.http.impl.classic.ProtocolExec - ex-00000002: proxy auth state: UNCHALLENGED
04:03:24.838 [Test worker] DEBUG com.github.dockerjava.zerodep.shaded.org.apache.hc.client5.http.impl.classic.ConnectExec - ex-00000002: acquiring connection with route {}->npipe://localhost:2375
04:03:24.838 [Test worker] DEBUG com.github.dockerjava.zerodep.shaded.org.apache.hc.client5.http.impl.classic.InternalHttpClient - ex-00000002: acquiring endpoint (3 MINUTES)
04:03:24.838 [Test worker] DEBUG com.github.dockerjava.zerodep.shaded.org.apache.hc.client5.http.impl.io.PoolingHttpClientConnectionManager - ex-00000002: endpoint lease request (3 MINUTES) [route: {}->npipe://localhost:2375][total available: 1; route allocated: 1 of 2147483647; total allocated: 1 of 2147483647]
04:03:24.839 [Test worker] DEBUG com.github.dockerjava.zerodep.shaded.org.apache.hc.client5.http.impl.io.PoolingHttpClientConnectionManager - ex-00000002: endpoint leased [route: {}->npipe://localhost:2375][total available: 0; route allocated: 1 of 2147483647; total allocated: 1 of 2147483647]
04:03:24.839 [Test worker] DEBUG com.github.dockerjava.zerodep.shaded.org.apache.hc.client5.http.impl.io.PoolingHttpClientConnectionManager - ex-00000002: acquired ep-00000001
04:03:24.839 [Test worker] DEBUG com.github.dockerjava.zerodep.shaded.org.apache.hc.client5.http.impl.classic.InternalHttpClient - ex-00000002: acquired endpoint ep-00000001
04:03:24.839 [Test worker] DEBUG com.github.dockerjava.zerodep.shaded.org.apache.hc.client5.http.impl.classic.MainClientExec - ex-00000002: executing GET /v1.32/version HTTP/1.1
04:03:24.839 [Test worker] DEBUG com.github.dockerjava.zerodep.shaded.org.apache.hc.client5.http.impl.classic.InternalHttpClient - ep-00000001: start execution ex-00000002
04:03:24.839 [Test worker] DEBUG com.github.dockerjava.zerodep.shaded.org.apache.hc.client5.http.impl.io.PoolingHttpClientConnectionManager - ep-00000001: executing exchange ex-00000002 over http-outgoing-0
04:03:24.840 [Test worker] DEBUG com.github.dockerjava.zerodep.shaded.org.apache.hc.client5.http.headers - http-outgoing-0 >> GET /v1.32/version HTTP/1.1
04:03:24.840 [Test worker] DEBUG com.github.dockerjava.zerodep.shaded.org.apache.hc.client5.http.headers - http-outgoing-0 >> accept: application/json
04:03:24.840 [Test worker] DEBUG com.github.dockerjava.zerodep.shaded.org.apache.hc.client5.http.headers - http-outgoing-0 >> x-tc-sid: ed23b396-e83d-44ca-9296-5871eeaad6a6
04:03:24.840 [Test worker] DEBUG com.github.dockerjava.zerodep.shaded.org.apache.hc.client5.http.headers - http-outgoing-0 >> Accept-Encoding: gzip, x-gzip, deflate
04:03:24.840 [Test worker] DEBUG com.github.dockerjava.zerodep.shaded.org.apache.hc.client5.http.headers - http-outgoing-0 >> Host: localhost:2375
04:03:24.840 [Test worker] DEBUG com.github.dockerjava.zerodep.shaded.org.apache.hc.client5.http.headers - http-outgoing-0 >> Connection: keep-alive
04:03:24.840 [Test worker] DEBUG com.github.dockerjava.zerodep.shaded.org.apache.hc.client5.http.headers - http-outgoing-0 >> User-Agent: Apache-HttpClient/5.0.3 (Java/17.0.4)
04:03:24.840 [Test worker] DEBUG com.github.dockerjava.zerodep.shaded.org.apache.hc.client5.http.wire - http-outgoing-0 >> "GET /v1.32/version HTTP/1.1[\r][\n]"
04:03:24.840 [Test worker] DEBUG com.github.dockerjava.zerodep.shaded.org.apache.hc.client5.http.wire - http-outgoing-0 >> "accept: application/json[\r][\n]"
04:03:24.840 [Test worker] DEBUG com.github.dockerjava.zerodep.shaded.org.apache.hc.client5.http.wire - http-outgoing-0 >> "x-tc-sid: ed23b396-e83d-44ca-9296-5871eeaad6a6[\r][\n]"
04:03:24.840 [Test worker] DEBUG com.github.dockerjava.zerodep.shaded.org.apache.hc.client5.http.wire - http-outgoing-0 >> "Accept-Encoding: gzip, x-gzip, deflate[\r][\n]"
04:03:24.840 [Test worker] DEBUG com.github.dockerjava.zerodep.shaded.org.apache.hc.client5.http.wire - http-outgoing-0 >> "Host: localhost:2375[\r][\n]"
04:03:24.840 [Test worker] DEBUG com.github.dockerjava.zerodep.shaded.org.apache.hc.client5.http.wire - http-outgoing-0 >> "Connection: keep-alive[\r][\n]"
04:03:24.840 [Test worker] DEBUG com.github.dockerjava.zerodep.shaded.org.apache.hc.client5.http.wire - http-outgoing-0 >> "User-Agent: Apache-HttpClient/5.0.3 (Java/17.0.4)[\r][\n]"
04:03:24.840 [Test worker] DEBUG com.github.dockerjava.zerodep.shaded.org.apache.hc.client5.http.wire - http-outgoing-0 >> "[\r][\n]"
04:03:24.952 [Test worker] DEBUG com.github.dockerjava.zerodep.shaded.org.apache.hc.client5.http.wire - http-outgoing-0 << "HTTP/1.1 200 OK[\r][\n]"
04:03:24.953 [Test worker] DEBUG com.github.dockerjava.zerodep.shaded.org.apache.hc.client5.http.wire - http-outgoing-0 << "Api-Version: 1.41[\r][\n]"
04:03:24.953 [Test worker] DEBUG com.github.dockerjava.zerodep.shaded.org.apache.hc.client5.http.wire - http-outgoing-0 << "Content-Type: application/json[\r][\n]"
04:03:24.953 [Test worker] DEBUG com.github.dockerjava.zerodep.shaded.org.apache.hc.client5.http.wire - http-outgoing-0 << "Date: Fri, 24 Feb 2023 12:03:24 GMT[\r][\n]"
04:03:24.953 [Test worker] DEBUG com.github.dockerjava.zerodep.shaded.org.apache.hc.client5.http.wire - http-outgoing-0 << "Docker-Experimental: false[\r][\n]"
04:03:24.953 [Test worker] DEBUG com.github.dockerjava.zerodep.shaded.org.apache.hc.client5.http.wire - http-outgoing-0 << "Ostype: linux[\r][\n]"
04:03:24.953 [Test worker] DEBUG com.github.dockerjava.zerodep.shaded.org.apache.hc.client5.http.wire - http-outgoing-0 << "Server: Docker/20.10.21 (linux)[\r][\n]"
04:03:24.953 [Test worker] DEBUG com.github.dockerjava.zerodep.shaded.org.apache.hc.client5.http.wire - http-outgoing-0 << "Transfer-Encoding: chunked[\r][\n]"
04:03:24.953 [Test worker] DEBUG com.github.dockerjava.zerodep.shaded.org.apache.hc.client5.http.wire - http-outgoing-0 << "[\r][\n]"
04:03:24.953 [Test worker] DEBUG com.github.dockerjava.zerodep.shaded.org.apache.hc.client5.http.headers - http-outgoing-0 << HTTP/1.1 200 OK
04:03:24.953 [Test worker] DEBUG com.github.dockerjava.zerodep.shaded.org.apache.hc.client5.http.headers - http-outgoing-0 << Api-Version: 1.41
04:03:24.953 [Test worker] DEBUG com.github.dockerjava.zerodep.shaded.org.apache.hc.client5.http.headers - http-outgoing-0 << Content-Type: application/json
04:03:24.953 [Test worker] DEBUG com.github.dockerjava.zerodep.shaded.org.apache.hc.client5.http.headers - http-outgoing-0 << Date: Fri, 24 Feb 2023 12:03:24 GMT
04:03:24.954 [Test worker] DEBUG com.github.dockerjava.zerodep.shaded.org.apache.hc.client5.http.headers - http-outgoing-0 << Docker-Experimental: false
04:03:24.954 [Test worker] DEBUG com.github.dockerjava.zerodep.shaded.org.apache.hc.client5.http.headers - http-outgoing-0 << Ostype: linux
04:03:24.954 [Test worker] DEBUG com.github.dockerjava.zerodep.shaded.org.apache.hc.client5.http.headers - http-outgoing-0 << Server: Docker/20.10.21 (linux)
04:03:24.954 [Test worker] DEBUG com.github.dockerjava.zerodep.shaded.org.apache.hc.client5.http.headers - http-outgoing-0 << Transfer-Encoding: chunked
04:03:24.954 [Test worker] DEBUG com.github.dockerjava.zerodep.shaded.org.apache.hc.client5.http.impl.classic.MainClientExec - ex-00000002: connection can be kept alive for 3 MINUTES
04:03:24.961 [Test worker] DEBUG com.github.dockerjava.zerodep.shaded.org.apache.hc.client5.http.wire - http-outgoing-0 << "360[\r][\n]"
04:03:24.962 [Test worker] DEBUG com.github.dockerjava.zerodep.shaded.org.apache.hc.client5.http.wire - http-outgoing-0 << "{"Platform":{"Name":"Docker Desktop 4.15.0 (93002)"},"Components":[{"Name":"Engine","Version":"20.10.21","Details":{"ApiVersion":"1.41","Arch":"amd64","BuildTime":"2022-10-25T18:00:19.000000000+00:00","Experimental":"false","GitCommit":"3056208","GoVersion":"go1.18.7","KernelVersion":"5.10.102.1-microsoft-standard-WSL2","MinAPIVersion":"1.12","Os":"linux"}},{"Name":"containerd","Version":"1.6.10","Details":{"GitCommit":"770bd0108c32f3fb5c73ae1264f7e503fe7b2661"}},{"Name":"runc","Version":"1.1.4","Details":{"GitCommit":"v1.1.4-0-g5fd4c4d"}},{"Name":"docker-init","Version":"0.19.0","Details":{"GitCommit":"de40ad0"}}],"Version":"20.10.21","ApiVersion":"1.41","MinAPIVersion":"1.12","GitCommit":"3056208","GoVersion":"go1.18.7","Os":"linux","Arch":"amd64","KernelVersion":"5.10.102.1-microsoft-standard-WSL2","BuildTime":"2022-10-25T18:00:19.000000000+00:00"}[\n]"
04:03:24.963 [Test worker] DEBUG com.github.dockerjava.zerodep.shaded.org.apache.hc.client5.http.wire - http-outgoing-0 << "[\r][\n]"
04:03:24.971 [Test worker] DEBUG com.github.dockerjava.zerodep.shaded.org.apache.hc.client5.http.wire - http-outgoing-0 << "0[\r][\n]"
04:03:24.971 [Test worker] DEBUG com.github.dockerjava.zerodep.shaded.org.apache.hc.client5.http.wire - http-outgoing-0 << "[\r][\n]"
04:03:24.971 [Test worker] DEBUG com.github.dockerjava.zerodep.shaded.org.apache.hc.client5.http.impl.classic.InternalHttpClient - ep-00000001: releasing valid endpoint
04:03:24.971 [Test worker] DEBUG com.github.dockerjava.zerodep.shaded.org.apache.hc.client5.http.impl.io.PoolingHttpClientConnectionManager - ep-00000001: releasing endpoint
04:03:24.972 [Test worker] DEBUG com.github.dockerjava.zerodep.shaded.org.apache.hc.client5.http.impl.io.PoolingHttpClientConnectionManager - ep-00000001: connection http-outgoing-0 can be kept alive for 3 MINUTES
04:03:24.972 [Test worker] DEBUG com.github.dockerjava.zerodep.shaded.org.apache.hc.client5.http.impl.io.PoolingHttpClientConnectionManager - ep-00000001: connection released [route: {}->npipe://localhost:2375][total available: 1; route allocated: 1 of 2147483647; total allocated: 1 of 2147483647]
04:03:24.972 [Test worker] DEBUG org.testcontainers.DockerClientFactory - Docker version: {Components=[{Name=Engine, Version=20.10.21, Details={ApiVersion=1.41, Arch=amd64, BuildTime=2022-10-25T18:00:19.000000000+00:00, Experimental=false, GitCommit=3056208, GoVersion=go1.18.7, KernelVersion=5.10.102.1-microsoft-standard-WSL2, MinAPIVersion=1.12, Os=linux}}, {Name=containerd, Version=1.6.10, Details={GitCommit=770bd0108c32f3fb5c73ae1264f7e503fe7b2661}}, {Name=runc, Version=1.1.4, Details={GitCommit=v1.1.4-0-g5fd4c4d}}, {Name=docker-init, Version=0.19.0, Details={GitCommit=de40ad0}}], KernelVersion=5.10.102.1-microsoft-standard-WSL2, ApiVersion=1.41, Platform={Name=Docker Desktop 4.15.0 (93002)}, GitCommit=3056208, Os=linux, Version=20.10.21, MinAPIVersion=1.12, Arch=amd64, GoVersion=go1.18.7, BuildTime=2022-10-25T18:00:19.000000000+00:00}
04:03:24.972 [Test worker] INFO org.testcontainers.DockerClientFactory - Connected to docker: 
  Server Version: 20.10.21
  API Version: 1.41
  Operating System: Docker Desktop
  Total Memory: 3791 MB
04:03:24.986 [Test worker] DEBUG org.testcontainers.utility.RyukResourceReaper - Ryuk is enabled
04:03:24.990 [Test worker] DEBUG org.testcontainers.utility.PrefixingImageNameSubstitutor - No prefix is configured
04:03:24.990 [Test worker] DEBUG org.testcontainers.utility.ImageNameSubstitutor - Did not find a substitute image for testcontainers/ryuk:0.3.4 (using image substitutor: DefaultImageNameSubstitutor (composite of 'ConfigurationFileImageNameSubstitutor' and 'PrefixingImageNameSubstitutor'))
04:03:24.995 [Test worker] DEBUG org.testcontainers.shaded.com.github.dockerjava.core.command.AbstrDockerCmd - Cmd: ListImagesCmdImpl[filters=org.testcontainers.shaded.com.github.dockerjava.core.util.FiltersBuilder@0,imageNameFilter=<null>,showAll=false]
04:03:24.998 [Test worker] DEBUG com.github.dockerjava.zerodep.shaded.org.apache.hc.client5.http.impl.classic.InternalHttpClient - ex-00000003: preparing request execution
04:03:24.999 [Test worker] DEBUG com.github.dockerjava.zerodep.shaded.org.apache.hc.client5.http.protocol.RequestAddCookies - Cookie spec selected: strict
04:03:24.999 [Test worker] DEBUG com.github.dockerjava.zerodep.shaded.org.apache.hc.client5.http.protocol.RequestAuthCache - Auth cache not set in the context
04:03:24.999 [Test worker] DEBUG com.github.dockerjava.zerodep.shaded.org.apache.hc.client5.http.impl.classic.ProtocolExec - ex-00000003: target auth state: UNCHALLENGED
04:03:24.999 [Test worker] DEBUG com.github.dockerjava.zerodep.shaded.org.apache.hc.client5.http.impl.classic.ProtocolExec - ex-00000003: proxy auth state: UNCHALLENGED
04:03:24.999 [Test worker] DEBUG com.github.dockerjava.zerodep.shaded.org.apache.hc.client5.http.impl.classic.ConnectExec - ex-00000003: acquiring connection with route {}->npipe://localhost:2375
04:03:24.999 [Test worker] DEBUG com.github.dockerjava.zerodep.shaded.org.apache.hc.client5.http.impl.classic.InternalHttpClient - ex-00000003: acquiring endpoint (3 MINUTES)
04:03:25.000 [Test worker] DEBUG com.github.dockerjava.zerodep.shaded.org.apache.hc.client5.http.impl.io.PoolingHttpClientConnectionManager - ex-00000003: endpoint lease request (3 MINUTES) [route: {}->npipe://localhost:2375][total available: 1; route allocated: 1 of 2147483647; total allocated: 1 of 2147483647]
04:03:25.000 [Test worker] DEBUG com.github.dockerjava.zerodep.shaded.org.apache.hc.client5.http.impl.io.PoolingHttpClientConnectionManager - ex-00000003: endpoint leased [route: {}->npipe://localhost:2375][total available: 0; route allocated: 1 of 2147483647; total allocated: 1 of 2147483647]
04:03:25.000 [Test worker] DEBUG com.github.dockerjava.zerodep.shaded.org.apache.hc.client5.http.impl.io.PoolingHttpClientConnectionManager - ex-00000003: acquired ep-00000002
04:03:25.000 [Test worker] DEBUG com.github.dockerjava.zerodep.shaded.org.apache.hc.client5.http.impl.classic.InternalHttpClient - ex-00000003: acquired endpoint ep-00000002
04:03:25.000 [Test worker] DEBUG com.github.dockerjava.zerodep.shaded.org.apache.hc.client5.http.impl.classic.MainClientExec - ex-00000003: executing GET /v1.32/images/json HTTP/1.1
04:03:25.000 [Test worker] DEBUG com.github.dockerjava.zerodep.shaded.org.apache.hc.client5.http.impl.classic.InternalHttpClient - ep-00000002: start execution ex-00000003
04:03:25.000 [Test worker] DEBUG com.github.dockerjava.zerodep.shaded.org.apache.hc.client5.http.impl.io.PoolingHttpClientConnectionManager - ep-00000002: executing exchange ex-00000003 over http-outgoing-0
04:03:25.001 [Test worker] DEBUG com.github.dockerjava.zerodep.shaded.org.apache.hc.client5.http.headers - http-outgoing-0 >> GET /v1.32/images/json HTTP/1.1
04:03:25.001 [Test worker] DEBUG com.github.dockerjava.zerodep.shaded.org.apache.hc.client5.http.headers - http-outgoing-0 >> accept: application/json
04:03:25.001 [Test worker] DEBUG com.github.dockerjava.zerodep.shaded.org.apache.hc.client5.http.headers - http-outgoing-0 >> x-tc-sid: ed23b396-e83d-44ca-9296-5871eeaad6a6
04:03:25.001 [Test worker] DEBUG com.github.dockerjava.zerodep.shaded.org.apache.hc.client5.http.headers - http-outgoing-0 >> Accept-Encoding: gzip, x-gzip, deflate
04:03:25.001 [Test worker] DEBUG com.github.dockerjava.zerodep.shaded.org.apache.hc.client5.http.headers - http-outgoing-0 >> Host: localhost:2375
04:03:25.001 [Test worker] DEBUG com.github.dockerjava.zerodep.shaded.org.apache.hc.client5.http.headers - http-outgoing-0 >> Connection: keep-alive
04:03:25.001 [Test worker] DEBUG com.github.dockerjava.zerodep.shaded.org.apache.hc.client5.http.headers - http-outgoing-0 >> User-Agent: Apache-HttpClient/5.0.3 (Java/17.0.4)
04:03:25.001 [Test worker] DEBUG com.github.dockerjava.zerodep.shaded.org.apache.hc.client5.http.wire - http-outgoing-0 >> "GET /v1.32/images/json HTTP/1.1[\r][\n]"
04:03:25.001 [Test worker] DEBUG com.github.dockerjava.zerodep.shaded.org.apache.hc.client5.http.wire - http-outgoing-0 >> "accept: application/json[\r][\n]"
04:03:25.001 [Test worker] DEBUG com.github.dockerjava.zerodep.shaded.org.apache.hc.client5.http.wire - http-outgoing-0 >> "x-tc-sid: ed23b396-e83d-44ca-9296-5871eeaad6a6[\r][\n]"
04:03:25.001 [Test worker] DEBUG com.github.dockerjava.zerodep.shaded.org.apache.hc.client5.http.wire - http-outgoing-0 >> "Accept-Encoding: gzip, x-gzip, deflate[\r][\n]"
04:03:25.001 [Test worker] DEBUG com.github.dockerjava.zerodep.shaded.org.apache.hc.client5.http.wire - http-outgoing-0 >> "Host: localhost:2375[\r][\n]"
04:03:25.001 [Test worker] DEBUG com.github.dockerjava.zerodep.shaded.org.apache.hc.client5.http.wire - http-outgoing-0 >> "Connection: keep-alive[\r][\n]"
04:03:25.001 [Test worker] DEBUG com.github.dockerjava.zerodep.shaded.org.apache.hc.client5.http.wire - http-outgoing-0 >> "User-Agent: Apache-HttpClient/5.0.3 (Java/17.0.4)[\r][\n]"
04:03:25.001 [Test worker] DEBUG com.github.dockerjava.zerodep.shaded.org.apache.hc.client5.http.wire - http-outgoing-0 >> "[\r][\n]"
04:03:25.073 [Test worker] DEBUG com.github.dockerjava.zerodep.shaded.org.apache.hc.client5.http.wire - http-outgoing-0 << "HTTP/1.1 200 OK[\r][\n]"
04:03:25.073 [Test worker] DEBUG com.github.dockerjava.zerodep.shaded.org.apache.hc.client5.http.wire - http-outgoing-0 << "Api-Version: 1.41[\r][\n]"
04:03:25.073 [Test worker] DEBUG com.github.dockerjava.zerodep.shaded.org.apache.hc.client5.http.wire - http-outgoing-0 << "Content-Type: application/json[\r][\n]"
04:03:25.073 [Test worker] DEBUG com.github.dockerjava.zerodep.shaded.org.apache.hc.client5.http.wire - http-outgoing-0 << "Date: Fri, 24 Feb 2023 12:03:25 GMT[\r][\n]"
04:03:25.074 [Test worker] DEBUG com.github.dockerjava.zerodep.shaded.org.apache.hc.client5.http.wire - http-outgoing-0 << "Docker-Experimental: false[\r][\n]"
04:03:25.074 [Test worker] DEBUG com.github.dockerjava.zerodep.shaded.org.apache.hc.client5.http.wire - http-outgoing-0 << "Ostype: linux[\r][\n]"
04:03:25.074 [Test worker] DEBUG com.github.dockerjava.zerodep.shaded.org.apache.hc.client5.http.wire - http-outgoing-0 << "Server: Docker/20.10.21 (linux)[\r][\n]"
04:03:25.074 [Test worker] DEBUG com.github.dockerjava.zerodep.shaded.org.apache.hc.client5.http.wire - http-outgoing-0 << "Transfer-Encoding: chunked[\r][\n]"
04:03:25.074 [Test worker] DEBUG com.github.dockerjava.zerodep.shaded.org.apache.hc.client5.http.wire - http-outgoing-0 << "[\r][\n]"
04:03:25.074 [Test worker] DEBUG com.github.dockerjava.zerodep.shaded.org.apache.hc.client5.http.headers - http-outgoing-0 << HTTP/1.1 200 OK
04:03:25.074 [Test worker] DEBUG com.github.dockerjava.zerodep.shaded.org.apache.hc.client5.http.headers - http-outgoing-0 << Api-Version: 1.41
04:03:25.074 [Test worker] DEBUG com.github.dockerjava.zerodep.shaded.org.apache.hc.client5.http.headers - http-outgoing-0 << Content-Type: application/json
04:03:25.074 [Test worker] DEBUG com.github.dockerjava.zerodep.shaded.org.apache.hc.client5.http.headers - http-outgoing-0 << Date: Fri, 24 Feb 2023 12:03:25 GMT
04:03:25.074 [Test worker] DEBUG com.github.dockerjava.zerodep.shaded.org.apache.hc.client5.http.headers - http-outgoing-0 << Docker-Experimental: false
04:03:25.074 [Test worker] DEBUG com.github.dockerjava.zerodep.shaded.org.apache.hc.client5.http.headers - http-outgoing-0 << Ostype: linux
04:03:25.074 [Test worker] DEBUG com.github.dockerjava.zerodep.shaded.org.apache.hc.client5.http.headers - http-outgoing-0 << Server: Docker/20.10.21 (linux)
04:03:25.074 [Test worker] DEBUG com.github.dockerjava.zerodep.shaded.org.apache.hc.client5.http.headers - http-outgoing-0 << Transfer-Encoding: chunked
04:03:25.075 [Test worker] DEBUG com.github.dockerjava.zerodep.shaded.org.apache.hc.client5.http.impl.classic.MainClientExec - ex-00000003: connection can be kept alive for 3 MINUTES
04:03:25.076 [Test worker] DEBUG com.github.dockerjava.zerodep.shaded.org.apache.hc.client5.http.wire - http-outgoing-0 << "b8f[\r][\n]"
04:03:25.077 [Test worker] DEBUG com.github.dockerjava.zerodep.shaded.org.apache.hc.client5.http.wire - http-outgoing-0 << "[{"Containers":-1,"Created":1676677266,"Id":"sha256:7fed1f4fc64c0a3319d20772310dfd5522b7d36aed3c81a85d48289bc6da10ab","Labels":null,"ParentId":"","RepoDigests":["rabbitmq@sha256:d40c57f0a2799166fb2ff0d7e60d4d1c955380df41fdf65f01fce59850bcbe05"],"RepoTags":["rabbitmq:3-management-alpine"],"SharedSize":-1,"Size":167249239,"VirtualSize":167249239},{"Containers":-1,"Created":1673543510,"Id":"sha256:1f19db087b2b741ebd7eb89029e66a5b32f8996fd08a18fd1c93dcc4da781acc","Labels":null,"ParentId":"sha256:b53a7feeebf905483bee61370e80b392ff99867d4f90ca1dcb4e0cd7f57345f3","RepoDigests":null,"RepoTags":["todo-service:develop-SNAPSHOT","todo-service:latest"],"SharedSize":-1,"Size":446030468,"VirtualSize":446030468},{"Containers":-1,"Created":1673286108,"Id":"sha256:f59d75169a69bbfabf7bb61ed59e4bcab99e50d43c2a24ce1bd8edc7a1850909","Labels":null,"ParentId":"","RepoDigests":["eclipse-temurin@sha256:f6532be799d7e5ffb84856fd20d5bbf6c5a5b8438327db2e080e38fb463baa2f"],"RepoTags":["eclipse-temurin:17-alpine"],"SharedSize":-1,"Size":358246716,"VirtualSize":358246716},{"Containers":-1,"Created":1671485059,"Id":"sha256:4009139ebd1985ba735e70d240fcc40681829273c7759fb3ae52e2ff51fb6a13","Labels":null,"ParentId":"","RepoDigests":["sonarqube@sha256:eb2f0be32efdf08bef8d7370d09a0b123bc2430ae80e29a07720c9aa68233c00"],"RepoTags":["sonarqube:lts"],"SharedSize":-1,"Size":490469645,"VirtualSize":490469645},{"Containers":-1,"Created":1659017178,"Id":"sha256:7ac27de2f0c441174e7e12a105f876493b902ffd7bbb2a3646aa929c08cc3806","Labels":null,"ParentId":"","RepoDigests":["testcontainers/ryuk@sha256:0c8faa0a3ad1e154f9d8d5d78627b40d7359ff3f7d3f98556aa32157ad8fd924"],"RepoTags":["testcontainers/ryuk:0.3.4"],"SharedSize":-1,"Size":11975796,"VirtualSize":11975796},{"Containers":-1,"Created":1650461393,"Id":"sha256:3c3da61c4be0fb9e93fc84fb702b6a1e01d8c43ffae4d2ea88192803c2b44191","Labels":null,"ParentId":"","RepoDigests":["redis@sha256:b7fd1a2c89d09a836f659d72c52d27b9f71202c97014a47639f87c992e8c0f1b"],"RepoTags":["redis:6.2.6"],"SharedSize":-1,"Size":112618313,"VirtualSize":112618313},{"Containers":-1,"Created":1634337509,"Id":"sha256:89534fffaf403a25cf8dc8791490e5c52c1a809c158b12ffa0c272f131a492eb","Labels":{"io.confluent.docker":"true","io.confluent.docker.build.number":"2","io.confluent.docker.git.id":"af0a986","io.confluent.docker.git.repo":"confluentinc/kafka-images","maintainer":"partner-support@confluent.io"},"ParentId":"","RepoDigests":["confluentinc/cp-kafka@sha256:9deaa16950dab28117427b0d4406c94bd40fd519fb9975bab992458ae92664dc"],"RepoTags":["confluentinc/cp-kafka:5.4.3"],"SharedSize":-1,"Size":667006273,"VirtualSize":667006273},{"Containers":-1,"Created":1452235365,"Id":"sha256:d4deec2c521cdae0450218bd53c69611bacd2eb10838057a5de7dcb341c66cf5","Labels":null,"ParentId":"","RepoDigests":["redis@sha256:6a692a76c2081888b589e26e6ec835743119fe453d67ecf03df7de5b73d69842"],"RepoTags":["redis:3.0.6"],"SharedSize":-1,"Size":151314673,"VirtualSize":151314673}][\n]"
04:03:25.077 [Test worker] DEBUG com.github.dockerjava.zerodep.shaded.org.apache.hc.client5.http.wire - http-outgoing-0 << "[\r][\n]"
04:03:25.085 [Test worker] DEBUG com.github.dockerjava.zerodep.shaded.org.apache.hc.client5.http.wire - http-outgoing-0 << "0[\r][\n]"
04:03:25.086 [Test worker] DEBUG com.github.dockerjava.zerodep.shaded.org.apache.hc.client5.http.wire - http-outgoing-0 << "[\r][\n]"
04:03:25.086 [Test worker] DEBUG com.github.dockerjava.zerodep.shaded.org.apache.hc.client5.http.impl.classic.InternalHttpClient - ep-00000002: releasing valid endpoint
04:03:25.086 [Test worker] DEBUG com.github.dockerjava.zerodep.shaded.org.apache.hc.client5.http.impl.io.PoolingHttpClientConnectionManager - ep-00000002: releasing endpoint
04:03:25.086 [Test worker] DEBUG com.github.dockerjava.zerodep.shaded.org.apache.hc.client5.http.impl.io.PoolingHttpClientConnectionManager - ep-00000002: connection http-outgoing-0 can be kept alive for 3 MINUTES
04:03:25.086 [Test worker] DEBUG com.github.dockerjava.zerodep.shaded.org.apache.hc.client5.http.impl.io.PoolingHttpClientConnectionManager - ep-00000002: connection released [route: {}->npipe://localhost:2375][total available: 1; route allocated: 1 of 2147483647; total allocated: 1 of 2147483647]
04:03:25.089 [Test worker] DEBUG org.testcontainers.images.AbstractImagePullPolicy - Using locally available and not pulling image: testcontainers/ryuk:0.3.4
04:03:25.089 [Test worker] DEBUG docker[testcontainers/ryuk:0.3.4] - Starting container: testcontainers/ryuk:0.3.4
04:03:25.091 [Test worker] DEBUG docker[testcontainers/ryuk:0.3.4] - Trying to start container: testcontainers/ryuk:0.3.4 (attempt 1/1)
04:03:25.091 [Test worker] DEBUG docker[testcontainers/ryuk:0.3.4] - Starting container: testcontainers/ryuk:0.3.4
04:03:25.091 [Test worker] INFO docker[testcontainers/ryuk:0.3.4] - Creating container for image: testcontainers/ryuk:0.3.4
04:03:25.106 [Test worker] DEBUG org.testcontainers.utility.RegistryAuthLocator - Looking up auth config for image: testcontainers/ryuk:0.3.4 at registry: https://index.docker.io/v1/
04:03:25.107 [Test worker] DEBUG org.testcontainers.utility.RegistryAuthLocator - RegistryAuthLocator has configFile: C:\Users\localst\.docker\config.json (exists) and commandPathPrefix: 
04:03:25.108 [Test worker] DEBUG org.testcontainers.utility.RegistryAuthLocator - registryName [https://index.docker.io/v1/] for dockerImageName [testcontainers/ryuk:0.3.4]
04:03:25.109 [Test worker] DEBUG org.testcontainers.utility.RegistryAuthLocator - Executing docker credential provider: docker-credential-desktop to locate auth config for: https://index.docker.io/v1/
04:03:25.120 [Test worker] DEBUG org.testcontainers.shaded.org.zeroturnaround.exec.ProcessExecutor - Executing [cmd, /c, docker-credential-desktop, get].
04:03:25.131 [Test worker] DEBUG org.testcontainers.shaded.org.zeroturnaround.exec.ProcessExecutor - Started Process[pid=21864, exitValue="not exited"]
04:03:25.290 [WaitForProcess-Process[pid=21864, exitValue="not exited"]] DEBUG org.testcontainers.shaded.org.zeroturnaround.exec.WaitForProcess - Process[pid=21864, exitValue=1] stopped with exit code 1
04:03:25.294 [Test worker] DEBUG org.testcontainers.shaded.org.zeroturnaround.exec.ProcessExecutor - Executing [cmd, /c, docker-credential-desktop, get].
04:03:25.296 [Test worker] DEBUG org.testcontainers.shaded.org.zeroturnaround.exec.ProcessExecutor - Started Process[pid=20048, exitValue="not exited"]
04:03:25.382 [WaitForProcess-Process[pid=20048, exitValue="not exited"]] DEBUG org.testcontainers.shaded.org.zeroturnaround.exec.WaitForProcess - Process[pid=20048, exitValue=1] stopped with exit code 1
04:03:25.382 [Test worker] DEBUG org.testcontainers.utility.RegistryAuthLocator - Got credentials not found error message from docker credential helper - credentials not found in native keychain
04:03:25.383 [Test worker] INFO org.testcontainers.utility.RegistryAuthLocator - Credential helper/store (docker-credential-desktop) does not have credentials for https://index.docker.io/v1/
04:03:25.383 [Test worker] DEBUG org.testcontainers.utility.RegistryAuthLocator - No matching Auth Configs - falling back to defaultAuthConfig [null]
04:03:25.383 [Test worker] DEBUG org.testcontainers.dockerclient.AuthDelegatingDockerClientConfig - Effective auth config [null]
04:03:25.405 [Test worker] DEBUG org.testcontainers.shaded.com.github.dockerjava.core.command.AbstrDockerCmd - Cmd: org.testcontainers.shaded.com.github.dockerjava.core.command.CreateContainerCmdImpl@77d680e6[aliases=<null>,argsEscaped=<null>,attachStderr=<null>,attachStdin=<null>,attachStdout=<null>,authConfig=<null>,cmd={},domainName=<null>,entrypoint=<null>,env={},exposedPorts=ExposedPorts(exposedPorts=[8080/tcp]),healthcheck=<null>,hostConfig=HostConfig(binds=[//var/run/docker.sock:/var/run/docker.sock:rw], blkioWeight=null, blkioWeightDevice=null, blkioDeviceReadBps=null, blkioDeviceWriteBps=null, blkioDeviceReadIOps=null, blkioDeviceWriteIOps=null, memorySwappiness=null, nanoCPUs=null, capAdd=null, capDrop=null, containerIDFile=null, cpuPeriod=null, cpuRealtimePeriod=null, cpuRealtimeRuntime=null, cpuShares=null, cpuQuota=null, cpusetCpus=null, cpusetMems=null, devices=null, deviceCgroupRules=null, deviceRequests=null, diskQuota=null, dns=null, dnsOptions=null, dnsSearch=null, extraHosts=[], groupAdd=null, ipcMode=null, cgroup=null, links=[], logConfig=LogConfig(type=null, config=null), lxcConf=null, memory=null, memorySwap=null, memoryReservation=null, kernelMemory=null, networkMode=null, oomKillDisable=null, init=null, autoRemove=true, oomScoreAdj=null, portBindings={8080/tcp=[Lcom.github.dockerjava.api.model.Ports$Binding;@7b7683d4}, privileged=false, publishAllPorts=null, readonlyRootfs=null, restartPolicy=null, ulimits=null, cpuCount=null, cpuPercent=null, ioMaximumIOps=null, ioMaximumBandwidth=null, volumesFrom=[], mounts=null, pidMode=null, isolation=null, securityOpts=null, storageOpt=null, cgroupParent=null, volumeDriver=null, shmSize=null, pidsLimit=null, runtime=null, tmpFs=null, utSMode=null, usernsMode=null, sysctls=null, consoleSize=null, cgroupnsMode=null),hostName=<null>,image=testcontainers/ryuk:0.3.4,ipv4Address=<null>,ipv6Address=<null>,labels={org.testcontainers=true, org.testcontainers.lang=java, org.testcontainers.version=1.17.6},macAddress=<null>,name=testcontainers-ryuk-ed23b396-e83d-44ca-9296-5871eeaad6a6,networkDisabled=<null>,networkingConfig=<null>,onBuild=<null>,platform=<null>,portSpecs=<null>,shell=<null>,stdInOnce=<null>,stdinOpen=<null>,stopSignal=<null>,stopTimeout=<null>,tty=<null>,user=<null>,volumes=Volumes(volumes=[]),workingDir=<null>]
04:03:25.489 [Test worker] DEBUG com.github.dockerjava.zerodep.shaded.org.apache.hc.client5.http.impl.classic.InternalHttpClient - ex-00000004: preparing request execution
04:03:25.490 [Test worker] DEBUG com.github.dockerjava.zerodep.shaded.org.apache.hc.client5.http.protocol.RequestAddCookies - Cookie spec selected: strict
04:03:25.490 [Test worker] DEBUG com.github.dockerjava.zerodep.shaded.org.apache.hc.client5.http.protocol.RequestAuthCache - Auth cache not set in the context
04:03:25.490 [Test worker] DEBUG com.github.dockerjava.zerodep.shaded.org.apache.hc.client5.http.impl.classic.ProtocolExec - ex-00000004: target auth state: UNCHALLENGED
04:03:25.490 [Test worker] DEBUG com.github.dockerjava.zerodep.shaded.org.apache.hc.client5.http.impl.classic.ProtocolExec - ex-00000004: proxy auth state: UNCHALLENGED
04:03:25.490 [Test worker] DEBUG com.github.dockerjava.zerodep.shaded.org.apache.hc.client5.http.impl.classic.ConnectExec - ex-00000004: acquiring connection with route {}->npipe://localhost:2375
04:03:25.490 [Test worker] DEBUG com.github.dockerjava.zerodep.shaded.org.apache.hc.client5.http.impl.classic.InternalHttpClient - ex-00000004: acquiring endpoint (3 MINUTES)
04:03:25.490 [Test worker] DEBUG com.github.dockerjava.zerodep.shaded.org.apache.hc.client5.http.impl.io.PoolingHttpClientConnectionManager - ex-00000004: endpoint lease request (3 MINUTES) [route: {}->npipe://localhost:2375][total available: 1; route allocated: 1 of 2147483647; total allocated: 1 of 2147483647]
04:03:25.490 [Test worker] DEBUG com.github.dockerjava.zerodep.shaded.org.apache.hc.client5.http.impl.io.PoolingHttpClientConnectionManager - ex-00000004: endpoint leased [route: {}->npipe://localhost:2375][total available: 0; route allocated: 1 of 2147483647; total allocated: 1 of 2147483647]
04:03:25.491 [Test worker] DEBUG com.github.dockerjava.zerodep.shaded.org.apache.hc.client5.http.impl.io.PoolingHttpClientConnectionManager - ex-00000004: acquired ep-00000003
04:03:25.491 [Test worker] DEBUG com.github.dockerjava.zerodep.shaded.org.apache.hc.client5.http.impl.classic.InternalHttpClient - ex-00000004: acquired endpoint ep-00000003
04:03:25.491 [Test worker] DEBUG com.github.dockerjava.zerodep.shaded.org.apache.hc.client5.http.impl.classic.MainClientExec - ex-00000004: executing POST /v1.32/containers/create?name=testcontainers-ryuk-ed23b396-e83d-44ca-9296-5871eeaad6a6 HTTP/1.1
04:03:25.491 [Test worker] DEBUG com.github.dockerjava.zerodep.shaded.org.apache.hc.client5.http.impl.classic.InternalHttpClient - ep-00000003: start execution ex-00000004
04:03:25.491 [Test worker] DEBUG com.github.dockerjava.zerodep.shaded.org.apache.hc.client5.http.impl.io.PoolingHttpClientConnectionManager - ep-00000003: executing exchange ex-00000004 over http-outgoing-0
04:03:25.491 [Test worker] DEBUG com.github.dockerjava.zerodep.shaded.org.apache.hc.client5.http.headers - http-outgoing-0 >> POST /v1.32/containers/create?name=testcontainers-ryuk-ed23b396-e83d-44ca-9296-5871eeaad6a6 HTTP/1.1
04:03:25.491 [Test worker] DEBUG com.github.dockerjava.zerodep.shaded.org.apache.hc.client5.http.headers - http-outgoing-0 >> accept: application/json
04:03:25.491 [Test worker] DEBUG com.github.dockerjava.zerodep.shaded.org.apache.hc.client5.http.headers - http-outgoing-0 >> content-type: application/json
04:03:25.491 [Test worker] DEBUG com.github.dockerjava.zerodep.shaded.org.apache.hc.client5.http.headers - http-outgoing-0 >> x-tc-sid: ed23b396-e83d-44ca-9296-5871eeaad6a6
04:03:25.491 [Test worker] DEBUG com.github.dockerjava.zerodep.shaded.org.apache.hc.client5.http.headers - http-outgoing-0 >> Accept-Encoding: gzip, x-gzip, deflate
04:03:25.491 [Test worker] DEBUG com.github.dockerjava.zerodep.shaded.org.apache.hc.client5.http.headers - http-outgoing-0 >> Content-Length: 1956
04:03:25.491 [Test worker] DEBUG com.github.dockerjava.zerodep.shaded.org.apache.hc.client5.http.headers - http-outgoing-0 >> Host: localhost:2375
04:03:25.491 [Test worker] DEBUG com.github.dockerjava.zerodep.shaded.org.apache.hc.client5.http.headers - http-outgoing-0 >> Connection: keep-alive
04:03:25.491 [Test worker] DEBUG com.github.dockerjava.zerodep.shaded.org.apache.hc.client5.http.headers - http-outgoing-0 >> User-Agent: Apache-HttpClient/5.0.3 (Java/17.0.4)
04:03:25.492 [Test worker] DEBUG com.github.dockerjava.zerodep.shaded.org.apache.hc.client5.http.wire - http-outgoing-0 >> "POST /v1.32/containers/create?name=testcontainers-ryuk-ed23b396-e83d-44ca-9296-5871eeaad6a6 HTTP/1.1[\r][\n]"
04:03:25.492 [Test worker] DEBUG com.github.dockerjava.zerodep.shaded.org.apache.hc.client5.http.wire - http-outgoing-0 >> "accept: application/json[\r][\n]"
04:03:25.492 [Test worker] DEBUG com.github.dockerjava.zerodep.shaded.org.apache.hc.client5.http.wire - http-outgoing-0 >> "content-type: application/json[\r][\n]"
04:03:25.492 [Test worker] DEBUG com.github.dockerjava.zerodep.shaded.org.apache.hc.client5.http.wire - http-outgoing-0 >> "x-tc-sid: ed23b396-e83d-44ca-9296-5871eeaad6a6[\r][\n]"
04:03:25.492 [Test worker] DEBUG com.github.dockerjava.zerodep.shaded.org.apache.hc.client5.http.wire - http-outgoing-0 >> "Accept-Encoding: gzip, x-gzip, deflate[\r][\n]"
04:03:25.492 [Test worker] DEBUG com.github.dockerjava.zerodep.shaded.org.apache.hc.client5.http.wire - http-outgoing-0 >> "Content-Length: 1956[\r][\n]"
04:03:25.492 [Test worker] DEBUG com.github.dockerjava.zerodep.shaded.org.apache.hc.client5.http.wire - http-outgoing-0 >> "Host: localhost:2375[\r][\n]"
04:03:25.492 [Test worker] DEBUG com.github.dockerjava.zerodep.shaded.org.apache.hc.client5.http.wire - http-outgoing-0 >> "Connection: keep-alive[\r][\n]"
04:03:25.492 [Test worker] DEBUG com.github.dockerjava.zerodep.shaded.org.apache.hc.client5.http.wire - http-outgoing-0 >> "User-Agent: Apache-HttpClient/5.0.3 (Java/17.0.4)[\r][\n]"
04:03:25.492 [Test worker] DEBUG com.github.dockerjava.zerodep.shaded.org.apache.hc.client5.http.wire - http-outgoing-0 >> "[\r][\n]"
04:03:25.493 [Test worker] DEBUG com.github.dockerjava.zerodep.shaded.org.apache.hc.client5.http.wire - http-outgoing-0 >> "{"Hostname":null,"Domainname":null,"User":null,"AttachStdin":null,"AttachStdout":null,"AttachStderr":null,"PortSpecs":null,"Tty":null,"OpenStdin":null,"StdinOnce":null,"Env":[],"Cmd":[],"Healthcheck":null,"ArgsEscaped":null,"Entrypoint":null,"Image":"testcontainers/ryuk:0.3.4","Volumes":{},"WorkingDir":null,"MacAddress":null,"OnBuild":null,"NetworkDisabled":null,"ExposedPorts":{"8080/tcp":{}},"StopSignal":null,"StopTimeout":null,"HostConfig":{"Binds":["//var/run/docker.sock:/var/run/docker.sock:rw"],"BlkioWeight":null,"BlkioWeightDevice":null,"BlkioDeviceReadBps":null,"BlkioDeviceWriteBps":null,"BlkioDeviceReadIOps":null,"BlkioDeviceWriteIOps":null,"MemorySwappiness":null,"NanoCpus":null,"CapAdd":null,"CapDrop":null,"ContainerIDFile":null,"CpuPeriod":null,"CpuRealtimePeriod":null,"CpuRealtimeRuntime":null,"CpuShares":null,"CpuQuota":null,"CpusetCpus":null,"CpusetMems":null,"Devices":null,"DeviceCgroupRules":null,"DeviceRequests":null,"DiskQuota":null,"Dns":null,"DnsOptions":null,"DnsSearch":null,"ExtraHosts":[],"GroupAdd":null,"IpcMode":null,"Cgroup":null,"Links":[],"LogConfig":null,"LxcConf":null,"Memory":null,"MemorySwap":null,"MemoryReservation":null,"KernelMemory":null,"NetworkMode":null,"OomKillDisable":null,"Init":null,"AutoRemove":true,"OomScoreAdj":null,"PortBindings":{"8080/tcp":[{"HostIp":"","HostPort":""}]},"Privileged":false,"PublishAllPorts":null,"ReadonlyRootfs":null,"RestartPolicy":null,"Ulimits":null,"CpuCount":null,"CpuPercent":null,"IOMaximumIOps":null,"IOMaximumBandwidth":null,"VolumesFrom":[],"Mounts":null,"PidMode":null,"Isolation":null,"SecurityOpt":null,"StorageOpt":null,"CgroupParent":null,"VolumeDriver":null,"ShmSize":null,"PidsLimit":null,"Runtime":null,"Tmpfs":null,"UTSMode":null,"UsernsMode":null,"Sysctls":null,"ConsoleSize":null,"CgroupnsMode":null},"Labels":{"org.testcontainers":"true","org.testcontainers.lang":"java","org.testcontainers.version":"1.17.6"},"Shell":null,"NetworkingConfig":null}"
04:03:25.697 [Test worker] DEBUG com.github.dockerjava.zerodep.shaded.org.apache.hc.client5.http.wire - http-outgoing-0 << "HTTP/1.1 201 Created[\r][\n]"
04:03:25.698 [Test worker] DEBUG com.github.dockerjava.zerodep.shaded.org.apache.hc.client5.http.wire - http-outgoing-0 << "Api-Version: 1.41[\r][\n]"
04:03:25.698 [Test worker] DEBUG com.github.dockerjava.zerodep.shaded.org.apache.hc.client5.http.wire - http-outgoing-0 << "Content-Type: application/json[\r][\n]"
04:03:25.698 [Test worker] DEBUG com.github.dockerjava.zerodep.shaded.org.apache.hc.client5.http.wire - http-outgoing-0 << "Date: Fri, 24 Feb 2023 12:03:25 GMT[\r][\n]"
04:03:25.698 [Test worker] DEBUG com.github.dockerjava.zerodep.shaded.org.apache.hc.client5.http.wire - http-outgoing-0 << "Docker-Experimental: false[\r][\n]"
04:03:25.698 [Test worker] DEBUG com.github.dockerjava.zerodep.shaded.org.apache.hc.client5.http.wire - http-outgoing-0 << "Ostype: linux[\r][\n]"
04:03:25.698 [Test worker] DEBUG com.github.dockerjava.zerodep.shaded.org.apache.hc.client5.http.wire - http-outgoing-0 << "Server: Docker/20.10.21 (linux)[\r][\n]"
04:03:25.698 [Test worker] DEBUG com.github.dockerjava.zerodep.shaded.org.apache.hc.client5.http.wire - http-outgoing-0 << "Transfer-Encoding: chunked[\r][\n]"
04:03:25.698 [Test worker] DEBUG com.github.dockerjava.zerodep.shaded.org.apache.hc.client5.http.wire - http-outgoing-0 << "[\r][\n]"
04:03:25.699 [Test worker] DEBUG com.github.dockerjava.zerodep.shaded.org.apache.hc.client5.http.headers - http-outgoing-0 << HTTP/1.1 201 Created
04:03:25.699 [Test worker] DEBUG com.github.dockerjava.zerodep.shaded.org.apache.hc.client5.http.headers - http-outgoing-0 << Api-Version: 1.41
04:03:25.699 [Test worker] DEBUG com.github.dockerjava.zerodep.shaded.org.apache.hc.client5.http.headers - http-outgoing-0 << Content-Type: application/json
04:03:25.699 [Test worker] DEBUG com.github.dockerjava.zerodep.shaded.org.apache.hc.client5.http.headers - http-outgoing-0 << Date: Fri, 24 Feb 2023 12:03:25 GMT
04:03:25.699 [Test worker] DEBUG com.github.dockerjava.zerodep.shaded.org.apache.hc.client5.http.headers - http-outgoing-0 << Docker-Experimental: false
04:03:25.699 [Test worker] DEBUG com.github.dockerjava.zerodep.shaded.org.apache.hc.client5.http.headers - http-outgoing-0 << Ostype: linux
04:03:25.699 [Test worker] DEBUG com.github.dockerjava.zerodep.shaded.org.apache.hc.client5.http.headers - http-outgoing-0 << Server: Docker/20.10.21 (linux)
04:03:25.700 [Test worker] DEBUG com.github.dockerjava.zerodep.shaded.org.apache.hc.client5.http.headers - http-outgoing-0 << Transfer-Encoding: chunked
04:03:25.700 [Test worker] DEBUG com.github.dockerjava.zerodep.shaded.org.apache.hc.client5.http.impl.classic.MainClientExec - ex-00000004: connection can be kept alive for 3 MINUTES
04:03:25.700 [Test worker] DEBUG com.github.dockerjava.zerodep.shaded.org.apache.hc.client5.http.wire - http-outgoing-0 << "58[\r][\n]"
04:03:25.700 [Test worker] DEBUG com.github.dockerjava.zerodep.shaded.org.apache.hc.client5.http.wire - http-outgoing-0 << "{"Id":"96e9d6d5385b9ce16236eb1cfd0e637cfe35e479adb612dbe47361a41156b1ff","Warnings":[]}[\n]"
04:03:25.700 [Test worker] DEBUG com.github.dockerjava.zerodep.shaded.org.apache.hc.client5.http.wire - http-outgoing-0 << "[\r][\n]"
04:03:25.700 [Test worker] DEBUG com.github.dockerjava.zerodep.shaded.org.apache.hc.client5.http.wire - http-outgoing-0 << "0[\r][\n]"
04:03:25.700 [Test worker] DEBUG com.github.dockerjava.zerodep.shaded.org.apache.hc.client5.http.wire - http-outgoing-0 << "[\r][\n]"
04:03:25.704 [Test worker] DEBUG com.github.dockerjava.zerodep.shaded.org.apache.hc.client5.http.impl.classic.InternalHttpClient - ep-00000003: releasing valid endpoint
04:03:25.704 [Test worker] DEBUG com.github.dockerjava.zerodep.shaded.org.apache.hc.client5.http.impl.io.PoolingHttpClientConnectionManager - ep-00000003: releasing endpoint
04:03:25.704 [Test worker] DEBUG com.github.dockerjava.zerodep.shaded.org.apache.hc.client5.http.impl.io.PoolingHttpClientConnectionManager - ep-00000003: connection http-outgoing-0 can be kept alive for 3 MINUTES
04:03:25.704 [Test worker] DEBUG com.github.dockerjava.zerodep.shaded.org.apache.hc.client5.http.impl.io.PoolingHttpClientConnectionManager - ep-00000003: connection released [route: {}->npipe://localhost:2375][total available: 1; route allocated: 1 of 2147483647; total allocated: 1 of 2147483647]
04:03:25.713 [Test worker] INFO docker[testcontainers/ryuk:0.3.4] - Container testcontainers/ryuk:0.3.4 is starting: 96e9d6d5385b9ce16236eb1cfd0e637cfe35e479adb612dbe47361a41156b1ff
04:03:25.717 [Test worker] DEBUG org.testcontainers.shaded.com.github.dockerjava.core.command.AbstrDockerCmd - Cmd: 96e9d6d5385b9ce16236eb1cfd0e637cfe35e479adb612dbe47361a41156b1ff
04:03:25.718 [Test worker] DEBUG com.github.dockerjava.zerodep.shaded.org.apache.hc.client5.http.impl.classic.InternalHttpClient - ex-00000005: preparing request execution
04:03:25.718 [Test worker] DEBUG com.github.dockerjava.zerodep.shaded.org.apache.hc.client5.http.protocol.RequestAddCookies - Cookie spec selected: strict
04:03:25.718 [Test worker] DEBUG com.github.dockerjava.zerodep.shaded.org.apache.hc.client5.http.protocol.RequestAuthCache - Auth cache not set in the context
04:03:25.718 [Test worker] DEBUG com.github.dockerjava.zerodep.shaded.org.apache.hc.client5.http.impl.classic.ProtocolExec - ex-00000005: target auth state: UNCHALLENGED
04:03:25.718 [Test worker] DEBUG com.github.dockerjava.zerodep.shaded.org.apache.hc.client5.http.impl.classic.ProtocolExec - ex-00000005: proxy auth state: UNCHALLENGED
04:03:25.718 [Test worker] DEBUG com.github.dockerjava.zerodep.shaded.org.apache.hc.client5.http.impl.classic.ConnectExec - ex-00000005: acquiring connection with route {}->npipe://localhost:2375
04:03:25.718 [Test worker] DEBUG com.github.dockerjava.zerodep.shaded.org.apache.hc.client5.http.impl.classic.InternalHttpClient - ex-00000005: acquiring endpoint (3 MINUTES)
04:03:25.718 [Test worker] DEBUG com.github.dockerjava.zerodep.shaded.org.apache.hc.client5.http.impl.io.PoolingHttpClientConnectionManager - ex-00000005: endpoint lease request (3 MINUTES) [route: {}->npipe://localhost:2375][total available: 1; route allocated: 1 of 2147483647; total allocated: 1 of 2147483647]
04:03:25.719 [Test worker] DEBUG com.github.dockerjava.zerodep.shaded.org.apache.hc.client5.http.impl.io.PoolingHttpClientConnectionManager - ex-00000005: endpoint leased [route: {}->npipe://localhost:2375][total available: 0; route allocated: 1 of 2147483647; total allocated: 1 of 2147483647]
04:03:25.719 [Test worker] DEBUG com.github.dockerjava.zerodep.shaded.org.apache.hc.client5.http.impl.io.PoolingHttpClientConnectionManager - ex-00000005: acquired ep-00000004
04:03:25.719 [Test worker] DEBUG com.github.dockerjava.zerodep.shaded.org.apache.hc.client5.http.impl.classic.InternalHttpClient - ex-00000005: acquired endpoint ep-00000004
04:03:25.719 [Test worker] DEBUG com.github.dockerjava.zerodep.shaded.org.apache.hc.client5.http.impl.classic.MainClientExec - ex-00000005: executing POST /v1.32/containers/96e9d6d5385b9ce16236eb1cfd0e637cfe35e479adb612dbe47361a41156b1ff/start HTTP/1.1
04:03:25.719 [Test worker] DEBUG com.github.dockerjava.zerodep.shaded.org.apache.hc.client5.http.impl.classic.InternalHttpClient - ep-00000004: start execution ex-00000005
04:03:25.719 [Test worker] DEBUG com.github.dockerjava.zerodep.shaded.org.apache.hc.client5.http.impl.io.PoolingHttpClientConnectionManager - ep-00000004: executing exchange ex-00000005 over http-outgoing-0
04:03:25.719 [Test worker] DEBUG com.github.dockerjava.zerodep.shaded.org.apache.hc.client5.http.headers - http-outgoing-0 >> POST /v1.32/containers/96e9d6d5385b9ce16236eb1cfd0e637cfe35e479adb612dbe47361a41156b1ff/start HTTP/1.1
04:03:25.719 [Test worker] DEBUG com.github.dockerjava.zerodep.shaded.org.apache.hc.client5.http.headers - http-outgoing-0 >> accept: application/json
04:03:25.719 [Test worker] DEBUG com.github.dockerjava.zerodep.shaded.org.apache.hc.client5.http.headers - http-outgoing-0 >> content-type: application/json
04:03:25.719 [Test worker] DEBUG com.github.dockerjava.zerodep.shaded.org.apache.hc.client5.http.headers - http-outgoing-0 >> x-tc-sid: ed23b396-e83d-44ca-9296-5871eeaad6a6
04:03:25.719 [Test worker] DEBUG com.github.dockerjava.zerodep.shaded.org.apache.hc.client5.http.headers - http-outgoing-0 >> Accept-Encoding: gzip, x-gzip, deflate
04:03:25.719 [Test worker] DEBUG com.github.dockerjava.zerodep.shaded.org.apache.hc.client5.http.headers - http-outgoing-0 >> Host: localhost:2375
04:03:25.719 [Test worker] DEBUG com.github.dockerjava.zerodep.shaded.org.apache.hc.client5.http.headers - http-outgoing-0 >> Connection: keep-alive
04:03:25.719 [Test worker] DEBUG com.github.dockerjava.zerodep.shaded.org.apache.hc.client5.http.headers - http-outgoing-0 >> User-Agent: Apache-HttpClient/5.0.3 (Java/17.0.4)
04:03:25.719 [Test worker] DEBUG com.github.dockerjava.zerodep.shaded.org.apache.hc.client5.http.wire - http-outgoing-0 >> "POST /v1.32/containers/96e9d6d5385b9ce16236eb1cfd0e637cfe35e479adb612dbe47361a41156b1ff/start HTTP/1.1[\r][\n]"
04:03:25.719 [Test worker] DEBUG com.github.dockerjava.zerodep.shaded.org.apache.hc.client5.http.wire - http-outgoing-0 >> "accept: application/json[\r][\n]"
04:03:25.719 [Test worker] DEBUG com.github.dockerjava.zerodep.shaded.org.apache.hc.client5.http.wire - http-outgoing-0 >> "content-type: application/json[\r][\n]"
04:03:25.719 [Test worker] DEBUG com.github.dockerjava.zerodep.shaded.org.apache.hc.client5.http.wire - http-outgoing-0 >> "x-tc-sid: ed23b396-e83d-44ca-9296-5871eeaad6a6[\r][\n]"
04:03:25.719 [Test worker] DEBUG com.github.dockerjava.zerodep.shaded.org.apache.hc.client5.http.wire - http-outgoing-0 >> "Accept-Encoding: gzip, x-gzip, deflate[\r][\n]"
04:03:25.719 [Test worker] DEBUG com.github.dockerjava.zerodep.shaded.org.apache.hc.client5.http.wire - http-outgoing-0 >> "Host: localhost:2375[\r][\n]"
04:03:25.719 [Test worker] DEBUG com.github.dockerjava.zerodep.shaded.org.apache.hc.client5.http.wire - http-outgoing-0 >> "Connection: keep-alive[\r][\n]"
04:03:25.720 [Test worker] DEBUG com.github.dockerjava.zerodep.shaded.org.apache.hc.client5.http.wire - http-outgoing-0 >> "User-Agent: Apache-HttpClient/5.0.3 (Java/17.0.4)[\r][\n]"
04:03:25.720 [Test worker] DEBUG com.github.dockerjava.zerodep.shaded.org.apache.hc.client5.http.wire - http-outgoing-0 >> "[\r][\n]"
04:03:27.221 [Test worker] DEBUG com.github.dockerjava.zerodep.shaded.org.apache.hc.client5.http.wire - http-outgoing-0 << "HTTP/1.1 204 No Content[\r][\n]"
04:03:27.221 [Test worker] DEBUG com.github.dockerjava.zerodep.shaded.org.apache.hc.client5.http.wire - http-outgoing-0 << "Api-Version: 1.41[\r][\n]"
04:03:27.221 [Test worker] DEBUG com.github.dockerjava.zerodep.shaded.org.apache.hc.client5.http.wire - http-outgoing-0 << "Date: Fri, 24 Feb 2023 12:03:27 GMT[\r][\n]"
04:03:27.222 [Test worker] DEBUG com.github.dockerjava.zerodep.shaded.org.apache.hc.client5.http.wire - http-outgoing-0 << "Docker-Experimental: false[\r][\n]"
04:03:27.222 [Test worker] DEBUG com.github.dockerjava.zerodep.shaded.org.apache.hc.client5.http.wire - http-outgoing-0 << "Ostype: linux[\r][\n]"
04:03:27.222 [Test worker] DEBUG com.github.dockerjava.zerodep.shaded.org.apache.hc.client5.http.wire - http-outgoing-0 << "Server: Docker/20.10.21 (linux)[\r][\n]"
04:03:27.222 [Test worker] DEBUG com.github.dockerjava.zerodep.shaded.org.apache.hc.client5.http.wire - http-outgoing-0 << "[\r][\n]"
04:03:27.222 [Test worker] DEBUG com.github.dockerjava.zerodep.shaded.org.apache.hc.client5.http.headers - http-outgoing-0 << HTTP/1.1 204 No Content
04:03:27.222 [Test worker] DEBUG com.github.dockerjava.zerodep.shaded.org.apache.hc.client5.http.headers - http-outgoing-0 << Api-Version: 1.41
04:03:27.222 [Test worker] DEBUG com.github.dockerjava.zerodep.shaded.org.apache.hc.client5.http.headers - http-outgoing-0 << Date: Fri, 24 Feb 2023 12:03:27 GMT
04:03:27.222 [Test worker] DEBUG com.github.dockerjava.zerodep.shaded.org.apache.hc.client5.http.headers - http-outgoing-0 << Docker-Experimental: false
04:03:27.222 [Test worker] DEBUG com.github.dockerjava.zerodep.shaded.org.apache.hc.client5.http.headers - http-outgoing-0 << Ostype: linux
04:03:27.222 [Test worker] DEBUG com.github.dockerjava.zerodep.shaded.org.apache.hc.client5.http.headers - http-outgoing-0 << Server: Docker/20.10.21 (linux)
04:03:27.222 [Test worker] DEBUG com.github.dockerjava.zerodep.shaded.org.apache.hc.client5.http.impl.classic.MainClientExec - ex-00000005: connection can be kept alive for 3 MINUTES
04:03:27.222 [Test worker] DEBUG com.github.dockerjava.zerodep.shaded.org.apache.hc.client5.http.impl.classic.InternalHttpClient - ep-00000004: releasing valid endpoint
04:03:27.222 [Test worker] DEBUG com.github.dockerjava.zerodep.shaded.org.apache.hc.client5.http.impl.io.PoolingHttpClientConnectionManager - ep-00000004: releasing endpoint
04:03:27.223 [Test worker] DEBUG com.github.dockerjava.zerodep.shaded.org.apache.hc.client5.http.impl.io.PoolingHttpClientConnectionManager - ep-00000004: connection http-outgoing-0 can be kept alive for 3 MINUTES
04:03:27.223 [Test worker] DEBUG com.github.dockerjava.zerodep.shaded.org.apache.hc.client5.http.impl.io.PoolingHttpClientConnectionManager - ep-00000004: connection released [route: {}->npipe://localhost:2375][total available: 1; route allocated: 1 of 2147483647; total allocated: 1 of 2147483647]
04:03:27.237 [Test worker] DEBUG org.testcontainers.shaded.com.github.dockerjava.core.command.AbstrDockerCmd - Cmd: 96e9d6d5385b9ce16236eb1cfd0e637cfe35e479adb612dbe47361a41156b1ff,false
04:03:27.238 [Test worker] DEBUG org.testcontainers.shaded.com.github.dockerjava.core.exec.InspectContainerCmdExec - GET: DefaultWebTarget{path=[/containers/96e9d6d5385b9ce16236eb1cfd0e637cfe35e479adb612dbe47361a41156b1ff/json], queryParams={}}
04:03:27.239 [Test worker] DEBUG com.github.dockerjava.zerodep.shaded.org.apache.hc.client5.http.impl.classic.InternalHttpClient - ex-00000006: preparing request execution
04:03:27.240 [Test worker] DEBUG com.github.dockerjava.zerodep.shaded.org.apache.hc.client5.http.protocol.RequestAddCookies - Cookie spec selected: strict
04:03:27.240 [Test worker] DEBUG com.github.dockerjava.zerodep.shaded.org.apache.hc.client5.http.protocol.RequestAuthCache - Auth cache not set in the context
04:03:27.240 [Test worker] DEBUG com.github.dockerjava.zerodep.shaded.org.apache.hc.client5.http.impl.classic.ProtocolExec - ex-00000006: target auth state: UNCHALLENGED
04:03:27.240 [Test worker] DEBUG com.github.dockerjava.zerodep.shaded.org.apache.hc.client5.http.impl.classic.ProtocolExec - ex-00000006: proxy auth state: UNCHALLENGED
04:03:27.240 [Test worker] DEBUG com.github.dockerjava.zerodep.shaded.org.apache.hc.client5.http.impl.classic.ConnectExec - ex-00000006: acquiring connection with route {}->npipe://localhost:2375
04:03:27.240 [Test worker] DEBUG com.github.dockerjava.zerodep.shaded.org.apache.hc.client5.http.impl.classic.InternalHttpClient - ex-00000006: acquiring endpoint (3 MINUTES)
04:03:27.241 [Test worker] DEBUG com.github.dockerjava.zerodep.shaded.org.apache.hc.client5.http.impl.io.PoolingHttpClientConnectionManager - ex-00000006: endpoint lease request (3 MINUTES) [route: {}->npipe://localhost:2375][total available: 1; route allocated: 1 of 2147483647; total allocated: 1 of 2147483647]
04:03:27.241 [Test worker] DEBUG com.github.dockerjava.zerodep.shaded.org.apache.hc.client5.http.impl.io.PoolingHttpClientConnectionManager - ex-00000006: endpoint leased [route: {}->npipe://localhost:2375][total available: 0; route allocated: 1 of 2147483647; total allocated: 1 of 2147483647]
04:03:27.241 [Test worker] DEBUG com.github.dockerjava.zerodep.shaded.org.apache.hc.client5.http.impl.io.PoolingHttpClientConnectionManager - ex-00000006: acquired ep-00000005
04:03:27.241 [Test worker] DEBUG com.github.dockerjava.zerodep.shaded.org.apache.hc.client5.http.impl.classic.InternalHttpClient - ex-00000006: acquired endpoint ep-00000005
04:03:27.241 [Test worker] DEBUG com.github.dockerjava.zerodep.shaded.org.apache.hc.client5.http.impl.classic.MainClientExec - ex-00000006: executing GET /v1.32/containers/96e9d6d5385b9ce16236eb1cfd0e637cfe35e479adb612dbe47361a41156b1ff/json HTTP/1.1
04:03:27.241 [Test worker] DEBUG com.github.dockerjava.zerodep.shaded.org.apache.hc.client5.http.impl.classic.InternalHttpClient - ep-00000005: start execution ex-00000006
04:03:27.241 [Test worker] DEBUG com.github.dockerjava.zerodep.shaded.org.apache.hc.client5.http.impl.io.PoolingHttpClientConnectionManager - ep-00000005: executing exchange ex-00000006 over http-outgoing-0
04:03:27.241 [Test worker] DEBUG com.github.dockerjava.zerodep.shaded.org.apache.hc.client5.http.headers - http-outgoing-0 >> GET /v1.32/containers/96e9d6d5385b9ce16236eb1cfd0e637cfe35e479adb612dbe47361a41156b1ff/json HTTP/1.1
04:03:27.241 [Test worker] DEBUG com.github.dockerjava.zerodep.shaded.org.apache.hc.client5.http.headers - http-outgoing-0 >> accept: application/json
04:03:27.241 [Test worker] DEBUG com.github.dockerjava.zerodep.shaded.org.apache.hc.client5.http.headers - http-outgoing-0 >> x-tc-sid: ed23b396-e83d-44ca-9296-5871eeaad6a6
04:03:27.241 [Test worker] DEBUG com.github.dockerjava.zerodep.shaded.org.apache.hc.client5.http.headers - http-outgoing-0 >> Accept-Encoding: gzip, x-gzip, deflate
04:03:27.241 [Test worker] DEBUG com.github.dockerjava.zerodep.shaded.org.apache.hc.client5.http.headers - http-outgoing-0 >> Host: localhost:2375
04:03:27.241 [Test worker] DEBUG com.github.dockerjava.zerodep.shaded.org.apache.hc.client5.http.headers - http-outgoing-0 >> Connection: keep-alive
04:03:27.241 [Test worker] DEBUG com.github.dockerjava.zerodep.shaded.org.apache.hc.client5.http.headers - http-outgoing-0 >> User-Agent: Apache-HttpClient/5.0.3 (Java/17.0.4)
04:03:27.242 [Test worker] DEBUG com.github.dockerjava.zerodep.shaded.org.apache.hc.client5.http.wire - http-outgoing-0 >> "GET /v1.32/containers/96e9d6d5385b9ce16236eb1cfd0e637cfe35e479adb612dbe47361a41156b1ff/json HTTP/1.1[\r][\n]"
04:03:27.242 [Test worker] DEBUG com.github.dockerjava.zerodep.shaded.org.apache.hc.client5.http.wire - http-outgoing-0 >> "accept: application/json[\r][\n]"
04:03:27.242 [Test worker] DEBUG com.github.dockerjava.zerodep.shaded.org.apache.hc.client5.http.wire - http-outgoing-0 >> "x-tc-sid: ed23b396-e83d-44ca-9296-5871eeaad6a6[\r][\n]"
04:03:27.242 [Test worker] DEBUG com.github.dockerjava.zerodep.shaded.org.apache.hc.client5.http.wire - http-outgoing-0 >> "Accept-Encoding: gzip, x-gzip, deflate[\r][\n]"
04:03:27.242 [Test worker] DEBUG com.github.dockerjava.zerodep.shaded.org.apache.hc.client5.http.wire - http-outgoing-0 >> "Host: localhost:2375[\r][\n]"
04:03:27.242 [Test worker] DEBUG com.github.dockerjava.zerodep.shaded.org.apache.hc.client5.http.wire - http-outgoing-0 >> "Connection: keep-alive[\r][\n]"
04:03:27.242 [Test worker] DEBUG com.github.dockerjava.zerodep.shaded.org.apache.hc.client5.http.wire - http-outgoing-0 >> "User-Agent: Apache-HttpClient/5.0.3 (Java/17.0.4)[\r][\n]"
04:03:27.242 [Test worker] DEBUG com.github.dockerjava.zerodep.shaded.org.apache.hc.client5.http.wire - http-outgoing-0 >> "[\r][\n]"
04:03:27.252 [Test worker] DEBUG com.github.dockerjava.zerodep.shaded.org.apache.hc.client5.http.wire - http-outgoing-0 << "HTTP/1.1 200 OK[\r][\n]"
04:03:27.253 [Test worker] DEBUG com.github.dockerjava.zerodep.shaded.org.apache.hc.client5.http.wire - http-outgoing-0 << "Api-Version: 1.41[\r][\n]"
04:03:27.253 [Test worker] DEBUG com.github.dockerjava.zerodep.shaded.org.apache.hc.client5.http.wire - http-outgoing-0 << "Content-Type: application/json[\r][\n]"
04:03:27.253 [Test worker] DEBUG com.github.dockerjava.zerodep.shaded.org.apache.hc.client5.http.wire - http-outgoing-0 << "Date: Fri, 24 Feb 2023 12:03:27 GMT[\r][\n]"
04:03:27.253 [Test worker] DEBUG com.github.dockerjava.zerodep.shaded.org.apache.hc.client5.http.wire - http-outgoing-0 << "Docker-Experimental: false[\r][\n]"
04:03:27.253 [Test worker] DEBUG com.github.dockerjava.zerodep.shaded.org.apache.hc.client5.http.wire - http-outgoing-0 << "Ostype: linux[\r][\n]"
04:03:27.253 [Test worker] DEBUG com.github.dockerjava.zerodep.shaded.org.apache.hc.client5.http.wire - http-outgoing-0 << "Server: Docker/20.10.21 (linux)[\r][\n]"
04:03:27.253 [Test worker] DEBUG com.github.dockerjava.zerodep.shaded.org.apache.hc.client5.http.wire - http-outgoing-0 << "Transfer-Encoding: chunked[\r][\n]"
04:03:27.254 [Test worker] DEBUG com.github.dockerjava.zerodep.shaded.org.apache.hc.client5.http.wire - http-outgoing-0 << "[\r][\n]"
04:03:27.254 [Test worker] DEBUG com.github.dockerjava.zerodep.shaded.org.apache.hc.client5.http.headers - http-outgoing-0 << HTTP/1.1 200 OK
04:03:27.254 [Test worker] DEBUG com.github.dockerjava.zerodep.shaded.org.apache.hc.client5.http.headers - http-outgoing-0 << Api-Version: 1.41
04:03:27.254 [Test worker] DEBUG com.github.dockerjava.zerodep.shaded.org.apache.hc.client5.http.headers - http-outgoing-0 << Content-Type: application/json
04:03:27.254 [Test worker] DEBUG com.github.dockerjava.zerodep.shaded.org.apache.hc.client5.http.headers - http-outgoing-0 << Date: Fri, 24 Feb 2023 12:03:27 GMT
04:03:27.254 [Test worker] DEBUG com.github.dockerjava.zerodep.shaded.org.apache.hc.client5.http.headers - http-outgoing-0 << Docker-Experimental: false
04:03:27.254 [Test worker] DEBUG com.github.dockerjava.zerodep.shaded.org.apache.hc.client5.http.headers - http-outgoing-0 << Ostype: linux
04:03:27.254 [Test worker] DEBUG com.github.dockerjava.zerodep.shaded.org.apache.hc.client5.http.headers - http-outgoing-0 << Server: Docker/20.10.21 (linux)
04:03:27.254 [Test worker] DEBUG com.github.dockerjava.zerodep.shaded.org.apache.hc.client5.http.headers - http-outgoing-0 << Transfer-Encoding: chunked
04:03:27.255 [Test worker] DEBUG com.github.dockerjava.zerodep.shaded.org.apache.hc.client5.http.impl.classic.MainClientExec - ex-00000006: connection can be kept alive for 3 MINUTES
04:03:27.259 [Test worker] DEBUG com.github.dockerjava.zerodep.shaded.org.apache.hc.client5.http.wire - http-outgoing-0 << "1412[\r][\n]"
04:03:27.259 [Test worker] DEBUG com.github.dockerjava.zerodep.shaded.org.apache.hc.client5.http.wire - http-outgoing-0 << "{"Id":"96e9d6d5385b9ce16236eb1cfd0e637cfe35e479adb612dbe47361a41156b1ff","Created":"2023-02-24T12:03:25.570372274Z","Path":"/app","Args":[],"State":{"Status":"running","Running":true,"Paused":false,"Restarting":false,"OOMKilled":false,"Dead":false,"Pid":4779,"ExitCode":0,"Error":"","StartedAt":"2023-02-24T12:03:27.212601257Z","FinishedAt":"0001-01-01T00:00:00Z"},"Image":"sha256:7ac27de2f0c441174e7e12a105f876493b902ffd7bbb2a3646aa929c08cc3806","ResolvConfPath":"/var/lib/docker/containers/96e9d6d5385b9ce16236eb1cfd0e637cfe35e479adb612dbe47361a41156b1ff/resolv.conf","HostnamePath":"/var/lib/docker/containers/96e9d6d5385b9ce16236eb1cfd0e637cfe35e479adb612dbe47361a41156b1ff/hostname","HostsPath":"/var/lib/docker/containers/96e9d6d5385b9ce16236eb1cfd0e637cfe35e479adb612dbe47361a41156b1ff/hosts","LogPath":"/var/lib/docker/containers/96e9d6d5385b9ce16236eb1cfd0e637cfe35e479adb612dbe47361a41156b1ff/96e9d6d5385b9ce16236eb1cfd0e637cfe35e479adb612dbe47361a41156b1ff-json.log","Name":"/testcontainers-ryuk-ed23b396-e83d-44ca-9296-5871eeaad6a6","RestartCount":0,"Driver":"overlay2","Platform":"linux","MountLabel":"","ProcessLabel":"","AppArmorProfile":"","ExecIDs":null,"HostConfig":{"Binds":["//var/run/docker.sock:/var/run/docker.sock:rw"],"ContainerIDFile":"","LogConfig":{"Type":"json-file","Config":{}},"NetworkMode":"default","PortBindings":{"8080/tcp":[{"HostIp":"0.0.0.0","HostPort":"0"}]},"RestartPolicy":{"Name":"","MaximumRetryCount":0},"AutoRemove":true,"VolumeDriver":"","VolumesFrom":[],"CapAdd":null,"CapDrop":null,"CgroupnsMode":"host","Dns":null,"DnsOptions":null,"DnsSearch":null,"ExtraHosts":[],"GroupAdd":null,"IpcMode":"shareable","Cgroup":"","Links":null,"OomScoreAdj":0,"PidMode":"","Privileged":false,"PublishAllPorts":false,"ReadonlyRootfs":false,"SecurityOpt":null,"UTSMode":"","UsernsMode":"","ShmSize":67108864,"Runtime":"runc","ConsoleSize":[0,0],"Isolation":"","CpuShares":0,"Memory":0,"NanoCpus":0,"CgroupParent":"","BlkioWeight":0,"BlkioWeightDevice":null,"BlkioDeviceReadBps":null,"BlkioDeviceWriteBps":null,"BlkioDeviceReadIOps":null,"BlkioDeviceWriteIOps":null,"CpuPeriod":0,"CpuQuota":0,"CpuRealtimePeriod":0,"CpuRealtimeRuntime":0,"CpusetCpus":"","CpusetMems":"","Devices":null,"DeviceCgroupRules":null,"DeviceRequests":null,"KernelMemory":0,"KernelMemoryTCP":0,"MemoryReservation":0,"MemorySwap":0,"MemorySwappiness":null,"OomKillDisable":false,"PidsLimit":null,"Ulimits":null,"CpuCount":0,"CpuPercent":0,"IOMaximumIOps":0,"IOMaximumBandwidth":0,"MaskedPaths":["/proc/asound","/proc/acpi","/proc/kcore","/proc/keys","/proc/latency_stats","/proc/timer_list","/proc/timer_stats","/proc/sched_debug","/proc/scsi","/sys/firmware"],"ReadonlyPaths":["/proc/bus","/proc/fs","/proc/irq","/proc/sys","/proc/sysrq-trigger"]},"GraphDriver":{"Data":{"LowerDir":"/var/lib/docker/overlay2/e12baaf5ed41b834df3ad97847d2d9f132ceb0b89820391f427df689bb1b226e-init/diff:/var/lib/docker/overlay2/4e73f06f5f1e91d450a01eecfd24db896f1406f721116322cb49a98c40ca4f07/diff:/var/lib/docker/overlay2/d8dca79c220179faad647bab77e80a2e733cbeec554ffb2103003bd8df7fa580/diff:/var/lib/docker/overlay2/ec20017d750a7b5cc7141f6ade117351475c9c761adadfba7f071da021874a8e/diff","MergedDir":"/var/lib/docker/overlay2/e12baaf5ed41b834df3ad97847d2d9f132ceb0b89820391f427df689bb1b226e/merged","UpperDir":"/var/lib/docker/overlay2/e12baaf5ed41b834df3ad97847d2d9f132ceb0b89820391f427df689bb1b226e/diff","WorkDir":"/var/lib/docker/overlay2/e12baaf5ed41b834df3ad97847d2d9f132ceb0b89820391f427df689bb1b226e/work"},"Name":"overlay2"},"Mounts":[{"Type":"bind","Source":"//var/run/docker.sock","Destination":"/var/run/docker.sock","Mode":"rw","RW":true,"Propagation":"rprivate"}],"Config":{"Hostname":"96e9d6d5385b","Domainname":"","User":"","AttachStdin":false,"AttachStdout":false,"AttachStderr":false,"ExposedPorts":{"8080/tcp":{}},"Tty":false,"OpenStdin":false,"StdinOnce":false,"Env":["PATH=/usr/local/sbin:/usr/local/bin:/usr/sbin:/usr/bin:/sbin:/bin"],"Cmd":["/app"],"Image":"testcontainers/ryuk:0.3.4","Volumes":null,"WorkingDir":"","Entrypoint":null,"OnBuild":null,"Labels":{"org.testcontainers":"
04:03:27.332 [Test worker] DEBUG com.github.dockerjava.zerodep.shaded.org.apache.hc.client5.http.wire - http-outgoing-0 << ""true","org.testcontainers.lang":"java","org.testcontainers.version":"1.17.6"}},"NetworkSettings":{"Bridge":"","SandboxID":"70002d3789a00657a26ca5198036e37709c047925e21da06e843c44a053ed90a","HairpinMode":false,"LinkLocalIPv6Address":"","LinkLocalIPv6PrefixLen":0,"Ports":{"8080/tcp":[]},"SandboxKey":"/var/run/docker/netns/70002d3789a0","SecondaryIPAddresses":null,"SecondaryIPv6Addresses":null,"EndpointID":"47166d3f5bbab2686058293d40219f0701e2239cb6aeb91dcaa586e9601c54e7","Gateway":"172.17.0.1","GlobalIPv6Address":"","GlobalIPv6PrefixLen":0,"IPAddress":"172.17.0.2","IPPrefixLen":16,"IPv6Gateway":"","MacAddress":"02:42:ac:11:00:02","Networks":{"bridge":{"IPAMConfig":null,"Links":null,"Aliases":null,"NetworkID":"8c815113520d175650cf239779e29e0bdaf56ac8beff1f204b7a5ed98b912263","EndpointID":"47166d3f5bbab2686058293d40219f0701e2239cb6aeb91dcaa586e9601c54e7","Gateway":"172.17.0.1","IPAddress":"172.17.0.2","IPPrefixLen":16,"IPv6Gateway":"","GlobalIPv6Address":"","GlobalIPv6PrefixLen":0,"MacAddress":"02:42:ac:11:00:02","DriverOpts":null}}}}[\n]"
04:03:27.353 [Test worker] DEBUG com.github.dockerjava.zerodep.shaded.org.apache.hc.client5.http.wire - http-outgoing-0 << "[\r][\n]"
04:03:27.354 [Test worker] DEBUG com.github.dockerjava.zerodep.shaded.org.apache.hc.client5.http.wire - http-outgoing-0 << "0[\r][\n]"
04:03:27.354 [Test worker] DEBUG com.github.dockerjava.zerodep.shaded.org.apache.hc.client5.http.wire - http-outgoing-0 << "[\r][\n]"
04:03:27.354 [Test worker] DEBUG com.github.dockerjava.zerodep.shaded.org.apache.hc.client5.http.impl.classic.InternalHttpClient - ep-00000005: releasing valid endpoint
04:03:27.354 [Test worker] DEBUG com.github.dockerjava.zerodep.shaded.org.apache.hc.client5.http.impl.io.PoolingHttpClientConnectionManager - ep-00000005: releasing endpoint
04:03:27.354 [Test worker] DEBUG com.github.dockerjava.zerodep.shaded.org.apache.hc.client5.http.impl.io.PoolingHttpClientConnectionManager - ep-00000005: connection http-outgoing-0 can be kept alive for 3 MINUTES
04:03:27.354 [Test worker] DEBUG com.github.dockerjava.zerodep.shaded.org.apache.hc.client5.http.impl.io.PoolingHttpClientConnectionManager - ep-00000005: connection released [route: {}->npipe://localhost:2375][total available: 1; route allocated: 1 of 2147483647; total allocated: 1 of 2147483647]
04:03:27.361 [Test worker] DEBUG org.testcontainers.shaded.com.github.dockerjava.core.command.AbstrDockerCmd - Cmd: 96e9d6d5385b9ce16236eb1cfd0e637cfe35e479adb612dbe47361a41156b1ff,false
04:03:27.362 [Test worker] DEBUG org.testcontainers.shaded.com.github.dockerjava.core.exec.InspectContainerCmdExec - GET: DefaultWebTarget{path=[/containers/96e9d6d5385b9ce16236eb1cfd0e637cfe35e479adb612dbe47361a41156b1ff/json], queryParams={}}
04:03:27.362 [Test worker] DEBUG com.github.dockerjava.zerodep.shaded.org.apache.hc.client5.http.impl.classic.InternalHttpClient - ex-00000007: preparing request execution
04:03:27.362 [Test worker] DEBUG com.github.dockerjava.zerodep.shaded.org.apache.hc.client5.http.protocol.RequestAddCookies - Cookie spec selected: strict
04:03:27.362 [Test worker] DEBUG com.github.dockerjava.zerodep.shaded.org.apache.hc.client5.http.protocol.RequestAuthCache - Auth cache not set in the context
04:03:27.362 [Test worker] DEBUG com.github.dockerjava.zerodep.shaded.org.apache.hc.client5.http.impl.classic.ProtocolExec - ex-00000007: target auth state: UNCHALLENGED
04:03:27.362 [Test worker] DEBUG com.github.dockerjava.zerodep.shaded.org.apache.hc.client5.http.impl.classic.ProtocolExec - ex-00000007: proxy auth state: UNCHALLENGED
04:03:27.363 [Test worker] DEBUG com.github.dockerjava.zerodep.shaded.org.apache.hc.client5.http.impl.classic.ConnectExec - ex-00000007: acquiring connection with route {}->npipe://localhost:2375
04:03:27.363 [Test worker] DEBUG com.github.dockerjava.zerodep.shaded.org.apache.hc.client5.http.impl.classic.InternalHttpClient - ex-00000007: acquiring endpoint (3 MINUTES)
04:03:27.363 [Test worker] DEBUG com.github.dockerjava.zerodep.shaded.org.apache.hc.client5.http.impl.io.PoolingHttpClientConnectionManager - ex-00000007: endpoint lease request (3 MINUTES) [route: {}->npipe://localhost:2375][total available: 1; route allocated: 1 of 2147483647; total allocated: 1 of 2147483647]
04:03:27.363 [Test worker] DEBUG com.github.dockerjava.zerodep.shaded.org.apache.hc.client5.http.impl.io.PoolingHttpClientConnectionManager - ex-00000007: endpoint leased [route: {}->npipe://localhost:2375][total available: 0; route allocated: 1 of 2147483647; total allocated: 1 of 2147483647]
04:03:27.363 [Test worker] DEBUG com.github.dockerjava.zerodep.shaded.org.apache.hc.client5.http.impl.io.PoolingHttpClientConnectionManager - ex-00000007: acquired ep-00000006
04:03:27.363 [Test worker] DEBUG com.github.dockerjava.zerodep.shaded.org.apache.hc.client5.http.impl.classic.InternalHttpClient - ex-00000007: acquired endpoint ep-00000006
04:03:27.363 [Test worker] DEBUG com.github.dockerjava.zerodep.shaded.org.apache.hc.client5.http.impl.classic.MainClientExec - ex-00000007: executing GET /v1.32/containers/96e9d6d5385b9ce16236eb1cfd0e637cfe35e479adb612dbe47361a41156b1ff/json HTTP/1.1
04:03:27.363 [Test worker] DEBUG com.github.dockerjava.zerodep.shaded.org.apache.hc.client5.http.impl.classic.InternalHttpClient - ep-00000006: start execution ex-00000007
04:03:27.363 [Test worker] DEBUG com.github.dockerjava.zerodep.shaded.org.apache.hc.client5.http.impl.io.PoolingHttpClientConnectionManager - ep-00000006: executing exchange ex-00000007 over http-outgoing-0
04:03:27.363 [Test worker] DEBUG com.github.dockerjava.zerodep.shaded.org.apache.hc.client5.http.headers - http-outgoing-0 >> GET /v1.32/containers/96e9d6d5385b9ce16236eb1cfd0e637cfe35e479adb612dbe47361a41156b1ff/json HTTP/1.1
04:03:27.363 [Test worker] DEBUG com.github.dockerjava.zerodep.shaded.org.apache.hc.client5.http.headers - http-outgoing-0 >> accept: application/json
04:03:27.363 [Test worker] DEBUG com.github.dockerjava.zerodep.shaded.org.apache.hc.client5.http.headers - http-outgoing-0 >> x-tc-sid: ed23b396-e83d-44ca-9296-5871eeaad6a6
04:03:27.363 [Test worker] DEBUG com.github.dockerjava.zerodep.shaded.org.apache.hc.client5.http.headers - http-outgoing-0 >> Accept-Encoding: gzip, x-gzip, deflate
04:03:27.363 [Test worker] DEBUG com.github.dockerjava.zerodep.shaded.org.apache.hc.client5.http.headers - http-outgoing-0 >> Host: localhost:2375
04:03:27.363 [Test worker] DEBUG com.github.dockerjava.zerodep.shaded.org.apache.hc.client5.http.headers - http-outgoing-0 >> Connection: keep-alive
04:03:27.363 [Test worker] DEBUG com.github.dockerjava.zerodep.shaded.org.apache.hc.client5.http.headers - http-outgoing-0 >> User-Agent: Apache-HttpClient/5.0.3 (Java/17.0.4)
04:03:27.363 [Test worker] DEBUG com.github.dockerjava.zerodep.shaded.org.apache.hc.client5.http.wire - http-outgoing-0 >> "GET /v1.32/containers/96e9d6d5385b9ce16236eb1cfd0e637cfe35e479adb612dbe47361a41156b1ff/json HTTP/1.1[\r][\n]"
04:03:27.364 [Test worker] DEBUG com.github.dockerjava.zerodep.shaded.org.apache.hc.client5.http.wire - http-outgoing-0 >> "accept: application/json[\r][\n]"
04:03:27.364 [Test worker] DEBUG com.github.dockerjava.zerodep.shaded.org.apache.hc.client5.http.wire - http-outgoing-0 >> "x-tc-sid: ed23b396-e83d-44ca-9296-5871eeaad6a6[\r][\n]"
04:03:27.364 [Test worker] DEBUG com.github.dockerjava.zerodep.shaded.org.apache.hc.client5.http.wire - http-outgoing-0 >> "Accept-Encoding: gzip, x-gzip, deflate[\r][\n]"
04:03:27.364 [Test worker] DEBUG com.github.dockerjava.zerodep.shaded.org.apache.hc.client5.http.wire - http-outgoing-0 >> "Host: localhost:2375[\r][\n]"
04:03:27.364 [Test worker] DEBUG com.github.dockerjava.zerodep.shaded.org.apache.hc.client5.http.wire - http-outgoing-0 >> "Connection: keep-alive[\r][\n]"
04:03:27.364 [Test worker] DEBUG com.github.dockerjava.zerodep.shaded.org.apache.hc.client5.http.wire - http-outgoing-0 >> "User-Agent: Apache-HttpClient/5.0.3 (Java/17.0.4)[\r][\n]"
04:03:27.364 [Test worker] DEBUG com.github.dockerjava.zerodep.shaded.org.apache.hc.client5.http.wire - http-outgoing-0 >> "[\r][\n]"
04:03:27.370 [Test worker] DEBUG com.github.dockerjava.zerodep.shaded.org.apache.hc.client5.http.wire - http-outgoing-0 << "HTTP/1.1 200 OK[\r][\n]"
04:03:27.371 [Test worker] DEBUG com.github.dockerjava.zerodep.shaded.org.apache.hc.client5.http.wire - http-outgoing-0 << "Api-Version: 1.41[\r][\n]"
04:03:27.371 [Test worker] DEBUG com.github.dockerjava.zerodep.shaded.org.apache.hc.client5.http.wire - http-outgoing-0 << "Content-Type: application/json[\r][\n]"
04:03:27.371 [Test worker] DEBUG com.github.dockerjava.zerodep.shaded.org.apache.hc.client5.http.wire - http-outgoing-0 << "Date: Fri, 24 Feb 2023 12:03:27 GMT[\r][\n]"
04:03:27.371 [Test worker] DEBUG com.github.dockerjava.zerodep.shaded.org.apache.hc.client5.http.wire - http-outgoing-0 << "Docker-Experimental: false[\r][\n]"
04:03:27.371 [Test worker] DEBUG com.github.dockerjava.zerodep.shaded.org.apache.hc.client5.http.wire - http-outgoing-0 << "Ostype: linux[\r][\n]"
04:03:27.371 [Test worker] DEBUG com.github.dockerjava.zerodep.shaded.org.apache.hc.client5.http.wire - http-outgoing-0 << "Server: Docker/20.10.21 (linux)[\r][\n]"
04:03:27.371 [Test worker] DEBUG com.github.dockerjava.zerodep.shaded.org.apache.hc.client5.http.wire - http-outgoing-0 << "Transfer-Encoding: chunked[\r][\n]"
04:03:27.371 [Test worker] DEBUG com.github.dockerjava.zerodep.shaded.org.apache.hc.client5.http.wire - http-outgoing-0 << "[\r][\n]"
04:03:27.371 [Test worker] DEBUG com.github.dockerjava.zerodep.shaded.org.apache.hc.client5.http.headers - http-outgoing-0 << HTTP/1.1 200 OK
04:03:27.371 [Test worker] DEBUG com.github.dockerjava.zerodep.shaded.org.apache.hc.client5.http.headers - http-outgoing-0 << Api-Version: 1.41
04:03:27.371 [Test worker] DEBUG com.github.dockerjava.zerodep.shaded.org.apache.hc.client5.http.headers - http-outgoing-0 << Content-Type: application/json
04:03:27.371 [Test worker] DEBUG com.github.dockerjava.zerodep.shaded.org.apache.hc.client5.http.headers - http-outgoing-0 << Date: Fri, 24 Feb 2023 12:03:27 GMT
04:03:27.371 [Test worker] DEBUG com.github.dockerjava.zerodep.shaded.org.apache.hc.client5.http.headers - http-outgoing-0 << Docker-Experimental: false
04:03:27.371 [Test worker] DEBUG com.github.dockerjava.zerodep.shaded.org.apache.hc.client5.http.headers - http-outgoing-0 << Ostype: linux
04:03:27.371 [Test worker] DEBUG com.github.dockerjava.zerodep.shaded.org.apache.hc.client5.http.headers - http-outgoing-0 << Server: Docker/20.10.21 (linux)
04:03:27.371 [Test worker] DEBUG com.github.dockerjava.zerodep.shaded.org.apache.hc.client5.http.headers - http-outgoing-0 << Transfer-Encoding: chunked
04:03:27.372 [Test worker] DEBUG com.github.dockerjava.zerodep.shaded.org.apache.hc.client5.http.impl.classic.MainClientExec - ex-00000007: connection can be kept alive for 3 MINUTES
04:03:27.379 [Test worker] DEBUG com.github.dockerjava.zerodep.shaded.org.apache.hc.client5.http.wire - http-outgoing-0 << "1439[\r][\n]"
04:03:27.380 [Test worker] DEBUG com.github.dockerjava.zerodep.shaded.org.apache.hc.client5.http.wire - http-outgoing-0 << "{"Id":"96e9d6d5385b9ce16236eb1cfd0e637cfe35e479adb612dbe47361a41156b1ff","Created":"2023-02-24T12:03:25.570372274Z","Path":"/app","Args":[],"State":{"Status":"running","Running":true,"Paused":false,"Restarting":false,"OOMKilled":false,"Dead":false,"Pid":4779,"ExitCode":0,"Error":"","StartedAt":"2023-02-24T12:03:27.212601257Z","FinishedAt":"0001-01-01T00:00:00Z"},"Image":"sha256:7ac27de2f0c441174e7e12a105f876493b902ffd7bbb2a3646aa929c08cc3806","ResolvConfPath":"/var/lib/docker/containers/96e9d6d5385b9ce16236eb1cfd0e637cfe35e479adb612dbe47361a41156b1ff/resolv.conf","HostnamePath":"/var/lib/docker/containers/96e9d6d5385b9ce16236eb1cfd0e637cfe35e479adb612dbe47361a41156b1ff/hostname","HostsPath":"/var/lib/docker/containers/96e9d6d5385b9ce16236eb1cfd0e637cfe35e479adb612dbe47361a41156b1ff/hosts","LogPath":"/var/lib/docker/containers/96e9d6d5385b9ce16236eb1cfd0e637cfe35e479adb612dbe47361a41156b1ff/96e9d6d5385b9ce16236eb1cfd0e637cfe35e479adb612dbe47361a41156b1ff-json.log","Name":"/testcontainers-ryuk-ed23b396-e83d-44ca-9296-5871eeaad6a6","RestartCount":0,"Driver":"overlay2","Platform":"linux","MountLabel":"","ProcessLabel":"","AppArmorProfile":"","ExecIDs":null,"HostConfig":{"Binds":["//var/run/docker.sock:/var/run/docker.sock:rw"],"ContainerIDFile":"","LogConfig":{"Type":"json-file","Config":{}},"NetworkMode":"default","PortBindings":{"8080/tcp":[{"HostIp":"0.0.0.0","HostPort":"0"}]},"RestartPolicy":{"Name":"","MaximumRetryCount":0},"AutoRemove":true,"VolumeDriver":"","VolumesFrom":[],"CapAdd":null,"CapDrop":null,"CgroupnsMode":"host","Dns":null,"DnsOptions":null,"DnsSearch":null,"ExtraHosts":[],"GroupAdd":null,"IpcMode":"shareable","Cgroup":"","Links":null,"OomScoreAdj":0,"PidMode":"","Privileged":false,"PublishAllPorts":false,"ReadonlyRootfs":false,"SecurityOpt":null,"UTSMode":"","UsernsMode":"","ShmSize":67108864,"Runtime":"runc","ConsoleSize":[0,0],"Isolation":"","CpuShares":0,"Memory":0,"NanoCpus":0,"CgroupParent":"","BlkioWeight":0,"BlkioWeightDevice":null,"BlkioDeviceReadBps":null,"BlkioDeviceWriteBps":null,"BlkioDeviceReadIOps":null,"BlkioDeviceWriteIOps":null,"CpuPeriod":0,"CpuQuota":0,"CpuRealtimePeriod":0,"CpuRealtimeRuntime":0,"CpusetCpus":"","CpusetMems":"","Devices":null,"DeviceCgroupRules":null,"DeviceRequests":null,"KernelMemory":0,"KernelMemoryTCP":0,"MemoryReservation":0,"MemorySwap":0,"MemorySwappiness":null,"OomKillDisable":false,"PidsLimit":null,"Ulimits":null,"CpuCount":0,"CpuPercent":0,"IOMaximumIOps":0,"IOMaximumBandwidth":0,"MaskedPaths":["/proc/asound","/proc/acpi","/proc/kcore","/proc/keys","/proc/latency_stats","/proc/timer_list","/proc/timer_stats","/proc/sched_debug","/proc/scsi","/sys/firmware"],"ReadonlyPaths":["/proc/bus","/proc/fs","/proc/irq","/proc/sys","/proc/sysrq-trigger"]},"GraphDriver":{"Data":{"LowerDir":"/var/lib/docker/overlay2/e12baaf5ed41b834df3ad97847d2d9f132ceb0b89820391f427df689bb1b226e-init/diff:/var/lib/docker/overlay2/4e73f06f5f1e91d450a01eecfd24db896f1406f721116322cb49a98c40ca4f07/diff:/var/lib/docker/overlay2/d8dca79c220179faad647bab77e80a2e733cbeec554ffb2103003bd8df7fa580/diff:/var/lib/docker/overlay2/ec20017d750a7b5cc7141f6ade117351475c9c761adadfba7f071da021874a8e/diff","MergedDir":"/var/lib/docker/overlay2/e12baaf5ed41b834df3ad97847d2d9f132ceb0b89820391f427df689bb1b226e/merged","UpperDir":"/var/lib/docker/overlay2/e12baaf5ed41b834df3ad97847d2d9f132ceb0b89820391f427df689bb1b226e/diff","WorkDir":"/var/lib/docker/overlay2/e12baaf5ed41b834df3ad97847d2d9f132ceb0b89820391f427df689bb1b226e/work"},"Name":"overlay2"},"Mounts":[{"Type":"bind","Source":"//var/run/docker.sock","Destination":"/var/run/docker.sock","Mode":"rw","RW":true,"Propagation":"rprivate"}],"Config":{"Hostname":"96e9d6d5385b","Domainname":"","User":"","AttachStdin":false,"AttachStdout":false,"AttachStderr":false,"ExposedPorts":{"8080/tcp":{}},"Tty":false,"OpenStdin":false,"StdinOnce":false,"Env":["PATH=/usr/local/sbin:/usr/local/bin:/usr/sbin:/usr/bin:/sbin:/bin"],"Cmd":["/app"],"Image":"testcontainers/ryuk:0.3.4","Volumes":null,"WorkingDir":"","Entrypoint":null,"OnBuild":null,"Labels":{"org.testcontainers":"
04:03:27.381 [Test worker] DEBUG com.github.dockerjava.zerodep.shaded.org.apache.hc.client5.http.wire - http-outgoing-0 << ""true","org.testcontainers.lang":"java","org.testcontainers.version":"1.17.6"}},"NetworkSettings":{"Bridge":"","SandboxID":"70002d3789a00657a26ca5198036e37709c047925e21da06e843c44a053ed90a","HairpinMode":false,"LinkLocalIPv6Address":"","LinkLocalIPv6PrefixLen":0,"Ports":{"8080/tcp":[{"HostIp":"0.0.0.0","HostPort":"62497"}]},"SandboxKey":"/var/run/docker/netns/70002d3789a0","SecondaryIPAddresses":null,"SecondaryIPv6Addresses":null,"EndpointID":"47166d3f5bbab2686058293d40219f0701e2239cb6aeb91dcaa586e9601c54e7","Gateway":"172.17.0.1","GlobalIPv6Address":"","GlobalIPv6PrefixLen":0,"IPAddress":"172.17.0.2","IPPrefixLen":16,"IPv6Gateway":"","MacAddress":"02:42:ac:11:00:02","Networks":{"bridge":{"IPAMConfig":null,"Links":null,"Aliases":null,"NetworkID":"8c815113520d175650cf239779e29e0bdaf56ac8beff1f204b7a5ed98b912263","EndpointID":"47166d3f5bbab2686058293d40219f0701e2239cb6aeb91dcaa586e9601c54e7","Gateway":"172.17.0.1","IPAddress":"172.17.0.2","IPPrefixLen":16,"IPv6Gateway":"","GlobalIPv6Address":"","GlobalIPv6PrefixLen":0,"MacAddress":"02:42:ac:11:00:02","DriverOpts":null}}}}[\n]"
04:03:27.383 [Test worker] DEBUG com.github.dockerjava.zerodep.shaded.org.apache.hc.client5.http.wire - http-outgoing-0 << "[\r][\n]"
04:03:27.383 [Test worker] DEBUG com.github.dockerjava.zerodep.shaded.org.apache.hc.client5.http.wire - http-outgoing-0 << "0[\r][\n]"
04:03:27.383 [Test worker] DEBUG com.github.dockerjava.zerodep.shaded.org.apache.hc.client5.http.wire - http-outgoing-0 << "[\r][\n]"
04:03:27.383 [Test worker] DEBUG com.github.dockerjava.zerodep.shaded.org.apache.hc.client5.http.impl.classic.InternalHttpClient - ep-00000006: releasing valid endpoint
04:03:27.383 [Test worker] DEBUG com.github.dockerjava.zerodep.shaded.org.apache.hc.client5.http.impl.io.PoolingHttpClientConnectionManager - ep-00000006: releasing endpoint
04:03:27.383 [Test worker] DEBUG com.github.dockerjava.zerodep.shaded.org.apache.hc.client5.http.impl.io.PoolingHttpClientConnectionManager - ep-00000006: connection http-outgoing-0 can be kept alive for 3 MINUTES
04:03:27.383 [Test worker] DEBUG com.github.dockerjava.zerodep.shaded.org.apache.hc.client5.http.impl.io.PoolingHttpClientConnectionManager - ep-00000006: connection released [route: {}->npipe://localhost:2375][total available: 1; route allocated: 1 of 2147483647; total allocated: 1 of 2147483647]
04:03:27.394 [docker-java-stream-1049901360] DEBUG com.github.dockerjava.zerodep.shaded.org.apache.hc.client5.http.impl.classic.InternalHttpClient - ex-00000008: preparing request execution
04:03:27.395 [docker-java-stream-1049901360] DEBUG com.github.dockerjava.zerodep.shaded.org.apache.hc.client5.http.protocol.RequestAddCookies - Cookie spec selected: strict
04:03:27.395 [docker-java-stream-1049901360] DEBUG com.github.dockerjava.zerodep.shaded.org.apache.hc.client5.http.protocol.RequestAuthCache - Auth cache not set in the context
04:03:27.395 [docker-java-stream-1049901360] DEBUG com.github.dockerjava.zerodep.shaded.org.apache.hc.client5.http.impl.classic.ProtocolExec - ex-00000008: target auth state: UNCHALLENGED
04:03:27.395 [docker-java-stream-1049901360] DEBUG com.github.dockerjava.zerodep.shaded.org.apache.hc.client5.http.impl.classic.ProtocolExec - ex-00000008: proxy auth state: UNCHALLENGED
04:03:27.395 [docker-java-stream-1049901360] DEBUG com.github.dockerjava.zerodep.shaded.org.apache.hc.client5.http.impl.classic.ConnectExec - ex-00000008: acquiring connection with route {}->npipe://localhost:2375
04:03:27.395 [docker-java-stream-1049901360] DEBUG com.github.dockerjava.zerodep.shaded.org.apache.hc.client5.http.impl.classic.InternalHttpClient - ex-00000008: acquiring endpoint (3 MINUTES)
04:03:27.395 [docker-java-stream-1049901360] DEBUG com.github.dockerjava.zerodep.shaded.org.apache.hc.client5.http.impl.io.PoolingHttpClientConnectionManager - ex-00000008: endpoint lease request (3 MINUTES) [route: {}->npipe://localhost:2375][total available: 1; route allocated: 1 of 2147483647; total allocated: 1 of 2147483647]
04:03:27.395 [docker-java-stream-1049901360] DEBUG com.github.dockerjava.zerodep.shaded.org.apache.hc.client5.http.impl.io.PoolingHttpClientConnectionManager - ex-00000008: endpoint leased [route: {}->npipe://localhost:2375][total available: 0; route allocated: 1 of 2147483647; total allocated: 1 of 2147483647]
04:03:27.395 [docker-java-stream-1049901360] DEBUG com.github.dockerjava.zerodep.shaded.org.apache.hc.client5.http.impl.io.PoolingHttpClientConnectionManager - ex-00000008: acquired ep-00000007
04:03:27.396 [docker-java-stream-1049901360] DEBUG com.github.dockerjava.zerodep.shaded.org.apache.hc.client5.http.impl.classic.InternalHttpClient - ex-00000008: acquired endpoint ep-00000007
04:03:27.396 [docker-java-stream-1049901360] DEBUG com.github.dockerjava.zerodep.shaded.org.apache.hc.client5.http.impl.classic.MainClientExec - ex-00000008: executing GET /v1.32/containers/96e9d6d5385b9ce16236eb1cfd0e637cfe35e479adb612dbe47361a41156b1ff/logs?stdout=true&stderr=true&follow=true&since=0 HTTP/1.1
04:03:27.396 [docker-java-stream-1049901360] DEBUG com.github.dockerjava.zerodep.shaded.org.apache.hc.client5.http.impl.classic.InternalHttpClient - ep-00000007: start execution ex-00000008
04:03:27.396 [docker-java-stream-1049901360] DEBUG com.github.dockerjava.zerodep.shaded.org.apache.hc.client5.http.impl.io.PoolingHttpClientConnectionManager - ep-00000007: executing exchange ex-00000008 over http-outgoing-0
04:03:27.396 [docker-java-stream-1049901360] DEBUG com.github.dockerjava.zerodep.shaded.org.apache.hc.client5.http.headers - http-outgoing-0 >> GET /v1.32/containers/96e9d6d5385b9ce16236eb1cfd0e637cfe35e479adb612dbe47361a41156b1ff/logs?stdout=true&stderr=true&follow=true&since=0 HTTP/1.1
04:03:27.396 [docker-java-stream-1049901360] DEBUG com.github.dockerjava.zerodep.shaded.org.apache.hc.client5.http.headers - http-outgoing-0 >> x-tc-sid: ed23b396-e83d-44ca-9296-5871eeaad6a6
04:03:27.396 [docker-java-stream-1049901360] DEBUG com.github.dockerjava.zerodep.shaded.org.apache.hc.client5.http.headers - http-outgoing-0 >> Accept-Encoding: gzip, x-gzip, deflate
04:03:27.396 [docker-java-stream-1049901360] DEBUG com.github.dockerjava.zerodep.shaded.org.apache.hc.client5.http.headers - http-outgoing-0 >> Host: localhost:2375
04:03:27.396 [docker-java-stream-1049901360] DEBUG com.github.dockerjava.zerodep.shaded.org.apache.hc.client5.http.headers - http-outgoing-0 >> Connection: keep-alive
04:03:27.396 [docker-java-stream-1049901360] DEBUG com.github.dockerjava.zerodep.shaded.org.apache.hc.client5.http.headers - http-outgoing-0 >> User-Agent: Apache-HttpClient/5.0.3 (Java/17.0.4)
04:03:27.396 [docker-java-stream-1049901360] DEBUG com.github.dockerjava.zerodep.shaded.org.apache.hc.client5.http.wire - http-outgoing-0 >> "GET /v1.32/containers/96e9d6d5385b9ce16236eb1cfd0e637cfe35e479adb612dbe47361a41156b1ff/logs?stdout=true&stderr=true&follow=true&since=0 HTTP/1.1[\r][\n]"
04:03:27.396 [docker-java-stream-1049901360] DEBUG com.github.dockerjava.zerodep.shaded.org.apache.hc.client5.http.wire - http-outgoing-0 >> "x-tc-sid: ed23b396-e83d-44ca-9296-5871eeaad6a6[\r][\n]"
04:03:27.396 [docker-java-stream-1049901360] DEBUG com.github.dockerjava.zerodep.shaded.org.apache.hc.client5.http.wire - http-outgoing-0 >> "Accept-Encoding: gzip, x-gzip, deflate[\r][\n]"
04:03:27.396 [docker-java-stream-1049901360] DEBUG com.github.dockerjava.zerodep.shaded.org.apache.hc.client5.http.wire - http-outgoing-0 >> "Host: localhost:2375[\r][\n]"
04:03:27.396 [docker-java-stream-1049901360] DEBUG com.github.dockerjava.zerodep.shaded.org.apache.hc.client5.http.wire - http-outgoing-0 >> "Connection: keep-alive[\r][\n]"
04:03:27.396 [docker-java-stream-1049901360] DEBUG com.github.dockerjava.zerodep.shaded.org.apache.hc.client5.http.wire - http-outgoing-0 >> "User-Agent: Apache-HttpClient/5.0.3 (Java/17.0.4)[\r][\n]"
04:03:27.396 [docker-java-stream-1049901360] DEBUG com.github.dockerjava.zerodep.shaded.org.apache.hc.client5.http.wire - http-outgoing-0 >> "[\r][\n]"
04:03:27.403 [docker-java-stream-1049901360] DEBUG com.github.dockerjava.zerodep.shaded.org.apache.hc.client5.http.wire - http-outgoing-0 << "HTTP/1.1 200 OK[\r][\n]"
04:03:27.403 [docker-java-stream-1049901360] DEBUG com.github.dockerjava.zerodep.shaded.org.apache.hc.client5.http.wire - http-outgoing-0 << "Api-Version: 1.41[\r][\n]"
04:03:27.403 [docker-java-stream-1049901360] DEBUG com.github.dockerjava.zerodep.shaded.org.apache.hc.client5.http.wire - http-outgoing-0 << "Date: Fri, 24 Feb 2023 12:03:27 GMT[\r][\n]"
04:03:27.403 [docker-java-stream-1049901360] DEBUG com.github.dockerjava.zerodep.shaded.org.apache.hc.client5.http.wire - http-outgoing-0 << "Docker-Experimental: false[\r][\n]"
04:03:27.403 [docker-java-stream-1049901360] DEBUG com.github.dockerjava.zerodep.shaded.org.apache.hc.client5.http.wire - http-outgoing-0 << "Ostype: linux[\r][\n]"
04:03:27.403 [docker-java-stream-1049901360] DEBUG com.github.dockerjava.zerodep.shaded.org.apache.hc.client5.http.wire - http-outgoing-0 << "Server: Docker/20.10.21 (linux)[\r][\n]"
04:03:27.403 [docker-java-stream-1049901360] DEBUG com.github.dockerjava.zerodep.shaded.org.apache.hc.client5.http.wire - http-outgoing-0 << "Transfer-Encoding: chunked[\r][\n]"
04:03:27.403 [docker-java-stream-1049901360] DEBUG com.github.dockerjava.zerodep.shaded.org.apache.hc.client5.http.wire - http-outgoing-0 << "[\r][\n]"
04:03:27.403 [docker-java-stream-1049901360] DEBUG com.github.dockerjava.zerodep.shaded.org.apache.hc.client5.http.headers - http-outgoing-0 << HTTP/1.1 200 OK
04:03:27.403 [docker-java-stream-1049901360] DEBUG com.github.dockerjava.zerodep.shaded.org.apache.hc.client5.http.headers - http-outgoing-0 << Api-Version: 1.41
04:03:27.403 [docker-java-stream-1049901360] DEBUG com.github.dockerjava.zerodep.shaded.org.apache.hc.client5.http.headers - http-outgoing-0 << Date: Fri, 24 Feb 2023 12:03:27 GMT
04:03:27.403 [docker-java-stream-1049901360] DEBUG com.github.dockerjava.zerodep.shaded.org.apache.hc.client5.http.headers - http-outgoing-0 << Docker-Experimental: false
04:03:27.403 [docker-java-stream-1049901360] DEBUG com.github.dockerjava.zerodep.shaded.org.apache.hc.client5.http.headers - http-outgoing-0 << Ostype: linux
04:03:27.403 [docker-java-stream-1049901360] DEBUG com.github.dockerjava.zerodep.shaded.org.apache.hc.client5.http.headers - http-outgoing-0 << Server: Docker/20.10.21 (linux)
04:03:27.403 [docker-java-stream-1049901360] DEBUG com.github.dockerjava.zerodep.shaded.org.apache.hc.client5.http.headers - http-outgoing-0 << Transfer-Encoding: chunked
04:03:27.404 [docker-java-stream-1049901360] DEBUG com.github.dockerjava.zerodep.shaded.org.apache.hc.client5.http.impl.classic.MainClientExec - ex-00000008: connection can be kept alive for 3 MINUTES
04:03:27.404 [docker-java-stream-1049901360] DEBUG com.github.dockerjava.zerodep.shaded.org.apache.hc.client5.http.wire - http-outgoing-0 << "c0[\r][\n]"
04:03:27.404 [docker-java-stream-1049901360] DEBUG com.github.dockerjava.zerodep.shaded.org.apache.hc.client5.http.wire - http-outgoing-0 << "[0x2][0x0][0x0][0x0][0x0][0x0][0x0]&2023/02/24 12:03:27 Pinging Docker...[\n]"
04:03:27.404 [docker-java-stream-1049901360] DEBUG com.github.dockerjava.zerodep.shaded.org.apache.hc.client5.http.wire - http-outgoing-0 << "[0x2][0x0][0x0][0x0][0x0][0x0][0x0]02023/02/24 12:03:27 Docker daemon is available![\n]"
04:03:27.404 [docker-java-stream-1049901360] DEBUG com.github.dockerjava.zerodep.shaded.org.apache.hc.client5.http.wire - http-outgoing-0 << "[0x2][0x0][0x0][0x0][0x0][0x0][0x0]-2023/02/24 12:03:27 Starting on port 8080...[\n]"
04:03:27.404 [docker-java-stream-1049901360] DEBUG com.github.dockerjava.zerodep.shaded.org.apache.hc.client5.http.wire - http-outgoing-0 << "[0x2][0x0][0x0][0x0][0x0][0x0][0x0][0x1d]2023/02/24 12:03:27 Started![\n]"
04:03:27.404 [docker-java-stream-1049901360] DEBUG com.github.dockerjava.zerodep.shaded.org.apache.hc.client5.http.wire - http-outgoing-0 << "[\r][\n]"
04:03:27.406 [Test worker] DEBUG org.testcontainers.containers.output.WaitingConsumer - STDERR: 2023/02/24 12:03:27 Pinging Docker...
04:03:27.406 [Test worker] DEBUG org.testcontainers.containers.output.WaitingConsumer - STDERR: 2023/02/24 12:03:27 Started!
04:03:27.407 [Test worker] DEBUG com.github.dockerjava.zerodep.shaded.org.apache.hc.client5.http.impl.classic.InternalHttpClient - ep-00000007: cancel
04:03:27.407 [Test worker] DEBUG com.github.dockerjava.zerodep.shaded.org.apache.hc.client5.http.impl.io.DefaultManagedHttpClientConnection - http-outgoing-0: close connection IMMEDIATE
04:03:27.408 [Test worker] DEBUG com.github.dockerjava.zerodep.shaded.org.apache.hc.client5.http.impl.classic.InternalHttpClient - ep-00000007: endpoint closed
04:03:27.408 [Test worker] DEBUG com.github.dockerjava.zerodep.shaded.org.apache.hc.client5.http.impl.classic.InternalHttpClient - ep-00000007: discarding endpoint
04:03:27.408 [Test worker] DEBUG com.github.dockerjava.zerodep.shaded.org.apache.hc.client5.http.impl.io.PoolingHttpClientConnectionManager - ep-00000007: releasing endpoint
04:03:27.408 [Test worker] DEBUG com.github.dockerjava.zerodep.shaded.org.apache.hc.client5.http.impl.io.PoolingHttpClientConnectionManager - ep-00000007: connection is not kept alive
04:03:27.408 [Test worker] DEBUG com.github.dockerjava.zerodep.shaded.org.apache.hc.client5.http.impl.io.PoolingHttpClientConnectionManager - ep-00000007: connection released [route: {}->npipe://localhost:2375][total available: 0; route allocated: 0 of 2147483647; total allocated: 0 of 2147483647]
04:03:27.408 [docker-java-stream-1049901360] DEBUG com.github.dockerjava.zerodep.shaded.org.apache.hc.client5.http.wire - http-outgoing-0 << "end of stream"
04:03:27.411 [Test worker] DEBUG com.github.dockerjava.zerodep.shaded.org.apache.hc.client5.http.wire - http-outgoing-0 << "[read] I/O error: java.nio.channels.ClosedChannelException"
04:03:27.412 [docker-java-stream-1049901360] DEBUG com.github.dockerjava.zerodep.shaded.org.apache.hc.client5.http.wire - http-outgoing-0 << "[read] I/O error: java.nio.channels.ClosedChannelException"
04:03:27.412 [docker-java-stream-1049901360] DEBUG com.github.dockerjava.zerodep.ApacheDockerHttpClientImpl$ApacheResponse - Failed to close the response
java.io.IOException: java.nio.channels.ClosedChannelException
	at java.base/java.nio.channels.Channels$2.read(Channels.java:240)
	at com.github.dockerjava.zerodep.shaded.org.apache.hc.client5.http.impl.io.LoggingInputStream.read(LoggingInputStream.java:81)
	at com.github.dockerjava.zerodep.shaded.org.apache.hc.core5.http.impl.io.SessionInputBufferImpl.fillBuffer(SessionInputBufferImpl.java:149)
	at com.github.dockerjava.zerodep.shaded.org.apache.hc.core5.http.impl.io.SessionInputBufferImpl.readLine(SessionInputBufferImpl.java:280)
	at com.github.dockerjava.zerodep.shaded.org.apache.hc.core5.http.impl.io.ChunkedInputStream.getChunkSize(ChunkedInputStream.java:261)
	at com.github.dockerjava.zerodep.shaded.org.apache.hc.core5.http.impl.io.ChunkedInputStream.nextChunk(ChunkedInputStream.java:222)
	at com.github.dockerjava.zerodep.shaded.org.apache.hc.core5.http.impl.io.ChunkedInputStream.read(ChunkedInputStream.java:147)
	at com.github.dockerjava.zerodep.shaded.org.apache.hc.core5.http.impl.io.ChunkedInputStream.close(ChunkedInputStream.java:314)
	at com.github.dockerjava.zerodep.shaded.org.apache.hc.core5.io.Closer.close(Closer.java:48)
	at com.github.dockerjava.zerodep.shaded.org.apache.hc.core5.http.impl.io.IncomingHttpEntity.close(IncomingHttpEntity.java:111)
	at com.github.dockerjava.zerodep.shaded.org.apache.hc.core5.http.io.entity.HttpEntityWrapper.close(HttpEntityWrapper.java:120)
	at com.github.dockerjava.zerodep.shaded.org.apache.hc.core5.io.Closer.close(Closer.java:48)
	at com.github.dockerjava.zerodep.shaded.org.apache.hc.core5.http.message.BasicClassicHttpResponse.close(BasicClassicHttpResponse.java:93)
	at com.github.dockerjava.zerodep.shaded.org.apache.hc.client5.http.impl.classic.CloseableHttpResponse.close(CloseableHttpResponse.java:200)
	at com.github.dockerjava.zerodep.ApacheDockerHttpClientImpl$ApacheResponse.close(ApacheDockerHttpClientImpl.java:256)
	at org.testcontainers.shaded.com.github.dockerjava.core.DefaultInvocationBuilder.lambda$executeAndStream$1(DefaultInvocationBuilder.java:277)
	at java.base/java.lang.Thread.run(Thread.java:833)
Caused by: java.nio.channels.ClosedChannelException: null
	at java.base/sun.nio.ch.WindowsAsynchronousFileChannelImpl.implRead(WindowsAsynchronousFileChannelImpl.java:516)
	at java.base/sun.nio.ch.AsynchronousFileChannelImpl.read(AsynchronousFileChannelImpl.java:229)
	at com.github.dockerjava.transport.NamedPipeSocket$AsynchronousFileByteChannel.read(NamedPipeSocket.java:117)
	at java.base/java.nio.channels.Channels$2.read(Channels.java:238)
	... 16 common frames omitted
04:03:27.412 [Test worker] DEBUG com.github.dockerjava.zerodep.ApacheDockerHttpClientImpl$ApacheResponse - Failed to close the response
java.io.IOException: java.nio.channels.ClosedChannelException
	at java.base/java.nio.channels.Channels$2.read(Channels.java:240)
	at com.github.dockerjava.zerodep.shaded.org.apache.hc.client5.http.impl.io.LoggingInputStream.read(LoggingInputStream.java:81)
	at com.github.dockerjava.zerodep.shaded.org.apache.hc.core5.http.impl.io.SessionInputBufferImpl.fillBuffer(SessionInputBufferImpl.java:149)
	at com.github.dockerjava.zerodep.shaded.org.apache.hc.core5.http.impl.io.SessionInputBufferImpl.readLine(SessionInputBufferImpl.java:280)
	at com.github.dockerjava.zerodep.shaded.org.apache.hc.core5.http.impl.io.ChunkedInputStream.getChunkSize(ChunkedInputStream.java:261)
	at com.github.dockerjava.zerodep.shaded.org.apache.hc.core5.http.impl.io.ChunkedInputStream.nextChunk(ChunkedInputStream.java:222)
	at com.github.dockerjava.zerodep.shaded.org.apache.hc.core5.http.impl.io.ChunkedInputStream.read(ChunkedInputStream.java:147)
	at com.github.dockerjava.zerodep.shaded.org.apache.hc.core5.http.impl.io.ChunkedInputStream.close(ChunkedInputStream.java:314)
	at com.github.dockerjava.zerodep.shaded.org.apache.hc.core5.io.Closer.close(Closer.java:48)
	at com.github.dockerjava.zerodep.shaded.org.apache.hc.core5.http.impl.io.IncomingHttpEntity.close(IncomingHttpEntity.java:111)
	at com.github.dockerjava.zerodep.shaded.org.apache.hc.core5.http.io.entity.HttpEntityWrapper.close(HttpEntityWrapper.java:120)
	at com.github.dockerjava.zerodep.shaded.org.apache.hc.core5.io.Closer.close(Closer.java:48)
	at com.github.dockerjava.zerodep.shaded.org.apache.hc.core5.http.message.BasicClassicHttpResponse.close(BasicClassicHttpResponse.java:93)
	at com.github.dockerjava.zerodep.shaded.org.apache.hc.client5.http.impl.classic.CloseableHttpResponse.close(CloseableHttpResponse.java:200)
	at com.github.dockerjava.zerodep.ApacheDockerHttpClientImpl$ApacheResponse.close(ApacheDockerHttpClientImpl.java:256)
	at org.testcontainers.shaded.com.github.dockerjava.core.DefaultInvocationBuilder.lambda$null$0(DefaultInvocationBuilder.java:272)
	at com.github.dockerjava.api.async.ResultCallbackTemplate.close(ResultCallbackTemplate.java:77)
	at org.testcontainers.containers.output.FrameConsumerResultCallback.close(FrameConsumerResultCallback.java:99)
	at org.testcontainers.containers.wait.strategy.LogMessageWaitStrategy.waitUntilReady(LogMessageWaitStrategy.java:49)
	at org.testcontainers.containers.wait.strategy.AbstractWaitStrategy.waitUntilReady(AbstractWaitStrategy.java:52)
	at org.testcontainers.containers.GenericContainer.waitUntilContainerStarted(GenericContainer.java:953)
	at org.testcontainers.containers.GenericContainer.tryStart(GenericContainer.java:485)
	at org.testcontainers.containers.GenericContainer.lambda$doStart$0(GenericContainer.java:344)
	at org.rnorth.ducttape.unreliables.Unreliables.retryUntilSuccess(Unreliables.java:81)
	at org.testcontainers.containers.GenericContainer.doStart(GenericContainer.java:334)
	at org.testcontainers.containers.GenericContainer.start(GenericContainer.java:322)
	at org.testcontainers.utility.RyukResourceReaper.maybeStart(RyukResourceReaper.java:78)
	at org.testcontainers.utility.RyukResourceReaper.init(RyukResourceReaper.java:42)
	at org.testcontainers.DockerClientFactory.client(DockerClientFactory.java:224)
	at org.testcontainers.DockerClientFactory$1.getDockerClient(DockerClientFactory.java:104)
	at com.github.dockerjava.api.DockerClientDelegate.authConfig(DockerClientDelegate.java:108)
	at org.testcontainers.containers.GenericContainer.start(GenericContainer.java:321)
	at org.testcontainers.junit.jupiter.TestcontainersExtension$StoreAdapter.start(TestcontainersExtension.java:242)
	at org.testcontainers.junit.jupiter.TestcontainersExtension$StoreAdapter.access$200(TestcontainersExtension.java:229)
	at org.testcontainers.junit.jupiter.TestcontainersExtension.lambda$null$1(TestcontainersExtension.java:56)
	at org.junit.jupiter.engine.execution.ExtensionValuesStore.lambda$getOrComputeIfAbsent$4(ExtensionValuesStore.java:86)
	at org.junit.jupiter.engine.execution.ExtensionValuesStore$MemoizingSupplier.computeValue(ExtensionValuesStore.java:223)
	at org.junit.jupiter.engine.execution.ExtensionValuesStore$MemoizingSupplier.get(ExtensionValuesStore.java:211)
	at org.junit.jupiter.engine.execution.ExtensionValuesStore$StoredValue.evaluate(ExtensionValuesStore.java:191)
	at org.junit.jupiter.engine.execution.ExtensionValuesStore$StoredValue.access$100(ExtensionValuesStore.java:171)
	at org.junit.jupiter.engine.execution.ExtensionValuesStore.getOrComputeIfAbsent(ExtensionValuesStore.java:89)
	at org.junit.jupiter.engine.execution.NamespaceAwareStore.getOrComputeIfAbsent(NamespaceAwareStore.java:53)
	at org.testcontainers.junit.jupiter.TestcontainersExtension.lambda$beforeAll$2(TestcontainersExtension.java:56)
	at java.base/java.util.ArrayList.forEach(ArrayList.java:1511)
	at org.testcontainers.junit.jupiter.TestcontainersExtension.beforeAll(TestcontainersExtension.java:55)
	at org.junit.jupiter.engine.descriptor.ClassBasedTestDescriptor.lambda$invokeBeforeAllCallbacks$12(ClassBasedTestDescriptor.java:395)
	at org.junit.platform.engine.support.hierarchical.ThrowableCollector.execute(ThrowableCollector.java:73)
	at org.junit.jupiter.engine.descriptor.ClassBasedTestDescriptor.invokeBeforeAllCallbacks(ClassBasedTestDescriptor.java:395)
	at org.junit.jupiter.engine.descriptor.ClassBasedTestDescriptor.before(ClassBasedTestDescriptor.java:211)
	at org.junit.jupiter.engine.descriptor.ClassBasedTestDescriptor.before(ClassBasedTestDescriptor.java:84)
	at org.junit.platform.engine.support.hierarchical.NodeTestTask.lambda$executeRecursively$6(NodeTestTask.java:148)
	at org.junit.platform.engine.support.hierarchical.ThrowableCollector.execute(ThrowableCollector.java:73)
	at org.junit.platform.engine.support.hierarchical.NodeTestTask.lambda$executeRecursively$8(NodeTestTask.java:141)
	at org.junit.platform.engine.support.hierarchical.Node.around(Node.java:137)
	at org.junit.platform.engine.support.hierarchical.NodeTestTask.lambda$executeRecursively$9(NodeTestTask.java:139)
	at org.junit.platform.engine.support.hierarchical.ThrowableCollector.execute(ThrowableCollector.java:73)
	at org.junit.platform.engine.support.hierarchical.NodeTestTask.executeRecursively(NodeTestTask.java:138)
	at org.junit.platform.engine.support.hierarchical.NodeTestTask.execute(NodeTestTask.java:95)
	at java.base/java.util.ArrayList.forEach(ArrayList.java:1511)
	at org.junit.platform.engine.support.hierarchical.SameThreadHierarchicalTestExecutorService.invokeAll(SameThreadHierarchicalTestExecutorService.java:41)
	at org.junit.platform.engine.support.hierarchical.NodeTestTask.lambda$executeRecursively$6(NodeTestTask.java:155)
	at org.junit.platform.engine.support.hierarchical.ThrowableCollector.execute(ThrowableCollector.java:73)
	at org.junit.platform.engine.support.hierarchical.NodeTestTask.lambda$executeRecursively$8(NodeTestTask.java:141)
	at org.junit.platform.engine.support.hierarchical.Node.around(Node.java:137)
	at org.junit.platform.engine.support.hierarchical.NodeTestTask.lambda$executeRecursively$9(NodeTestTask.java:139)
	at org.junit.platform.engine.support.hierarchical.ThrowableCollector.execute(ThrowableCollector.java:73)
	at org.junit.platform.engine.support.hierarchical.NodeTestTask.executeRecursively(NodeTestTask.java:138)
	at org.junit.platform.engine.support.hierarchical.NodeTestTask.execute(NodeTestTask.java:95)
	at org.junit.platform.engine.support.hierarchical.SameThreadHierarchicalTestExecutorService.submit(SameThreadHierarchicalTestExecutorService.java:35)
	at org.junit.platform.engine.support.hierarchical.HierarchicalTestExecutor.execute(HierarchicalTestExecutor.java:57)
	at org.junit.platform.engine.support.hierarchical.HierarchicalTestEngine.execute(HierarchicalTestEngine.java:54)
	at org.junit.platform.launcher.core.EngineExecutionOrchestrator.execute(EngineExecutionOrchestrator.java:108)
	at org.junit.platform.launcher.core.EngineExecutionOrchestrator.execute(EngineExecutionOrchestrator.java:88)
	at org.junit.platform.launcher.core.EngineExecutionOrchestrator.lambda$execute$0(EngineExecutionOrchestrator.java:54)
	at org.junit.platform.launcher.core.EngineExecutionOrchestrator.withInterceptedStreams(EngineExecutionOrchestrator.java:67)
	at org.junit.platform.launcher.core.EngineExecutionOrchestrator.execute(EngineExecutionOrchestrator.java:52)
	at org.junit.platform.launcher.core.DefaultLauncher.execute(DefaultLauncher.java:96)
	at org.junit.platform.launcher.core.DefaultLauncher.execute(DefaultLauncher.java:75)
	at org.gradle.api.internal.tasks.testing.junitplatform.JUnitPlatformTestClassProcessor$CollectAllTestClassesExecutor.processAllTestClasses(JUnitPlatformTestClassProcessor.java:99)
	at org.gradle.api.internal.tasks.testing.junitplatform.JUnitPlatformTestClassProcessor$CollectAllTestClassesExecutor.access$000(JUnitPlatformTestClassProcessor.java:79)
	at org.gradle.api.internal.tasks.testing.junitplatform.JUnitPlatformTestClassProcessor.stop(JUnitPlatformTestClassProcessor.java:75)
	at org.gradle.api.internal.tasks.testing.SuiteTestClassProcessor.stop(SuiteTestClassProcessor.java:61)
	at java.base/jdk.internal.reflect.NativeMethodAccessorImpl.invoke0(Native Method)
	at java.base/jdk.internal.reflect.NativeMethodAccessorImpl.invoke(NativeMethodAccessorImpl.java:77)
	at java.base/jdk.internal.reflect.DelegatingMethodAccessorImpl.invoke(DelegatingMethodAccessorImpl.java:43)
	at java.base/java.lang.reflect.Method.invoke(Method.java:568)
	at org.gradle.internal.dispatch.ReflectionDispatch.dispatch(ReflectionDispatch.java:36)
	at org.gradle.internal.dispatch.ReflectionDispatch.dispatch(ReflectionDispatch.java:24)
	at org.gradle.internal.dispatch.ContextClassLoaderDispatch.dispatch(ContextClassLoaderDispatch.java:33)
	at org.gradle.internal.dispatch.ProxyDispatchAdapter$DispatchingInvocationHandler.invoke(ProxyDispatchAdapter.java:94)
	at jdk.proxy1/jdk.proxy1.$Proxy2.stop(Unknown Source)
	at org.gradle.api.internal.tasks.testing.worker.TestWorker$3.run(TestWorker.java:193)
	at org.gradle.api.internal.tasks.testing.worker.TestWorker.executeAndMaintainThreadName(TestWorker.java:129)
	at org.gradle.api.internal.tasks.testing.worker.TestWorker.execute(TestWorker.java:100)
	at org.gradle.api.internal.tasks.testing.worker.TestWorker.execute(TestWorker.java:60)
	at org.gradle.process.internal.worker.child.ActionExecutionWorker.execute(ActionExecutionWorker.java:56)
	at org.gradle.process.internal.worker.child.SystemApplicationClassLoaderWorker.call(SystemApplicationClassLoaderWorker.java:133)
	at org.gradle.process.internal.worker.child.SystemApplicationClassLoaderWorker.call(SystemApplicationClassLoaderWorker.java:71)
	at worker.org.gradle.process.internal.worker.GradleWorkerMain.run(GradleWorkerMain.java:69)
	at worker.org.gradle.process.internal.worker.GradleWorkerMain.main(GradleWorkerMain.java:74)
Caused by: java.nio.channels.ClosedChannelException: null
	at java.base/sun.nio.ch.WindowsAsynchronousFileChannelImpl.implRead(WindowsAsynchronousFileChannelImpl.java:516)
	at java.base/sun.nio.ch.AsynchronousFileChannelImpl.read(AsynchronousFileChannelImpl.java:229)
	at com.github.dockerjava.transport.NamedPipeSocket$AsynchronousFileByteChannel.read(NamedPipeSocket.java:117)
	at java.base/java.nio.channels.Channels$2.read(Channels.java:238)
	... 99 common frames omitted
04:03:27.418 [Test worker] INFO docker[testcontainers/ryuk:0.3.4] - Container testcontainers/ryuk:0.3.4 started in PT2.429904S
04:03:27.445 [testcontainers-ryuk] DEBUG org.testcontainers.utility.ResourceReaper - Sending 'label=org.testcontainers%3Dtrue&label=org.testcontainers.lang%3Djava&label=org.testcontainers.version%3D1.17.6&label=org.testcontainers.sessionId%3Ded23b396-e83d-44ca-9296-5871eeaad6a6' to Ryuk
04:03:27.470 [testcontainers-ryuk] DEBUG org.testcontainers.utility.RyukResourceReaper - Received 'ACK' from Ryuk
04:03:27.471 [Test worker] INFO org.testcontainers.utility.RyukResourceReaper - Ryuk started - will monitor and terminate Testcontainers containers on JVM exit
04:03:27.471 [Test worker] DEBUG org.testcontainers.DockerClientFactory - Checks are enabled
04:03:27.471 [Test worker] INFO org.testcontainers.DockerClientFactory - Checking the system...
04:03:27.471 [Test worker] INFO org.testcontainers.DockerClientFactory - ?? Docker server version should be at least 1.6.0
04:03:27.472 [Test worker] DEBUG org.testcontainers.utility.PrefixingImageNameSubstitutor - No prefix is configured
04:03:27.472 [Test worker] DEBUG org.testcontainers.utility.ImageNameSubstitutor - Did not find a substitute image for rabbitmq:3-management-alpine (using image substitutor: DefaultImageNameSubstitutor (composite of 'ConfigurationFileImageNameSubstitutor' and 'PrefixingImageNameSubstitutor'))
04:03:27.472 [Test worker] DEBUG org.testcontainers.images.AbstractImagePullPolicy - Using locally available and not pulling image: rabbitmq:3-management-alpine
04:03:27.472 [Test worker] DEBUG docker[rabbitmq:3-management-alpine] - Starting container: rabbitmq:3-management-alpine
04:03:27.472 [Test worker] DEBUG docker[rabbitmq:3-management-alpine] - Trying to start container: rabbitmq:3-management-alpine (attempt 1/1)
04:03:27.472 [Test worker] DEBUG docker[rabbitmq:3-management-alpine] - Starting container: rabbitmq:3-management-alpine
04:03:27.472 [Test worker] INFO docker[rabbitmq:3-management-alpine] - Creating container for image: rabbitmq:3-management-alpine
04:03:27.472 [Test worker] DEBUG org.testcontainers.utility.RegistryAuthLocator - Looking up auth config for image: rabbitmq:3-management-alpine at registry: https://index.docker.io/v1/
04:03:27.472 [Test worker] DEBUG org.testcontainers.utility.RegistryAuthLocator - No matching Auth Configs - falling back to defaultAuthConfig [null]
04:03:27.472 [Test worker] DEBUG org.testcontainers.dockerclient.AuthDelegatingDockerClientConfig - Effective auth config [null]
04:03:27.473 [Test worker] DEBUG org.testcontainers.shaded.com.github.dockerjava.core.command.AbstrDockerCmd - Cmd: org.testcontainers.shaded.com.github.dockerjava.core.command.CreateContainerCmdImpl@1e86a5a7[aliases=<null>,argsEscaped=<null>,attachStderr=<null>,attachStdin=<null>,attachStdout=<null>,authConfig=<null>,cmd={},domainName=<null>,entrypoint=<null>,env={RABBITMQ_DEFAULT_PASS=guest},exposedPorts=ExposedPorts(exposedPorts=[15672/tcp, 5671/tcp, 5672/tcp, 15671/tcp]),healthcheck=<null>,hostConfig=HostConfig(binds=[], blkioWeight=null, blkioWeightDevice=null, blkioDeviceReadBps=null, blkioDeviceWriteBps=null, blkioDeviceReadIOps=null, blkioDeviceWriteIOps=null, memorySwappiness=null, nanoCPUs=null, capAdd=null, capDrop=null, containerIDFile=null, cpuPeriod=null, cpuRealtimePeriod=null, cpuRealtimeRuntime=null, cpuShares=null, cpuQuota=null, cpusetCpus=null, cpusetMems=null, devices=null, deviceCgroupRules=null, deviceRequests=null, diskQuota=null, dns=null, dnsOptions=null, dnsSearch=null, extraHosts=[], groupAdd=null, ipcMode=null, cgroup=null, links=[], logConfig=LogConfig(type=null, config=null), lxcConf=null, memory=null, memorySwap=null, memoryReservation=null, kernelMemory=null, networkMode=null, oomKillDisable=null, init=null, autoRemove=null, oomScoreAdj=null, portBindings={15672/tcp=[Lcom.github.dockerjava.api.model.Ports$Binding;@23a5818e, 5671/tcp=[Lcom.github.dockerjava.api.model.Ports$Binding;@4715ae33, 5672/tcp=[Lcom.github.dockerjava.api.model.Ports$Binding;@9fc9f91, 15671/tcp=[Lcom.github.dockerjava.api.model.Ports$Binding;@1fac1d5c}, privileged=null, publishAllPorts=null, readonlyRootfs=null, restartPolicy=null, ulimits=null, cpuCount=null, cpuPercent=null, ioMaximumIOps=null, ioMaximumBandwidth=null, volumesFrom=[], mounts=null, pidMode=null, isolation=null, securityOpts=null, storageOpt=null, cgroupParent=null, volumeDriver=null, shmSize=null, pidsLimit=null, runtime=null, tmpFs=null, utSMode=null, usernsMode=null, sysctls=null, consoleSize=null, cgroupnsMode=null),hostName=<null>,image=rabbitmq:3-management-alpine,ipv4Address=<null>,ipv6Address=<null>,labels={org.testcontainers=true, org.testcontainers.lang=java, org.testcontainers.version=1.17.6, org.testcontainers.sessionId=ed23b396-e83d-44ca-9296-5871eeaad6a6},macAddress=<null>,name=<null>,networkDisabled=<null>,networkingConfig=<null>,onBuild=<null>,platform=<null>,portSpecs=<null>,shell=<null>,stdInOnce=<null>,stdinOpen=<null>,stopSignal=<null>,stopTimeout=<null>,tty=<null>,user=<null>,volumes=Volumes(volumes=[]),workingDir=<null>]
04:03:27.476 [Test worker] DEBUG com.github.dockerjava.zerodep.shaded.org.apache.hc.client5.http.impl.classic.InternalHttpClient - ex-00000009: preparing request execution
04:03:27.476 [Test worker] DEBUG com.github.dockerjava.zerodep.shaded.org.apache.hc.client5.http.protocol.RequestAddCookies - Cookie spec selected: strict
04:03:27.476 [Test worker] DEBUG com.github.dockerjava.zerodep.shaded.org.apache.hc.client5.http.protocol.RequestAuthCache - Auth cache not set in the context
04:03:27.476 [Test worker] DEBUG com.github.dockerjava.zerodep.shaded.org.apache.hc.client5.http.impl.classic.ProtocolExec - ex-00000009: target auth state: UNCHALLENGED
04:03:27.476 [Test worker] DEBUG com.github.dockerjava.zerodep.shaded.org.apache.hc.client5.http.impl.classic.ProtocolExec - ex-00000009: proxy auth state: UNCHALLENGED
04:03:27.476 [Test worker] DEBUG com.github.dockerjava.zerodep.shaded.org.apache.hc.client5.http.impl.classic.ConnectExec - ex-00000009: acquiring connection with route {}->npipe://localhost:2375
04:03:27.476 [Test worker] DEBUG com.github.dockerjava.zerodep.shaded.org.apache.hc.client5.http.impl.classic.InternalHttpClient - ex-00000009: acquiring endpoint (3 MINUTES)
04:03:27.476 [Test worker] DEBUG com.github.dockerjava.zerodep.shaded.org.apache.hc.client5.http.impl.io.PoolingHttpClientConnectionManager - ex-00000009: endpoint lease request (3 MINUTES) [route: {}->npipe://localhost:2375][total available: 0; route allocated: 0 of 2147483647; total allocated: 0 of 2147483647]
04:03:27.476 [Test worker] DEBUG com.github.dockerjava.zerodep.shaded.org.apache.hc.client5.http.impl.io.PoolingHttpClientConnectionManager - ex-00000009: endpoint leased [route: {}->npipe://localhost:2375][total available: 0; route allocated: 1 of 2147483647; total allocated: 1 of 2147483647]
04:03:27.477 [Test worker] DEBUG com.github.dockerjava.zerodep.shaded.org.apache.hc.client5.http.impl.io.PoolingHttpClientConnectionManager - ex-00000009: acquired ep-00000008
04:03:27.477 [Test worker] DEBUG com.github.dockerjava.zerodep.shaded.org.apache.hc.client5.http.impl.classic.InternalHttpClient - ex-00000009: acquired endpoint ep-00000008
04:03:27.477 [Test worker] DEBUG com.github.dockerjava.zerodep.shaded.org.apache.hc.client5.http.impl.classic.ConnectExec - ex-00000009: opening connection {}->npipe://localhost:2375
04:03:27.477 [Test worker] DEBUG com.github.dockerjava.zerodep.shaded.org.apache.hc.client5.http.impl.classic.InternalHttpClient - ep-00000008: connecting endpoint (3 MINUTES)
04:03:27.477 [Test worker] DEBUG com.github.dockerjava.zerodep.shaded.org.apache.hc.client5.http.impl.io.PoolingHttpClientConnectionManager - ep-00000008: connecting endpoint to npipe://localhost:2375 (3 MINUTES)
04:03:27.477 [Test worker] DEBUG com.github.dockerjava.zerodep.shaded.org.apache.hc.client5.http.impl.io.DefaultHttpClientConnectionOperator - http-outgoing-1: connecting to localhost/127.0.0.1:2375
04:03:27.478 [Test worker] DEBUG com.github.dockerjava.zerodep.shaded.org.apache.hc.client5.http.impl.io.DefaultHttpClientConnectionOperator - http-outgoing-1: connection established 
04:03:27.479 [Test worker] DEBUG com.github.dockerjava.zerodep.shaded.org.apache.hc.client5.http.impl.io.PoolingHttpClientConnectionManager - ep-00000008: connected http-outgoing-1
04:03:27.479 [Test worker] DEBUG com.github.dockerjava.zerodep.shaded.org.apache.hc.client5.http.impl.classic.InternalHttpClient - ep-00000008: endpoint connected
04:03:27.479 [Test worker] DEBUG com.github.dockerjava.zerodep.shaded.org.apache.hc.client5.http.impl.classic.MainClientExec - ex-00000009: executing POST /v1.32/containers/create HTTP/1.1
04:03:27.479 [Test worker] DEBUG com.github.dockerjava.zerodep.shaded.org.apache.hc.client5.http.impl.classic.InternalHttpClient - ep-00000008: start execution ex-00000009
04:03:27.479 [Test worker] DEBUG com.github.dockerjava.zerodep.shaded.org.apache.hc.client5.http.impl.io.PoolingHttpClientConnectionManager - ep-00000008: executing exchange ex-00000009 over http-outgoing-1
04:03:27.479 [Test worker] DEBUG com.github.dockerjava.zerodep.shaded.org.apache.hc.client5.http.headers - http-outgoing-1 >> POST /v1.32/containers/create HTTP/1.1
04:03:27.479 [Test worker] DEBUG com.github.dockerjava.zerodep.shaded.org.apache.hc.client5.http.headers - http-outgoing-1 >> accept: application/json
04:03:27.479 [Test worker] DEBUG com.github.dockerjava.zerodep.shaded.org.apache.hc.client5.http.headers - http-outgoing-1 >> content-type: application/json
04:03:27.479 [Test worker] DEBUG com.github.dockerjava.zerodep.shaded.org.apache.hc.client5.http.headers - http-outgoing-1 >> x-tc-sid: ed23b396-e83d-44ca-9296-5871eeaad6a6
04:03:27.479 [Test worker] DEBUG com.github.dockerjava.zerodep.shaded.org.apache.hc.client5.http.headers - http-outgoing-1 >> Accept-Encoding: gzip, x-gzip, deflate
04:03:27.479 [Test worker] DEBUG com.github.dockerjava.zerodep.shaded.org.apache.hc.client5.http.headers - http-outgoing-1 >> Content-Length: 2179
04:03:27.479 [Test worker] DEBUG com.github.dockerjava.zerodep.shaded.org.apache.hc.client5.http.headers - http-outgoing-1 >> Host: localhost:2375
04:03:27.479 [Test worker] DEBUG com.github.dockerjava.zerodep.shaded.org.apache.hc.client5.http.headers - http-outgoing-1 >> Connection: keep-alive
04:03:27.479 [Test worker] DEBUG com.github.dockerjava.zerodep.shaded.org.apache.hc.client5.http.headers - http-outgoing-1 >> User-Agent: Apache-HttpClient/5.0.3 (Java/17.0.4)
04:03:27.479 [Test worker] DEBUG com.github.dockerjava.zerodep.shaded.org.apache.hc.client5.http.wire - http-outgoing-1 >> "POST /v1.32/containers/create HTTP/1.1[\r][\n]"
04:03:27.479 [Test worker] DEBUG com.github.dockerjava.zerodep.shaded.org.apache.hc.client5.http.wire - http-outgoing-1 >> "accept: application/json[\r][\n]"
04:03:27.479 [Test worker] DEBUG com.github.dockerjava.zerodep.shaded.org.apache.hc.client5.http.wire - http-outgoing-1 >> "content-type: application/json[\r][\n]"
04:03:27.479 [Test worker] DEBUG com.github.dockerjava.zerodep.shaded.org.apache.hc.client5.http.wire - http-outgoing-1 >> "x-tc-sid: ed23b396-e83d-44ca-9296-5871eeaad6a6[\r][\n]"
04:03:27.479 [Test worker] DEBUG com.github.dockerjava.zerodep.shaded.org.apache.hc.client5.http.wire - http-outgoing-1 >> "Accept-Encoding: gzip, x-gzip, deflate[\r][\n]"
04:03:27.479 [Test worker] DEBUG com.github.dockerjava.zerodep.shaded.org.apache.hc.client5.http.wire - http-outgoing-1 >> "Content-Length: 2179[\r][\n]"
04:03:27.479 [Test worker] DEBUG com.github.dockerjava.zerodep.shaded.org.apache.hc.client5.http.wire - http-outgoing-1 >> "Host: localhost:2375[\r][\n]"
04:03:27.479 [Test worker] DEBUG com.github.dockerjava.zerodep.shaded.org.apache.hc.client5.http.wire - http-outgoing-1 >> "Connection: keep-alive[\r][\n]"
04:03:27.479 [Test worker] DEBUG com.github.dockerjava.zerodep.shaded.org.apache.hc.client5.http.wire - http-outgoing-1 >> "User-Agent: Apache-HttpClient/5.0.3 (Java/17.0.4)[\r][\n]"
04:03:27.479 [Test worker] DEBUG com.github.dockerjava.zerodep.shaded.org.apache.hc.client5.http.wire - http-outgoing-1 >> "[\r][\n]"
04:03:27.479 [Test worker] DEBUG com.github.dockerjava.zerodep.shaded.org.apache.hc.client5.http.wire - http-outgoing-1 >> "{"Hostname":null,"Domainname":null,"User":null,"AttachStdin":null,"AttachStdout":null,"AttachStderr":null,"PortSpecs":null,"Tty":null,"OpenStdin":null,"StdinOnce":null,"Env":["RABBITMQ_DEFAULT_PASS=guest"],"Cmd":[],"Healthcheck":null,"ArgsEscaped":null,"Entrypoint":null,"Image":"rabbitmq:3-management-alpine","Volumes":{},"WorkingDir":null,"MacAddress":null,"OnBuild":null,"NetworkDisabled":null,"ExposedPorts":{"15671/tcp":{},"15672/tcp":{},"5672/tcp":{},"5671/tcp":{}},"StopSignal":null,"StopTimeout":null,"HostConfig":{"Binds":[],"BlkioWeight":null,"BlkioWeightDevice":null,"BlkioDeviceReadBps":null,"BlkioDeviceWriteBps":null,"BlkioDeviceReadIOps":null,"BlkioDeviceWriteIOps":null,"MemorySwappiness":null,"NanoCpus":null,"CapAdd":null,"CapDrop":null,"ContainerIDFile":null,"CpuPeriod":null,"CpuRealtimePeriod":null,"CpuRealtimeRuntime":null,"CpuShares":null,"CpuQuota":null,"CpusetCpus":null,"CpusetMems":null,"Devices":null,"DeviceCgroupRules":null,"DeviceRequests":null,"DiskQuota":null,"Dns":null,"DnsOptions":null,"DnsSearch":null,"ExtraHosts":[],"GroupAdd":null,"IpcMode":null,"Cgroup":null,"Links":[],"LogConfig":null,"LxcConf":null,"Memory":null,"MemorySwap":null,"MemoryReservation":null,"KernelMemory":null,"NetworkMode":null,"OomKillDisable":null,"Init":null,"AutoRemove":null,"OomScoreAdj":null,"PortBindings":{"15671/tcp":[{"HostIp":"","HostPort":""}],"15672/tcp":[{"HostIp":"","HostPort":""}],"5671/tcp":[{"HostIp":"","HostPort":""}],"5672/tcp":[{"HostIp":"","HostPort":""}]},"Privileged":null,"PublishAllPorts":null,"ReadonlyRootfs":null,"RestartPolicy":null,"Ulimits":null,"CpuCount":null,"CpuPercent":null,"IOMaximumIOps":null,"IOMaximumBandwidth":null,"VolumesFrom":[],"Mounts":null,"PidMode":null,"Isolation":null,"SecurityOpt":null,"StorageOpt":null,"CgroupParent":null,"VolumeDriver":null,"ShmSize":null,"PidsLimit":null,"Runtime":null,"Tmpfs":null,"UTSMode":null,"UsernsMode":null,"Sysctls":null,"ConsoleSize":null,"CgroupnsMode":null},"Labels":{"org.testcontainers":"true","org.testcontainers.lang":"java","org.testcontainers.version":"1.17.6","org.testcontainers.sessionId":"ed23b396-e83d-44ca-9296-5871eeaad6a6"},"Shell":null,"NetworkingConfig":null}"
04:03:27.604 [Test worker] DEBUG com.github.dockerjava.zerodep.shaded.org.apache.hc.client5.http.wire - http-outgoing-1 << "HTTP/1.1 201 Created[\r][\n]"
04:03:27.604 [Test worker] DEBUG com.github.dockerjava.zerodep.shaded.org.apache.hc.client5.http.wire - http-outgoing-1 << "Api-Version: 1.41[\r][\n]"
04:03:27.604 [Test worker] DEBUG com.github.dockerjava.zerodep.shaded.org.apache.hc.client5.http.wire - http-outgoing-1 << "Content-Type: application/json[\r][\n]"
04:03:27.604 [Test worker] DEBUG com.github.dockerjava.zerodep.shaded.org.apache.hc.client5.http.wire - http-outgoing-1 << "Date: Fri, 24 Feb 2023 12:03:27 GMT[\r][\n]"
04:03:27.604 [Test worker] DEBUG com.github.dockerjava.zerodep.shaded.org.apache.hc.client5.http.wire - http-outgoing-1 << "Docker-Experimental: false[\r][\n]"
04:03:27.604 [Test worker] DEBUG com.github.dockerjava.zerodep.shaded.org.apache.hc.client5.http.wire - http-outgoing-1 << "Ostype: linux[\r][\n]"
04:03:27.604 [Test worker] DEBUG com.github.dockerjava.zerodep.shaded.org.apache.hc.client5.http.wire - http-outgoing-1 << "Server: Docker/20.10.21 (linux)[\r][\n]"
04:03:27.604 [Test worker] DEBUG com.github.dockerjava.zerodep.shaded.org.apache.hc.client5.http.wire - http-outgoing-1 << "Transfer-Encoding: chunked[\r][\n]"
04:03:27.604 [Test worker] DEBUG com.github.dockerjava.zerodep.shaded.org.apache.hc.client5.http.wire - http-outgoing-1 << "[\r][\n]"
04:03:27.604 [Test worker] DEBUG com.github.dockerjava.zerodep.shaded.org.apache.hc.client5.http.headers - http-outgoing-1 << HTTP/1.1 201 Created
04:03:27.604 [Test worker] DEBUG com.github.dockerjava.zerodep.shaded.org.apache.hc.client5.http.headers - http-outgoing-1 << Api-Version: 1.41
04:03:27.604 [Test worker] DEBUG com.github.dockerjava.zerodep.shaded.org.apache.hc.client5.http.headers - http-outgoing-1 << Content-Type: application/json
04:03:27.604 [Test worker] DEBUG com.github.dockerjava.zerodep.shaded.org.apache.hc.client5.http.headers - http-outgoing-1 << Date: Fri, 24 Feb 2023 12:03:27 GMT
04:03:27.604 [Test worker] DEBUG com.github.dockerjava.zerodep.shaded.org.apache.hc.client5.http.headers - http-outgoing-1 << Docker-Experimental: false
04:03:27.604 [Test worker] DEBUG com.github.dockerjava.zerodep.shaded.org.apache.hc.client5.http.headers - http-outgoing-1 << Ostype: linux
04:03:27.604 [Test worker] DEBUG com.github.dockerjava.zerodep.shaded.org.apache.hc.client5.http.headers - http-outgoing-1 << Server: Docker/20.10.21 (linux)
04:03:27.604 [Test worker] DEBUG com.github.dockerjava.zerodep.shaded.org.apache.hc.client5.http.headers - http-outgoing-1 << Transfer-Encoding: chunked
04:03:27.604 [Test worker] DEBUG com.github.dockerjava.zerodep.shaded.org.apache.hc.client5.http.impl.classic.MainClientExec - ex-00000009: connection can be kept alive for 3 MINUTES
04:03:27.605 [Test worker] DEBUG com.github.dockerjava.zerodep.shaded.org.apache.hc.client5.http.wire - http-outgoing-1 << "58[\r][\n]"
04:03:27.605 [Test worker] DEBUG com.github.dockerjava.zerodep.shaded.org.apache.hc.client5.http.wire - http-outgoing-1 << "{"Id":"8fa742c535a52fa4fbfce9f7e9a5b30cec06e81e1b0d9b59fde8dac85ed4fae9","Warnings":[]}[\n]"
04:03:27.605 [Test worker] DEBUG com.github.dockerjava.zerodep.shaded.org.apache.hc.client5.http.wire - http-outgoing-1 << "[\r][\n]"
04:03:27.605 [Test worker] DEBUG com.github.dockerjava.zerodep.shaded.org.apache.hc.client5.http.wire - http-outgoing-1 << "0[\r][\n]"
04:03:27.605 [Test worker] DEBUG com.github.dockerjava.zerodep.shaded.org.apache.hc.client5.http.wire - http-outgoing-1 << "[\r][\n]"
04:03:27.605 [Test worker] DEBUG com.github.dockerjava.zerodep.shaded.org.apache.hc.client5.http.impl.classic.InternalHttpClient - ep-00000008: releasing valid endpoint
04:03:27.605 [Test worker] DEBUG com.github.dockerjava.zerodep.shaded.org.apache.hc.client5.http.impl.io.PoolingHttpClientConnectionManager - ep-00000008: releasing endpoint
04:03:27.605 [Test worker] DEBUG com.github.dockerjava.zerodep.shaded.org.apache.hc.client5.http.impl.io.PoolingHttpClientConnectionManager - ep-00000008: connection http-outgoing-1 can be kept alive for 3 MINUTES
04:03:27.605 [Test worker] DEBUG com.github.dockerjava.zerodep.shaded.org.apache.hc.client5.http.impl.io.PoolingHttpClientConnectionManager - ep-00000008: connection released [route: {}->npipe://localhost:2375][total available: 1; route allocated: 1 of 2147483647; total allocated: 1 of 2147483647]
04:03:27.605 [Test worker] INFO docker[rabbitmq:3-management-alpine] - Container rabbitmq:3-management-alpine is starting: 8fa742c535a52fa4fbfce9f7e9a5b30cec06e81e1b0d9b59fde8dac85ed4fae9
04:03:27.605 [Test worker] DEBUG org.testcontainers.shaded.com.github.dockerjava.core.command.AbstrDockerCmd - Cmd: 8fa742c535a52fa4fbfce9f7e9a5b30cec06e81e1b0d9b59fde8dac85ed4fae9
04:03:27.606 [Test worker] DEBUG com.github.dockerjava.zerodep.shaded.org.apache.hc.client5.http.impl.classic.InternalHttpClient - ex-0000000A: preparing request execution
04:03:27.606 [Test worker] DEBUG com.github.dockerjava.zerodep.shaded.org.apache.hc.client5.http.protocol.RequestAddCookies - Cookie spec selected: strict
04:03:27.606 [Test worker] DEBUG com.github.dockerjava.zerodep.shaded.org.apache.hc.client5.http.protocol.RequestAuthCache - Auth cache not set in the context
04:03:27.606 [Test worker] DEBUG com.github.dockerjava.zerodep.shaded.org.apache.hc.client5.http.impl.classic.ProtocolExec - ex-0000000A: target auth state: UNCHALLENGED
04:03:27.606 [Test worker] DEBUG com.github.dockerjava.zerodep.shaded.org.apache.hc.client5.http.impl.classic.ProtocolExec - ex-0000000A: proxy auth state: UNCHALLENGED
04:03:27.606 [Test worker] DEBUG com.github.dockerjava.zerodep.shaded.org.apache.hc.client5.http.impl.classic.ConnectExec - ex-0000000A: acquiring connection with route {}->npipe://localhost:2375
04:03:27.606 [Test worker] DEBUG com.github.dockerjava.zerodep.shaded.org.apache.hc.client5.http.impl.classic.InternalHttpClient - ex-0000000A: acquiring endpoint (3 MINUTES)
04:03:27.606 [Test worker] DEBUG com.github.dockerjava.zerodep.shaded.org.apache.hc.client5.http.impl.io.PoolingHttpClientConnectionManager - ex-0000000A: endpoint lease request (3 MINUTES) [route: {}->npipe://localhost:2375][total available: 1; route allocated: 1 of 2147483647; total allocated: 1 of 2147483647]
04:03:27.606 [Test worker] DEBUG com.github.dockerjava.zerodep.shaded.org.apache.hc.client5.http.impl.io.PoolingHttpClientConnectionManager - ex-0000000A: endpoint leased [route: {}->npipe://localhost:2375][total available: 0; route allocated: 1 of 2147483647; total allocated: 1 of 2147483647]
04:03:27.607 [Test worker] DEBUG com.github.dockerjava.zerodep.shaded.org.apache.hc.client5.http.impl.io.PoolingHttpClientConnectionManager - ex-0000000A: acquired ep-00000009
04:03:27.607 [Test worker] DEBUG com.github.dockerjava.zerodep.shaded.org.apache.hc.client5.http.impl.classic.InternalHttpClient - ex-0000000A: acquired endpoint ep-00000009
04:03:27.607 [Test worker] DEBUG com.github.dockerjava.zerodep.shaded.org.apache.hc.client5.http.impl.classic.MainClientExec - ex-0000000A: executing POST /v1.32/containers/8fa742c535a52fa4fbfce9f7e9a5b30cec06e81e1b0d9b59fde8dac85ed4fae9/start HTTP/1.1
04:03:27.607 [Test worker] DEBUG com.github.dockerjava.zerodep.shaded.org.apache.hc.client5.http.impl.classic.InternalHttpClient - ep-00000009: start execution ex-0000000A
04:03:27.607 [Test worker] DEBUG com.github.dockerjava.zerodep.shaded.org.apache.hc.client5.http.impl.io.PoolingHttpClientConnectionManager - ep-00000009: executing exchange ex-0000000A over http-outgoing-1
04:03:27.607 [Test worker] DEBUG com.github.dockerjava.zerodep.shaded.org.apache.hc.client5.http.headers - http-outgoing-1 >> POST /v1.32/containers/8fa742c535a52fa4fbfce9f7e9a5b30cec06e81e1b0d9b59fde8dac85ed4fae9/start HTTP/1.1
04:03:27.607 [Test worker] DEBUG com.github.dockerjava.zerodep.shaded.org.apache.hc.client5.http.headers - http-outgoing-1 >> accept: application/json
04:03:27.607 [Test worker] DEBUG com.github.dockerjava.zerodep.shaded.org.apache.hc.client5.http.headers - http-outgoing-1 >> content-type: application/json
04:03:27.607 [Test worker] DEBUG com.github.dockerjava.zerodep.shaded.org.apache.hc.client5.http.headers - http-outgoing-1 >> x-tc-sid: ed23b396-e83d-44ca-9296-5871eeaad6a6
04:03:27.607 [Test worker] DEBUG com.github.dockerjava.zerodep.shaded.org.apache.hc.client5.http.headers - http-outgoing-1 >> Accept-Encoding: gzip, x-gzip, deflate
04:03:27.607 [Test worker] DEBUG com.github.dockerjava.zerodep.shaded.org.apache.hc.client5.http.headers - http-outgoing-1 >> Host: localhost:2375
04:03:27.607 [Test worker] DEBUG com.github.dockerjava.zerodep.shaded.org.apache.hc.client5.http.headers - http-outgoing-1 >> Connection: keep-alive
04:03:27.607 [Test worker] DEBUG com.github.dockerjava.zerodep.shaded.org.apache.hc.client5.http.headers - http-outgoing-1 >> User-Agent: Apache-HttpClient/5.0.3 (Java/17.0.4)
04:03:27.607 [Test worker] DEBUG com.github.dockerjava.zerodep.shaded.org.apache.hc.client5.http.wire - http-outgoing-1 >> "POST /v1.32/containers/8fa742c535a52fa4fbfce9f7e9a5b30cec06e81e1b0d9b59fde8dac85ed4fae9/start HTTP/1.1[\r][\n]"
04:03:27.607 [Test worker] DEBUG com.github.dockerjava.zerodep.shaded.org.apache.hc.client5.http.wire - http-outgoing-1 >> "accept: application/json[\r][\n]"
04:03:27.607 [Test worker] DEBUG com.github.dockerjava.zerodep.shaded.org.apache.hc.client5.http.wire - http-outgoing-1 >> "content-type: application/json[\r][\n]"
04:03:27.607 [Test worker] DEBUG com.github.dockerjava.zerodep.shaded.org.apache.hc.client5.http.wire - http-outgoing-1 >> "x-tc-sid: ed23b396-e83d-44ca-9296-5871eeaad6a6[\r][\n]"
04:03:27.607 [Test worker] DEBUG com.github.dockerjava.zerodep.shaded.org.apache.hc.client5.http.wire - http-outgoing-1 >> "Accept-Encoding: gzip, x-gzip, deflate[\r][\n]"
04:03:27.607 [Test worker] DEBUG com.github.dockerjava.zerodep.shaded.org.apache.hc.client5.http.wire - http-outgoing-1 >> "Host: localhost:2375[\r][\n]"
04:03:27.607 [Test worker] DEBUG com.github.dockerjava.zerodep.shaded.org.apache.hc.client5.http.wire - http-outgoing-1 >> "Connection: keep-alive[\r][\n]"
04:03:27.607 [Test worker] DEBUG com.github.dockerjava.zerodep.shaded.org.apache.hc.client5.http.wire - http-outgoing-1 >> "User-Agent: Apache-HttpClient/5.0.3 (Java/17.0.4)[\r][\n]"
04:03:27.607 [Test worker] DEBUG com.github.dockerjava.zerodep.shaded.org.apache.hc.client5.http.wire - http-outgoing-1 >> "[\r][\n]"
04:03:28.288 [Test worker] DEBUG com.github.dockerjava.zerodep.shaded.org.apache.hc.client5.http.wire - http-outgoing-1 << "HTTP/1.1 204 No Content[\r][\n]"
04:03:28.288 [Test worker] DEBUG com.github.dockerjava.zerodep.shaded.org.apache.hc.client5.http.wire - http-outgoing-1 << "Api-Version: 1.41[\r][\n]"
04:03:28.288 [Test worker] DEBUG com.github.dockerjava.zerodep.shaded.org.apache.hc.client5.http.wire - http-outgoing-1 << "Date: Fri, 24 Feb 2023 12:03:28 GMT[\r][\n]"
04:03:28.288 [Test worker] DEBUG com.github.dockerjava.zerodep.shaded.org.apache.hc.client5.http.wire - http-outgoing-1 << "Docker-Experimental: false[\r][\n]"
04:03:28.288 [Test worker] DEBUG com.github.dockerjava.zerodep.shaded.org.apache.hc.client5.http.wire - http-outgoing-1 << "Ostype: linux[\r][\n]"
04:03:28.288 [Test worker] DEBUG com.github.dockerjava.zerodep.shaded.org.apache.hc.client5.http.wire - http-outgoing-1 << "Server: Docker/20.10.21 (linux)[\r][\n]"
04:03:28.288 [Test worker] DEBUG com.github.dockerjava.zerodep.shaded.org.apache.hc.client5.http.wire - http-outgoing-1 << "[\r][\n]"
04:03:28.288 [Test worker] DEBUG com.github.dockerjava.zerodep.shaded.org.apache.hc.client5.http.headers - http-outgoing-1 << HTTP/1.1 204 No Content
04:03:28.289 [Test worker] DEBUG com.github.dockerjava.zerodep.shaded.org.apache.hc.client5.http.headers - http-outgoing-1 << Api-Version: 1.41
04:03:28.289 [Test worker] DEBUG com.github.dockerjava.zerodep.shaded.org.apache.hc.client5.http.headers - http-outgoing-1 << Date: Fri, 24 Feb 2023 12:03:28 GMT
04:03:28.289 [Test worker] DEBUG com.github.dockerjava.zerodep.shaded.org.apache.hc.client5.http.headers - http-outgoing-1 << Docker-Experimental: false
04:03:28.289 [Test worker] DEBUG com.github.dockerjava.zerodep.shaded.org.apache.hc.client5.http.headers - http-outgoing-1 << Ostype: linux
04:03:28.289 [Test worker] DEBUG com.github.dockerjava.zerodep.shaded.org.apache.hc.client5.http.headers - http-outgoing-1 << Server: Docker/20.10.21 (linux)
04:03:28.289 [Test worker] DEBUG com.github.dockerjava.zerodep.shaded.org.apache.hc.client5.http.impl.classic.MainClientExec - ex-0000000A: connection can be kept alive for 3 MINUTES
04:03:28.289 [Test worker] DEBUG com.github.dockerjava.zerodep.shaded.org.apache.hc.client5.http.impl.classic.InternalHttpClient - ep-00000009: releasing valid endpoint
04:03:28.289 [Test worker] DEBUG com.github.dockerjava.zerodep.shaded.org.apache.hc.client5.http.impl.io.PoolingHttpClientConnectionManager - ep-00000009: releasing endpoint
04:03:28.289 [Test worker] DEBUG com.github.dockerjava.zerodep.shaded.org.apache.hc.client5.http.impl.io.PoolingHttpClientConnectionManager - ep-00000009: connection http-outgoing-1 can be kept alive for 3 MINUTES
04:03:28.290 [Test worker] DEBUG com.github.dockerjava.zerodep.shaded.org.apache.hc.client5.http.impl.io.PoolingHttpClientConnectionManager - ep-00000009: connection released [route: {}->npipe://localhost:2375][total available: 1; route allocated: 1 of 2147483647; total allocated: 1 of 2147483647]
04:03:28.290 [Test worker] DEBUG org.testcontainers.shaded.com.github.dockerjava.core.command.AbstrDockerCmd - Cmd: 8fa742c535a52fa4fbfce9f7e9a5b30cec06e81e1b0d9b59fde8dac85ed4fae9,false
04:03:28.291 [Test worker] DEBUG org.testcontainers.shaded.com.github.dockerjava.core.exec.InspectContainerCmdExec - GET: DefaultWebTarget{path=[/containers/8fa742c535a52fa4fbfce9f7e9a5b30cec06e81e1b0d9b59fde8dac85ed4fae9/json], queryParams={}}
04:03:28.291 [Test worker] DEBUG com.github.dockerjava.zerodep.shaded.org.apache.hc.client5.http.impl.classic.InternalHttpClient - ex-0000000B: preparing request execution
04:03:28.291 [Test worker] DEBUG com.github.dockerjava.zerodep.shaded.org.apache.hc.client5.http.protocol.RequestAddCookies - Cookie spec selected: strict
04:03:28.291 [Test worker] DEBUG com.github.dockerjava.zerodep.shaded.org.apache.hc.client5.http.protocol.RequestAuthCache - Auth cache not set in the context
04:03:28.292 [Test worker] DEBUG com.github.dockerjava.zerodep.shaded.org.apache.hc.client5.http.impl.classic.ProtocolExec - ex-0000000B: target auth state: UNCHALLENGED
04:03:28.292 [Test worker] DEBUG com.github.dockerjava.zerodep.shaded.org.apache.hc.client5.http.impl.classic.ProtocolExec - ex-0000000B: proxy auth state: UNCHALLENGED
04:03:28.292 [Test worker] DEBUG com.github.dockerjava.zerodep.shaded.org.apache.hc.client5.http.impl.classic.ConnectExec - ex-0000000B: acquiring connection with route {}->npipe://localhost:2375
04:03:28.292 [Test worker] DEBUG com.github.dockerjava.zerodep.shaded.org.apache.hc.client5.http.impl.classic.InternalHttpClient - ex-0000000B: acquiring endpoint (3 MINUTES)
04:03:28.292 [Test worker] DEBUG com.github.dockerjava.zerodep.shaded.org.apache.hc.client5.http.impl.io.PoolingHttpClientConnectionManager - ex-0000000B: endpoint lease request (3 MINUTES) [route: {}->npipe://localhost:2375][total available: 1; route allocated: 1 of 2147483647; total allocated: 1 of 2147483647]
04:03:28.292 [Test worker] DEBUG com.github.dockerjava.zerodep.shaded.org.apache.hc.client5.http.impl.io.PoolingHttpClientConnectionManager - ex-0000000B: endpoint leased [route: {}->npipe://localhost:2375][total available: 0; route allocated: 1 of 2147483647; total allocated: 1 of 2147483647]
04:03:28.292 [Test worker] DEBUG com.github.dockerjava.zerodep.shaded.org.apache.hc.client5.http.impl.io.PoolingHttpClientConnectionManager - ex-0000000B: acquired ep-0000000A
04:03:28.292 [Test worker] DEBUG com.github.dockerjava.zerodep.shaded.org.apache.hc.client5.http.impl.classic.InternalHttpClient - ex-0000000B: acquired endpoint ep-0000000A
04:03:28.292 [Test worker] DEBUG com.github.dockerjava.zerodep.shaded.org.apache.hc.client5.http.impl.classic.MainClientExec - ex-0000000B: executing GET /v1.32/containers/8fa742c535a52fa4fbfce9f7e9a5b30cec06e81e1b0d9b59fde8dac85ed4fae9/json HTTP/1.1
04:03:28.292 [Test worker] DEBUG com.github.dockerjava.zerodep.shaded.org.apache.hc.client5.http.impl.classic.InternalHttpClient - ep-0000000A: start execution ex-0000000B
04:03:28.292 [Test worker] DEBUG com.github.dockerjava.zerodep.shaded.org.apache.hc.client5.http.impl.io.PoolingHttpClientConnectionManager - ep-0000000A: executing exchange ex-0000000B over http-outgoing-1
04:03:28.292 [Test worker] DEBUG com.github.dockerjava.zerodep.shaded.org.apache.hc.client5.http.headers - http-outgoing-1 >> GET /v1.32/containers/8fa742c535a52fa4fbfce9f7e9a5b30cec06e81e1b0d9b59fde8dac85ed4fae9/json HTTP/1.1
04:03:28.292 [Test worker] DEBUG com.github.dockerjava.zerodep.shaded.org.apache.hc.client5.http.headers - http-outgoing-1 >> accept: application/json
04:03:28.292 [Test worker] DEBUG com.github.dockerjava.zerodep.shaded.org.apache.hc.client5.http.headers - http-outgoing-1 >> x-tc-sid: ed23b396-e83d-44ca-9296-5871eeaad6a6
04:03:28.292 [Test worker] DEBUG com.github.dockerjava.zerodep.shaded.org.apache.hc.client5.http.headers - http-outgoing-1 >> Accept-Encoding: gzip, x-gzip, deflate
04:03:28.292 [Test worker] DEBUG com.github.dockerjava.zerodep.shaded.org.apache.hc.client5.http.headers - http-outgoing-1 >> Host: localhost:2375
04:03:28.292 [Test worker] DEBUG com.github.dockerjava.zerodep.shaded.org.apache.hc.client5.http.headers - http-outgoing-1 >> Connection: keep-alive
04:03:28.292 [Test worker] DEBUG com.github.dockerjava.zerodep.shaded.org.apache.hc.client5.http.headers - http-outgoing-1 >> User-Agent: Apache-HttpClient/5.0.3 (Java/17.0.4)
04:03:28.292 [Test worker] DEBUG com.github.dockerjava.zerodep.shaded.org.apache.hc.client5.http.wire - http-outgoing-1 >> "GET /v1.32/containers/8fa742c535a52fa4fbfce9f7e9a5b30cec06e81e1b0d9b59fde8dac85ed4fae9/json HTTP/1.1[\r][\n]"
04:03:28.292 [Test worker] DEBUG com.github.dockerjava.zerodep.shaded.org.apache.hc.client5.http.wire - http-outgoing-1 >> "accept: application/json[\r][\n]"
04:03:28.292 [Test worker] DEBUG com.github.dockerjava.zerodep.shaded.org.apache.hc.client5.http.wire - http-outgoing-1 >> "x-tc-sid: ed23b396-e83d-44ca-9296-5871eeaad6a6[\r][\n]"
04:03:28.292 [Test worker] DEBUG com.github.dockerjava.zerodep.shaded.org.apache.hc.client5.http.wire - http-outgoing-1 >> "Accept-Encoding: gzip, x-gzip, deflate[\r][\n]"
04:03:28.292 [Test worker] DEBUG com.github.dockerjava.zerodep.shaded.org.apache.hc.client5.http.wire - http-outgoing-1 >> "Host: localhost:2375[\r][\n]"
04:03:28.292 [Test worker] DEBUG com.github.dockerjava.zerodep.shaded.org.apache.hc.client5.http.wire - http-outgoing-1 >> "Connection: keep-alive[\r][\n]"
04:03:28.292 [Test worker] DEBUG com.github.dockerjava.zerodep.shaded.org.apache.hc.client5.http.wire - http-outgoing-1 >> "User-Agent: Apache-HttpClient/5.0.3 (Java/17.0.4)[\r][\n]"
04:03:28.292 [Test worker] DEBUG com.github.dockerjava.zerodep.shaded.org.apache.hc.client5.http.wire - http-outgoing-1 >> "[\r][\n]"
04:03:28.300 [Test worker] DEBUG com.github.dockerjava.zerodep.shaded.org.apache.hc.client5.http.wire - http-outgoing-1 << "HTTP/1.1 200 OK[\r][\n]"
04:03:28.300 [Test worker] DEBUG com.github.dockerjava.zerodep.shaded.org.apache.hc.client5.http.wire - http-outgoing-1 << "Api-Version: 1.41[\r][\n]"
04:03:28.300 [Test worker] DEBUG com.github.dockerjava.zerodep.shaded.org.apache.hc.client5.http.wire - http-outgoing-1 << "Content-Type: application/json[\r][\n]"
04:03:28.300 [Test worker] DEBUG com.github.dockerjava.zerodep.shaded.org.apache.hc.client5.http.wire - http-outgoing-1 << "Date: Fri, 24 Feb 2023 12:03:28 GMT[\r][\n]"
04:03:28.300 [Test worker] DEBUG com.github.dockerjava.zerodep.shaded.org.apache.hc.client5.http.wire - http-outgoing-1 << "Docker-Experimental: false[\r][\n]"
04:03:28.300 [Test worker] DEBUG com.github.dockerjava.zerodep.shaded.org.apache.hc.client5.http.wire - http-outgoing-1 << "Ostype: linux[\r][\n]"
04:03:28.300 [Test worker] DEBUG com.github.dockerjava.zerodep.shaded.org.apache.hc.client5.http.wire - http-outgoing-1 << "Server: Docker/20.10.21 (linux)[\r][\n]"
04:03:28.300 [Test worker] DEBUG com.github.dockerjava.zerodep.shaded.org.apache.hc.client5.http.wire - http-outgoing-1 << "Transfer-Encoding: chunked[\r][\n]"
04:03:28.300 [Test worker] DEBUG com.github.dockerjava.zerodep.shaded.org.apache.hc.client5.http.wire - http-outgoing-1 << "[\r][\n]"
04:03:28.301 [Test worker] DEBUG com.github.dockerjava.zerodep.shaded.org.apache.hc.client5.http.headers - http-outgoing-1 << HTTP/1.1 200 OK
04:03:28.301 [Test worker] DEBUG com.github.dockerjava.zerodep.shaded.org.apache.hc.client5.http.headers - http-outgoing-1 << Api-Version: 1.41
04:03:28.301 [Test worker] DEBUG com.github.dockerjava.zerodep.shaded.org.apache.hc.client5.http.headers - http-outgoing-1 << Content-Type: application/json
04:03:28.301 [Test worker] DEBUG com.github.dockerjava.zerodep.shaded.org.apache.hc.client5.http.headers - http-outgoing-1 << Date: Fri, 24 Feb 2023 12:03:28 GMT
04:03:28.301 [Test worker] DEBUG com.github.dockerjava.zerodep.shaded.org.apache.hc.client5.http.headers - http-outgoing-1 << Docker-Experimental: false
04:03:28.301 [Test worker] DEBUG com.github.dockerjava.zerodep.shaded.org.apache.hc.client5.http.headers - http-outgoing-1 << Ostype: linux
04:03:28.301 [Test worker] DEBUG com.github.dockerjava.zerodep.shaded.org.apache.hc.client5.http.headers - http-outgoing-1 << Server: Docker/20.10.21 (linux)
04:03:28.301 [Test worker] DEBUG com.github.dockerjava.zerodep.shaded.org.apache.hc.client5.http.headers - http-outgoing-1 << Transfer-Encoding: chunked
04:03:28.302 [Test worker] DEBUG com.github.dockerjava.zerodep.shaded.org.apache.hc.client5.http.impl.classic.MainClientExec - ex-0000000B: connection can be kept alive for 3 MINUTES
04:03:28.304 [Test worker] DEBUG com.github.dockerjava.zerodep.shaded.org.apache.hc.client5.http.wire - http-outgoing-1 << "1a6e[\r][\n]"
04:03:28.304 [Test worker] DEBUG com.github.dockerjava.zerodep.shaded.org.apache.hc.client5.http.wire - http-outgoing-1 << "{"Id":"8fa742c535a52fa4fbfce9f7e9a5b30cec06e81e1b0d9b59fde8dac85ed4fae9","Created":"2023-02-24T12:03:27.503393955Z","Path":"docker-entrypoint.sh","Args":["rabbitmq-server"],"State":{"Status":"running","Running":true,"Paused":false,"Restarting":false,"OOMKilled":false,"Dead":false,"Pid":4877,"ExitCode":0,"Error":"","StartedAt":"2023-02-24T12:03:28.28307098Z","FinishedAt":"0001-01-01T00:00:00Z"},"Image":"sha256:7fed1f4fc64c0a3319d20772310dfd5522b7d36aed3c81a85d48289bc6da10ab","ResolvConfPath":"/var/lib/docker/containers/8fa742c535a52fa4fbfce9f7e9a5b30cec06e81e1b0d9b59fde8dac85ed4fae9/resolv.conf","HostnamePath":"/var/lib/docker/containers/8fa742c535a52fa4fbfce9f7e9a5b30cec06e81e1b0d9b59fde8dac85ed4fae9/hostname","HostsPath":"/var/lib/docker/containers/8fa742c535a52fa4fbfce9f7e9a5b30cec06e81e1b0d9b59fde8dac85ed4fae9/hosts","LogPath":"/var/lib/docker/containers/8fa742c535a52fa4fbfce9f7e9a5b30cec06e81e1b0d9b59fde8dac85ed4fae9/8fa742c535a52fa4fbfce9f7e9a5b30cec06e81e1b0d9b59fde8dac85ed4fae9-json.log","Name":"/awesome_carson","RestartCount":0,"Driver":"overlay2","Platform":"linux","MountLabel":"","ProcessLabel":"","AppArmorProfile":"","ExecIDs":null,"HostConfig":{"Binds":[],"ContainerIDFile":"","LogConfig":{"Type":"json-file","Config":{}},"NetworkMode":"default","PortBindings":{"15671/tcp":[{"HostIp":"0.0.0.0","HostPort":"0"}],"15672/tcp":[{"HostIp":"0.0.0.0","HostPort":"0"}],"5671/tcp":[{"HostIp":"0.0.0.0","HostPort":"0"}],"5672/tcp":[{"HostIp":"0.0.0.0","HostPort":"0"}]},"RestartPolicy":{"Name":"","MaximumRetryCount":0},"AutoRemove":false,"VolumeDriver":"","VolumesFrom":[],"CapAdd":null,"CapDrop":null,"CgroupnsMode":"host","Dns":null,"DnsOptions":null,"DnsSearch":null,"ExtraHosts":[],"GroupAdd":null,"IpcMode":"shareable","Cgroup":"","Links":null,"OomScoreAdj":0,"PidMode":"","Privileged":false,"PublishAllPorts":false,"ReadonlyRootfs":false,"SecurityOpt":null,"UTSMode":"","UsernsMode":"","ShmSize":67108864,"Runtime":"runc","ConsoleSize":[0,0],"Isolation":"","CpuShares":0,"Memory":0,"NanoCpus":0,"CgroupParent":"","BlkioWeight":0,"BlkioWeightDevice":null,"BlkioDeviceReadBps":null,"BlkioDeviceWriteBps":null,"BlkioDeviceReadIOps":null,"BlkioDeviceWriteIOps":null,"CpuPeriod":0,"CpuQuota":0,"CpuRealtimePeriod":0,"CpuRealtimeRuntime":0,"CpusetCpus":"","CpusetMems":"","Devices":null,"DeviceCgroupRules":null,"DeviceRequests":null,"KernelMemory":0,"KernelMemoryTCP":0,"MemoryReservation":0,"MemorySwap":0,"MemorySwappiness":null,"OomKillDisable":false,"PidsLimit":null,"Ulimits":null,"CpuCount":0,"CpuPercent":0,"IOMaximumIOps":0,"IOMaximumBandwidth":0,"MaskedPaths":["/proc/asound","/proc/acpi","/proc/kcore","/proc/keys","/proc/latency_stats","/proc/timer_list","/proc/timer_stats","/proc/sched_debug","/proc/scsi","/sys/firmware"],"ReadonlyPaths":["/proc/bus","/proc/fs","/proc/irq","/proc/sys","/proc/sysrq-trigger"]},"GraphDriver":{"Data":{"LowerDir":"/var/lib/docker/overlay2/4e16d6784aea1f98827527776b8b03752ada69d7a9238123f3bf12d6e156d15f-init/diff:/var/lib/docker/overlay2/7bc4134d6410d9b22646f1d190659a616719e6e03a58c637d290fdb8673442e4/diff:/var/lib/docker/overlay2/d6849b9fcb980b2ecbe359b4524970861362caed968f581b8f83269c3c5538fd/diff:/var/lib/docker/overlay2/dae0008e67829c5276f0c16b77ee6ed68594dc54f2112906a5f1590c7a4acccd/diff:/var/lib/docker/overlay2/67e1a7246b96a4e30e67a140dc41a76c1a14b76ed13abf7315a2a866ae06f652/diff:/var/lib/docker/overlay2/3eaa9d5451c1b906efe4c5ac84c1b033725ae901c2ca1045a369802dbce2d2ff/diff:/var/lib/docker/overlay2/a1cb7f08e79a6152e020d115f826e1fa39327f8a2e9c7a77935b85d062744a6e/diff:/var/lib/docker/overlay2/761bf6ade605105936dcd0deb5edd549e87f49edc18d338fc84e8ccaa77b7d17/diff:/var/lib/docker/overlay2/f35b13b9e45dec07e06dc354a3c97e4be9e78a2ecce76b187690b9df2e277a63/diff:/var/lib/docker/overlay2/227c109ecc60e4b7c7a61d6bb6c560f3438b6d8d4bcf1152ba070603ff22c2df/diff:/var/lib/docker/overlay2/1bb97654e9fb3e24772babf6ad8389ca3e56527024144c7dea74980e8725a44d/diff:/var/lib/docker/overlay2/c35c6eb15770e1c9f84d1a15288743f1010a65462fdc46fea61bec1d0cc4fbf6/diff","MergedDir":"/var/lib/docker/overlay2/4e16d6784aea1f9882752777"
04:03:28.305 [Test worker] DEBUG com.github.dockerjava.zerodep.shaded.org.apache.hc.client5.http.wire - http-outgoing-1 << "6b8b03752ada69d7a9238123f3bf12d6e156d15f/merged","UpperDir":"/var/lib/docker/overlay2/4e16d6784aea1f98827527776b8b03752ada69d7a9238123f3bf12d6e156d15f/diff","WorkDir":"/var/lib/docker/overlay2/4e16d6784aea1f98827527776b8b03752ada69d7a9238123f3bf12d6e156d15f/work"},"Name":"overlay2"},"Mounts":[{"Type":"volume","Name":"b259d9d0697d549e0232548fcf1f1b24b4a70b55af949fedb472ed2f62841fed","Source":"/var/lib/docker/volumes/b259d9d0697d549e0232548fcf1f1b24b4a70b55af949fedb472ed2f62841fed/_data","Destination":"/var/lib/rabbitmq","Driver":"local","Mode":"","RW":true,"Propagation":""}],"Config":{"Hostname":"8fa742c535a5","Domainname":"","User":"","AttachStdin":false,"AttachStdout":false,"AttachStderr":false,"ExposedPorts":{"15671/tcp":{},"15672/tcp":{},"15691/tcp":{},"15692/tcp":{},"25672/tcp":{},"4369/tcp":{},"5671/tcp":{},"5672/tcp":{}},"Tty":false,"OpenStdin":false,"StdinOnce":false,"Env":["RABBITMQ_DEFAULT_PASS=guest","PATH=/opt/rabbitmq/sbin:/usr/local/sbin:/usr/local/bin:/usr/sbin:/usr/bin:/sbin:/bin","RABBITMQ_DATA_DIR=/var/lib/rabbitmq","RABBITMQ_VERSION=3.11.9","RABBITMQ_PGP_KEY_ID=0x0A9AF2115F4687BD29803A206B73A36E6026DFCA","RABBITMQ_HOME=/opt/rabbitmq","HOME=/var/lib/rabbitmq","LANG=C.UTF-8","LANGUAGE=C.UTF-8","LC_ALL=C.UTF-8"],"Cmd":["rabbitmq-server"],"Image":"rabbitmq:3-management-alpine","Volumes":{"/var/lib/rabbitmq":{}},"WorkingDir":"","Entrypoint":["docker-entrypoint.sh"],"OnBuild":null,"Labels":{"org.testcontainers":"true","org.testcontainers.lang":"java","org.testcontainers.sessionId":"ed23b396-e83d-44ca-9296-5871eeaad6a6","org.testcontainers.version":"1.17.6"}},"NetworkSettings":{"Bridge":"","SandboxID":"b85059be1369ecf9b501fd604e05e32c641ec821be578c07bc6bb7a0085d9e37","HairpinMode":false,"LinkLocalIPv6Address":"","LinkLocalIPv6PrefixLen":0,"Ports":{"15671/tcp":[],"15672/tcp":[],"15691/tcp":null,"15692/tcp":null,"25672/tcp":null,"4369/tcp":null,"5671/tcp":[],"5672/tcp":[]},"SandboxKey":"/var/run/docker/netns/b85059be1369","SecondaryIPAddresses":null,"SecondaryIPv6Addresses":null,"EndpointID":"2df7fcd61cffe9484a64016af078f460adff773969695e0e9e2057791c69c73c","Gateway":"172.17.0.1","GlobalIPv6Address":"","GlobalIPv6PrefixLen":0,"IPAddress":"172.17.0.3","IPPrefixLen":16,"IPv6Gateway":"","MacAddress":"02:42:ac:11:00:03","Networks":{"bridge":{"IPAMConfig":null,"Links":null,"Aliases":null,"NetworkID":"8c815113520d175650cf239779e29e0bdaf56ac8beff1f204b7a5ed98b912263","EndpointID":"2df7fcd61cffe9484a64016af078f460adff773969695e0e9e2057791c69c73c","Gateway":"172.17.0.1","IPAddress":"172.17.0.3","IPPrefixLen":16,"IPv6Gateway":"","GlobalIPv6Address":"","GlobalIPv6PrefixLen":0,"MacAddress":"02:42:ac:11:00:03","DriverOpts":null}}}}[\n]"
04:03:28.308 [Test worker] DEBUG com.github.dockerjava.zerodep.shaded.org.apache.hc.client5.http.wire - http-outgoing-1 << "[\r][\n]"
04:03:28.308 [Test worker] DEBUG com.github.dockerjava.zerodep.shaded.org.apache.hc.client5.http.wire - http-outgoing-1 << "0[\r][\n]"
04:03:28.308 [Test worker] DEBUG com.github.dockerjava.zerodep.shaded.org.apache.hc.client5.http.wire - http-outgoing-1 << "[\r][\n]"
04:03:28.308 [Test worker] DEBUG com.github.dockerjava.zerodep.shaded.org.apache.hc.client5.http.impl.classic.InternalHttpClient - ep-0000000A: releasing valid endpoint
04:03:28.308 [Test worker] DEBUG com.github.dockerjava.zerodep.shaded.org.apache.hc.client5.http.impl.io.PoolingHttpClientConnectionManager - ep-0000000A: releasing endpoint
04:03:28.308 [Test worker] DEBUG com.github.dockerjava.zerodep.shaded.org.apache.hc.client5.http.impl.io.PoolingHttpClientConnectionManager - ep-0000000A: connection http-outgoing-1 can be kept alive for 3 MINUTES
04:03:28.308 [Test worker] DEBUG com.github.dockerjava.zerodep.shaded.org.apache.hc.client5.http.impl.io.PoolingHttpClientConnectionManager - ep-0000000A: connection released [route: {}->npipe://localhost:2375][total available: 1; route allocated: 1 of 2147483647; total allocated: 1 of 2147483647]
04:03:28.344 [Test worker] DEBUG org.testcontainers.shaded.com.github.dockerjava.core.command.AbstrDockerCmd - Cmd: 8fa742c535a52fa4fbfce9f7e9a5b30cec06e81e1b0d9b59fde8dac85ed4fae9,false
04:03:28.345 [Test worker] DEBUG org.testcontainers.shaded.com.github.dockerjava.core.exec.InspectContainerCmdExec - GET: DefaultWebTarget{path=[/containers/8fa742c535a52fa4fbfce9f7e9a5b30cec06e81e1b0d9b59fde8dac85ed4fae9/json], queryParams={}}
04:03:28.346 [Test worker] DEBUG com.github.dockerjava.zerodep.shaded.org.apache.hc.client5.http.impl.classic.InternalHttpClient - ex-0000000C: preparing request execution
04:03:28.346 [Test worker] DEBUG com.github.dockerjava.zerodep.shaded.org.apache.hc.client5.http.protocol.RequestAddCookies - Cookie spec selected: strict
04:03:28.346 [Test worker] DEBUG com.github.dockerjava.zerodep.shaded.org.apache.hc.client5.http.protocol.RequestAuthCache - Auth cache not set in the context
04:03:28.346 [Test worker] DEBUG com.github.dockerjava.zerodep.shaded.org.apache.hc.client5.http.impl.classic.ProtocolExec - ex-0000000C: target auth state: UNCHALLENGED
04:03:28.346 [Test worker] DEBUG com.github.dockerjava.zerodep.shaded.org.apache.hc.client5.http.impl.classic.ProtocolExec - ex-0000000C: proxy auth state: UNCHALLENGED
04:03:28.346 [Test worker] DEBUG com.github.dockerjava.zerodep.shaded.org.apache.hc.client5.http.impl.classic.ConnectExec - ex-0000000C: acquiring connection with route {}->npipe://localhost:2375
04:03:28.346 [Test worker] DEBUG com.github.dockerjava.zerodep.shaded.org.apache.hc.client5.http.impl.classic.InternalHttpClient - ex-0000000C: acquiring endpoint (3 MINUTES)
04:03:28.346 [Test worker] DEBUG com.github.dockerjava.zerodep.shaded.org.apache.hc.client5.http.impl.io.PoolingHttpClientConnectionManager - ex-0000000C: endpoint lease request (3 MINUTES) [route: {}->npipe://localhost:2375][total available: 1; route allocated: 1 of 2147483647; total allocated: 1 of 2147483647]
04:03:28.346 [Test worker] DEBUG com.github.dockerjava.zerodep.shaded.org.apache.hc.client5.http.impl.io.PoolingHttpClientConnectionManager - ex-0000000C: endpoint leased [route: {}->npipe://localhost:2375][total available: 0; route allocated: 1 of 2147483647; total allocated: 1 of 2147483647]
04:03:28.346 [Test worker] DEBUG com.github.dockerjava.zerodep.shaded.org.apache.hc.client5.http.impl.io.PoolingHttpClientConnectionManager - ex-0000000C: acquired ep-0000000B
04:03:28.346 [Test worker] DEBUG com.github.dockerjava.zerodep.shaded.org.apache.hc.client5.http.impl.classic.InternalHttpClient - ex-0000000C: acquired endpoint ep-0000000B
04:03:28.346 [Test worker] DEBUG com.github.dockerjava.zerodep.shaded.org.apache.hc.client5.http.impl.classic.MainClientExec - ex-0000000C: executing GET /v1.32/containers/8fa742c535a52fa4fbfce9f7e9a5b30cec06e81e1b0d9b59fde8dac85ed4fae9/json HTTP/1.1
04:03:28.346 [Test worker] DEBUG com.github.dockerjava.zerodep.shaded.org.apache.hc.client5.http.impl.classic.InternalHttpClient - ep-0000000B: start execution ex-0000000C
04:03:28.346 [Test worker] DEBUG com.github.dockerjava.zerodep.shaded.org.apache.hc.client5.http.impl.io.PoolingHttpClientConnectionManager - ep-0000000B: executing exchange ex-0000000C over http-outgoing-1
04:03:28.347 [Test worker] DEBUG com.github.dockerjava.zerodep.shaded.org.apache.hc.client5.http.headers - http-outgoing-1 >> GET /v1.32/containers/8fa742c535a52fa4fbfce9f7e9a5b30cec06e81e1b0d9b59fde8dac85ed4fae9/json HTTP/1.1
04:03:28.347 [Test worker] DEBUG com.github.dockerjava.zerodep.shaded.org.apache.hc.client5.http.headers - http-outgoing-1 >> accept: application/json
04:03:28.347 [Test worker] DEBUG com.github.dockerjava.zerodep.shaded.org.apache.hc.client5.http.headers - http-outgoing-1 >> x-tc-sid: ed23b396-e83d-44ca-9296-5871eeaad6a6
04:03:28.347 [Test worker] DEBUG com.github.dockerjava.zerodep.shaded.org.apache.hc.client5.http.headers - http-outgoing-1 >> Accept-Encoding: gzip, x-gzip, deflate
04:03:28.347 [Test worker] DEBUG com.github.dockerjava.zerodep.shaded.org.apache.hc.client5.http.headers - http-outgoing-1 >> Host: localhost:2375
04:03:28.347 [Test worker] DEBUG com.github.dockerjava.zerodep.shaded.org.apache.hc.client5.http.headers - http-outgoing-1 >> Connection: keep-alive
04:03:28.347 [Test worker] DEBUG com.github.dockerjava.zerodep.shaded.org.apache.hc.client5.http.headers - http-outgoing-1 >> User-Agent: Apache-HttpClient/5.0.3 (Java/17.0.4)
04:03:28.347 [Test worker] DEBUG com.github.dockerjava.zerodep.shaded.org.apache.hc.client5.http.wire - http-outgoing-1 >> "GET /v1.32/containers/8fa742c535a52fa4fbfce9f7e9a5b30cec06e81e1b0d9b59fde8dac85ed4fae9/json HTTP/1.1[\r][\n]"
04:03:28.347 [Test worker] DEBUG com.github.dockerjava.zerodep.shaded.org.apache.hc.client5.http.wire - http-outgoing-1 >> "accept: application/json[\r][\n]"
04:03:28.347 [Test worker] DEBUG com.github.dockerjava.zerodep.shaded.org.apache.hc.client5.http.wire - http-outgoing-1 >> "x-tc-sid: ed23b396-e83d-44ca-9296-5871eeaad6a6[\r][\n]"
04:03:28.347 [Test worker] DEBUG com.github.dockerjava.zerodep.shaded.org.apache.hc.client5.http.wire - http-outgoing-1 >> "Accept-Encoding: gzip, x-gzip, deflate[\r][\n]"
04:03:28.347 [Test worker] DEBUG com.github.dockerjava.zerodep.shaded.org.apache.hc.client5.http.wire - http-outgoing-1 >> "Host: localhost:2375[\r][\n]"
04:03:28.347 [Test worker] DEBUG com.github.dockerjava.zerodep.shaded.org.apache.hc.client5.http.wire - http-outgoing-1 >> "Connection: keep-alive[\r][\n]"
04:03:28.347 [Test worker] DEBUG com.github.dockerjava.zerodep.shaded.org.apache.hc.client5.http.wire - http-outgoing-1 >> "User-Agent: Apache-HttpClient/5.0.3 (Java/17.0.4)[\r][\n]"
04:03:28.347 [Test worker] DEBUG com.github.dockerjava.zerodep.shaded.org.apache.hc.client5.http.wire - http-outgoing-1 >> "[\r][\n]"
04:03:28.352 [Test worker] DEBUG com.github.dockerjava.zerodep.shaded.org.apache.hc.client5.http.wire - http-outgoing-1 << "HTTP/1.1 200 OK[\r][\n]"
04:03:28.352 [Test worker] DEBUG com.github.dockerjava.zerodep.shaded.org.apache.hc.client5.http.wire - http-outgoing-1 << "Api-Version: 1.41[\r][\n]"
04:03:28.352 [Test worker] DEBUG com.github.dockerjava.zerodep.shaded.org.apache.hc.client5.http.wire - http-outgoing-1 << "Content-Type: application/json[\r][\n]"
04:03:28.352 [Test worker] DEBUG com.github.dockerjava.zerodep.shaded.org.apache.hc.client5.http.wire - http-outgoing-1 << "Date: Fri, 24 Feb 2023 12:03:28 GMT[\r][\n]"
04:03:28.352 [Test worker] DEBUG com.github.dockerjava.zerodep.shaded.org.apache.hc.client5.http.wire - http-outgoing-1 << "Docker-Experimental: false[\r][\n]"
04:03:28.352 [Test worker] DEBUG com.github.dockerjava.zerodep.shaded.org.apache.hc.client5.http.wire - http-outgoing-1 << "Ostype: linux[\r][\n]"
04:03:28.352 [Test worker] DEBUG com.github.dockerjava.zerodep.shaded.org.apache.hc.client5.http.wire - http-outgoing-1 << "Server: Docker/20.10.21 (linux)[\r][\n]"
04:03:28.352 [Test worker] DEBUG com.github.dockerjava.zerodep.shaded.org.apache.hc.client5.http.wire - http-outgoing-1 << "Transfer-Encoding: chunked[\r][\n]"
04:03:28.352 [Test worker] DEBUG com.github.dockerjava.zerodep.shaded.org.apache.hc.client5.http.wire - http-outgoing-1 << "[\r][\n]"
04:03:28.352 [Test worker] DEBUG com.github.dockerjava.zerodep.shaded.org.apache.hc.client5.http.headers - http-outgoing-1 << HTTP/1.1 200 OK
04:03:28.352 [Test worker] DEBUG com.github.dockerjava.zerodep.shaded.org.apache.hc.client5.http.headers - http-outgoing-1 << Api-Version: 1.41
04:03:28.352 [Test worker] DEBUG com.github.dockerjava.zerodep.shaded.org.apache.hc.client5.http.headers - http-outgoing-1 << Content-Type: application/json
04:03:28.352 [Test worker] DEBUG com.github.dockerjava.zerodep.shaded.org.apache.hc.client5.http.headers - http-outgoing-1 << Date: Fri, 24 Feb 2023 12:03:28 GMT
04:03:28.352 [Test worker] DEBUG com.github.dockerjava.zerodep.shaded.org.apache.hc.client5.http.headers - http-outgoing-1 << Docker-Experimental: false
04:03:28.352 [Test worker] DEBUG com.github.dockerjava.zerodep.shaded.org.apache.hc.client5.http.headers - http-outgoing-1 << Ostype: linux
04:03:28.352 [Test worker] DEBUG com.github.dockerjava.zerodep.shaded.org.apache.hc.client5.http.headers - http-outgoing-1 << Server: Docker/20.10.21 (linux)
04:03:28.352 [Test worker] DEBUG com.github.dockerjava.zerodep.shaded.org.apache.hc.client5.http.headers - http-outgoing-1 << Transfer-Encoding: chunked
04:03:28.353 [Test worker] DEBUG com.github.dockerjava.zerodep.shaded.org.apache.hc.client5.http.impl.classic.MainClientExec - ex-0000000C: connection can be kept alive for 3 MINUTES
04:03:28.356 [Test worker] DEBUG com.github.dockerjava.zerodep.shaded.org.apache.hc.client5.http.wire - http-outgoing-1 << "1b0a[\r][\n]"
04:03:28.356 [Test worker] DEBUG com.github.dockerjava.zerodep.shaded.org.apache.hc.client5.http.wire - http-outgoing-1 << "{"Id":"8fa742c535a52fa4fbfce9f7e9a5b30cec06e81e1b0d9b59fde8dac85ed4fae9","Created":"2023-02-24T12:03:27.503393955Z","Path":"docker-entrypoint.sh","Args":["rabbitmq-server"],"State":{"Status":"running","Running":true,"Paused":false,"Restarting":false,"OOMKilled":false,"Dead":false,"Pid":4877,"ExitCode":0,"Error":"","StartedAt":"2023-02-24T12:03:28.28307098Z","FinishedAt":"0001-01-01T00:00:00Z"},"Image":"sha256:7fed1f4fc64c0a3319d20772310dfd5522b7d36aed3c81a85d48289bc6da10ab","ResolvConfPath":"/var/lib/docker/containers/8fa742c535a52fa4fbfce9f7e9a5b30cec06e81e1b0d9b59fde8dac85ed4fae9/resolv.conf","HostnamePath":"/var/lib/docker/containers/8fa742c535a52fa4fbfce9f7e9a5b30cec06e81e1b0d9b59fde8dac85ed4fae9/hostname","HostsPath":"/var/lib/docker/containers/8fa742c535a52fa4fbfce9f7e9a5b30cec06e81e1b0d9b59fde8dac85ed4fae9/hosts","LogPath":"/var/lib/docker/containers/8fa742c535a52fa4fbfce9f7e9a5b30cec06e81e1b0d9b59fde8dac85ed4fae9/8fa742c535a52fa4fbfce9f7e9a5b30cec06e81e1b0d9b59fde8dac85ed4fae9-json.log","Name":"/awesome_carson","RestartCount":0,"Driver":"overlay2","Platform":"linux","MountLabel":"","ProcessLabel":"","AppArmorProfile":"","ExecIDs":null,"HostConfig":{"Binds":[],"ContainerIDFile":"","LogConfig":{"Type":"json-file","Config":{}},"NetworkMode":"default","PortBindings":{"15671/tcp":[{"HostIp":"0.0.0.0","HostPort":"0"}],"15672/tcp":[{"HostIp":"0.0.0.0","HostPort":"0"}],"5671/tcp":[{"HostIp":"0.0.0.0","HostPort":"0"}],"5672/tcp":[{"HostIp":"0.0.0.0","HostPort":"0"}]},"RestartPolicy":{"Name":"","MaximumRetryCount":0},"AutoRemove":false,"VolumeDriver":"","VolumesFrom":[],"CapAdd":null,"CapDrop":null,"CgroupnsMode":"host","Dns":null,"DnsOptions":null,"DnsSearch":null,"ExtraHosts":[],"GroupAdd":null,"IpcMode":"shareable","Cgroup":"","Links":null,"OomScoreAdj":0,"PidMode":"","Privileged":false,"PublishAllPorts":false,"ReadonlyRootfs":false,"SecurityOpt":null,"UTSMode":"","UsernsMode":"","ShmSize":67108864,"Runtime":"runc","ConsoleSize":[0,0],"Isolation":"","CpuShares":0,"Memory":0,"NanoCpus":0,"CgroupParent":"","BlkioWeight":0,"BlkioWeightDevice":null,"BlkioDeviceReadBps":null,"BlkioDeviceWriteBps":null,"BlkioDeviceReadIOps":null,"BlkioDeviceWriteIOps":null,"CpuPeriod":0,"CpuQuota":0,"CpuRealtimePeriod":0,"CpuRealtimeRuntime":0,"CpusetCpus":"","CpusetMems":"","Devices":null,"DeviceCgroupRules":null,"DeviceRequests":null,"KernelMemory":0,"KernelMemoryTCP":0,"MemoryReservation":0,"MemorySwap":0,"MemorySwappiness":null,"OomKillDisable":false,"PidsLimit":null,"Ulimits":null,"CpuCount":0,"CpuPercent":0,"IOMaximumIOps":0,"IOMaximumBandwidth":0,"MaskedPaths":["/proc/asound","/proc/acpi","/proc/kcore","/proc/keys","/proc/latency_stats","/proc/timer_list","/proc/timer_stats","/proc/sched_debug","/proc/scsi","/sys/firmware"],"ReadonlyPaths":["/proc/bus","/proc/fs","/proc/irq","/proc/sys","/proc/sysrq-trigger"]},"GraphDriver":{"Data":{"LowerDir":"/var/lib/docker/overlay2/4e16d6784aea1f98827527776b8b03752ada69d7a9238123f3bf12d6e156d15f-init/diff:/var/lib/docker/overlay2/7bc4134d6410d9b22646f1d190659a616719e6e03a58c637d290fdb8673442e4/diff:/var/lib/docker/overlay2/d6849b9fcb980b2ecbe359b4524970861362caed968f581b8f83269c3c5538fd/diff:/var/lib/docker/overlay2/dae0008e67829c5276f0c16b77ee6ed68594dc54f2112906a5f1590c7a4acccd/diff:/var/lib/docker/overlay2/67e1a7246b96a4e30e67a140dc41a76c1a14b76ed13abf7315a2a866ae06f652/diff:/var/lib/docker/overlay2/3eaa9d5451c1b906efe4c5ac84c1b033725ae901c2ca1045a369802dbce2d2ff/diff:/var/lib/docker/overlay2/a1cb7f08e79a6152e020d115f826e1fa39327f8a2e9c7a77935b85d062744a6e/diff:/var/lib/docker/overlay2/761bf6ade605105936dcd0deb5edd549e87f49edc18d338fc84e8ccaa77b7d17/diff:/var/lib/docker/overlay2/f35b13b9e45dec07e06dc354a3c97e4be9e78a2ecce76b187690b9df2e277a63/diff:/var/lib/docker/overlay2/227c109ecc60e4b7c7a61d6bb6c560f3438b6d8d4bcf1152ba070603ff22c2df/diff:/var/lib/docker/overlay2/1bb97654e9fb3e24772babf6ad8389ca3e56527024144c7dea74980e8725a44d/diff:/var/lib/docker/overlay2/c35c6eb15770e1c9f84d1a15288743f1010a65462fdc46fea61bec1d0cc4fbf6/diff","MergedDir":"/var/lib/docker/overlay2/4e16d6784aea1f9882752777"
04:03:28.357 [Test worker] DEBUG com.github.dockerjava.zerodep.shaded.org.apache.hc.client5.http.wire - http-outgoing-1 << "6b8b03752ada69d7a9238123f3bf12d6e156d15f/merged","UpperDir":"/var/lib/docker/overlay2/4e16d6784aea1f98827527776b8b03752ada69d7a9238123f3bf12d6e156d15f/diff","WorkDir":"/var/lib/docker/overlay2/4e16d6784aea1f98827527776b8b03752ada69d7a9238123f3bf12d6e156d15f/work"},"Name":"overlay2"},"Mounts":[{"Type":"volume","Name":"b259d9d0697d549e0232548fcf1f1b24b4a70b55af949fedb472ed2f62841fed","Source":"/var/lib/docker/volumes/b259d9d0697d549e0232548fcf1f1b24b4a70b55af949fedb472ed2f62841fed/_data","Destination":"/var/lib/rabbitmq","Driver":"local","Mode":"","RW":true,"Propagation":""}],"Config":{"Hostname":"8fa742c535a5","Domainname":"","User":"","AttachStdin":false,"AttachStdout":false,"AttachStderr":false,"ExposedPorts":{"15671/tcp":{},"15672/tcp":{},"15691/tcp":{},"15692/tcp":{},"25672/tcp":{},"4369/tcp":{},"5671/tcp":{},"5672/tcp":{}},"Tty":false,"OpenStdin":false,"StdinOnce":false,"Env":["RABBITMQ_DEFAULT_PASS=guest","PATH=/opt/rabbitmq/sbin:/usr/local/sbin:/usr/local/bin:/usr/sbin:/usr/bin:/sbin:/bin","RABBITMQ_DATA_DIR=/var/lib/rabbitmq","RABBITMQ_VERSION=3.11.9","RABBITMQ_PGP_KEY_ID=0x0A9AF2115F4687BD29803A206B73A36E6026DFCA","RABBITMQ_HOME=/opt/rabbitmq","HOME=/var/lib/rabbitmq","LANG=C.UTF-8","LANGUAGE=C.UTF-8","LC_ALL=C.UTF-8"],"Cmd":["rabbitmq-server"],"Image":"rabbitmq:3-management-alpine","Volumes":{"/var/lib/rabbitmq":{}},"WorkingDir":"","Entrypoint":["docker-entrypoint.sh"],"OnBuild":null,"Labels":{"org.testcontainers":"true","org.testcontainers.lang":"java","org.testcontainers.sessionId":"ed23b396-e83d-44ca-9296-5871eeaad6a6","org.testcontainers.version":"1.17.6"}},"NetworkSettings":{"Bridge":"","SandboxID":"b85059be1369ecf9b501fd604e05e32c641ec821be578c07bc6bb7a0085d9e37","HairpinMode":false,"LinkLocalIPv6Address":"","LinkLocalIPv6PrefixLen":0,"Ports":{"15671/tcp":[{"HostIp":"0.0.0.0","HostPort":"62501"}],"15672/tcp":[{"HostIp":"0.0.0.0","HostPort":"62502"}],"15691/tcp":null,"15692/tcp":null,"25672/tcp":null,"4369/tcp":null,"5671/tcp":[{"HostIp":"0.0.0.0","HostPort":"62499"}],"5672/tcp":[{"HostIp":"0.0.0.0","HostPort":"62500"}]},"SandboxKey":"/var/run/docker/netns/b85059be1369","SecondaryIPAddresses":null,"SecondaryIPv6Addresses":null,"EndpointID":"2df7fcd61cffe9484a64016af078f460adff773969695e0e9e2057791c69c73c","Gateway":"172.17.0.1","GlobalIPv6Address":"","GlobalIPv6PrefixLen":0,"IPAddress":"172.17.0.3","IPPrefixLen":16,"IPv6Gateway":"","MacAddress":"02:42:ac:11:00:03","Networks":{"bridge":{"IPAMConfig":null,"Links":null,"Aliases":null,"NetworkID":"8c815113520d175650cf239779e29e0bdaf56ac8beff1f204b7a5ed98b912263","EndpointID":"2df7fcd61cffe9484a64016af078f460adff773969695e0e9e2057791c69c73c","Gateway":"172.17.0.1","IPAddress":"172.17.0.3","IPPrefixLen":16,"IPv6Gateway":"","GlobalIPv6Address":"","GlobalIPv6PrefixLen":0,"MacAddress":"02:42:ac:11:00:03","DriverOpts":null}}}}[\n]"
04:03:28.359 [Test worker] DEBUG com.github.dockerjava.zerodep.shaded.org.apache.hc.client5.http.wire - http-outgoing-1 << "[\r][\n]"
04:03:28.359 [Test worker] DEBUG com.github.dockerjava.zerodep.shaded.org.apache.hc.client5.http.wire - http-outgoing-1 << "0[\r][\n]"
04:03:28.359 [Test worker] DEBUG com.github.dockerjava.zerodep.shaded.org.apache.hc.client5.http.wire - http-outgoing-1 << "[\r][\n]"
04:03:28.359 [Test worker] DEBUG com.github.dockerjava.zerodep.shaded.org.apache.hc.client5.http.impl.classic.InternalHttpClient - ep-0000000B: releasing valid endpoint
04:03:28.359 [Test worker] DEBUG com.github.dockerjava.zerodep.shaded.org.apache.hc.client5.http.impl.io.PoolingHttpClientConnectionManager - ep-0000000B: releasing endpoint
04:03:28.359 [Test worker] DEBUG com.github.dockerjava.zerodep.shaded.org.apache.hc.client5.http.impl.io.PoolingHttpClientConnectionManager - ep-0000000B: connection http-outgoing-1 can be kept alive for 3 MINUTES
04:03:28.359 [Test worker] DEBUG com.github.dockerjava.zerodep.shaded.org.apache.hc.client5.http.impl.io.PoolingHttpClientConnectionManager - ep-0000000B: connection released [route: {}->npipe://localhost:2375][total available: 1; route allocated: 1 of 2147483647; total allocated: 1 of 2147483647]
04:03:28.361 [docker-java-stream--2048532291] DEBUG com.github.dockerjava.zerodep.shaded.org.apache.hc.client5.http.impl.classic.InternalHttpClient - ex-0000000D: preparing request execution
04:03:28.361 [docker-java-stream--2048532291] DEBUG com.github.dockerjava.zerodep.shaded.org.apache.hc.client5.http.protocol.RequestAddCookies - Cookie spec selected: strict
04:03:28.361 [docker-java-stream--2048532291] DEBUG com.github.dockerjava.zerodep.shaded.org.apache.hc.client5.http.protocol.RequestAuthCache - Auth cache not set in the context
04:03:28.361 [docker-java-stream--2048532291] DEBUG com.github.dockerjava.zerodep.shaded.org.apache.hc.client5.http.impl.classic.ProtocolExec - ex-0000000D: target auth state: UNCHALLENGED
04:03:28.361 [docker-java-stream--2048532291] DEBUG com.github.dockerjava.zerodep.shaded.org.apache.hc.client5.http.impl.classic.ProtocolExec - ex-0000000D: proxy auth state: UNCHALLENGED
04:03:28.361 [docker-java-stream--2048532291] DEBUG com.github.dockerjava.zerodep.shaded.org.apache.hc.client5.http.impl.classic.ConnectExec - ex-0000000D: acquiring connection with route {}->npipe://localhost:2375
04:03:28.361 [docker-java-stream--2048532291] DEBUG com.github.dockerjava.zerodep.shaded.org.apache.hc.client5.http.impl.classic.InternalHttpClient - ex-0000000D: acquiring endpoint (3 MINUTES)
04:03:28.361 [docker-java-stream--2048532291] DEBUG com.github.dockerjava.zerodep.shaded.org.apache.hc.client5.http.impl.io.PoolingHttpClientConnectionManager - ex-0000000D: endpoint lease request (3 MINUTES) [route: {}->npipe://localhost:2375][total available: 1; route allocated: 1 of 2147483647; total allocated: 1 of 2147483647]
04:03:28.361 [docker-java-stream--2048532291] DEBUG com.github.dockerjava.zerodep.shaded.org.apache.hc.client5.http.impl.io.PoolingHttpClientConnectionManager - ex-0000000D: endpoint leased [route: {}->npipe://localhost:2375][total available: 0; route allocated: 1 of 2147483647; total allocated: 1 of 2147483647]
04:03:28.362 [docker-java-stream--2048532291] DEBUG com.github.dockerjava.zerodep.shaded.org.apache.hc.client5.http.impl.io.PoolingHttpClientConnectionManager - ex-0000000D: acquired ep-0000000C
04:03:28.362 [docker-java-stream--2048532291] DEBUG com.github.dockerjava.zerodep.shaded.org.apache.hc.client5.http.impl.classic.InternalHttpClient - ex-0000000D: acquired endpoint ep-0000000C
04:03:28.362 [docker-java-stream--2048532291] DEBUG com.github.dockerjava.zerodep.shaded.org.apache.hc.client5.http.impl.classic.MainClientExec - ex-0000000D: executing GET /v1.32/containers/8fa742c535a52fa4fbfce9f7e9a5b30cec06e81e1b0d9b59fde8dac85ed4fae9/logs?stdout=true&stderr=true&follow=true&since=0 HTTP/1.1
04:03:28.362 [docker-java-stream--2048532291] DEBUG com.github.dockerjava.zerodep.shaded.org.apache.hc.client5.http.impl.classic.InternalHttpClient - ep-0000000C: start execution ex-0000000D
04:03:28.362 [docker-java-stream--2048532291] DEBUG com.github.dockerjava.zerodep.shaded.org.apache.hc.client5.http.impl.io.PoolingHttpClientConnectionManager - ep-0000000C: executing exchange ex-0000000D over http-outgoing-1
04:03:28.362 [docker-java-stream--2048532291] DEBUG com.github.dockerjava.zerodep.shaded.org.apache.hc.client5.http.headers - http-outgoing-1 >> GET /v1.32/containers/8fa742c535a52fa4fbfce9f7e9a5b30cec06e81e1b0d9b59fde8dac85ed4fae9/logs?stdout=true&stderr=true&follow=true&since=0 HTTP/1.1
04:03:28.362 [docker-java-stream--2048532291] DEBUG com.github.dockerjava.zerodep.shaded.org.apache.hc.client5.http.headers - http-outgoing-1 >> x-tc-sid: ed23b396-e83d-44ca-9296-5871eeaad6a6
04:03:28.362 [docker-java-stream--2048532291] DEBUG com.github.dockerjava.zerodep.shaded.org.apache.hc.client5.http.headers - http-outgoing-1 >> Accept-Encoding: gzip, x-gzip, deflate
04:03:28.362 [docker-java-stream--2048532291] DEBUG com.github.dockerjava.zerodep.shaded.org.apache.hc.client5.http.headers - http-outgoing-1 >> Host: localhost:2375
04:03:28.362 [docker-java-stream--2048532291] DEBUG com.github.dockerjava.zerodep.shaded.org.apache.hc.client5.http.headers - http-outgoing-1 >> Connection: keep-alive
04:03:28.362 [docker-java-stream--2048532291] DEBUG com.github.dockerjava.zerodep.shaded.org.apache.hc.client5.http.headers - http-outgoing-1 >> User-Agent: Apache-HttpClient/5.0.3 (Java/17.0.4)
04:03:28.362 [docker-java-stream--2048532291] DEBUG com.github.dockerjava.zerodep.shaded.org.apache.hc.client5.http.wire - http-outgoing-1 >> "GET /v1.32/containers/8fa742c535a52fa4fbfce9f7e9a5b30cec06e81e1b0d9b59fde8dac85ed4fae9/logs?stdout=true&stderr=true&follow=true&since=0 HTTP/1.1[\r][\n]"
04:03:28.362 [docker-java-stream--2048532291] DEBUG com.github.dockerjava.zerodep.shaded.org.apache.hc.client5.http.wire - http-outgoing-1 >> "x-tc-sid: ed23b396-e83d-44ca-9296-5871eeaad6a6[\r][\n]"
04:03:28.362 [docker-java-stream--2048532291] DEBUG com.github.dockerjava.zerodep.shaded.org.apache.hc.client5.http.wire - http-outgoing-1 >> "Accept-Encoding: gzip, x-gzip, deflate[\r][\n]"
04:03:28.362 [docker-java-stream--2048532291] DEBUG com.github.dockerjava.zerodep.shaded.org.apache.hc.client5.http.wire - http-outgoing-1 >> "Host: localhost:2375[\r][\n]"
04:03:28.362 [docker-java-stream--2048532291] DEBUG com.github.dockerjava.zerodep.shaded.org.apache.hc.client5.http.wire - http-outgoing-1 >> "Connection: keep-alive[\r][\n]"
04:03:28.362 [docker-java-stream--2048532291] DEBUG com.github.dockerjava.zerodep.shaded.org.apache.hc.client5.http.wire - http-outgoing-1 >> "User-Agent: Apache-HttpClient/5.0.3 (Java/17.0.4)[\r][\n]"
04:03:28.362 [docker-java-stream--2048532291] DEBUG com.github.dockerjava.zerodep.shaded.org.apache.hc.client5.http.wire - http-outgoing-1 >> "[\r][\n]"
04:03:28.365 [docker-java-stream--2048532291] DEBUG com.github.dockerjava.zerodep.shaded.org.apache.hc.client5.http.wire - http-outgoing-1 << "HTTP/1.1 200 OK[\r][\n]"
04:03:28.365 [docker-java-stream--2048532291] DEBUG com.github.dockerjava.zerodep.shaded.org.apache.hc.client5.http.wire - http-outgoing-1 << "Api-Version: 1.41[\r][\n]"
04:03:28.365 [docker-java-stream--2048532291] DEBUG com.github.dockerjava.zerodep.shaded.org.apache.hc.client5.http.wire - http-outgoing-1 << "Date: Fri, 24 Feb 2023 12:03:28 GMT[\r][\n]"
04:03:28.365 [docker-java-stream--2048532291] DEBUG com.github.dockerjava.zerodep.shaded.org.apache.hc.client5.http.wire - http-outgoing-1 << "Docker-Experimental: false[\r][\n]"
04:03:28.365 [docker-java-stream--2048532291] DEBUG com.github.dockerjava.zerodep.shaded.org.apache.hc.client5.http.wire - http-outgoing-1 << "Ostype: linux[\r][\n]"
04:03:28.365 [docker-java-stream--2048532291] DEBUG com.github.dockerjava.zerodep.shaded.org.apache.hc.client5.http.wire - http-outgoing-1 << "Server: Docker/20.10.21 (linux)[\r][\n]"
04:03:28.365 [docker-java-stream--2048532291] DEBUG com.github.dockerjava.zerodep.shaded.org.apache.hc.client5.http.wire - http-outgoing-1 << "Transfer-Encoding: chunked[\r][\n]"
04:03:28.365 [docker-java-stream--2048532291] DEBUG com.github.dockerjava.zerodep.shaded.org.apache.hc.client5.http.wire - http-outgoing-1 << "[\r][\n]"
04:03:28.365 [docker-java-stream--2048532291] DEBUG com.github.dockerjava.zerodep.shaded.org.apache.hc.client5.http.headers - http-outgoing-1 << HTTP/1.1 200 OK
04:03:28.365 [docker-java-stream--2048532291] DEBUG com.github.dockerjava.zerodep.shaded.org.apache.hc.client5.http.headers - http-outgoing-1 << Api-Version: 1.41
04:03:28.365 [docker-java-stream--2048532291] DEBUG com.github.dockerjava.zerodep.shaded.org.apache.hc.client5.http.headers - http-outgoing-1 << Date: Fri, 24 Feb 2023 12:03:28 GMT
04:03:28.365 [docker-java-stream--2048532291] DEBUG com.github.dockerjava.zerodep.shaded.org.apache.hc.client5.http.headers - http-outgoing-1 << Docker-Experimental: false
04:03:28.365 [docker-java-stream--2048532291] DEBUG com.github.dockerjava.zerodep.shaded.org.apache.hc.client5.http.headers - http-outgoing-1 << Ostype: linux
04:03:28.365 [docker-java-stream--2048532291] DEBUG com.github.dockerjava.zerodep.shaded.org.apache.hc.client5.http.headers - http-outgoing-1 << Server: Docker/20.10.21 (linux)
04:03:28.365 [docker-java-stream--2048532291] DEBUG com.github.dockerjava.zerodep.shaded.org.apache.hc.client5.http.headers - http-outgoing-1 << Transfer-Encoding: chunked
04:03:28.365 [docker-java-stream--2048532291] DEBUG com.github.dockerjava.zerodep.shaded.org.apache.hc.client5.http.impl.classic.MainClientExec - ex-0000000D: connection can be kept alive for 3 MINUTES
04:03:33.200 [docker-java-stream--2048532291] DEBUG com.github.dockerjava.zerodep.shaded.org.apache.hc.client5.http.wire - http-outgoing-1 << "10c[\r][\n]"
04:03:33.200 [docker-java-stream--2048532291] DEBUG com.github.dockerjava.zerodep.shaded.org.apache.hc.client5.http.wire - http-outgoing-1 << "[0x1][0x0][0x0][0x0][0x0][0x0][0x0]b2023-02-24 12:03:33.196205+00:00 [notice] <0.44.0> Application syslog exited with reason: stopped[\n]"
04:03:33.200 [docker-java-stream--2048532291] DEBUG com.github.dockerjava.zerodep.shaded.org.apache.hc.client5.http.wire - http-outgoing-1 << "[0x1][0x0][0x0][0x0][0x0][0x0][0x0][0xffffff9a]2023-02-24 12:03:33.202362+00:00 [notice] <0.230.0> Logging: switching to configured handler(s); following messages may not be visible in this log output[\n]"
04:03:33.200 [docker-java-stream--2048532291] DEBUG com.github.dockerjava.zerodep.shaded.org.apache.hc.client5.http.wire - http-outgoing-1 << "[\r][\n]"
04:03:33.214 [Test worker] DEBUG org.testcontainers.containers.output.WaitingConsumer - STDOUT: 2023-02-24 12:03:33.202362+00:00 [notice] <0.230.0> Logging: switching to configured handler(s); following messages may not be visible in this log output
04:03:33.214 [Test worker] DEBUG org.testcontainers.containers.output.WaitingConsumer - STDOUT: 2023-02-24 12:03:33.196205+00:00 [notice] <0.44.0> Application syslog exited with reason: stopped
04:03:33.216 [docker-java-stream--2048532291] DEBUG com.github.dockerjava.zerodep.shaded.org.apache.hc.client5.http.wire - http-outgoing-1 << "7a[\r][\n]"
04:03:33.216 [docker-java-stream--2048532291] DEBUG com.github.dockerjava.zerodep.shaded.org.apache.hc.client5.http.wire - http-outgoing-1 << "[0x1][0x0][0x0][0x0][0x0][0x0][0x0]r[0x1b][38;5;87m2023-02-24 12:03:33.221128+00:00 [notice] <0.230.0> Logging: configured log handlers are now ACTIVE[0x1b][0m[\n]"
04:03:33.216 [docker-java-stream--2048532291] DEBUG com.github.dockerjava.zerodep.shaded.org.apache.hc.client5.http.wire - http-outgoing-1 << "[\r][\n]"
04:03:33.230 [Test worker] DEBUG org.testcontainers.containers.output.WaitingConsumer - STDOUT: 2023-02-24 12:03:33.221128+00:00 [notice] <0.230.0> Logging: configured log handlers are now ACTIVE
04:03:33.474 [docker-java-stream--2048532291] DEBUG com.github.dockerjava.zerodep.shaded.org.apache.hc.client5.http.wire - http-outgoing-1 << "116[\r][\n]"
04:03:33.474 [docker-java-stream--2048532291] DEBUG com.github.dockerjava.zerodep.shaded.org.apache.hc.client5.http.wire - http-outgoing-1 << "[0x1][0x0][0x0][0x0][0x0][0x0][0x0]X2023-02-24 12:03:33.476493+00:00 [info] <0.230.0> ra: starting system quorum_queues[0x1b][0m[\n]"
04:03:33.474 [docker-java-stream--2048532291] DEBUG com.github.dockerjava.zerodep.shaded.org.apache.hc.client5.http.wire - http-outgoing-1 << "[0x1][0x0][0x0][0x0][0x0][0x0][0x0][0xffffffae]2023-02-24 12:03:33.476652+00:00 [info] <0.230.0> starting Ra system: quorum_queues in directory: /var/lib/rabbitmq/mnesia/rabbit@8fa742c535a5/quorum/rabbit@8fa742c535a5[0x1b][0m[\n]"
04:03:33.474 [docker-java-stream--2048532291] DEBUG com.github.dockerjava.zerodep.shaded.org.apache.hc.client5.http.wire - http-outgoing-1 << "[\r][\n]"
04:03:33.475 [Test worker] DEBUG org.testcontainers.containers.output.WaitingConsumer - STDOUT: 2023-02-24 12:03:33.476493+00:00 [info] <0.230.0> ra: starting system quorum_queues
04:03:33.475 [Test worker] DEBUG org.testcontainers.containers.output.WaitingConsumer - STDOUT: 2023-02-24 12:03:33.476652+00:00 [info] <0.230.0> starting Ra system: quorum_queues in directory: /var/lib/rabbitmq/mnesia/rabbit@8fa742c535a5/quorum/rabbit@8fa742c535a5
04:03:33.602 [docker-java-stream--2048532291] DEBUG com.github.dockerjava.zerodep.shaded.org.apache.hc.client5.http.wire - http-outgoing-1 << "82[\r][\n]"
04:03:33.602 [docker-java-stream--2048532291] DEBUG com.github.dockerjava.zerodep.shaded.org.apache.hc.client5.http.wire - http-outgoing-1 << "[0x1][0x0][0x0][0x0][0x0][0x0][0x0]z2023-02-24 12:03:33.605482+00:00 [info] <0.266.0> ra system 'quorum_queues' running pre init for 0 registered servers[0x1b][0m[\n]"
04:03:33.602 [docker-java-stream--2048532291] DEBUG com.github.dockerjava.zerodep.shaded.org.apache.hc.client5.http.wire - http-outgoing-1 << "[\r][\n]"
04:03:33.603 [Test worker] DEBUG org.testcontainers.containers.output.WaitingConsumer - STDOUT: 2023-02-24 12:03:33.605482+00:00 [info] <0.266.0> ra system 'quorum_queues' running pre init for 0 registered servers
04:03:33.617 [docker-java-stream--2048532291] DEBUG com.github.dockerjava.zerodep.shaded.org.apache.hc.client5.http.wire - http-outgoing-1 << "8e[\r][\n]"
04:03:33.617 [docker-java-stream--2048532291] DEBUG com.github.dockerjava.zerodep.shaded.org.apache.hc.client5.http.wire - http-outgoing-1 << "[0x1][0x0][0x0][0x0][0x0][0x0][0x0][0xffffff86]2023-02-24 12:03:33.620990+00:00 [info] <0.267.0> ra: meta data store initialised for system quorum_queues. 0 record(s) recovered[0x1b][0m[\n]"
04:03:33.617 [docker-java-stream--2048532291] DEBUG com.github.dockerjava.zerodep.shaded.org.apache.hc.client5.http.wire - http-outgoing-1 << "[\r][\n]"
04:03:33.619 [Test worker] DEBUG org.testcontainers.containers.output.WaitingConsumer - STDOUT: 2023-02-24 12:03:33.620990+00:00 [info] <0.267.0> ra: meta data store initialised for system quorum_queues. 0 record(s) recovered
04:03:33.637 [docker-java-stream--2048532291] DEBUG com.github.dockerjava.zerodep.shaded.org.apache.hc.client5.http.wire - http-outgoing-1 << "a9[\r][\n]"
04:03:33.637 [docker-java-stream--2048532291] DEBUG com.github.dockerjava.zerodep.shaded.org.apache.hc.client5.http.wire - http-outgoing-1 << "[0x1][0x0][0x0][0x0][0x0][0x0][0x0][0xffffffa1][0x1b][38;5;87m2023-02-24 12:03:33.640768+00:00 [notice] <0.272.0> WAL: ra_log_wal init, open tbls: ra_log_open_mem_tables, closed tbls: ra_log_closed_mem_tables[0x1b][0m[\n]"
04:03:33.637 [docker-java-stream--2048532291] DEBUG com.github.dockerjava.zerodep.shaded.org.apache.hc.client5.http.wire - http-outgoing-1 << "[\r][\n]"
04:03:33.638 [Test worker] DEBUG org.testcontainers.containers.output.WaitingConsumer - STDOUT: 2023-02-24 12:03:33.640768+00:00 [notice] <0.272.0> WAL: ra_log_wal init, open tbls: ra_log_open_mem_tables, closed tbls: ra_log_closed_mem_tables
04:03:33.650 [docker-java-stream--2048532291] DEBUG com.github.dockerjava.zerodep.shaded.org.apache.hc.client5.http.wire - http-outgoing-1 << "5f[\r][\n]"
04:03:33.650 [docker-java-stream--2048532291] DEBUG com.github.dockerjava.zerodep.shaded.org.apache.hc.client5.http.wire - http-outgoing-1 << "[0x1][0x0][0x0][0x0][0x0][0x0][0x0]W2023-02-24 12:03:33.653530+00:00 [info] <0.230.0> ra: starting system coordination[0x1b][0m[\n]"
04:03:33.650 [docker-java-stream--2048532291] DEBUG com.github.dockerjava.zerodep.shaded.org.apache.hc.client5.http.wire - http-outgoing-1 << "[\r][\n]"
04:03:33.651 [Test worker] DEBUG org.testcontainers.containers.output.WaitingConsumer - STDOUT: 2023-02-24 12:03:33.653530+00:00 [info] <0.230.0> ra: starting system coordination
04:03:33.651 [docker-java-stream--2048532291] DEBUG com.github.dockerjava.zerodep.shaded.org.apache.hc.client5.http.wire - http-outgoing-1 << "bb[\r][\n]"
04:03:33.651 [docker-java-stream--2048532291] DEBUG com.github.dockerjava.zerodep.shaded.org.apache.hc.client5.http.wire - http-outgoing-1 << "[0x1][0x0][0x0][0x0][0x0][0x0][0x0][0xffffffb3]2023-02-24 12:03:33.653615+00:00 [info] <0.230.0> starting Ra system: coordination in directory: /var/lib/rabbitmq/mnesia/rabbit@8fa742c535a5/coordination/rabbit@8fa742c535a5[0x1b][0m[\n]"
04:03:33.651 [docker-java-stream--2048532291] DEBUG com.github.dockerjava.zerodep.shaded.org.apache.hc.client5.http.wire - http-outgoing-1 << "[\r][\n]"
04:03:33.652 [docker-java-stream--2048532291] DEBUG com.github.dockerjava.zerodep.shaded.org.apache.hc.client5.http.wire - http-outgoing-1 << "81[\r][\n]"
04:03:33.652 [docker-java-stream--2048532291] DEBUG com.github.dockerjava.zerodep.shaded.org.apache.hc.client5.http.wire - http-outgoing-1 << "[0x1][0x0][0x0][0x0][0x0][0x0][0x0]y2023-02-24 12:03:33.656629+00:00 [info] <0.279.0> ra system 'coordination' running pre init for 0 registered servers[0x1b][0m[\n]"
04:03:33.652 [docker-java-stream--2048532291] DEBUG com.github.dockerjava.zerodep.shaded.org.apache.hc.client5.http.wire - http-outgoing-1 << "[\r][\n]"
04:03:33.653 [docker-java-stream--2048532291] DEBUG com.github.dockerjava.zerodep.shaded.org.apache.hc.client5.http.wire - http-outgoing-1 << "15d[\r][\n]"
04:03:33.653 [docker-java-stream--2048532291] DEBUG com.github.dockerjava.zerodep.shaded.org.apache.hc.client5.http.wire - http-outgoing-1 << "[0x1][0x0][0x0][0x0][0x0][0x0][0x0][0xffffff85]2023-02-24 12:03:33.657729+00:00 [info] <0.280.0> ra: meta data store initialised for system coordination. 0 record(s) recovered[0x1b][0m[\n]"
04:03:33.653 [docker-java-stream--2048532291] DEBUG com.github.dockerjava.zerodep.shaded.org.apache.hc.client5.http.wire - http-outgoing-1 << "[0x1][0x0][0x0][0x0][0x0][0x0][0x0][0xffffffc8][0x1b][38;5;87m2023-02-24 12:03:33.657878+00:00 [notice] <0.285.0> WAL: ra_coordination_log_wal init, open tbls: ra_coordination_log_open_mem_tables, closed tbls: ra_coordination_log_closed_mem_tables[0x1b][0m[\n]"
04:03:33.653 [docker-java-stream--2048532291] DEBUG com.github.dockerjava.zerodep.shaded.org.apache.hc.client5.http.wire - http-outgoing-1 << "[\r][\n]"
04:03:33.661 [docker-java-stream--2048532291] DEBUG com.github.dockerjava.zerodep.shaded.org.apache.hc.client5.http.wire - http-outgoing-1 << "19e[\r][\n]"
04:03:33.661 [docker-java-stream--2048532291] DEBUG com.github.dockerjava.zerodep.shaded.org.apache.hc.client5.http.wire - http-outgoing-1 << "[0x1][0x0][0x0][0x0][0x0][0x0][0x0]72023-02-24 12:03:33.662868+00:00 [info] <0.230.0> [0x1b][0m[\n]"
04:03:33.661 [docker-java-stream--2048532291] DEBUG com.github.dockerjava.zerodep.shaded.org.apache.hc.client5.http.wire - http-outgoing-1 << "[0x1][0x0][0x0][0x0][0x0][0x0][0x0]g2023-02-24 12:03:33.662868+00:00 [info] <0.230.0>  Starting RabbitMQ 3.11.9 on Erlang 25.2.3 [jit][0x1b][0m[\n]"
04:03:33.661 [docker-java-stream--2048532291] DEBUG com.github.dockerjava.zerodep.shaded.org.apache.hc.client5.http.wire - http-outgoing-1 << "[0x1][0x0][0x0][0x0][0x0][0x0][0x0]o2023-02-24 12:03:33.662868+00:00 [info] <0.230.0>  Copyright (c) 2007-2023 VMware, Inc. or its affiliates.[0x1b][0m[\n]"
04:03:33.661 [docker-java-stream--2048532291] DEBUG com.github.dockerjava.zerodep.shaded.org.apache.hc.client5.http.wire - http-outgoing-1 << "[0x1][0x0][0x0][0x0][0x0][0x0][0x0]q2023-02-24 12:03:33.662868+00:00 [info] <0.230.0>  Licensed under the MPL 2.0. Website: https://rabbitmq.com[0x1b][0m[\n]"
04:03:33.661 [docker-java-stream--2048532291] DEBUG com.github.dockerjava.zerodep.shaded.org.apache.hc.client5.http.wire - http-outgoing-1 << "[\r][\n]"
04:03:33.661 [docker-java-stream--2048532291] DEBUG com.github.dockerjava.zerodep.shaded.org.apache.hc.client5.http.wire - http-outgoing-1 << "2f[\r][\n]"
04:03:33.661 [docker-java-stream--2048532291] DEBUG com.github.dockerjava.zerodep.shaded.org.apache.hc.client5.http.wire - http-outgoing-1 << "[0x1][0x0][0x0][0x0][0x0][0x0][0x0][0x1][\n]"
04:03:33.661 [docker-java-stream--2048532291] DEBUG com.github.dockerjava.zerodep.shaded.org.apache.hc.client5.http.wire - http-outgoing-1 << "[0x1][0x0][0x0][0x0][0x0][0x0][0x0][0x1e]  ##  ##      RabbitMQ 3.11.9[\n]"
04:03:33.661 [docker-java-stream--2048532291] DEBUG com.github.dockerjava.zerodep.shaded.org.apache.hc.client5.http.wire - http-outgoing-1 << "[\r][\n]"
04:03:33.661 [docker-java-stream--2048532291] DEBUG com.github.dockerjava.zerodep.shaded.org.apache.hc.client5.http.wire - http-outgoing-1 << "2c4[\r][\n]"
04:03:33.661 [docker-java-stream--2048532291] DEBUG com.github.dockerjava.zerodep.shaded.org.apache.hc.client5.http.wire - http-outgoing-1 << "[0x1][0x0][0x0][0x0][0x0][0x0][0x0][0x9]  ##  ##[\n]"
04:03:33.661 [docker-java-stream--2048532291] DEBUG com.github.dockerjava.zerodep.shaded.org.apache.hc.client5.http.wire - http-outgoing-1 << "[0x1][0x0][0x0][0x0][0x0][0x0][0x0]F  ##########  Copyright (c) 2007-2023 VMware, Inc. or its affiliates.[\n]"
04:03:33.661 [docker-java-stream--2048532291] DEBUG com.github.dockerjava.zerodep.shaded.org.apache.hc.client5.http.wire - http-outgoing-1 << "[0x1][0x0][0x0][0x0][0x0][0x0][0x0][\r]  ######  ##[\n]"
04:03:33.661 [docker-java-stream--2048532291] DEBUG com.github.dockerjava.zerodep.shaded.org.apache.hc.client5.http.wire - http-outgoing-1 << "[0x1][0x0][0x0][0x0][0x0][0x0][0x0]H  ##########  Licensed under the MPL 2.0. Website: https://rabbitmq.com[\n]"
04:03:33.661 [docker-java-stream--2048532291] DEBUG com.github.dockerjava.zerodep.shaded.org.apache.hc.client5.http.wire - http-outgoing-1 << "[0x1][0x0][0x0][0x0][0x0][0x0][0x0][0x1][\n]"
04:03:33.661 [docker-java-stream--2048532291] DEBUG com.github.dockerjava.zerodep.shaded.org.apache.hc.client5.http.wire - http-outgoing-1 << "[0x1][0x0][0x0][0x0][0x0][0x0][0x0][0x1c]  Erlang:      25.2.3 [jit][\n]"
04:03:33.661 [docker-java-stream--2048532291] DEBUG com.github.dockerjava.zerodep.shaded.org.apache.hc.client5.http.wire - http-outgoing-1 << "[0x1][0x0][0x0][0x0][0x0][0x0][0x0]2  TLS Library: OpenSSL - OpenSSL 3.0.8 7 Feb 2023[\n]"
04:03:33.661 [docker-java-stream--2048532291] DEBUG com.github.dockerjava.zerodep.shaded.org.apache.hc.client5.http.wire - http-outgoing-1 << "[0x1][0x0][0x0][0x0][0x0][0x0][0x0]+  Release series support status: supported[\n]"
04:03:33.661 [docker-java-stream--2048532291] DEBUG com.github.dockerjava.zerodep.shaded.org.apache.hc.client5.http.wire - http-outgoing-1 << "[0x1][0x0][0x0][0x0][0x0][0x0][0x0][0x1][\n]"
04:03:33.661 [docker-java-stream--2048532291] DEBUG com.github.dockerjava.zerodep.shaded.org.apache.hc.client5.http.wire - http-outgoing-1 << "[0x1][0x0][0x0][0x0][0x0][0x0][0x0]7  Doc guides:  https://rabbitmq.com/documentation.html[\n]"
04:03:33.661 [docker-java-stream--2048532291] DEBUG com.github.dockerjava.zerodep.shaded.org.apache.hc.client5.http.wire - http-outgoing-1 << "[0x1][0x0][0x0][0x0][0x0][0x0][0x0]1  Support:     https://rabbitmq.com/contact.html[\n]"
04:03:33.661 [docker-java-stream--2048532291] DEBUG com.github.dockerjava.zerodep.shaded.org.apache.hc.client5.http.wire - http-outgoing-1 << "[0x1][0x0][0x0][0x0][0x0][0x0][0x0]4  Tutorials:   https://rabbitmq.com/getstarted.html[\n]"
04:03:33.661 [docker-java-stream--2048532291] DEBUG com.github.dockerjava.zerodep.shaded.org.apache.hc.client5.http.wire - http-outgoing-1 << "[0x1][0x0][0x0][0x0][0x0][0x0][0x0]4  Monitoring:  https://rabbitmq.com/monitoring.html[\n]"
04:03:33.661 [docker-java-stream--2048532291] DEBUG com.github.dockerjava.zerodep.shaded.org.apache.hc.client5.http.wire - http-outgoing-1 << "[0x1][0x0][0x0][0x0][0x0][0x0][0x0][0x1][\n]"
04:03:33.661 [docker-java-stream--2048532291] DEBUG com.github.dockerjava.zerodep.shaded.org.apache.hc.client5.http.wire - http-outgoing-1 << "[0x1][0x0][0x0][0x0][0x0][0x0][0x0]:  Logs: /var/log/rabbitmq/rabbit@8fa742c535a5_upgrade.log[\n]"
04:03:33.661 [docker-java-stream--2048532291] DEBUG com.github.dockerjava.zerodep.shaded.org.apache.hc.client5.http.wire - http-outgoing-1 << "[0x1][0x0][0x0][0x0][0x0][0x0][0x0][0x11]        <stdout>[\n]"
04:03:33.661 [docker-java-stream--2048532291] DEBUG com.github.dockerjava.zerodep.shaded.org.apache.hc.client5.http.wire - http-outgoing-1 << "[0x1][0x0][0x0][0x0][0x0][0x0][0x0][0x1][\n]"
04:03:33.661 [docker-java-stream--2048532291] DEBUG com.github.dockerjava.zerodep.shaded.org.apache.hc.client5.http.wire - http-outgoing-1 << "[\r][\n]"
04:03:33.661 [docker-java-stream--2048532291] DEBUG com.github.dockerjava.zerodep.shaded.org.apache.hc.client5.http.wire - http-outgoing-1 << "9c[\r][\n]"
04:03:33.661 [docker-java-stream--2048532291] DEBUG com.github.dockerjava.zerodep.shaded.org.apache.hc.client5.http.wire - http-outgoing-1 << "[0x1][0x0][0x0][0x0][0x0][0x0][0x0]8  Config file(s): /etc/rabbitmq/conf.d/10-defaults.conf[\n]"
04:03:33.661 [docker-java-stream--2048532291] DEBUG com.github.dockerjava.zerodep.shaded.org.apache.hc.client5.http.wire - http-outgoing-1 << "[0x1][0x0][0x0][0x0][0x0][0x0][0x0][0x1][\n]"
04:03:33.661 [docker-java-stream--2048532291] DEBUG com.github.dockerjava.zerodep.shaded.org.apache.hc.client5.http.wire - http-outgoing-1 << "[0x1][0x0][0x0][0x0][0x0][0x0][0x0]K  Starting broker...2023-02-24 12:03:33.664820+00:00 [info] <0.230.0> [0x1b][0m[\n]"
04:03:33.661 [docker-java-stream--2048532291] DEBUG com.github.dockerjava.zerodep.shaded.org.apache.hc.client5.http.wire - http-outgoing-1 << "[\r][\n]"
04:03:33.662 [docker-java-stream--2048532291] DEBUG com.github.dockerjava.zerodep.shaded.org.apache.hc.client5.http.wire - http-outgoing-1 << "c6[\r][\n]"
04:03:33.662 [docker-java-stream--2048532291] DEBUG com.github.dockerjava.zerodep.shaded.org.apache.hc.client5.http.wire - http-outgoing-1 << "[0x1][0x0][0x0][0x0][0x0][0x0][0x0]\2023-02-24 12:03:33.664820+00:00 [info] <0.230.0>  node           : rabbit@8fa742c535a5[0x1b][0m[\n]"
04:03:33.662 [docker-java-stream--2048532291] DEBUG com.github.dockerjava.zerodep.shaded.org.apache.hc.client5.http.wire - http-outgoing-1 << "[0x1][0x0][0x0][0x0][0x0][0x0][0x0]Z2023-02-24 12:03:33.664820+00:00 [info] <0.230.0>  home dir       : /var/lib/rabbitmq[0x1b][0m[\n]"
04:03:33.662 [docker-java-stream--2048532291] DEBUG com.github.dockerjava.zerodep.shaded.org.apache.hc.client5.http.wire - http-outgoing-1 << "[\r][\n]"
04:03:33.662 [docker-java-stream--2048532291] DEBUG com.github.dockerjava.zerodep.shaded.org.apache.hc.client5.http.wire - http-outgoing-1 << "237[\r][\n]"
04:03:33.662 [docker-java-stream--2048532291] DEBUG com.github.dockerjava.zerodep.shaded.org.apache.hc.client5.http.wire - http-outgoing-1 << "[0x1][0x0][0x0][0x0][0x0][0x0][0x0]n2023-02-24 12:03:33.664820+00:00 [info] <0.230.0>  config file(s) : /etc/rabbitmq/conf.d/10-defaults.conf[0x1b][0m[\n]"
04:03:33.662 [docker-java-stream--2048532291] DEBUG com.github.dockerjava.zerodep.shaded.org.apache.hc.client5.http.wire - http-outgoing-1 << "[0x1][0x0][0x0][0x0][0x0][0x0][0x0]a2023-02-24 12:03:33.664820+00:00 [info] <0.230.0>  cookie hash    : +nRoA7tBsVr0G5F7BYKnkQ==[0x1b][0m[\n]"
04:03:33.662 [docker-java-stream--2048532291] DEBUG com.github.dockerjava.zerodep.shaded.org.apache.hc.client5.http.wire - http-outgoing-1 << "[0x1][0x0][0x0][0x0][0x0][0x0][0x0]z2023-02-24 12:03:33.664820+00:00 [info] <0.230.0>  log(s)         : /var/log/rabbitmq/rabbit@8fa742c535a5_upgrade.log[0x1b][0m[\n]"
04:03:33.662 [docker-java-stream--2048532291] DEBUG com.github.dockerjava.zerodep.shaded.org.apache.hc.client5.http.wire - http-outgoing-1 << "[0x1][0x0][0x0][0x0][0x0][0x0][0x0]Q2023-02-24 12:03:33.664820+00:00 [info] <0.230.0>                 : <stdout>[0x1b][0m[\n]"
04:03:33.662 [docker-java-stream--2048532291] DEBUG com.github.dockerjava.zerodep.shaded.org.apache.hc.client5.http.wire - http-outgoing-1 << "[0x1][0x0][0x0][0x0][0x0][0x0][0x0]u2023-02-24 12:03:33.664820+00:00 [info] <0.230.0>  database dir   : /var/lib/rabbitmq/mnesia/rabbit@8fa742c535a5[0x1b][0m[\n]"
04:03:33.662 [docker-java-stream--2048532291] DEBUG com.github.dockerjava.zerodep.shaded.org.apache.hc.client5.http.wire - http-outgoing-1 << "[\r][\n]"
04:03:33.665 [Test worker] DEBUG org.testcontainers.containers.output.WaitingConsumer - STDOUT: 2023-02-24 12:03:33.664820+00:00 [info] <0.230.0>  database dir   : /var/lib/rabbitmq/mnesia/rabbit@8fa742c535a5
04:03:33.665 [Test worker] DEBUG org.testcontainers.containers.output.WaitingConsumer - STDOUT: 2023-02-24 12:03:33.664820+00:00 [info] <0.230.0>                 : <stdout>
04:03:33.665 [Test worker] DEBUG org.testcontainers.containers.output.WaitingConsumer - STDOUT: 2023-02-24 12:03:33.664820+00:00 [info] <0.230.0>  log(s)         : /var/log/rabbitmq/rabbit@8fa742c535a5_upgrade.log
04:03:33.665 [Test worker] DEBUG org.testcontainers.containers.output.WaitingConsumer - STDOUT: 2023-02-24 12:03:33.664820+00:00 [info] <0.230.0>  cookie hash    : +nRoA7tBsVr0G5F7BYKnkQ==
04:03:33.665 [Test worker] DEBUG org.testcontainers.containers.output.WaitingConsumer - STDOUT: 2023-02-24 12:03:33.664820+00:00 [info] <0.230.0>  config file(s) : /etc/rabbitmq/conf.d/10-defaults.conf
04:03:33.665 [Test worker] DEBUG org.testcontainers.containers.output.WaitingConsumer - STDOUT: 2023-02-24 12:03:33.664820+00:00 [info] <0.230.0>  home dir       : /var/lib/rabbitmq
04:03:33.665 [Test worker] DEBUG org.testcontainers.containers.output.WaitingConsumer - STDOUT: 2023-02-24 12:03:33.664820+00:00 [info] <0.230.0>  node           : rabbit@8fa742c535a5
04:03:33.666 [Test worker] DEBUG org.testcontainers.containers.output.WaitingConsumer - STDOUT:   Starting broker...2023-02-24 12:03:33.664820+00:00 [info] <0.230.0> 
04:03:33.666 [Test worker] DEBUG org.testcontainers.containers.output.WaitingConsumer - STDOUT: 
04:03:33.666 [Test worker] DEBUG org.testcontainers.containers.output.WaitingConsumer - STDOUT:   Config file(s): /etc/rabbitmq/conf.d/10-defaults.conf
04:03:33.666 [Test worker] DEBUG org.testcontainers.containers.output.WaitingConsumer - STDOUT: 
04:03:33.666 [Test worker] DEBUG org.testcontainers.containers.output.WaitingConsumer - STDOUT:         <stdout>
04:03:33.666 [Test worker] DEBUG org.testcontainers.containers.output.WaitingConsumer - STDOUT:   Logs: /var/log/rabbitmq/rabbit@8fa742c535a5_upgrade.log
04:03:33.666 [Test worker] DEBUG org.testcontainers.containers.output.WaitingConsumer - STDOUT: 
04:03:33.666 [Test worker] DEBUG org.testcontainers.containers.output.WaitingConsumer - STDOUT:   Monitoring:  https://rabbitmq.com/monitoring.html
04:03:33.666 [Test worker] DEBUG org.testcontainers.containers.output.WaitingConsumer - STDOUT:   Tutorials:   https://rabbitmq.com/getstarted.html
04:03:33.666 [Test worker] DEBUG org.testcontainers.containers.output.WaitingConsumer - STDOUT:   Support:     https://rabbitmq.com/contact.html
04:03:33.666 [Test worker] DEBUG org.testcontainers.containers.output.WaitingConsumer - STDOUT:   Doc guides:  https://rabbitmq.com/documentation.html
04:03:33.666 [Test worker] DEBUG org.testcontainers.containers.output.WaitingConsumer - STDOUT: 
04:03:33.666 [Test worker] DEBUG org.testcontainers.containers.output.WaitingConsumer - STDOUT:   Release series support status: supported
04:03:33.666 [Test worker] DEBUG org.testcontainers.containers.output.WaitingConsumer - STDOUT:   TLS Library: OpenSSL - OpenSSL 3.0.8 7 Feb 2023
04:03:33.667 [Test worker] DEBUG org.testcontainers.containers.output.WaitingConsumer - STDOUT:   Erlang:      25.2.3 [jit]
04:03:33.667 [Test worker] DEBUG org.testcontainers.containers.output.WaitingConsumer - STDOUT: 
04:03:33.667 [Test worker] DEBUG org.testcontainers.containers.output.WaitingConsumer - STDOUT:   ##########  Licensed under the MPL 2.0. Website: https://rabbitmq.com
04:03:33.667 [Test worker] DEBUG org.testcontainers.containers.output.WaitingConsumer - STDOUT:   ######  ##
04:03:33.667 [Test worker] DEBUG org.testcontainers.containers.output.WaitingConsumer - STDOUT:   ##########  Copyright (c) 2007-2023 VMware, Inc. or its affiliates.
04:03:33.667 [Test worker] DEBUG org.testcontainers.containers.output.WaitingConsumer - STDOUT:   ##  ##
04:03:33.667 [Test worker] DEBUG org.testcontainers.containers.output.WaitingConsumer - STDOUT:   ##  ##      RabbitMQ 3.11.9
04:03:33.668 [Test worker] DEBUG org.testcontainers.containers.output.WaitingConsumer - STDOUT: 
04:03:33.668 [Test worker] DEBUG org.testcontainers.containers.output.WaitingConsumer - STDOUT: 2023-02-24 12:03:33.662868+00:00 [info] <0.230.0>  Licensed under the MPL 2.0. Website: https://rabbitmq.com
04:03:33.668 [Test worker] DEBUG org.testcontainers.containers.output.WaitingConsumer - STDOUT: 2023-02-24 12:03:33.662868+00:00 [info] <0.230.0>  Copyright (c) 2007-2023 VMware, Inc. or its affiliates.
04:03:33.668 [Test worker] DEBUG org.testcontainers.containers.output.WaitingConsumer - STDOUT: 2023-02-24 12:03:33.662868+00:00 [info] <0.230.0>  Starting RabbitMQ 3.11.9 on Erlang 25.2.3 [jit]
04:03:33.668 [Test worker] DEBUG org.testcontainers.containers.output.WaitingConsumer - STDOUT: 2023-02-24 12:03:33.662868+00:00 [info] <0.230.0> 
04:03:33.668 [Test worker] DEBUG org.testcontainers.containers.output.WaitingConsumer - STDOUT: 2023-02-24 12:03:33.657878+00:00 [notice] <0.285.0> WAL: ra_coordination_log_wal init, open tbls: ra_coordination_log_open_mem_tables, closed tbls: ra_coordination_log_closed_mem_tables
04:03:33.668 [Test worker] DEBUG org.testcontainers.containers.output.WaitingConsumer - STDOUT: 2023-02-24 12:03:33.657729+00:00 [info] <0.280.0> ra: meta data store initialised for system coordination. 0 record(s) recovered
04:03:33.668 [Test worker] DEBUG org.testcontainers.containers.output.WaitingConsumer - STDOUT: 2023-02-24 12:03:33.656629+00:00 [info] <0.279.0> ra system 'coordination' running pre init for 0 registered servers
04:03:33.668 [Test worker] DEBUG org.testcontainers.containers.output.WaitingConsumer - STDOUT: 2023-02-24 12:03:33.653615+00:00 [info] <0.230.0> starting Ra system: coordination in directory: /var/lib/rabbitmq/mnesia/rabbit@8fa742c535a5/coordination/rabbit@8fa742c535a5
04:03:36.796 [docker-java-stream--2048532291] DEBUG com.github.dockerjava.zerodep.shaded.org.apache.hc.client5.http.wire - http-outgoing-1 << "1e2[\r][\n]"
04:03:36.796 [docker-java-stream--2048532291] DEBUG com.github.dockerjava.zerodep.shaded.org.apache.hc.client5.http.wire - http-outgoing-1 << "[0x1][0x0][0x0][0x0][0x0][0x0][0x0]g2023-02-24 12:03:36.799013+00:00 [info] <0.230.0> Running boot step pre_boot defined by app rabbit[0x1b][0m[\n]"
04:03:36.796 [docker-java-stream--2048532291] DEBUG com.github.dockerjava.zerodep.shaded.org.apache.hc.client5.http.wire - http-outgoing-1 << "[0x1][0x0][0x0][0x0][0x0][0x0][0x0]u2023-02-24 12:03:36.799112+00:00 [info] <0.230.0> Running boot step rabbit_global_counters defined by app rabbit[0x1b][0m[\n]"
04:03:36.796 [docker-java-stream--2048532291] DEBUG com.github.dockerjava.zerodep.shaded.org.apache.hc.client5.http.wire - http-outgoing-1 << "[0x1][0x0][0x0][0x0][0x0][0x0][0x0]t2023-02-24 12:03:36.799623+00:00 [info] <0.230.0> Running boot step rabbit_osiris_metrics defined by app rabbit[0x1b][0m[\n]"
04:03:36.796 [docker-java-stream--2048532291] DEBUG com.github.dockerjava.zerodep.shaded.org.apache.hc.client5.http.wire - http-outgoing-1 << "[0x1][0x0][0x0][0x0][0x0][0x0][0x0]r2023-02-24 12:03:36.799761+00:00 [info] <0.230.0> Running boot step rabbit_core_metrics defined by app rabbit[0x1b][0m[\n]"
04:03:36.796 [docker-java-stream--2048532291] DEBUG com.github.dockerjava.zerodep.shaded.org.apache.hc.client5.http.wire - http-outgoing-1 << "[\r][\n]"
04:03:36.798 [Test worker] DEBUG org.testcontainers.containers.output.WaitingConsumer - STDOUT: 2023-02-24 12:03:36.799761+00:00 [info] <0.230.0> Running boot step rabbit_core_metrics defined by app rabbit
04:03:36.798 [Test worker] DEBUG org.testcontainers.containers.output.WaitingConsumer - STDOUT: 2023-02-24 12:03:36.799623+00:00 [info] <0.230.0> Running boot step rabbit_osiris_metrics defined by app rabbit
04:03:36.798 [Test worker] DEBUG org.testcontainers.containers.output.WaitingConsumer - STDOUT: 2023-02-24 12:03:36.799112+00:00 [info] <0.230.0> Running boot step rabbit_global_counters defined by app rabbit
04:03:36.798 [Test worker] DEBUG org.testcontainers.containers.output.WaitingConsumer - STDOUT: 2023-02-24 12:03:36.799013+00:00 [info] <0.230.0> Running boot step pre_boot defined by app rabbit
04:03:36.806 [docker-java-stream--2048532291] DEBUG com.github.dockerjava.zerodep.shaded.org.apache.hc.client5.http.wire - http-outgoing-1 << "73[\r][\n]"
04:03:36.807 [docker-java-stream--2048532291] DEBUG com.github.dockerjava.zerodep.shaded.org.apache.hc.client5.http.wire - http-outgoing-1 << "[0x1][0x0][0x0][0x0][0x0][0x0][0x0]k2023-02-24 12:03:36.801069+00:00 [info] <0.230.0> Running boot step rabbit_alarm defined by app rabbit[0x1b][0m[\n]"
04:03:36.807 [docker-java-stream--2048532291] DEBUG com.github.dockerjava.zerodep.shaded.org.apache.hc.client5.http.wire - http-outgoing-1 << "[\r][\n]"
04:03:36.811 [docker-java-stream--2048532291] DEBUG com.github.dockerjava.zerodep.shaded.org.apache.hc.client5.http.wire - http-outgoing-1 << "192[\r][\n]"
04:03:36.811 [docker-java-stream--2048532291] DEBUG com.github.dockerjava.zerodep.shaded.org.apache.hc.client5.http.wire - http-outgoing-1 << "[0x1][0x0][0x0][0x0][0x0][0x0][0x0][0xffffff94]2023-02-24 12:03:36.806237+00:00 [info] <0.300.0> Memory high watermark set to 1516 MiB (1590183526 bytes) of 3791 MiB (3975458816 bytes) total[0x1b][0m[\n]"
04:03:36.811 [docker-java-stream--2048532291] DEBUG com.github.dockerjava.zerodep.shaded.org.apache.hc.client5.http.wire - http-outgoing-1 << "[0x1][0x0][0x0][0x0][0x0][0x0][0x0][0xffffff94]2023-02-24 12:03:36.809769+00:00 [info] <0.302.0> Enabling free disk space monitoring (disk free space: 251827998720, total memory: 3975458816)[0x1b][0m[\n]"
04:03:36.811 [docker-java-stream--2048532291] DEBUG com.github.dockerjava.zerodep.shaded.org.apache.hc.client5.http.wire - http-outgoing-1 << "[0x1][0x0][0x0][0x0][0x0][0x0][0x0]R2023-02-24 12:03:36.809812+00:00 [info] <0.302.0> Disk free limit set to 50MB[0x1b][0m[\n]"
04:03:36.811 [docker-java-stream--2048532291] DEBUG com.github.dockerjava.zerodep.shaded.org.apache.hc.client5.http.wire - http-outgoing-1 << "[\r][\n]"
04:03:36.813 [Test worker] DEBUG org.testcontainers.containers.output.WaitingConsumer - STDOUT: 2023-02-24 12:03:36.809812+00:00 [info] <0.302.0> Disk free limit set to 50MB
04:03:36.813 [Test worker] DEBUG org.testcontainers.containers.output.WaitingConsumer - STDOUT: 2023-02-24 12:03:36.809769+00:00 [info] <0.302.0> Enabling free disk space monitoring (disk free space: 251827998720, total memory: 3975458816)
04:03:36.813 [Test worker] DEBUG org.testcontainers.containers.output.WaitingConsumer - STDOUT: 2023-02-24 12:03:36.806237+00:00 [info] <0.300.0> Memory high watermark set to 1516 MiB (1590183526 bytes) of 3791 MiB (3975458816 bytes) total
04:03:36.814 [Test worker] DEBUG org.testcontainers.containers.output.WaitingConsumer - STDOUT: 2023-02-24 12:03:36.801069+00:00 [info] <0.230.0> Running boot step rabbit_alarm defined by app rabbit
04:03:36.815 [docker-java-stream--2048532291] DEBUG com.github.dockerjava.zerodep.shaded.org.apache.hc.client5.http.wire - http-outgoing-1 << "1bd[\r][\n]"
04:03:36.815 [docker-java-stream--2048532291] DEBUG com.github.dockerjava.zerodep.shaded.org.apache.hc.client5.http.wire - http-outgoing-1 << "[0x1][0x0][0x0][0x0][0x0][0x0][0x0]p2023-02-24 12:03:36.817901+00:00 [info] <0.230.0> Running boot step code_server_cache defined by app rabbit[0x1b][0m[\n]"
04:03:36.815 [docker-java-stream--2048532291] DEBUG com.github.dockerjava.zerodep.shaded.org.apache.hc.client5.http.wire - http-outgoing-1 << "[0x1][0x0][0x0][0x0][0x0][0x0][0x0]p2023-02-24 12:03:36.818038+00:00 [info] <0.230.0> Running boot step file_handle_cache defined by app rabbit[0x1b][0m[\n]"
04:03:36.815 [docker-java-stream--2048532291] DEBUG com.github.dockerjava.zerodep.shaded.org.apache.hc.client5.http.wire - http-outgoing-1 << "[0x1][0x0][0x0][0x0][0x0][0x0][0x0]o2023-02-24 12:03:36.818304+00:00 [info] <0.305.0> Limiting to approx 1048479 file handles (943629 sockets)[0x1b][0m[\n]"
04:03:36.815 [docker-java-stream--2048532291] DEBUG com.github.dockerjava.zerodep.shaded.org.apache.hc.client5.http.wire - http-outgoing-1 << "[0x1][0x0][0x0][0x0][0x0][0x0][0x0]N2023-02-24 12:03:36.818533+00:00 [info] <0.306.0> FHC read buffering: OFF[0x1b][0m[\n]"
04:03:36.815 [docker-java-stream--2048532291] DEBUG com.github.dockerjava.zerodep.shaded.org.apache.hc.client5.http.wire - http-outgoing-1 << "[\r][\n]"
04:03:36.815 [docker-java-stream--2048532291] DEBUG com.github.dockerjava.zerodep.shaded.org.apache.hc.client5.http.wire - http-outgoing-1 << "1ad[\r][\n]"
04:03:36.815 [docker-java-stream--2048532291] DEBUG com.github.dockerjava.zerodep.shaded.org.apache.hc.client5.http.wire - http-outgoing-1 << "[0x1][0x0][0x0][0x0][0x0][0x0][0x0]N2023-02-24 12:03:36.818583+00:00 [info] <0.306.0> FHC write buffering: ON[0x1b][0m[\n]"
04:03:36.815 [docker-java-stream--2048532291] DEBUG com.github.dockerjava.zerodep.shaded.org.apache.hc.client5.http.wire - http-outgoing-1 << "[0x1][0x0][0x0][0x0][0x0][0x0][0x0]j2023-02-24 12:03:36.819181+00:00 [info] <0.230.0> Running boot step worker_pool defined by app rabbit[0x1b][0m[\n]"
04:03:36.815 [docker-java-stream--2048532291] DEBUG com.github.dockerjava.zerodep.shaded.org.apache.hc.client5.http.wire - http-outgoing-1 << "[0x1][0x0][0x0][0x0][0x0][0x0][0x0]d2023-02-24 12:03:36.819245+00:00 [info] <0.287.0> Will use 16 processes for default worker pool[0x1b][0m[\n]"
04:03:36.815 [docker-java-stream--2048532291] DEBUG com.github.dockerjava.zerodep.shaded.org.apache.hc.client5.http.wire - http-outgoing-1 << "[0x1][0x0][0x0][0x0][0x0][0x0][0x0]q2023-02-24 12:03:36.819273+00:00 [info] <0.287.0> Starting worker pool 'worker_pool' with 16 processes in it[0x1b][0m[\n]"
04:03:36.815 [docker-java-stream--2048532291] DEBUG com.github.dockerjava.zerodep.shaded.org.apache.hc.client5.http.wire - http-outgoing-1 << "[\r][\n]"
04:03:36.815 [docker-java-stream--2048532291] DEBUG com.github.dockerjava.zerodep.shaded.org.apache.hc.client5.http.wire - http-outgoing-1 << "6f[\r][\n]"
04:03:36.815 [docker-java-stream--2048532291] DEBUG com.github.dockerjava.zerodep.shaded.org.apache.hc.client5.http.wire - http-outgoing-1 << "[0x1][0x0][0x0][0x0][0x0][0x0][0x0]g2023-02-24 12:03:36.819973+00:00 [info] <0.230.0> Running boot step database defined by app rabbit[0x1b][0m[\n]"
04:03:36.815 [docker-java-stream--2048532291] DEBUG com.github.dockerjava.zerodep.shaded.org.apache.hc.client5.http.wire - http-outgoing-1 << "[\r][\n]"
04:03:36.816 [docker-java-stream--2048532291] DEBUG com.github.dockerjava.zerodep.shaded.org.apache.hc.client5.http.wire - http-outgoing-1 << "1f1[\r][\n]"
04:03:36.816 [docker-java-stream--2048532291] DEBUG com.github.dockerjava.zerodep.shaded.org.apache.hc.client5.http.wire - http-outgoing-1 << "[0x1][0x0][0x0][0x0][0x0][0x0][0x0][0xffffffd3]2023-02-24 12:03:36.820383+00:00 [info] <0.230.0> Node database directory at /var/lib/rabbitmq/mnesia/rabbit@8fa742c535a5 is empty. Assuming we need to join an existing cluster or initialise from scratch...[0x1b][0m[\n]"
04:03:36.816 [docker-java-stream--2048532291] DEBUG com.github.dockerjava.zerodep.shaded.org.apache.hc.client5.http.wire - http-outgoing-1 << "[0x1][0x0][0x0][0x0][0x0][0x0][0x0]~2023-02-24 12:03:36.820439+00:00 [info] <0.230.0> Configured peer discovery backend: rabbit_peer_discovery_classic_config[0x1b][0m[\n]"
04:03:36.816 [docker-java-stream--2048532291] DEBUG com.github.dockerjava.zerodep.shaded.org.apache.hc.client5.http.wire - http-outgoing-1 << "[0x1][0x0][0x0][0x0][0x0][0x0][0x0][0xffffff88]2023-02-24 12:03:36.820509+00:00 [info] <0.230.0> Will try to lock with peer discovery backend rabbit_peer_discovery_classic_config[0x1b][0m[\n]"
04:03:36.816 [docker-java-stream--2048532291] DEBUG com.github.dockerjava.zerodep.shaded.org.apache.hc.client5.http.wire - http-outgoing-1 << "[\r][\n]"
04:03:36.816 [docker-java-stream--2048532291] DEBUG com.github.dockerjava.zerodep.shaded.org.apache.hc.client5.http.wire - http-outgoing-1 << "149[\r][\n]"
04:03:36.816 [docker-java-stream--2048532291] DEBUG com.github.dockerjava.zerodep.shaded.org.apache.hc.client5.http.wire - http-outgoing-1 << "[0x1][0x0][0x0][0x0][0x0][0x0][0x0]]2023-02-24 12:03:36.820631+00:00 [info] <0.230.0> All discovered existing cluster peers:[0x1b][0m[\n]"
04:03:36.816 [docker-java-stream--2048532291] DEBUG com.github.dockerjava.zerodep.shaded.org.apache.hc.client5.http.wire - http-outgoing-1 << "[0x1][0x0][0x0][0x0][0x0][0x0][0x0][0xffffffdc]2023-02-24 12:03:36.820663+00:00 [info] <0.230.0> Discovered no peer nodes to cluster with. Some discovery backends can filter nodes out based on a readiness criteria. Enabling debug logging might help troubleshoot.[0x1b][0m[\n]"
04:03:36.816 [docker-java-stream--2048532291] DEBUG com.github.dockerjava.zerodep.shaded.org.apache.hc.client5.http.wire - http-outgoing-1 << "[\r][\n]"
04:03:36.819 [docker-java-stream--2048532291] DEBUG com.github.dockerjava.zerodep.shaded.org.apache.hc.client5.http.wire - http-outgoing-1 << "78[\r][\n]"
04:03:36.819 [docker-java-stream--2048532291] DEBUG com.github.dockerjava.zerodep.shaded.org.apache.hc.client5.http.wire - http-outgoing-1 << "[0x1][0x0][0x0][0x0][0x0][0x0][0x0]p[0x1b][38;5;87m2023-02-24 12:03:36.823760+00:00 [notice] <0.44.0> Application mnesia exited with reason: stopped[0x1b][0m[\n]"
04:03:36.819 [docker-java-stream--2048532291] DEBUG com.github.dockerjava.zerodep.shaded.org.apache.hc.client5.http.wire - http-outgoing-1 << "[\r][\n]"
04:03:36.829 [Test worker] DEBUG org.testcontainers.containers.output.WaitingConsumer - STDOUT: 2023-02-24 12:03:36.823760+00:00 [notice] <0.44.0> Application mnesia exited with reason: stopped
04:03:36.829 [Test worker] DEBUG org.testcontainers.containers.output.WaitingConsumer - STDOUT: 2023-02-24 12:03:36.820663+00:00 [info] <0.230.0> Discovered no peer nodes to cluster with. Some discovery backends can filter nodes out based on a readiness criteria. Enabling debug logging might help troubleshoot.
04:03:36.829 [Test worker] DEBUG org.testcontainers.containers.output.WaitingConsumer - STDOUT: 2023-02-24 12:03:36.820631+00:00 [info] <0.230.0> All discovered existing cluster peers:
04:03:36.829 [Test worker] DEBUG org.testcontainers.containers.output.WaitingConsumer - STDOUT: 2023-02-24 12:03:36.820509+00:00 [info] <0.230.0> Will try to lock with peer discovery backend rabbit_peer_discovery_classic_config
04:03:36.829 [Test worker] DEBUG org.testcontainers.containers.output.WaitingConsumer - STDOUT: 2023-02-24 12:03:36.820439+00:00 [info] <0.230.0> Configured peer discovery backend: rabbit_peer_discovery_classic_config
04:03:36.829 [Test worker] DEBUG org.testcontainers.containers.output.WaitingConsumer - STDOUT: 2023-02-24 12:03:36.820383+00:00 [info] <0.230.0> Node database directory at /var/lib/rabbitmq/mnesia/rabbit@8fa742c535a5 is empty. Assuming we need to join an existing cluster or initialise from scratch...
04:03:36.829 [Test worker] DEBUG org.testcontainers.containers.output.WaitingConsumer - STDOUT: 2023-02-24 12:03:36.819973+00:00 [info] <0.230.0> Running boot step database defined by app rabbit
04:03:36.829 [Test worker] DEBUG org.testcontainers.containers.output.WaitingConsumer - STDOUT: 2023-02-24 12:03:36.819273+00:00 [info] <0.287.0> Starting worker pool 'worker_pool' with 16 processes in it
04:03:36.830 [Test worker] DEBUG org.testcontainers.containers.output.WaitingConsumer - STDOUT: 2023-02-24 12:03:36.819245+00:00 [info] <0.287.0> Will use 16 processes for default worker pool
04:03:36.830 [Test worker] DEBUG org.testcontainers.containers.output.WaitingConsumer - STDOUT: 2023-02-24 12:03:36.819181+00:00 [info] <0.230.0> Running boot step worker_pool defined by app rabbit
04:03:36.830 [Test worker] DEBUG org.testcontainers.containers.output.WaitingConsumer - STDOUT: 2023-02-24 12:03:36.818583+00:00 [info] <0.306.0> FHC write buffering: ON
04:03:36.830 [Test worker] DEBUG org.testcontainers.containers.output.WaitingConsumer - STDOUT: 2023-02-24 12:03:36.818533+00:00 [info] <0.306.0> FHC read buffering: OFF
04:03:36.830 [Test worker] DEBUG org.testcontainers.containers.output.WaitingConsumer - STDOUT: 2023-02-24 12:03:36.818304+00:00 [info] <0.305.0> Limiting to approx 1048479 file handles (943629 sockets)
04:03:36.830 [Test worker] DEBUG org.testcontainers.containers.output.WaitingConsumer - STDOUT: 2023-02-24 12:03:36.818038+00:00 [info] <0.230.0> Running boot step file_handle_cache defined by app rabbit
04:03:36.830 [Test worker] DEBUG org.testcontainers.containers.output.WaitingConsumer - STDOUT: 2023-02-24 12:03:36.817901+00:00 [info] <0.230.0> Running boot step code_server_cache defined by app rabbit
04:03:36.936 [docker-java-stream--2048532291] DEBUG com.github.dockerjava.zerodep.shaded.org.apache.hc.client5.http.wire - http-outgoing-1 << "75[\r][\n]"
04:03:36.936 [docker-java-stream--2048532291] DEBUG com.github.dockerjava.zerodep.shaded.org.apache.hc.client5.http.wire - http-outgoing-1 << "[0x1][0x0][0x0][0x0][0x0][0x0][0x0]m2023-02-24 12:03:36.940682+00:00 [info] <0.230.0> Waiting for Mnesia tables for 30000 ms, 9 retries left[0x1b][0m[\n]"
04:03:36.936 [docker-java-stream--2048532291] DEBUG com.github.dockerjava.zerodep.shaded.org.apache.hc.client5.http.wire - http-outgoing-1 << "[\r][\n]"
04:03:36.937 [Test worker] DEBUG org.testcontainers.containers.output.WaitingConsumer - STDOUT: 2023-02-24 12:03:36.940682+00:00 [info] <0.230.0> Waiting for Mnesia tables for 30000 ms, 9 retries left
04:03:36.938 [docker-java-stream--2048532291] DEBUG com.github.dockerjava.zerodep.shaded.org.apache.hc.client5.http.wire - http-outgoing-1 << "65[\r][\n]"
04:03:36.938 [docker-java-stream--2048532291] DEBUG com.github.dockerjava.zerodep.shaded.org.apache.hc.client5.http.wire - http-outgoing-1 << "[0x1][0x0][0x0][0x0][0x0][0x0][0x0]]2023-02-24 12:03:36.940841+00:00 [info] <0.230.0> Successfully synced tables from a peer[0x1b][0m[\n]"
04:03:36.938 [docker-java-stream--2048532291] DEBUG com.github.dockerjava.zerodep.shaded.org.apache.hc.client5.http.wire - http-outgoing-1 << "[\r][\n]"
04:03:36.948 [docker-java-stream--2048532291] DEBUG com.github.dockerjava.zerodep.shaded.org.apache.hc.client5.http.wire - http-outgoing-1 << "81[\r][\n]"
04:03:36.948 [docker-java-stream--2048532291] DEBUG com.github.dockerjava.zerodep.shaded.org.apache.hc.client5.http.wire - http-outgoing-1 << "[0x1][0x0][0x0][0x0][0x0][0x0][0x0]y2023-02-24 12:03:36.952266+00:00 [info] <0.230.0> Feature flags: `feature_flags_v2`: supported, attempt to enable...[0x1b][0m[\n]"
04:03:36.948 [docker-java-stream--2048532291] DEBUG com.github.dockerjava.zerodep.shaded.org.apache.hc.client5.http.wire - http-outgoing-1 << "[\r][\n]"
04:03:36.954 [Test worker] DEBUG org.testcontainers.containers.output.WaitingConsumer - STDOUT: 2023-02-24 12:03:36.952266+00:00 [info] <0.230.0> Feature flags: `feature_flags_v2`: supported, attempt to enable...
04:03:36.954 [Test worker] DEBUG org.testcontainers.containers.output.WaitingConsumer - STDOUT: 2023-02-24 12:03:36.940841+00:00 [info] <0.230.0> Successfully synced tables from a peer
04:03:36.967 [docker-java-stream--2048532291] DEBUG com.github.dockerjava.zerodep.shaded.org.apache.hc.client5.http.wire - http-outgoing-1 << "8f[\r][\n]"
04:03:36.967 [docker-java-stream--2048532291] DEBUG com.github.dockerjava.zerodep.shaded.org.apache.hc.client5.http.wire - http-outgoing-1 << "[0x1][0x0][0x0][0x0][0x0][0x0][0x0][0xffffff87][0x1b][38;5;87m2023-02-24 12:03:36.971335+00:00 [notice] <0.288.0> Feature flags: attempt to enable `classic_mirrored_queue_version`...[0x1b][0m[\n]"
04:03:36.967 [docker-java-stream--2048532291] DEBUG com.github.dockerjava.zerodep.shaded.org.apache.hc.client5.http.wire - http-outgoing-1 << "[\r][\n]"
04:03:36.969 [Test worker] DEBUG org.testcontainers.containers.output.WaitingConsumer - STDOUT: 2023-02-24 12:03:36.971335+00:00 [notice] <0.288.0> Feature flags: attempt to enable `classic_mirrored_queue_version`...
04:03:36.990 [docker-java-stream--2048532291] DEBUG com.github.dockerjava.zerodep.shaded.org.apache.hc.client5.http.wire - http-outgoing-1 << "82[\r][\n]"
04:03:36.990 [docker-java-stream--2048532291] DEBUG com.github.dockerjava.zerodep.shaded.org.apache.hc.client5.http.wire - http-outgoing-1 << "[0x1][0x0][0x0][0x0][0x0][0x0][0x0]z[0x1b][38;5;87m2023-02-24 12:03:36.993737+00:00 [notice] <0.288.0> Feature flags: `classic_mirrored_queue_version` enabled[0x1b][0m[\n]"
04:03:36.990 [docker-java-stream--2048532291] DEBUG com.github.dockerjava.zerodep.shaded.org.apache.hc.client5.http.wire - http-outgoing-1 << "[\r][\n]"
04:03:36.990 [Test worker] DEBUG org.testcontainers.containers.output.WaitingConsumer - STDOUT: 2023-02-24 12:03:36.993737+00:00 [notice] <0.288.0> Feature flags: `classic_mirrored_queue_version` enabled
04:03:36.990 [docker-java-stream--2048532291] DEBUG com.github.dockerjava.zerodep.shaded.org.apache.hc.client5.http.wire - http-outgoing-1 << "94[\r][\n]"
04:03:36.990 [docker-java-stream--2048532291] DEBUG com.github.dockerjava.zerodep.shaded.org.apache.hc.client5.http.wire - http-outgoing-1 << "[0x1][0x0][0x0][0x0][0x0][0x0][0x0][0xffffff8c][0x1b][38;5;87m2023-02-24 12:03:36.994446+00:00 [notice] <0.288.0> Feature flags: attempt to enable `classic_queue_type_delivery_support`...[0x1b][0m[\n]"
04:03:36.990 [docker-java-stream--2048532291] DEBUG com.github.dockerjava.zerodep.shaded.org.apache.hc.client5.http.wire - http-outgoing-1 << "[\r][\n]"
04:03:37.000 [Test worker] DEBUG org.testcontainers.containers.output.WaitingConsumer - STDOUT: 2023-02-24 12:03:36.994446+00:00 [notice] <0.288.0> Feature flags: attempt to enable `classic_queue_type_delivery_support`...
04:03:37.002 [docker-java-stream--2048532291] DEBUG com.github.dockerjava.zerodep.shaded.org.apache.hc.client5.http.wire - http-outgoing-1 << "7d[\r][\n]"
04:03:37.002 [docker-java-stream--2048532291] DEBUG com.github.dockerjava.zerodep.shaded.org.apache.hc.client5.http.wire - http-outgoing-1 << "[0x1][0x0][0x0][0x0][0x0][0x0][0x0]u[0x1b][38;5;87m2023-02-24 12:03:37.005356+00:00 [notice] <0.288.0> Feature flags: attempt to enable `stream_queue`...[0x1b][0m[\n]"
04:03:37.002 [docker-java-stream--2048532291] DEBUG com.github.dockerjava.zerodep.shaded.org.apache.hc.client5.http.wire - http-outgoing-1 << "[\r][\n]"
04:03:37.016 [Test worker] DEBUG org.testcontainers.containers.output.WaitingConsumer - STDOUT: 2023-02-24 12:03:37.005356+00:00 [notice] <0.288.0> Feature flags: attempt to enable `stream_queue`...
04:03:37.021 [docker-java-stream--2048532291] DEBUG com.github.dockerjava.zerodep.shaded.org.apache.hc.client5.http.wire - http-outgoing-1 << "70[\r][\n]"
04:03:37.021 [docker-java-stream--2048532291] DEBUG com.github.dockerjava.zerodep.shaded.org.apache.hc.client5.http.wire - http-outgoing-1 << "[0x1][0x0][0x0][0x0][0x0][0x0][0x0]h[0x1b][38;5;87m2023-02-24 12:03:37.025694+00:00 [notice] <0.288.0> Feature flags: `stream_queue` enabled[0x1b][0m[\n]"
04:03:37.021 [docker-java-stream--2048532291] DEBUG com.github.dockerjava.zerodep.shaded.org.apache.hc.client5.http.wire - http-outgoing-1 << "[\r][\n]"
04:03:37.031 [Test worker] DEBUG org.testcontainers.containers.output.WaitingConsumer - STDOUT: 2023-02-24 12:03:37.025694+00:00 [notice] <0.288.0> Feature flags: `stream_queue` enabled
04:03:37.032 [docker-java-stream--2048532291] DEBUG com.github.dockerjava.zerodep.shaded.org.apache.hc.client5.http.wire - http-outgoing-1 << "87[\r][\n]"
04:03:37.032 [docker-java-stream--2048532291] DEBUG com.github.dockerjava.zerodep.shaded.org.apache.hc.client5.http.wire - http-outgoing-1 << "[0x1][0x0][0x0][0x0][0x0][0x0][0x0][0x7f][0x1b][38;5;87m2023-02-24 12:03:37.035570+00:00 [notice] <0.288.0> Feature flags: `classic_queue_type_delivery_support` enabled[0x1b][0m[\n]"
04:03:37.032 [docker-java-stream--2048532291] DEBUG com.github.dockerjava.zerodep.shaded.org.apache.hc.client5.http.wire - http-outgoing-1 << "[\r][\n]"
04:03:37.032 [docker-java-stream--2048532291] DEBUG com.github.dockerjava.zerodep.shaded.org.apache.hc.client5.http.wire - http-outgoing-1 << "8b[\r][\n]"
04:03:37.032 [docker-java-stream--2048532291] DEBUG com.github.dockerjava.zerodep.shaded.org.apache.hc.client5.http.wire - http-outgoing-1 << "[0x1][0x0][0x0][0x0][0x0][0x0][0x0][0xffffff83][0x1b][38;5;87m2023-02-24 12:03:37.036236+00:00 [notice] <0.288.0> Feature flags: attempt to enable `direct_exchange_routing_v2`...[0x1b][0m[\n]"
04:03:37.032 [docker-java-stream--2048532291] DEBUG com.github.dockerjava.zerodep.shaded.org.apache.hc.client5.http.wire - http-outgoing-1 << "[\r][\n]"
04:03:37.043 [docker-java-stream--2048532291] DEBUG com.github.dockerjava.zerodep.shaded.org.apache.hc.client5.http.wire - http-outgoing-1 << "da[\r][\n]"
04:03:37.043 [docker-java-stream--2048532291] DEBUG com.github.dockerjava.zerodep.shaded.org.apache.hc.client5.http.wire - http-outgoing-1 << "[0x1][0x0][0x0][0x0][0x0][0x0][0x0]m2023-02-24 12:03:37.047039+00:00 [info] <0.511.0> Waiting for Mnesia tables for 30000 ms, 9 retries left[0x1b][0m[\n]"
04:03:37.043 [docker-java-stream--2048532291] DEBUG com.github.dockerjava.zerodep.shaded.org.apache.hc.client5.http.wire - http-outgoing-1 << "[0x1][0x0][0x0][0x0][0x0][0x0][0x0]]2023-02-24 12:03:37.047170+00:00 [info] <0.511.0> Successfully synced tables from a peer[0x1b][0m[\n]"
04:03:37.043 [docker-java-stream--2048532291] DEBUG com.github.dockerjava.zerodep.shaded.org.apache.hc.client5.http.wire - http-outgoing-1 << "[\r][\n]"
04:03:37.046 [Test worker] DEBUG org.testcontainers.containers.output.WaitingConsumer - STDOUT: 2023-02-24 12:03:37.047170+00:00 [info] <0.511.0> Successfully synced tables from a peer
04:03:37.046 [Test worker] DEBUG org.testcontainers.containers.output.WaitingConsumer - STDOUT: 2023-02-24 12:03:37.047039+00:00 [info] <0.511.0> Waiting for Mnesia tables for 30000 ms, 9 retries left
04:03:37.047 [Test worker] DEBUG org.testcontainers.containers.output.WaitingConsumer - STDOUT: 2023-02-24 12:03:37.036236+00:00 [notice] <0.288.0> Feature flags: attempt to enable `direct_exchange_routing_v2`...
04:03:37.047 [Test worker] DEBUG org.testcontainers.containers.output.WaitingConsumer - STDOUT: 2023-02-24 12:03:37.035570+00:00 [notice] <0.288.0> Feature flags: `classic_queue_type_delivery_support` enabled
04:03:37.062 [docker-java-stream--2048532291] DEBUG com.github.dockerjava.zerodep.shaded.org.apache.hc.client5.http.wire - http-outgoing-1 << "7e[\r][\n]"
04:03:37.062 [docker-java-stream--2048532291] DEBUG com.github.dockerjava.zerodep.shaded.org.apache.hc.client5.http.wire - http-outgoing-1 << "[0x1][0x0][0x0][0x0][0x0][0x0][0x0]v[0x1b][38;5;87m2023-02-24 12:03:37.066126+00:00 [notice] <0.288.0> Feature flags: `direct_exchange_routing_v2` enabled[0x1b][0m[\n]"
04:03:37.062 [docker-java-stream--2048532291] DEBUG com.github.dockerjava.zerodep.shaded.org.apache.hc.client5.http.wire - http-outgoing-1 << "[\r][\n]"
04:03:37.063 [Test worker] DEBUG org.testcontainers.containers.output.WaitingConsumer - STDOUT: 2023-02-24 12:03:37.066126+00:00 [notice] <0.288.0> Feature flags: `direct_exchange_routing_v2` enabled
04:03:37.063 [docker-java-stream--2048532291] DEBUG com.github.dockerjava.zerodep.shaded.org.apache.hc.client5.http.wire - http-outgoing-1 << "87[\r][\n]"
04:03:37.063 [docker-java-stream--2048532291] DEBUG com.github.dockerjava.zerodep.shaded.org.apache.hc.client5.http.wire - http-outgoing-1 << "[0x1][0x0][0x0][0x0][0x0][0x0][0x0][0x7f][0x1b][38;5;87m2023-02-24 12:03:37.066675+00:00 [notice] <0.288.0> Feature flags: attempt to enable `drop_unroutable_metric`...[0x1b][0m[\n]"
04:03:37.063 [docker-java-stream--2048532291] DEBUG com.github.dockerjava.zerodep.shaded.org.apache.hc.client5.http.wire - http-outgoing-1 << "[\r][\n]"
04:03:37.077 [Test worker] DEBUG org.testcontainers.containers.output.WaitingConsumer - STDOUT: 2023-02-24 12:03:37.066675+00:00 [notice] <0.288.0> Feature flags: attempt to enable `drop_unroutable_metric`...
04:03:37.085 [docker-java-stream--2048532291] DEBUG com.github.dockerjava.zerodep.shaded.org.apache.hc.client5.http.wire - http-outgoing-1 << "7a[\r][\n]"
04:03:37.085 [docker-java-stream--2048532291] DEBUG com.github.dockerjava.zerodep.shaded.org.apache.hc.client5.http.wire - http-outgoing-1 << "[0x1][0x0][0x0][0x0][0x0][0x0][0x0]r[0x1b][38;5;87m2023-02-24 12:03:37.089272+00:00 [notice] <0.288.0> Feature flags: `drop_unroutable_metric` enabled[0x1b][0m[\n]"
04:03:37.085 [docker-java-stream--2048532291] DEBUG com.github.dockerjava.zerodep.shaded.org.apache.hc.client5.http.wire - http-outgoing-1 << "[\r][\n]"
04:03:37.085 [docker-java-stream--2048532291] DEBUG com.github.dockerjava.zerodep.shaded.org.apache.hc.client5.http.wire - http-outgoing-1 << "87[\r][\n]"
04:03:37.085 [docker-java-stream--2048532291] DEBUG com.github.dockerjava.zerodep.shaded.org.apache.hc.client5.http.wire - http-outgoing-1 << "[0x1][0x0][0x0][0x0][0x0][0x0][0x0][0x7f][0x1b][38;5;87m2023-02-24 12:03:37.089786+00:00 [notice] <0.288.0> Feature flags: attempt to enable `empty_basic_get_metric`...[0x1b][0m[\n]"
04:03:37.085 [docker-java-stream--2048532291] DEBUG com.github.dockerjava.zerodep.shaded.org.apache.hc.client5.http.wire - http-outgoing-1 << "[\r][\n]"
04:03:37.093 [Test worker] DEBUG org.testcontainers.containers.output.WaitingConsumer - STDOUT: 2023-02-24 12:03:37.089786+00:00 [notice] <0.288.0> Feature flags: attempt to enable `empty_basic_get_metric`...
04:03:37.093 [Test worker] DEBUG org.testcontainers.containers.output.WaitingConsumer - STDOUT: 2023-02-24 12:03:37.089272+00:00 [notice] <0.288.0> Feature flags: `drop_unroutable_metric` enabled
04:03:37.105 [docker-java-stream--2048532291] DEBUG com.github.dockerjava.zerodep.shaded.org.apache.hc.client5.http.wire - http-outgoing-1 << "7a[\r][\n]"
04:03:37.105 [docker-java-stream--2048532291] DEBUG com.github.dockerjava.zerodep.shaded.org.apache.hc.client5.http.wire - http-outgoing-1 << "[0x1][0x0][0x0][0x0][0x0][0x0][0x0]r[0x1b][38;5;87m2023-02-24 12:03:37.110463+00:00 [notice] <0.288.0> Feature flags: `empty_basic_get_metric` enabled[0x1b][0m[\n]"
04:03:37.105 [docker-java-stream--2048532291] DEBUG com.github.dockerjava.zerodep.shaded.org.apache.hc.client5.http.wire - http-outgoing-1 << "[\r][\n]"
04:03:37.107 [docker-java-stream--2048532291] DEBUG com.github.dockerjava.zerodep.shaded.org.apache.hc.client5.http.wire - http-outgoing-1 << "88[\r][\n]"
04:03:37.107 [docker-java-stream--2048532291] DEBUG com.github.dockerjava.zerodep.shaded.org.apache.hc.client5.http.wire - http-outgoing-1 << "[0x1][0x0][0x0][0x0][0x0][0x0][0x0][0xffffff80][0x1b][38;5;87m2023-02-24 12:03:37.111430+00:00 [notice] <0.288.0> Feature flags: attempt to enable `listener_records_in_ets`...[0x1b][0m[\n]"
04:03:37.107 [docker-java-stream--2048532291] DEBUG com.github.dockerjava.zerodep.shaded.org.apache.hc.client5.http.wire - http-outgoing-1 << "[\r][\n]"
04:03:37.108 [Test worker] DEBUG org.testcontainers.containers.output.WaitingConsumer - STDOUT: 2023-02-24 12:03:37.111430+00:00 [notice] <0.288.0> Feature flags: attempt to enable `listener_records_in_ets`...
04:03:37.108 [Test worker] DEBUG org.testcontainers.containers.output.WaitingConsumer - STDOUT: 2023-02-24 12:03:37.110463+00:00 [notice] <0.288.0> Feature flags: `empty_basic_get_metric` enabled
04:03:37.150 [docker-java-stream--2048532291] DEBUG com.github.dockerjava.zerodep.shaded.org.apache.hc.client5.http.wire - http-outgoing-1 << "7b[\r][\n]"
04:03:37.150 [docker-java-stream--2048532291] DEBUG com.github.dockerjava.zerodep.shaded.org.apache.hc.client5.http.wire - http-outgoing-1 << "[0x1][0x0][0x0][0x0][0x0][0x0][0x0]s[0x1b][38;5;87m2023-02-24 12:03:37.154428+00:00 [notice] <0.288.0> Feature flags: `listener_records_in_ets` enabled[0x1b][0m[\n]"
04:03:37.150 [docker-java-stream--2048532291] DEBUG com.github.dockerjava.zerodep.shaded.org.apache.hc.client5.http.wire - http-outgoing-1 << "[\r][\n]"
04:03:37.151 [Test worker] DEBUG org.testcontainers.containers.output.WaitingConsumer - STDOUT: 2023-02-24 12:03:37.154428+00:00 [notice] <0.288.0> Feature flags: `listener_records_in_ets` enabled
04:03:37.152 [docker-java-stream--2048532291] DEBUG com.github.dockerjava.zerodep.shaded.org.apache.hc.client5.http.wire - http-outgoing-1 << "8e[\r][\n]"
04:03:37.152 [docker-java-stream--2048532291] DEBUG com.github.dockerjava.zerodep.shaded.org.apache.hc.client5.http.wire - http-outgoing-1 << "[0x1][0x0][0x0][0x0][0x0][0x0][0x0][0xffffff86][0x1b][38;5;87m2023-02-24 12:03:37.156030+00:00 [notice] <0.288.0> Feature flags: attempt to enable `stream_single_active_consumer`...[0x1b][0m[\n]"
04:03:37.152 [docker-java-stream--2048532291] DEBUG com.github.dockerjava.zerodep.shaded.org.apache.hc.client5.http.wire - http-outgoing-1 << "[\r][\n]"
04:03:37.170 [Test worker] DEBUG org.testcontainers.containers.output.WaitingConsumer - STDOUT: 2023-02-24 12:03:37.156030+00:00 [notice] <0.288.0> Feature flags: attempt to enable `stream_single_active_consumer`...
04:03:37.181 [docker-java-stream--2048532291] DEBUG com.github.dockerjava.zerodep.shaded.org.apache.hc.client5.http.wire - http-outgoing-1 << "109[\r][\n]"
04:03:37.181 [docker-java-stream--2048532291] DEBUG com.github.dockerjava.zerodep.shaded.org.apache.hc.client5.http.wire - http-outgoing-1 << "[0x1][0x0][0x0][0x0][0x0][0x0][0x0]y[0x1b][38;5;87m2023-02-24 12:03:37.184387+00:00 [notice] <0.288.0> Feature flags: `stream_single_active_consumer` enabled[0x1b][0m[\n]"
04:03:37.181 [docker-java-stream--2048532291] DEBUG com.github.dockerjava.zerodep.shaded.org.apache.hc.client5.http.wire - http-outgoing-1 << "[0x1][0x0][0x0][0x0][0x0][0x0][0x0][0xffffff80][0x1b][38;5;87m2023-02-24 12:03:37.185092+00:00 [notice] <0.288.0> Feature flags: attempt to enable `tracking_records_in_ets`...[0x1b][0m[\n]"
04:03:37.181 [docker-java-stream--2048532291] DEBUG com.github.dockerjava.zerodep.shaded.org.apache.hc.client5.http.wire - http-outgoing-1 << "[\r][\n]"
04:03:37.185 [Test worker] DEBUG org.testcontainers.containers.output.WaitingConsumer - STDOUT: 2023-02-24 12:03:37.185092+00:00 [notice] <0.288.0> Feature flags: attempt to enable `tracking_records_in_ets`...
04:03:37.185 [Test worker] DEBUG org.testcontainers.containers.output.WaitingConsumer - STDOUT: 2023-02-24 12:03:37.184387+00:00 [notice] <0.288.0> Feature flags: `stream_single_active_consumer` enabled
04:03:37.213 [docker-java-stream--2048532291] DEBUG com.github.dockerjava.zerodep.shaded.org.apache.hc.client5.http.wire - http-outgoing-1 << "7b[\r][\n]"
04:03:37.214 [docker-java-stream--2048532291] DEBUG com.github.dockerjava.zerodep.shaded.org.apache.hc.client5.http.wire - http-outgoing-1 << "[0x1][0x0][0x0][0x0][0x0][0x0][0x0]s[0x1b][38;5;87m2023-02-24 12:03:37.217026+00:00 [notice] <0.288.0> Feature flags: `tracking_records_in_ets` enabled[0x1b][0m[\n]"
04:03:37.214 [docker-java-stream--2048532291] DEBUG com.github.dockerjava.zerodep.shaded.org.apache.hc.client5.http.wire - http-outgoing-1 << "[\r][\n]"
04:03:37.214 [Test worker] DEBUG org.testcontainers.containers.output.WaitingConsumer - STDOUT: 2023-02-24 12:03:37.217026+00:00 [notice] <0.288.0> Feature flags: `tracking_records_in_ets` enabled
04:03:37.214 [docker-java-stream--2048532291] DEBUG com.github.dockerjava.zerodep.shaded.org.apache.hc.client5.http.wire - http-outgoing-1 << "75[\r][\n]"
04:03:37.214 [docker-java-stream--2048532291] DEBUG com.github.dockerjava.zerodep.shaded.org.apache.hc.client5.http.wire - http-outgoing-1 << "[0x1][0x0][0x0][0x0][0x0][0x0][0x0]m2023-02-24 12:03:37.218578+00:00 [info] <0.230.0> Waiting for Mnesia tables for 30000 ms, 9 retries left[0x1b][0m[\n]"
04:03:37.214 [docker-java-stream--2048532291] DEBUG com.github.dockerjava.zerodep.shaded.org.apache.hc.client5.http.wire - http-outgoing-1 << "[\r][\n]"
04:03:37.214 [docker-java-stream--2048532291] DEBUG com.github.dockerjava.zerodep.shaded.org.apache.hc.client5.http.wire - http-outgoing-1 << "65[\r][\n]"
04:03:37.214 [docker-java-stream--2048532291] DEBUG com.github.dockerjava.zerodep.shaded.org.apache.hc.client5.http.wire - http-outgoing-1 << "[0x1][0x0][0x0][0x0][0x0][0x0][0x0]]2023-02-24 12:03:37.218696+00:00 [info] <0.230.0> Successfully synced tables from a peer[0x1b][0m[\n]"
04:03:37.214 [docker-java-stream--2048532291] DEBUG com.github.dockerjava.zerodep.shaded.org.apache.hc.client5.http.wire - http-outgoing-1 << "[\r][\n]"
04:03:37.232 [Test worker] DEBUG org.testcontainers.containers.output.WaitingConsumer - STDOUT: 2023-02-24 12:03:37.218696+00:00 [info] <0.230.0> Successfully synced tables from a peer
04:03:37.232 [Test worker] DEBUG org.testcontainers.containers.output.WaitingConsumer - STDOUT: 2023-02-24 12:03:37.218578+00:00 [info] <0.230.0> Waiting for Mnesia tables for 30000 ms, 9 retries left
04:03:37.237 [docker-java-stream--2048532291] DEBUG com.github.dockerjava.zerodep.shaded.org.apache.hc.client5.http.wire - http-outgoing-1 << "da[\r][\n]"
04:03:37.237 [docker-java-stream--2048532291] DEBUG com.github.dockerjava.zerodep.shaded.org.apache.hc.client5.http.wire - http-outgoing-1 << "[0x1][0x0][0x0][0x0][0x0][0x0][0x0]m2023-02-24 12:03:37.240118+00:00 [info] <0.230.0> Waiting for Mnesia tables for 30000 ms, 9 retries left[0x1b][0m[\n]"
04:03:37.237 [docker-java-stream--2048532291] DEBUG com.github.dockerjava.zerodep.shaded.org.apache.hc.client5.http.wire - http-outgoing-1 << "[0x1][0x0][0x0][0x0][0x0][0x0][0x0]]2023-02-24 12:03:37.240494+00:00 [info] <0.230.0> Successfully synced tables from a peer[0x1b][0m[\n]"
04:03:37.237 [docker-java-stream--2048532291] DEBUG com.github.dockerjava.zerodep.shaded.org.apache.hc.client5.http.wire - http-outgoing-1 << "[\r][\n]"
04:03:37.238 [docker-java-stream--2048532291] DEBUG com.github.dockerjava.zerodep.shaded.org.apache.hc.client5.http.wire - http-outgoing-1 << "b0[\r][\n]"
04:03:37.238 [docker-java-stream--2048532291] DEBUG com.github.dockerjava.zerodep.shaded.org.apache.hc.client5.http.wire - http-outgoing-1 << "[0x1][0x0][0x0][0x0][0x0][0x0][0x0][0xffffffa8]2023-02-24 12:03:37.240531+00:00 [info] <0.230.0> Peer discovery backend rabbit_peer_discovery_classic_config does not support registration, skipping registration.[0x1b][0m[\n]"
04:03:37.238 [docker-java-stream--2048532291] DEBUG com.github.dockerjava.zerodep.shaded.org.apache.hc.client5.http.wire - http-outgoing-1 << "[\r][\n]"
04:03:37.238 [docker-java-stream--2048532291] DEBUG com.github.dockerjava.zerodep.shaded.org.apache.hc.client5.http.wire - http-outgoing-1 << "54d[\r][\n]"
04:03:37.238 [docker-java-stream--2048532291] DEBUG com.github.dockerjava.zerodep.shaded.org.apache.hc.client5.http.wire - http-outgoing-1 << "[0x1][0x0][0x0][0x0][0x0][0x0][0x0][0xffffff8a]2023-02-24 12:03:37.240554+00:00 [info] <0.230.0> Will try to unlock with peer discovery backend rabbit_peer_discovery_classic_config[0x1b][0m[\n]"
04:03:37.238 [docker-java-stream--2048532291] DEBUG com.github.dockerjava.zerodep.shaded.org.apache.hc.client5.http.wire - http-outgoing-1 << "[0x1][0x0][0x0][0x0][0x0][0x0][0x0]v2023-02-24 12:03:37.240791+00:00 [info] <0.230.0> Running boot step tracking_metadata_store defined by app rabbit[0x1b][0m[\n]"
04:03:37.238 [docker-java-stream--2048532291] DEBUG com.github.dockerjava.zerodep.shaded.org.apache.hc.client5.http.wire - http-outgoing-1 << "[0x1][0x0][0x0][0x0][0x0][0x0][0x0][0xffffff82]2023-02-24 12:03:37.240998+00:00 [info] <0.633.0> Setting up a table for connection tracking on this node: tracked_connection[0x1b][0m[\n]"
04:03:37.238 [docker-java-stream--2048532291] DEBUG com.github.dockerjava.zerodep.shaded.org.apache.hc.client5.http.wire - http-outgoing-1 << "[0x1][0x0][0x0][0x0][0x0][0x0][0x0][0xffffff96]2023-02-24 12:03:37.241072+00:00 [info] <0.633.0> Setting up a table for per-vhost connection counting on this node: tracked_connection_per_vhost[0x1b][0m[\n]"
04:03:37.238 [docker-java-stream--2048532291] DEBUG com.github.dockerjava.zerodep.shaded.org.apache.hc.client5.http.wire - http-outgoing-1 << "[0x1][0x0][0x0][0x0][0x0][0x0][0x0][0xffffff94]2023-02-24 12:03:37.241157+00:00 [info] <0.633.0> Setting up a table for per-user connection counting on this node: tracked_connection_per_user[0x1b][0m[\n]"
04:03:37.238 [docker-java-stream--2048532291] DEBUG com.github.dockerjava.zerodep.shaded.org.apache.hc.client5.http.wire - http-outgoing-1 << "[0x1][0x0][0x0][0x0][0x0][0x0][0x0]|2023-02-24 12:03:37.241189+00:00 [info] <0.633.0> Setting up a table for channel tracking on this node: tracked_channel[0x1b][0m[\n]"
04:03:37.238 [docker-java-stream--2048532291] DEBUG com.github.dockerjava.zerodep.shaded.org.apache.hc.client5.http.wire - http-outgoing-1 << "[0x1][0x0][0x0][0x0][0x0][0x0][0x0][0xffffff85]2023-02-24 12:03:37.241220+00:00 [info] <0.633.0> Setting up a table for channel tracking on this node: tracked_channel_per_user[0x1b][0m[\n]"
04:03:37.238 [docker-java-stream--2048532291] DEBUG com.github.dockerjava.zerodep.shaded.org.apache.hc.client5.http.wire - http-outgoing-1 << "[0x1][0x0][0x0][0x0][0x0][0x0][0x0]x2023-02-24 12:03:37.241268+00:00 [info] <0.230.0> Running boot step networking_metadata_store defined by app rabbit[0x1b][0m[\n]"
04:03:37.238 [docker-java-stream--2048532291] DEBUG com.github.dockerjava.zerodep.shaded.org.apache.hc.client5.http.wire - http-outgoing-1 << "[0x1][0x0][0x0][0x0][0x0][0x0][0x0]l2023-02-24 12:03:37.241323+00:00 [info] <0.230.0> Running boot step database_sync defined by app rabbit[0x1b][0m[\n]"
04:03:37.238 [docker-java-stream--2048532291] DEBUG com.github.dockerjava.zerodep.shaded.org.apache.hc.client5.http.wire - http-outgoing-1 << "[0x1][0x0][0x0][0x0][0x0][0x0][0x0]l2023-02-24 12:03:37.241360+00:00 [info] <0.230.0> Running boot step feature_flags defined by app rabbit[0x1b][0m[\n]"
04:03:37.238 [docker-java-stream--2048532291] DEBUG com.github.dockerjava.zerodep.shaded.org.apache.hc.client5.http.wire - http-outgoing-1 << "[\r][\n]"
04:03:37.238 [docker-java-stream--2048532291] DEBUG com.github.dockerjava.zerodep.shaded.org.apache.hc.client5.http.wire - http-outgoing-1 << "fc[\r][\n]"
04:03:37.238 [docker-java-stream--2048532291] DEBUG com.github.dockerjava.zerodep.shaded.org.apache.hc.client5.http.wire - http-outgoing-1 << "[0x1][0x0][0x0][0x0][0x0][0x0][0x0]v2023-02-24 12:03:37.241686+00:00 [info] <0.230.0> Running boot step codec_correctness_check defined by app rabbit[0x1b][0m[\n]"
04:03:37.238 [docker-java-stream--2048532291] DEBUG com.github.dockerjava.zerodep.shaded.org.apache.hc.client5.http.wire - http-outgoing-1 << "[0x1][0x0][0x0][0x0][0x0][0x0][0x0]v2023-02-24 12:03:37.241757+00:00 [info] <0.230.0> Running boot step external_infrastructure defined by app rabbit[0x1b][0m[\n]"
04:03:37.238 [docker-java-stream--2048532291] DEBUG com.github.dockerjava.zerodep.shaded.org.apache.hc.client5.http.wire - http-outgoing-1 << "[\r][\n]"
04:03:37.238 [docker-java-stream--2048532291] DEBUG com.github.dockerjava.zerodep.shaded.org.apache.hc.client5.http.wire - http-outgoing-1 << "16e[\r][\n]"
04:03:37.239 [docker-java-stream--2048532291] DEBUG com.github.dockerjava.zerodep.shaded.org.apache.hc.client5.http.wire - http-outgoing-1 << "[0x1][0x0][0x0][0x0][0x0][0x0][0x0]k2023-02-24 12:03:37.241779+00:00 [info] <0.230.0> Running boot step rabbit_event defined by app rabbit[0x1b][0m[\n]"
04:03:37.239 [docker-java-stream--2048532291] DEBUG com.github.dockerjava.zerodep.shaded.org.apache.hc.client5.http.wire - http-outgoing-1 << "[0x1][0x0][0x0][0x0][0x0][0x0][0x0]n2023-02-24 12:03:37.242141+00:00 [info] <0.230.0> Running boot step rabbit_registry defined by app rabbit[0x1b][0m[\n]"
04:03:37.239 [docker-java-stream--2048532291] DEBUG com.github.dockerjava.zerodep.shaded.org.apache.hc.client5.http.wire - http-outgoing-1 << "[0x1][0x0][0x0][0x0][0x0][0x0][0x0]}2023-02-24 12:03:37.242264+00:00 [info] <0.230.0> Running boot step rabbit_auth_mechanism_amqplain defined by app rabbit[0x1b][0m[\n]"
04:03:37.239 [docker-java-stream--2048532291] DEBUG com.github.dockerjava.zerodep.shaded.org.apache.hc.client5.http.wire - http-outgoing-1 << "[\r][\n]"
04:03:37.239 [docker-java-stream--2048532291] DEBUG com.github.dockerjava.zerodep.shaded.org.apache.hc.client5.http.wire - http-outgoing-1 << "20a[\r][\n]"
04:03:37.239 [docker-java-stream--2048532291] DEBUG com.github.dockerjava.zerodep.shaded.org.apache.hc.client5.http.wire - http-outgoing-1 << "[0x1][0x0][0x0][0x0][0x0][0x0][0x0]|2023-02-24 12:03:37.242408+00:00 [info] <0.230.0> Running boot step rabbit_auth_mechanism_cr_demo defined by app rabbit[0x1b][0m[\n]"
04:03:37.239 [docker-java-stream--2048532291] DEBUG com.github.dockerjava.zerodep.shaded.org.apache.hc.client5.http.wire - http-outgoing-1 << "[0x1][0x0][0x0][0x0][0x0][0x0][0x0]z2023-02-24 12:03:37.242494+00:00 [info] <0.230.0> Running boot step rabbit_auth_mechanism_plain defined by app rabbit[0x1b][0m[\n]"
04:03:37.239 [docker-java-stream--2048532291] DEBUG com.github.dockerjava.zerodep.shaded.org.apache.hc.client5.http.wire - http-outgoing-1 << "[0x1][0x0][0x0][0x0][0x0][0x0][0x0]z2023-02-24 12:03:37.242655+00:00 [info] <0.230.0> Running boot step rabbit_exchange_type_direct defined by app rabbit[0x1b][0m[\n]"
04:03:37.239 [docker-java-stream--2048532291] DEBUG com.github.dockerjava.zerodep.shaded.org.apache.hc.client5.http.wire - http-outgoing-1 << "[0x1][0x0][0x0][0x0][0x0][0x0][0x0]z2023-02-24 12:03:37.242789+00:00 [info] <0.230.0> Running boot step rabbit_exchange_type_fanout defined by app rabbit[0x1b][0m[\n]"
04:03:37.239 [docker-java-stream--2048532291] DEBUG com.github.dockerjava.zerodep.shaded.org.apache.hc.client5.http.wire - http-outgoing-1 << "[\r][\n]"
04:03:37.239 [docker-java-stream--2048532291] DEBUG com.github.dockerjava.zerodep.shaded.org.apache.hc.client5.http.wire - http-outgoing-1 << "83[\r][\n]"
04:03:37.239 [docker-java-stream--2048532291] DEBUG com.github.dockerjava.zerodep.shaded.org.apache.hc.client5.http.wire - http-outgoing-1 << "[0x1][0x0][0x0][0x0][0x0][0x0][0x0]{2023-02-24 12:03:37.242872+00:00 [info] <0.230.0> Running boot step rabbit_exchange_type_headers defined by app rabbit[0x1b][0m[\n]"
04:03:37.239 [docker-java-stream--2048532291] DEBUG com.github.dockerjava.zerodep.shaded.org.apache.hc.client5.http.wire - http-outgoing-1 << "[\r][\n]"
04:03:37.239 [docker-java-stream--2048532291] DEBUG com.github.dockerjava.zerodep.shaded.org.apache.hc.client5.http.wire - http-outgoing-1 << "81[\r][\n]"
04:03:37.239 [docker-java-stream--2048532291] DEBUG com.github.dockerjava.zerodep.shaded.org.apache.hc.client5.http.wire - http-outgoing-1 << "[0x1][0x0][0x0][0x0][0x0][0x0][0x0]y2023-02-24 12:03:37.242938+00:00 [info] <0.230.0> Running boot step rabbit_exchange_type_topic defined by app rabbit[0x1b][0m[\n]"
04:03:37.239 [docker-java-stream--2048532291] DEBUG com.github.dockerjava.zerodep.shaded.org.apache.hc.client5.http.wire - http-outgoing-1 << "[\r][\n]"
04:03:37.239 [docker-java-stream--2048532291] DEBUG com.github.dockerjava.zerodep.shaded.org.apache.hc.client5.http.wire - http-outgoing-1 << "417[\r][\n]"
04:03:37.239 [docker-java-stream--2048532291] DEBUG com.github.dockerjava.zerodep.shaded.org.apache.hc.client5.http.wire - http-outgoing-1 << "[0x1][0x0][0x0][0x0][0x0][0x0][0x0]{2023-02-24 12:03:37.242975+00:00 [info] <0.230.0> Running boot step rabbit_mirror_queue_mode_all defined by app rabbit[0x1b][0m[\n]"
04:03:37.239 [docker-java-stream--2048532291] DEBUG com.github.dockerjava.zerodep.shaded.org.apache.hc.client5.http.wire - http-outgoing-1 << "[0x1][0x0][0x0][0x0][0x0][0x0][0x0][0x7f]2023-02-24 12:03:37.243025+00:00 [info] <0.230.0> Running boot step rabbit_mirror_queue_mode_exactly defined by app rabbit[0x1b][0m[\n]"
04:03:37.239 [docker-java-stream--2048532291] DEBUG com.github.dockerjava.zerodep.shaded.org.apache.hc.client5.http.wire - http-outgoing-1 << "[0x1][0x0][0x0][0x0][0x0][0x0][0x0]}2023-02-24 12:03:37.243072+00:00 [info] <0.230.0> Running boot step rabbit_mirror_queue_mode_nodes defined by app rabbit[0x1b][0m[\n]"
04:03:37.239 [docker-java-stream--2048532291] DEBUG com.github.dockerjava.zerodep.shaded.org.apache.hc.client5.http.wire - http-outgoing-1 << "[0x1][0x0][0x0][0x0][0x0][0x0][0x0]t2023-02-24 12:03:37.243103+00:00 [info] <0.230.0> Running boot step rabbit_priority_queue defined by app rabbit[0x1b][0m[\n]"
04:03:37.239 [docker-java-stream--2048532291] DEBUG com.github.dockerjava.zerodep.shaded.org.apache.hc.client5.http.wire - http-outgoing-1 << "[0x1][0x0][0x0][0x0][0x0][0x0][0x0]p2023-02-24 12:03:37.243124+00:00 [info] <0.230.0> Priority queues enabled, real BQ is rabbit_variable_queue[0x1b][0m[\n]"
04:03:37.239 [docker-java-stream--2048532291] DEBUG com.github.dockerjava.zerodep.shaded.org.apache.hc.client5.http.wire - http-outgoing-1 << "[0x1][0x0][0x0][0x0][0x0][0x0][0x0][0xffffff81]2023-02-24 12:03:37.243252+00:00 [info] <0.230.0> Running boot step rabbit_queue_location_client_local defined by app rabbit[0x1b][0m[\n]"
04:03:37.239 [docker-java-stream--2048532291] DEBUG com.github.dockerjava.zerodep.shaded.org.apache.hc.client5.http.wire - http-outgoing-1 << "[0x1][0x0][0x0][0x0][0x0][0x0][0x0][0xffffff80]2023-02-24 12:03:37.243381+00:00 [info] <0.230.0> Running boot step rabbit_queue_location_min_masters defined by app rabbit[0x1b][0m[\n]"
04:03:37.239 [docker-java-stream--2048532291] DEBUG com.github.dockerjava.zerodep.shaded.org.apache.hc.client5.http.wire - http-outgoing-1 << "[0x1][0x0][0x0][0x0][0x0][0x0][0x0]{2023-02-24 12:03:37.243490+00:00 [info] <0.230.0> Running boot step rabbit_queue_location_random defined by app rabbit[0x1b][0m[\n]"
04:03:37.239 [docker-java-stream--2048532291] DEBUG com.github.dockerjava.zerodep.shaded.org.apache.hc.client5.http.wire - http-outgoing-1 << "[\r][\n]"
04:03:37.240 [docker-java-stream--2048532291] DEBUG com.github.dockerjava.zerodep.shaded.org.apache.hc.client5.http.wire - http-outgoing-1 << "ee[\r][\n]"
04:03:37.240 [docker-java-stream--2048532291] DEBUG com.github.dockerjava.zerodep.shaded.org.apache.hc.client5.http.wire - http-outgoing-1 << "[0x1][0x0][0x0][0x0][0x0][0x0][0x0]k2023-02-24 12:03:37.243569+00:00 [info] <0.230.0> Running boot step kernel_ready defined by app rabbit[0x1b][0m[\n]"
04:03:37.240 [docker-java-stream--2048532291] DEBUG com.github.dockerjava.zerodep.shaded.org.apache.hc.client5.http.wire - http-outgoing-1 << "[0x1][0x0][0x0][0x0][0x0][0x0][0x0]s2023-02-24 12:03:37.243597+00:00 [info] <0.230.0> Running boot step rabbit_sysmon_minder defined by app rabbit[0x1b][0m[\n]"
04:03:37.240 [docker-java-stream--2048532291] DEBUG com.github.dockerjava.zerodep.shaded.org.apache.hc.client5.http.wire - http-outgoing-1 << "[\r][\n]"
04:03:37.240 [docker-java-stream--2048532291] DEBUG com.github.dockerjava.zerodep.shaded.org.apache.hc.client5.http.wire - http-outgoing-1 << "7a[\r][\n]"
04:03:37.240 [docker-java-stream--2048532291] DEBUG com.github.dockerjava.zerodep.shaded.org.apache.hc.client5.http.wire - http-outgoing-1 << "[0x1][0x0][0x0][0x0][0x0][0x0][0x0]r2023-02-24 12:03:37.243905+00:00 [info] <0.230.0> Running boot step rabbit_epmd_monitor defined by app rabbit[0x1b][0m[\n]"
04:03:37.240 [docker-java-stream--2048532291] DEBUG com.github.dockerjava.zerodep.shaded.org.apache.hc.client5.http.wire - http-outgoing-1 << "[\r][\n]"
04:03:37.243 [docker-java-stream--2048532291] DEBUG com.github.dockerjava.zerodep.shaded.org.apache.hc.client5.http.wire - http-outgoing-1 << "fe[\r][\n]"
04:03:37.244 [docker-java-stream--2048532291] DEBUG com.github.dockerjava.zerodep.shaded.org.apache.hc.client5.http.wire - http-outgoing-1 << "[0x1][0x0][0x0][0x0][0x0][0x0][0x0][0xffffff81]2023-02-24 12:03:37.245886+00:00 [info] <0.642.0> epmd monitor knows us, inter-node communication (distribution) port: 25672[0x1b][0m[\n]"
04:03:37.244 [docker-java-stream--2048532291] DEBUG com.github.dockerjava.zerodep.shaded.org.apache.hc.client5.http.wire - http-outgoing-1 << "[0x1][0x0][0x0][0x0][0x0][0x0][0x0]m2023-02-24 12:03:37.246110+00:00 [info] <0.230.0> Running boot step guid_generator defined by app rabbit[0x1b][0m[\n]"
04:03:37.244 [docker-java-stream--2048532291] DEBUG com.github.dockerjava.zerodep.shaded.org.apache.hc.client5.http.wire - http-outgoing-1 << "[\r][\n]"
04:03:37.247 [Test worker] DEBUG org.testcontainers.containers.output.WaitingConsumer - STDOUT: 2023-02-24 12:03:37.246110+00:00 [info] <0.230.0> Running boot step guid_generator defined by app rabbit
04:03:37.248 [Test worker] DEBUG org.testcontainers.containers.output.WaitingConsumer - STDOUT: 2023-02-24 12:03:37.245886+00:00 [info] <0.642.0> epmd monitor knows us, inter-node communication (distribution) port: 25672
04:03:37.248 [Test worker] DEBUG org.testcontainers.containers.output.WaitingConsumer - STDOUT: 2023-02-24 12:03:37.243905+00:00 [info] <0.230.0> Running boot step rabbit_epmd_monitor defined by app rabbit
04:03:37.248 [Test worker] DEBUG org.testcontainers.containers.output.WaitingConsumer - STDOUT: 2023-02-24 12:03:37.243597+00:00 [info] <0.230.0> Running boot step rabbit_sysmon_minder defined by app rabbit
04:03:37.248 [Test worker] DEBUG org.testcontainers.containers.output.WaitingConsumer - STDOUT: 2023-02-24 12:03:37.243569+00:00 [info] <0.230.0> Running boot step kernel_ready defined by app rabbit
04:03:37.248 [Test worker] DEBUG org.testcontainers.containers.output.WaitingConsumer - STDOUT: 2023-02-24 12:03:37.243490+00:00 [info] <0.230.0> Running boot step rabbit_queue_location_random defined by app rabbit
04:03:37.249 [Test worker] DEBUG org.testcontainers.containers.output.WaitingConsumer - STDOUT: 2023-02-24 12:03:37.243381+00:00 [info] <0.230.0> Running boot step rabbit_queue_location_min_masters defined by app rabbit
04:03:37.249 [Test worker] DEBUG org.testcontainers.containers.output.WaitingConsumer - STDOUT: 2023-02-24 12:03:37.243252+00:00 [info] <0.230.0> Running boot step rabbit_queue_location_client_local defined by app rabbit
04:03:37.249 [Test worker] DEBUG org.testcontainers.containers.output.WaitingConsumer - STDOUT: 2023-02-24 12:03:37.243124+00:00 [info] <0.230.0> Priority queues enabled, real BQ is rabbit_variable_queue
04:03:37.249 [Test worker] DEBUG org.testcontainers.containers.output.WaitingConsumer - STDOUT: 2023-02-24 12:03:37.243103+00:00 [info] <0.230.0> Running boot step rabbit_priority_queue defined by app rabbit
04:03:37.249 [Test worker] DEBUG org.testcontainers.containers.output.WaitingConsumer - STDOUT: 2023-02-24 12:03:37.243072+00:00 [info] <0.230.0> Running boot step rabbit_mirror_queue_mode_nodes defined by app rabbit
04:03:37.249 [Test worker] DEBUG org.testcontainers.containers.output.WaitingConsumer - STDOUT: 2023-02-24 12:03:37.243025+00:00 [info] <0.230.0> Running boot step rabbit_mirror_queue_mode_exactly defined by app rabbit
04:03:37.249 [Test worker] DEBUG org.testcontainers.containers.output.WaitingConsumer - STDOUT: 2023-02-24 12:03:37.242975+00:00 [info] <0.230.0> Running boot step rabbit_mirror_queue_mode_all defined by app rabbit
04:03:37.249 [Test worker] DEBUG org.testcontainers.containers.output.WaitingConsumer - STDOUT: 2023-02-24 12:03:37.242938+00:00 [info] <0.230.0> Running boot step rabbit_exchange_type_topic defined by app rabbit
04:03:37.249 [Test worker] DEBUG org.testcontainers.containers.output.WaitingConsumer - STDOUT: 2023-02-24 12:03:37.242872+00:00 [info] <0.230.0> Running boot step rabbit_exchange_type_headers defined by app rabbit
04:03:37.249 [Test worker] DEBUG org.testcontainers.containers.output.WaitingConsumer - STDOUT: 2023-02-24 12:03:37.242789+00:00 [info] <0.230.0> Running boot step rabbit_exchange_type_fanout defined by app rabbit
04:03:37.249 [Test worker] DEBUG org.testcontainers.containers.output.WaitingConsumer - STDOUT: 2023-02-24 12:03:37.242655+00:00 [info] <0.230.0> Running boot step rabbit_exchange_type_direct defined by app rabbit
04:03:37.249 [Test worker] DEBUG org.testcontainers.containers.output.WaitingConsumer - STDOUT: 2023-02-24 12:03:37.242494+00:00 [info] <0.230.0> Running boot step rabbit_auth_mechanism_plain defined by app rabbit
04:03:37.249 [Test worker] DEBUG org.testcontainers.containers.output.WaitingConsumer - STDOUT: 2023-02-24 12:03:37.242408+00:00 [info] <0.230.0> Running boot step rabbit_auth_mechanism_cr_demo defined by app rabbit
04:03:37.249 [Test worker] DEBUG org.testcontainers.containers.output.WaitingConsumer - STDOUT: 2023-02-24 12:03:37.242264+00:00 [info] <0.230.0> Running boot step rabbit_auth_mechanism_amqplain defined by app rabbit
04:03:37.250 [Test worker] DEBUG org.testcontainers.containers.output.WaitingConsumer - STDOUT: 2023-02-24 12:03:37.242141+00:00 [info] <0.230.0> Running boot step rabbit_registry defined by app rabbit
04:03:37.250 [Test worker] DEBUG org.testcontainers.containers.output.WaitingConsumer - STDOUT: 2023-02-24 12:03:37.241779+00:00 [info] <0.230.0> Running boot step rabbit_event defined by app rabbit
04:03:37.250 [Test worker] DEBUG org.testcontainers.containers.output.WaitingConsumer - STDOUT: 2023-02-24 12:03:37.241757+00:00 [info] <0.230.0> Running boot step external_infrastructure defined by app rabbit
04:03:37.250 [Test worker] DEBUG org.testcontainers.containers.output.WaitingConsumer - STDOUT: 2023-02-24 12:03:37.241686+00:00 [info] <0.230.0> Running boot step codec_correctness_check defined by app rabbit
04:03:37.250 [Test worker] DEBUG org.testcontainers.containers.output.WaitingConsumer - STDOUT: 2023-02-24 12:03:37.241360+00:00 [info] <0.230.0> Running boot step feature_flags defined by app rabbit
04:03:37.250 [Test worker] DEBUG org.testcontainers.containers.output.WaitingConsumer - STDOUT: 2023-02-24 12:03:37.241323+00:00 [info] <0.230.0> Running boot step database_sync defined by app rabbit
04:03:37.250 [Test worker] DEBUG org.testcontainers.containers.output.WaitingConsumer - STDOUT: 2023-02-24 12:03:37.241268+00:00 [info] <0.230.0> Running boot step networking_metadata_store defined by app rabbit
04:03:37.250 [Test worker] DEBUG org.testcontainers.containers.output.WaitingConsumer - STDOUT: 2023-02-24 12:03:37.241220+00:00 [info] <0.633.0> Setting up a table for channel tracking on this node: tracked_channel_per_user
04:03:37.250 [Test worker] DEBUG org.testcontainers.containers.output.WaitingConsumer - STDOUT: 2023-02-24 12:03:37.241189+00:00 [info] <0.633.0> Setting up a table for channel tracking on this node: tracked_channel
04:03:37.250 [Test worker] DEBUG org.testcontainers.containers.output.WaitingConsumer - STDOUT: 2023-02-24 12:03:37.241157+00:00 [info] <0.633.0> Setting up a table for per-user connection counting on this node: tracked_connection_per_user
04:03:37.250 [Test worker] DEBUG org.testcontainers.containers.output.WaitingConsumer - STDOUT: 2023-02-24 12:03:37.241072+00:00 [info] <0.633.0> Setting up a table for per-vhost connection counting on this node: tracked_connection_per_vhost
04:03:37.250 [Test worker] DEBUG org.testcontainers.containers.output.WaitingConsumer - STDOUT: 2023-02-24 12:03:37.240998+00:00 [info] <0.633.0> Setting up a table for connection tracking on this node: tracked_connection
04:03:37.250 [Test worker] DEBUG org.testcontainers.containers.output.WaitingConsumer - STDOUT: 2023-02-24 12:03:37.240791+00:00 [info] <0.230.0> Running boot step tracking_metadata_store defined by app rabbit
04:03:37.250 [Test worker] DEBUG org.testcontainers.containers.output.WaitingConsumer - STDOUT: 2023-02-24 12:03:37.240554+00:00 [info] <0.230.0> Will try to unlock with peer discovery backend rabbit_peer_discovery_classic_config
04:03:37.250 [Test worker] DEBUG org.testcontainers.containers.output.WaitingConsumer - STDOUT: 2023-02-24 12:03:37.240531+00:00 [info] <0.230.0> Peer discovery backend rabbit_peer_discovery_classic_config does not support registration, skipping registration.
04:03:37.250 [Test worker] DEBUG org.testcontainers.containers.output.WaitingConsumer - STDOUT: 2023-02-24 12:03:37.240494+00:00 [info] <0.230.0> Successfully synced tables from a peer
04:03:37.250 [Test worker] DEBUG org.testcontainers.containers.output.WaitingConsumer - STDOUT: 2023-02-24 12:03:37.240118+00:00 [info] <0.230.0> Waiting for Mnesia tables for 30000 ms, 9 retries left
04:03:37.252 [docker-java-stream--2048532291] DEBUG com.github.dockerjava.zerodep.shaded.org.apache.hc.client5.http.wire - http-outgoing-1 << "148[\r][\n]"
04:03:37.253 [docker-java-stream--2048532291] DEBUG com.github.dockerjava.zerodep.shaded.org.apache.hc.client5.http.wire - http-outgoing-1 << "[0x1][0x0][0x0][0x0][0x0][0x0][0x0]r2023-02-24 12:03:37.255960+00:00 [info] <0.230.0> Running boot step rabbit_node_monitor defined by app rabbit[0x1b][0m[\n]"
04:03:37.253 [docker-java-stream--2048532291] DEBUG com.github.dockerjava.zerodep.shaded.org.apache.hc.client5.http.wire - http-outgoing-1 << "[0x1][0x0][0x0][0x0][0x0][0x0][0x0]S2023-02-24 12:03:37.256354+00:00 [info] <0.646.0> Starting rabbit_node_monitor[0x1b][0m[\n]"
04:03:37.253 [docker-java-stream--2048532291] DEBUG com.github.dockerjava.zerodep.shaded.org.apache.hc.client5.http.wire - http-outgoing-1 << "[0x1][0x0][0x0][0x0][0x0][0x0][0x0]k2023-02-24 12:03:37.256559+00:00 [info] <0.230.0> Running boot step delegate_sup defined by app rabbit[0x1b][0m[\n]"
04:03:37.253 [docker-java-stream--2048532291] DEBUG com.github.dockerjava.zerodep.shaded.org.apache.hc.client5.http.wire - http-outgoing-1 << "[\r][\n]"
04:03:37.253 [docker-java-stream--2048532291] DEBUG com.github.dockerjava.zerodep.shaded.org.apache.hc.client5.http.wire - http-outgoing-1 << "7c[\r][\n]"
04:03:37.253 [docker-java-stream--2048532291] DEBUG com.github.dockerjava.zerodep.shaded.org.apache.hc.client5.http.wire - http-outgoing-1 << "[0x1][0x0][0x0][0x0][0x0][0x0][0x0]t2023-02-24 12:03:37.257246+00:00 [info] <0.230.0> Running boot step rabbit_memory_monitor defined by app rabbit[0x1b][0m[\n]"
04:03:37.253 [docker-java-stream--2048532291] DEBUG com.github.dockerjava.zerodep.shaded.org.apache.hc.client5.http.wire - http-outgoing-1 << "[\r][\n]"
04:03:37.254 [docker-java-stream--2048532291] DEBUG com.github.dockerjava.zerodep.shaded.org.apache.hc.client5.http.wire - http-outgoing-1 << "166[\r][\n]"
04:03:37.254 [docker-java-stream--2048532291] DEBUG com.github.dockerjava.zerodep.shaded.org.apache.hc.client5.http.wire - http-outgoing-1 << "[0x1][0x0][0x0][0x0][0x0][0x0][0x0]r2023-02-24 12:03:37.257637+00:00 [info] <0.230.0> Running boot step rabbit_fifo_dlx_sup defined by app rabbit[0x1b][0m[\n]"
04:03:37.254 [docker-java-stream--2048532291] DEBUG com.github.dockerjava.zerodep.shaded.org.apache.hc.client5.http.wire - http-outgoing-1 << "[0x1][0x0][0x0][0x0][0x0][0x0][0x0]o2023-02-24 12:03:37.257763+00:00 [info] <0.230.0> Running boot step core_initialized defined by app rabbit[0x1b][0m[\n]"
04:03:37.254 [docker-java-stream--2048532291] DEBUG com.github.dockerjava.zerodep.shaded.org.apache.hc.client5.http.wire - http-outgoing-1 << "[0x1][0x0][0x0][0x0][0x0][0x0][0x0]m2023-02-24 12:03:37.257794+00:00 [info] <0.230.0> Running boot step upgrade_queues defined by app rabbit[0x1b][0m[\n]"
04:03:37.254 [docker-java-stream--2048532291] DEBUG com.github.dockerjava.zerodep.shaded.org.apache.hc.client5.http.wire - http-outgoing-1 << "[\r][\n]"
04:03:37.263 [Test worker] DEBUG org.testcontainers.containers.output.WaitingConsumer - STDOUT: 2023-02-24 12:03:37.257794+00:00 [info] <0.230.0> Running boot step upgrade_queues defined by app rabbit
04:03:37.264 [Test worker] DEBUG org.testcontainers.containers.output.WaitingConsumer - STDOUT: 2023-02-24 12:03:37.257763+00:00 [info] <0.230.0> Running boot step core_initialized defined by app rabbit
04:03:37.264 [Test worker] DEBUG org.testcontainers.containers.output.WaitingConsumer - STDOUT: 2023-02-24 12:03:37.257637+00:00 [info] <0.230.0> Running boot step rabbit_fifo_dlx_sup defined by app rabbit
04:03:37.264 [Test worker] DEBUG org.testcontainers.containers.output.WaitingConsumer - STDOUT: 2023-02-24 12:03:37.257246+00:00 [info] <0.230.0> Running boot step rabbit_memory_monitor defined by app rabbit
04:03:37.264 [Test worker] DEBUG org.testcontainers.containers.output.WaitingConsumer - STDOUT: 2023-02-24 12:03:37.256559+00:00 [info] <0.230.0> Running boot step delegate_sup defined by app rabbit
04:03:37.264 [Test worker] DEBUG org.testcontainers.containers.output.WaitingConsumer - STDOUT: 2023-02-24 12:03:37.256354+00:00 [info] <0.646.0> Starting rabbit_node_monitor
04:03:37.264 [Test worker] DEBUG org.testcontainers.containers.output.WaitingConsumer - STDOUT: 2023-02-24 12:03:37.255960+00:00 [info] <0.230.0> Running boot step rabbit_node_monitor defined by app rabbit
04:03:37.267 [docker-java-stream--2048532291] DEBUG com.github.dockerjava.zerodep.shaded.org.apache.hc.client5.http.wire - http-outgoing-1 << "1fd[\r][\n]"
04:03:37.267 [docker-java-stream--2048532291] DEBUG com.github.dockerjava.zerodep.shaded.org.apache.hc.client5.http.wire - http-outgoing-1 << "[0x1][0x0][0x0][0x0][0x0][0x0][0x0]Y2023-02-24 12:03:37.269209+00:00 [info] <0.230.0> message_store upgrades: 1 to apply[0x1b][0m[\n]"
04:03:37.267 [docker-java-stream--2048532291] DEBUG com.github.dockerjava.zerodep.shaded.org.apache.hc.client5.http.wire - http-outgoing-1 << "[0x1][0x0][0x0][0x0][0x0][0x0][0x0][0xffffff8a]2023-02-24 12:03:37.269567+00:00 [info] <0.230.0> message_store upgrades: Applying rabbit_variable_queue:move_messages_to_vhost_store[0x1b][0m[\n]"
04:03:37.267 [docker-java-stream--2048532291] DEBUG com.github.dockerjava.zerodep.shaded.org.apache.hc.client5.http.wire - http-outgoing-1 << "[0x1][0x0][0x0][0x0][0x0][0x0][0x0][0xffffff88]2023-02-24 12:03:37.270010+00:00 [info] <0.230.0> message_store upgrades: No durable queues found. Skipping message store migration[0x1b][0m[\n]"
04:03:37.267 [docker-java-stream--2048532291] DEBUG com.github.dockerjava.zerodep.shaded.org.apache.hc.client5.http.wire - http-outgoing-1 << "[0x1][0x0][0x0][0x0][0x0][0x0][0x0]r2023-02-24 12:03:37.270065+00:00 [info] <0.230.0> message_store upgrades: Removing the old message store data[0x1b][0m[\n]"
04:03:37.267 [docker-java-stream--2048532291] DEBUG com.github.dockerjava.zerodep.shaded.org.apache.hc.client5.http.wire - http-outgoing-1 << "[\r][\n]"
04:03:37.268 [docker-java-stream--2048532291] DEBUG com.github.dockerjava.zerodep.shaded.org.apache.hc.client5.http.wire - http-outgoing-1 << "78[\r][\n]"
04:03:37.268 [docker-java-stream--2048532291] DEBUG com.github.dockerjava.zerodep.shaded.org.apache.hc.client5.http.wire - http-outgoing-1 << "[0x1][0x0][0x0][0x0][0x0][0x0][0x0]p2023-02-24 12:03:37.270995+00:00 [info] <0.230.0> message_store upgrades: All upgrades applied successfully[0x1b][0m[\n]"
04:03:37.268 [docker-java-stream--2048532291] DEBUG com.github.dockerjava.zerodep.shaded.org.apache.hc.client5.http.wire - http-outgoing-1 << "[\r][\n]"
04:03:37.277 [Test worker] DEBUG org.testcontainers.containers.output.WaitingConsumer - STDOUT: 2023-02-24 12:03:37.270995+00:00 [info] <0.230.0> message_store upgrades: All upgrades applied successfully
04:03:37.278 [Test worker] DEBUG org.testcontainers.containers.output.WaitingConsumer - STDOUT: 2023-02-24 12:03:37.270065+00:00 [info] <0.230.0> message_store upgrades: Removing the old message store data
04:03:37.278 [Test worker] DEBUG org.testcontainers.containers.output.WaitingConsumer - STDOUT: 2023-02-24 12:03:37.270010+00:00 [info] <0.230.0> message_store upgrades: No durable queues found. Skipping message store migration
04:03:37.278 [Test worker] DEBUG org.testcontainers.containers.output.WaitingConsumer - STDOUT: 2023-02-24 12:03:37.269567+00:00 [info] <0.230.0> message_store upgrades: Applying rabbit_variable_queue:move_messages_to_vhost_store
04:03:37.278 [Test worker] DEBUG org.testcontainers.containers.output.WaitingConsumer - STDOUT: 2023-02-24 12:03:37.269209+00:00 [info] <0.230.0> message_store upgrades: 1 to apply
04:03:37.282 [docker-java-stream--2048532291] DEBUG com.github.dockerjava.zerodep.shaded.org.apache.hc.client5.http.wire - http-outgoing-1 << "381[\r][\n]"
04:03:37.282 [docker-java-stream--2048532291] DEBUG com.github.dockerjava.zerodep.shaded.org.apache.hc.client5.http.wire - http-outgoing-1 << "[0x1][0x0][0x0][0x0][0x0][0x0][0x0]o2023-02-24 12:03:37.285610+00:00 [info] <0.230.0> Running boot step channel_tracking defined by app rabbit[0x1b][0m[\n]"
04:03:37.282 [docker-java-stream--2048532291] DEBUG com.github.dockerjava.zerodep.shaded.org.apache.hc.client5.http.wire - http-outgoing-1 << "[0x1][0x0][0x0][0x0][0x0][0x0][0x0]~2023-02-24 12:03:37.285748+00:00 [info] <0.230.0> Running boot step rabbit_channel_tracking_handler defined by app rabbit[0x1b][0m[\n]"
04:03:37.282 [docker-java-stream--2048532291] DEBUG com.github.dockerjava.zerodep.shaded.org.apache.hc.client5.http.wire - http-outgoing-1 << "[0x1][0x0][0x0][0x0][0x0][0x0][0x0]r2023-02-24 12:03:37.285857+00:00 [info] <0.230.0> Running boot step connection_tracking defined by app rabbit[0x1b][0m[\n]"
04:03:37.282 [docker-java-stream--2048532291] DEBUG com.github.dockerjava.zerodep.shaded.org.apache.hc.client5.http.wire - http-outgoing-1 << "[0x1][0x0][0x0][0x0][0x0][0x0][0x0][0xffffff81]2023-02-24 12:03:37.285884+00:00 [info] <0.230.0> Running boot step rabbit_connection_tracking_handler defined by app rabbit[0x1b][0m[\n]"
04:03:37.282 [docker-java-stream--2048532291] DEBUG com.github.dockerjava.zerodep.shaded.org.apache.hc.client5.http.wire - http-outgoing-1 << "[0x1][0x0][0x0][0x0][0x0][0x0][0x0]y2023-02-24 12:03:37.285932+00:00 [info] <0.230.0> Running boot step rabbit_definitions_hashing defined by app rabbit[0x1b][0m[\n]"
04:03:37.282 [docker-java-stream--2048532291] DEBUG com.github.dockerjava.zerodep.shaded.org.apache.hc.client5.http.wire - http-outgoing-1 << "[0x1][0x0][0x0][0x0][0x0][0x0][0x0]y2023-02-24 12:03:37.286017+00:00 [info] <0.230.0> Running boot step rabbit_exchange_parameters defined by app rabbit[0x1b][0m[\n]"
04:03:37.282 [docker-java-stream--2048532291] DEBUG com.github.dockerjava.zerodep.shaded.org.apache.hc.client5.http.wire - http-outgoing-1 << "[0x1][0x0][0x0][0x0][0x0][0x0][0x0]w2023-02-24 12:03:37.286162+00:00 [info] <0.230.0> Running boot step rabbit_mirror_queue_misc defined by app rabbit[0x1b][0m[\n]"
04:03:37.282 [docker-java-stream--2048532291] DEBUG com.github.dockerjava.zerodep.shaded.org.apache.hc.client5.http.wire - http-outgoing-1 << "[\r][\n]"
04:03:37.283 [docker-java-stream--2048532291] DEBUG com.github.dockerjava.zerodep.shaded.org.apache.hc.client5.http.wire - http-outgoing-1 << "76[\r][\n]"
04:03:37.283 [docker-java-stream--2048532291] DEBUG com.github.dockerjava.zerodep.shaded.org.apache.hc.client5.http.wire - http-outgoing-1 << "[0x1][0x0][0x0][0x0][0x0][0x0][0x0]n2023-02-24 12:03:37.286484+00:00 [info] <0.230.0> Running boot step rabbit_policies defined by app rabbit[0x1b][0m[\n]"
04:03:37.283 [docker-java-stream--2048532291] DEBUG com.github.dockerjava.zerodep.shaded.org.apache.hc.client5.http.wire - http-outgoing-1 << "[\r][\n]"
04:03:37.283 [docker-java-stream--2048532291] DEBUG com.github.dockerjava.zerodep.shaded.org.apache.hc.client5.http.wire - http-outgoing-1 << "17d[\r][\n]"
04:03:37.283 [docker-java-stream--2048532291] DEBUG com.github.dockerjava.zerodep.shaded.org.apache.hc.client5.http.wire - http-outgoing-1 << "[0x1][0x0][0x0][0x0][0x0][0x0][0x0]l2023-02-24 12:03:37.286837+00:00 [info] <0.230.0> Running boot step rabbit_policy defined by app rabbit[0x1b][0m[\n]"
04:03:37.283 [docker-java-stream--2048532291] DEBUG com.github.dockerjava.zerodep.shaded.org.apache.hc.client5.http.wire - http-outgoing-1 << "[0x1][0x0][0x0][0x0][0x0][0x0][0x0]~2023-02-24 12:03:37.286910+00:00 [info] <0.230.0> Running boot step rabbit_queue_location_validator defined by app rabbit[0x1b][0m[\n]"
04:03:37.283 [docker-java-stream--2048532291] DEBUG com.github.dockerjava.zerodep.shaded.org.apache.hc.client5.http.wire - http-outgoing-1 << "[0x1][0x0][0x0][0x0][0x0][0x0][0x0]{2023-02-24 12:03:37.286964+00:00 [info] <0.230.0> Running boot step rabbit_quorum_memory_manager defined by app rabbit[0x1b][0m[\n]"
04:03:37.283 [docker-java-stream--2048532291] DEBUG com.github.dockerjava.zerodep.shaded.org.apache.hc.client5.http.wire - http-outgoing-1 << "[\r][\n]"
04:03:37.283 [docker-java-stream--2048532291] DEBUG com.github.dockerjava.zerodep.shaded.org.apache.hc.client5.http.wire - http-outgoing-1 << "80[\r][\n]"
04:03:37.283 [docker-java-stream--2048532291] DEBUG com.github.dockerjava.zerodep.shaded.org.apache.hc.client5.http.wire - http-outgoing-1 << "[0x1][0x0][0x0][0x0][0x0][0x0][0x0]x2023-02-24 12:03:37.287060+00:00 [info] <0.230.0> Running boot step rabbit_stream_coordinator defined by app rabbit[0x1b][0m[\n]"
04:03:37.283 [docker-java-stream--2048532291] DEBUG com.github.dockerjava.zerodep.shaded.org.apache.hc.client5.http.wire - http-outgoing-1 << "[\r][\n]"
04:03:37.283 [docker-java-stream--2048532291] DEBUG com.github.dockerjava.zerodep.shaded.org.apache.hc.client5.http.wire - http-outgoing-1 << "200[\r][\n]"
04:03:37.283 [docker-java-stream--2048532291] DEBUG com.github.dockerjava.zerodep.shaded.org.apache.hc.client5.http.wire - http-outgoing-1 << "[0x1][0x0][0x0][0x0][0x0][0x0][0x0]q2023-02-24 12:03:37.287506+00:00 [info] <0.230.0> Running boot step rabbit_vhost_limit defined by app rabbit[0x1b][0m[\n]"
04:03:37.283 [docker-java-stream--2048532291] DEBUG com.github.dockerjava.zerodep.shaded.org.apache.hc.client5.http.wire - http-outgoing-1 << "[0x1][0x0][0x0][0x0][0x0][0x0][0x0][0xffffff85]2023-02-24 12:03:37.287637+00:00 [info] <0.230.0> Running boot step rabbit_mgmt_reset_handler defined by app rabbitmq_management[0x1b][0m[\n]"
04:03:37.283 [docker-java-stream--2048532291] DEBUG com.github.dockerjava.zerodep.shaded.org.apache.hc.client5.http.wire - http-outgoing-1 << "[0x1][0x0][0x0][0x0][0x0][0x0][0x0][0xffffff88]2023-02-24 12:03:37.287763+00:00 [info] <0.230.0> Running boot step rabbit_mgmt_db_handler defined by app rabbitmq_management_agent[0x1b][0m[\n]"
04:03:37.283 [docker-java-stream--2048532291] DEBUG com.github.dockerjava.zerodep.shaded.org.apache.hc.client5.http.wire - http-outgoing-1 << "[0x1][0x0][0x0][0x0][0x0][0x0][0x0]b2023-02-24 12:03:37.287825+00:00 [info] <0.230.0> Management plugin: using rates mode 'basic'[0x1b][0m[\n]"
04:03:37.283 [docker-java-stream--2048532291] DEBUG com.github.dockerjava.zerodep.shaded.org.apache.hc.client5.http.wire - http-outgoing-1 << "[\r][\n]"
04:03:37.285 [docker-java-stream--2048532291] DEBUG com.github.dockerjava.zerodep.shaded.org.apache.hc.client5.http.wire - http-outgoing-1 << "6f[\r][\n]"
04:03:37.285 [docker-java-stream--2048532291] DEBUG com.github.dockerjava.zerodep.shaded.org.apache.hc.client5.http.wire - http-outgoing-1 << "[0x1][0x0][0x0][0x0][0x0][0x0][0x0]g2023-02-24 12:03:37.289195+00:00 [info] <0.230.0> Running boot step recovery defined by app rabbit[0x1b][0m[\n]"
04:03:37.285 [docker-java-stream--2048532291] DEBUG com.github.dockerjava.zerodep.shaded.org.apache.hc.client5.http.wire - http-outgoing-1 << "[\r][\n]"
04:03:37.287 [docker-java-stream--2048532291] DEBUG com.github.dockerjava.zerodep.shaded.org.apache.hc.client5.http.wire - http-outgoing-1 << "15d[\r][\n]"
04:03:37.287 [docker-java-stream--2048532291] DEBUG com.github.dockerjava.zerodep.shaded.org.apache.hc.client5.http.wire - http-outgoing-1 << "[0x1][0x0][0x0][0x0][0x0][0x0][0x0]m2023-02-24 12:03:37.291137+00:00 [info] <0.230.0> Running boot step empty_db_check defined by app rabbit[0x1b][0m[\n]"
04:03:37.287 [docker-java-stream--2048532291] DEBUG com.github.dockerjava.zerodep.shaded.org.apache.hc.client5.http.wire - http-outgoing-1 << "[0x1][0x0][0x0][0x0][0x0][0x0][0x0]a2023-02-24 12:03:37.291248+00:00 [info] <0.230.0> Will seed default virtual host and user...[0x1b][0m[\n]"
04:03:37.287 [docker-java-stream--2048532291] DEBUG com.github.dockerjava.zerodep.shaded.org.apache.hc.client5.http.wire - http-outgoing-1 << "[0x1][0x0][0x0][0x0][0x0][0x0][0x0]w2023-02-24 12:03:37.291377+00:00 [info] <0.230.0> Adding vhost '/' (description: 'Default virtual host', tags: [])[0x1b][0m[\n]"
04:03:37.287 [docker-java-stream--2048532291] DEBUG com.github.dockerjava.zerodep.shaded.org.apache.hc.client5.http.wire - http-outgoing-1 << "[\r][\n]"
04:03:37.293 [Test worker] DEBUG org.testcontainers.containers.output.WaitingConsumer - STDOUT: 2023-02-24 12:03:37.291377+00:00 [info] <0.230.0> Adding vhost '/' (description: 'Default virtual host', tags: [])
04:03:37.294 [Test worker] DEBUG org.testcontainers.containers.output.WaitingConsumer - STDOUT: 2023-02-24 12:03:37.291248+00:00 [info] <0.230.0> Will seed default virtual host and user...
04:03:37.294 [docker-java-stream--2048532291] DEBUG com.github.dockerjava.zerodep.shaded.org.apache.hc.client5.http.wire - http-outgoing-1 << "6d[\r][\n]"
04:03:37.294 [Test worker] DEBUG org.testcontainers.containers.output.WaitingConsumer - STDOUT: 2023-02-24 12:03:37.291137+00:00 [info] <0.230.0> Running boot step empty_db_check defined by app rabbit
04:03:37.294 [docker-java-stream--2048532291] DEBUG com.github.dockerjava.zerodep.shaded.org.apache.hc.client5.http.wire - http-outgoing-1 << "[0x1][0x0][0x0][0x0][0x0][0x0][0x0]e2023-02-24 12:03:37.296640+00:00 [info] <0.230.0> Applying default limits to vhost '<<"/">>': [][0x1b][0m[\n]"
04:03:37.294 [docker-java-stream--2048532291] DEBUG com.github.dockerjava.zerodep.shaded.org.apache.hc.client5.http.wire - http-outgoing-1 << "[\r][\n]"
04:03:37.294 [Test worker] DEBUG org.testcontainers.containers.output.WaitingConsumer - STDOUT: 2023-02-24 12:03:37.289195+00:00 [info] <0.230.0> Running boot step recovery defined by app rabbit
04:03:37.294 [Test worker] DEBUG org.testcontainers.containers.output.WaitingConsumer - STDOUT: 2023-02-24 12:03:37.287825+00:00 [info] <0.230.0> Management plugin: using rates mode 'basic'
04:03:37.294 [Test worker] DEBUG org.testcontainers.containers.output.WaitingConsumer - STDOUT: 2023-02-24 12:03:37.296640+00:00 [info] <0.230.0> Applying default limits to vhost '<<"/">>': []
04:03:37.294 [Test worker] DEBUG org.testcontainers.containers.output.WaitingConsumer - STDOUT: 2023-02-24 12:03:37.287763+00:00 [info] <0.230.0> Running boot step rabbit_mgmt_db_handler defined by app rabbitmq_management_agent
04:03:37.294 [Test worker] DEBUG org.testcontainers.containers.output.WaitingConsumer - STDOUT: 2023-02-24 12:03:37.287637+00:00 [info] <0.230.0> Running boot step rabbit_mgmt_reset_handler defined by app rabbitmq_management
04:03:37.294 [Test worker] DEBUG org.testcontainers.containers.output.WaitingConsumer - STDOUT: 2023-02-24 12:03:37.287506+00:00 [info] <0.230.0> Running boot step rabbit_vhost_limit defined by app rabbit
04:03:37.294 [Test worker] DEBUG org.testcontainers.containers.output.WaitingConsumer - STDOUT: 2023-02-24 12:03:37.287060+00:00 [info] <0.230.0> Running boot step rabbit_stream_coordinator defined by app rabbit
04:03:37.294 [Test worker] DEBUG org.testcontainers.containers.output.WaitingConsumer - STDOUT: 2023-02-24 12:03:37.286964+00:00 [info] <0.230.0> Running boot step rabbit_quorum_memory_manager defined by app rabbit
04:03:37.294 [Test worker] DEBUG org.testcontainers.containers.output.WaitingConsumer - STDOUT: 2023-02-24 12:03:37.286910+00:00 [info] <0.230.0> Running boot step rabbit_queue_location_validator defined by app rabbit
04:03:37.294 [Test worker] DEBUG org.testcontainers.containers.output.WaitingConsumer - STDOUT: 2023-02-24 12:03:37.286837+00:00 [info] <0.230.0> Running boot step rabbit_policy defined by app rabbit
04:03:37.294 [Test worker] DEBUG org.testcontainers.containers.output.WaitingConsumer - STDOUT: 2023-02-24 12:03:37.286484+00:00 [info] <0.230.0> Running boot step rabbit_policies defined by app rabbit
04:03:37.294 [Test worker] DEBUG org.testcontainers.containers.output.WaitingConsumer - STDOUT: 2023-02-24 12:03:37.286162+00:00 [info] <0.230.0> Running boot step rabbit_mirror_queue_misc defined by app rabbit
04:03:37.294 [Test worker] DEBUG org.testcontainers.containers.output.WaitingConsumer - STDOUT: 2023-02-24 12:03:37.286017+00:00 [info] <0.230.0> Running boot step rabbit_exchange_parameters defined by app rabbit
04:03:37.294 [Test worker] DEBUG org.testcontainers.containers.output.WaitingConsumer - STDOUT: 2023-02-24 12:03:37.285932+00:00 [info] <0.230.0> Running boot step rabbit_definitions_hashing defined by app rabbit
04:03:37.294 [Test worker] DEBUG org.testcontainers.containers.output.WaitingConsumer - STDOUT: 2023-02-24 12:03:37.285884+00:00 [info] <0.230.0> Running boot step rabbit_connection_tracking_handler defined by app rabbit
04:03:37.294 [Test worker] DEBUG org.testcontainers.containers.output.WaitingConsumer - STDOUT: 2023-02-24 12:03:37.285857+00:00 [info] <0.230.0> Running boot step connection_tracking defined by app rabbit
04:03:37.294 [Test worker] DEBUG org.testcontainers.containers.output.WaitingConsumer - STDOUT: 2023-02-24 12:03:37.285748+00:00 [info] <0.230.0> Running boot step rabbit_channel_tracking_handler defined by app rabbit
04:03:37.294 [Test worker] DEBUG org.testcontainers.containers.output.WaitingConsumer - STDOUT: 2023-02-24 12:03:37.285610+00:00 [info] <0.230.0> Running boot step channel_tracking defined by app rabbit
04:03:37.320 [docker-java-stream--2048532291] DEBUG com.github.dockerjava.zerodep.shaded.org.apache.hc.client5.http.wire - http-outgoing-1 << "c9[\r][\n]"
04:03:37.320 [docker-java-stream--2048532291] DEBUG com.github.dockerjava.zerodep.shaded.org.apache.hc.client5.http.wire - http-outgoing-1 << "[0x1][0x0][0x0][0x0][0x0][0x0][0x0][0xffffffc1]2023-02-24 12:03:37.324561+00:00 [info] <0.688.0> Making sure data directory '/var/lib/rabbitmq/mnesia/rabbit@8fa742c535a5/msg_stores/vhosts/628WB79CIFDYO9LJI6DKMI09L' for vhost '/' exists[0x1b][0m[\n]"
04:03:37.321 [docker-java-stream--2048532291] DEBUG com.github.dockerjava.zerodep.shaded.org.apache.hc.client5.http.wire - http-outgoing-1 << "[\r][\n]"
04:03:37.321 [Test worker] DEBUG org.testcontainers.containers.output.WaitingConsumer - STDOUT: 2023-02-24 12:03:37.324561+00:00 [info] <0.688.0> Making sure data directory '/var/lib/rabbitmq/mnesia/rabbit@8fa742c535a5/msg_stores/vhosts/628WB79CIFDYO9LJI6DKMI09L' for vhost '/' exists
04:03:37.322 [docker-java-stream--2048532291] DEBUG com.github.dockerjava.zerodep.shaded.org.apache.hc.client5.http.wire - http-outgoing-1 << "80[\r][\n]"
04:03:37.323 [docker-java-stream--2048532291] DEBUG com.github.dockerjava.zerodep.shaded.org.apache.hc.client5.http.wire - http-outgoing-1 << "[0x1][0x0][0x0][0x0][0x0][0x0][0x0]x2023-02-24 12:03:37.326640+00:00 [info] <0.688.0> Setting segment_entry_count for vhost '/' with 0 queues to '2048'[0x1b][0m[\n]"
04:03:37.323 [docker-java-stream--2048532291] DEBUG com.github.dockerjava.zerodep.shaded.org.apache.hc.client5.http.wire - http-outgoing-1 << "[\r][\n]"
04:03:37.329 [docker-java-stream--2048532291] DEBUG com.github.dockerjava.zerodep.shaded.org.apache.hc.client5.http.wire - http-outgoing-1 << "113[\r][\n]"
04:03:37.329 [docker-java-stream--2048532291] DEBUG com.github.dockerjava.zerodep.shaded.org.apache.hc.client5.http.wire - http-outgoing-1 << "[0x1][0x0][0x0][0x0][0x0][0x0][0x0]\2023-02-24 12:03:37.332632+00:00 [info] <0.688.0> Starting message stores for vhost '/'[0x1b][0m[\n]"
04:03:37.329 [docker-java-stream--2048532291] DEBUG com.github.dockerjava.zerodep.shaded.org.apache.hc.client5.http.wire - http-outgoing-1 << "[0x1][0x0][0x0][0x0][0x0][0x0][0x0][0xffffffa7]2023-02-24 12:03:37.333024+00:00 [info] <0.693.0> Message store "628WB79CIFDYO9LJI6DKMI09L/msg_store_transient": using rabbit_msg_store_ets_index to provide index[0x1b][0m[\n]"
04:03:37.329 [docker-java-stream--2048532291] DEBUG com.github.dockerjava.zerodep.shaded.org.apache.hc.client5.http.wire - http-outgoing-1 << "[\r][\n]"
04:03:37.331 [docker-java-stream--2048532291] DEBUG com.github.dockerjava.zerodep.shaded.org.apache.hc.client5.http.wire - http-outgoing-1 << "74[\r][\n]"
04:03:37.331 [docker-java-stream--2048532291] DEBUG com.github.dockerjava.zerodep.shaded.org.apache.hc.client5.http.wire - http-outgoing-1 << "[0x1][0x0][0x0][0x0][0x0][0x0][0x0]l2023-02-24 12:03:37.335097+00:00 [info] <0.688.0> Started message store of type transient for vhost '/'[0x1b][0m[\n]"
04:03:37.331 [docker-java-stream--2048532291] DEBUG com.github.dockerjava.zerodep.shaded.org.apache.hc.client5.http.wire - http-outgoing-1 << "[\r][\n]"
04:03:37.331 [docker-java-stream--2048532291] DEBUG com.github.dockerjava.zerodep.shaded.org.apache.hc.client5.http.wire - http-outgoing-1 << "b0[\r][\n]"
04:03:37.331 [docker-java-stream--2048532291] DEBUG com.github.dockerjava.zerodep.shaded.org.apache.hc.client5.http.wire - http-outgoing-1 << "[0x1][0x0][0x0][0x0][0x0][0x0][0x0][0xffffffa8]2023-02-24 12:03:37.335357+00:00 [info] <0.697.0> Message store "628WB79CIFDYO9LJI6DKMI09L/msg_store_persistent": using rabbit_msg_store_ets_index to provide index[0x1b][0m[\n]"
04:03:37.331 [docker-java-stream--2048532291] DEBUG com.github.dockerjava.zerodep.shaded.org.apache.hc.client5.http.wire - http-outgoing-1 << "[\r][\n]"
04:03:37.332 [docker-java-stream--2048532291] DEBUG com.github.dockerjava.zerodep.shaded.org.apache.hc.client5.http.wire - http-outgoing-1 << "ac[\r][\n]"
04:03:37.332 [docker-java-stream--2048532291] DEBUG com.github.dockerjava.zerodep.shaded.org.apache.hc.client5.http.wire - http-outgoing-1 << "[0x1][0x0][0x0][0x0][0x0][0x0][0x0][0xffffffa4][0x1b][38;5;214m2023-02-24 12:03:37.336807+00:00 [warning] <0.697.0> Message store "628WB79CIFDYO9LJI6DKMI09L/msg_store_persistent": rebuilding indices from scratch[0x1b][0m[\n]"
04:03:37.332 [docker-java-stream--2048532291] DEBUG com.github.dockerjava.zerodep.shaded.org.apache.hc.client5.http.wire - http-outgoing-1 << "[\r][\n]"
04:03:37.334 [docker-java-stream--2048532291] DEBUG com.github.dockerjava.zerodep.shaded.org.apache.hc.client5.http.wire - http-outgoing-1 << "75[\r][\n]"
04:03:37.334 [docker-java-stream--2048532291] DEBUG com.github.dockerjava.zerodep.shaded.org.apache.hc.client5.http.wire - http-outgoing-1 << "[0x1][0x0][0x0][0x0][0x0][0x0][0x0]m2023-02-24 12:03:37.338905+00:00 [info] <0.688.0> Started message store of type persistent for vhost '/'[0x1b][0m[\n]"
04:03:37.334 [docker-java-stream--2048532291] DEBUG com.github.dockerjava.zerodep.shaded.org.apache.hc.client5.http.wire - http-outgoing-1 << "[\r][\n]"
04:03:37.334 [docker-java-stream--2048532291] DEBUG com.github.dockerjava.zerodep.shaded.org.apache.hc.client5.http.wire - http-outgoing-1 << "167[\r][\n]"
04:03:37.334 [docker-java-stream--2048532291] DEBUG com.github.dockerjava.zerodep.shaded.org.apache.hc.client5.http.wire - http-outgoing-1 << "[0x1][0x0][0x0][0x0][0x0][0x0][0x0]q2023-02-24 12:03:37.339146+00:00 [info] <0.688.0> Recovering 0 queues of type rabbit_classic_queue took 12ms[0x1b][0m[\n]"
04:03:37.334 [docker-java-stream--2048532291] DEBUG com.github.dockerjava.zerodep.shaded.org.apache.hc.client5.http.wire - http-outgoing-1 << "[0x1][0x0][0x0][0x0][0x0][0x0][0x0]o2023-02-24 12:03:37.339208+00:00 [info] <0.688.0> Recovering 0 queues of type rabbit_quorum_queue took 0ms[0x1b][0m[\n]"
04:03:37.334 [docker-java-stream--2048532291] DEBUG com.github.dockerjava.zerodep.shaded.org.apache.hc.client5.http.wire - http-outgoing-1 << "[0x1][0x0][0x0][0x0][0x0][0x0][0x0]o2023-02-24 12:03:37.339233+00:00 [info] <0.688.0> Recovering 0 queues of type rabbit_stream_queue took 0ms[0x1b][0m[\n]"
04:03:37.334 [docker-java-stream--2048532291] DEBUG com.github.dockerjava.zerodep.shaded.org.apache.hc.client5.http.wire - http-outgoing-1 << "[\r][\n]"
04:03:37.339 [Test worker] DEBUG org.testcontainers.containers.output.WaitingConsumer - STDOUT: 2023-02-24 12:03:37.339233+00:00 [info] <0.688.0> Recovering 0 queues of type rabbit_stream_queue took 0ms
04:03:37.339 [Test worker] DEBUG org.testcontainers.containers.output.WaitingConsumer - STDOUT: 2023-02-24 12:03:37.339208+00:00 [info] <0.688.0> Recovering 0 queues of type rabbit_quorum_queue took 0ms
04:03:37.339 [Test worker] DEBUG org.testcontainers.containers.output.WaitingConsumer - STDOUT: 2023-02-24 12:03:37.339146+00:00 [info] <0.688.0> Recovering 0 queues of type rabbit_classic_queue took 12ms
04:03:37.339 [Test worker] DEBUG org.testcontainers.containers.output.WaitingConsumer - STDOUT: 2023-02-24 12:03:37.338905+00:00 [info] <0.688.0> Started message store of type persistent for vhost '/'
04:03:37.339 [Test worker] DEBUG org.testcontainers.containers.output.WaitingConsumer - STDOUT: 2023-02-24 12:03:37.336807+00:00 [warning] <0.697.0> Message store "628WB79CIFDYO9LJI6DKMI09L/msg_store_persistent": rebuilding indices from scratch
04:03:37.339 [Test worker] DEBUG org.testcontainers.containers.output.WaitingConsumer - STDOUT: 2023-02-24 12:03:37.335357+00:00 [info] <0.697.0> Message store "628WB79CIFDYO9LJI6DKMI09L/msg_store_persistent": using rabbit_msg_store_ets_index to provide index
04:03:37.339 [Test worker] DEBUG org.testcontainers.containers.output.WaitingConsumer - STDOUT: 2023-02-24 12:03:37.335097+00:00 [info] <0.688.0> Started message store of type transient for vhost '/'
04:03:37.339 [Test worker] DEBUG org.testcontainers.containers.output.WaitingConsumer - STDOUT: 2023-02-24 12:03:37.333024+00:00 [info] <0.693.0> Message store "628WB79CIFDYO9LJI6DKMI09L/msg_store_transient": using rabbit_msg_store_ets_index to provide index
04:03:37.339 [Test worker] DEBUG org.testcontainers.containers.output.WaitingConsumer - STDOUT: 2023-02-24 12:03:37.332632+00:00 [info] <0.688.0> Starting message stores for vhost '/'
04:03:37.339 [Test worker] DEBUG org.testcontainers.containers.output.WaitingConsumer - STDOUT: 2023-02-24 12:03:37.326640+00:00 [info] <0.688.0> Setting segment_entry_count for vhost '/' with 0 queues to '2048'
04:03:37.341 [docker-java-stream--2048532291] DEBUG com.github.dockerjava.zerodep.shaded.org.apache.hc.client5.http.wire - http-outgoing-1 << "53[\r][\n]"
04:03:37.341 [docker-java-stream--2048532291] DEBUG com.github.dockerjava.zerodep.shaded.org.apache.hc.client5.http.wire - http-outgoing-1 << "[0x1][0x0][0x0][0x0][0x0][0x0][0x0]K2023-02-24 12:03:37.345023+00:00 [info] <0.230.0> Created user 'guest'[0x1b][0m[\n]"
04:03:37.341 [docker-java-stream--2048532291] DEBUG com.github.dockerjava.zerodep.shaded.org.apache.hc.client5.http.wire - http-outgoing-1 << "[\r][\n]"
04:03:37.345 [docker-java-stream--2048532291] DEBUG com.github.dockerjava.zerodep.shaded.org.apache.hc.client5.http.wire - http-outgoing-1 << "7d[\r][\n]"
04:03:37.345 [docker-java-stream--2048532291] DEBUG com.github.dockerjava.zerodep.shaded.org.apache.hc.client5.http.wire - http-outgoing-1 << "[0x1][0x0][0x0][0x0][0x0][0x0][0x0]u2023-02-24 12:03:37.349205+00:00 [info] <0.230.0> Successfully set user tags for user 'guest' to [administrator][0x1b][0m[\n]"
04:03:37.345 [docker-java-stream--2048532291] DEBUG com.github.dockerjava.zerodep.shaded.org.apache.hc.client5.http.wire - http-outgoing-1 << "[\r][\n]"
04:03:37.349 [docker-java-stream--2048532291] DEBUG com.github.dockerjava.zerodep.shaded.org.apache.hc.client5.http.wire - http-outgoing-1 << "201[\r][\n]"
04:03:37.349 [docker-java-stream--2048532291] DEBUG com.github.dockerjava.zerodep.shaded.org.apache.hc.client5.http.wire - http-outgoing-1 << "[0x1][0x0][0x0][0x0][0x0][0x0][0x0][0xffffff87]2023-02-24 12:03:37.353170+00:00 [info] <0.230.0> Successfully set permissions for 'guest' in virtual host '/' to '.*', '.*', '.*'[0x1b][0m[\n]"
04:03:37.349 [docker-java-stream--2048532291] DEBUG com.github.dockerjava.zerodep.shaded.org.apache.hc.client5.http.wire - http-outgoing-1 << "[0x1][0x0][0x0][0x0][0x0][0x0][0x0]r2023-02-24 12:03:37.353275+00:00 [info] <0.230.0> Running boot step rabbit_observer_cli defined by app rabbit[0x1b][0m[\n]"
04:03:37.349 [docker-java-stream--2048532291] DEBUG com.github.dockerjava.zerodep.shaded.org.apache.hc.client5.http.wire - http-outgoing-1 << "[0x1][0x0][0x0][0x0][0x0][0x0][0x0]s2023-02-24 12:03:37.353392+00:00 [info] <0.230.0> Running boot step rabbit_looking_glass defined by app rabbit[0x1b][0m[\n]"
04:03:37.349 [docker-java-stream--2048532291] DEBUG com.github.dockerjava.zerodep.shaded.org.apache.hc.client5.http.wire - http-outgoing-1 << "[0x1][0x0][0x0][0x0][0x0][0x0][0x0]u2023-02-24 12:03:37.353430+00:00 [info] <0.230.0> Running boot step rabbit_core_metrics_gc defined by app rabbit[0x1b][0m[\n]"
04:03:37.349 [docker-java-stream--2048532291] DEBUG com.github.dockerjava.zerodep.shaded.org.apache.hc.client5.http.wire - http-outgoing-1 << "[\r][\n]"
04:03:37.349 [docker-java-stream--2048532291] DEBUG com.github.dockerjava.zerodep.shaded.org.apache.hc.client5.http.wire - http-outgoing-1 << "74[\r][\n]"
04:03:37.349 [docker-java-stream--2048532291] DEBUG com.github.dockerjava.zerodep.shaded.org.apache.hc.client5.http.wire - http-outgoing-1 << "[0x1][0x0][0x0][0x0][0x0][0x0][0x0]l2023-02-24 12:03:37.353684+00:00 [info] <0.230.0> Running boot step background_gc defined by app rabbit[0x1b][0m[\n]"
04:03:37.349 [docker-java-stream--2048532291] DEBUG com.github.dockerjava.zerodep.shaded.org.apache.hc.client5.http.wire - http-outgoing-1 << "[\r][\n]"
04:03:37.350 [docker-java-stream--2048532291] DEBUG com.github.dockerjava.zerodep.shaded.org.apache.hc.client5.http.wire - http-outgoing-1 << "1cb[\r][\n]"
04:03:37.350 [docker-java-stream--2048532291] DEBUG com.github.dockerjava.zerodep.shaded.org.apache.hc.client5.http.wire - http-outgoing-1 << "[0x1][0x0][0x0][0x0][0x0][0x0][0x0]l2023-02-24 12:03:37.354002+00:00 [info] <0.230.0> Running boot step routing_ready defined by app rabbit[0x1b][0m[\n]"
04:03:37.350 [docker-java-stream--2048532291] DEBUG com.github.dockerjava.zerodep.shaded.org.apache.hc.client5.http.wire - http-outgoing-1 << "[0x1][0x0][0x0][0x0][0x0][0x0][0x0]i2023-02-24 12:03:37.354045+00:00 [info] <0.230.0> Running boot step pre_flight defined by app rabbit[0x1b][0m[\n]"
04:03:37.350 [docker-java-stream--2048532291] DEBUG com.github.dockerjava.zerodep.shaded.org.apache.hc.client5.http.wire - http-outgoing-1 << "[0x1][0x0][0x0][0x0][0x0][0x0][0x0]m2023-02-24 12:03:37.354064+00:00 [info] <0.230.0> Running boot step notify_cluster defined by app rabbit[0x1b][0m[\n]"
04:03:37.350 [docker-java-stream--2048532291] DEBUG com.github.dockerjava.zerodep.shaded.org.apache.hc.client5.http.wire - http-outgoing-1 << "[0x1][0x0][0x0][0x0][0x0][0x0][0x0]i2023-02-24 12:03:37.354081+00:00 [info] <0.230.0> Running boot step networking defined by app rabbit[0x1b][0m[\n]"
04:03:37.350 [docker-java-stream--2048532291] DEBUG com.github.dockerjava.zerodep.shaded.org.apache.hc.client5.http.wire - http-outgoing-1 << "[\r][\n]"
04:03:37.350 [docker-java-stream--2048532291] DEBUG com.github.dockerjava.zerodep.shaded.org.apache.hc.client5.http.wire - http-outgoing-1 << "84[\r][\n]"
04:03:37.350 [docker-java-stream--2048532291] DEBUG com.github.dockerjava.zerodep.shaded.org.apache.hc.client5.http.wire - http-outgoing-1 << "[0x1][0x0][0x0][0x0][0x0][0x0][0x0]|2023-02-24 12:03:37.354241+00:00 [info] <0.230.0> Running boot step definition_import_worker_pool defined by app rabbit[0x1b][0m[\n]"
04:03:37.350 [docker-java-stream--2048532291] DEBUG com.github.dockerjava.zerodep.shaded.org.apache.hc.client5.http.wire - http-outgoing-1 << "[\r][\n]"
04:03:37.350 [docker-java-stream--2048532291] DEBUG com.github.dockerjava.zerodep.shaded.org.apache.hc.client5.http.wire - http-outgoing-1 << "84[\r][\n]"
04:03:37.350 [docker-java-stream--2048532291] DEBUG com.github.dockerjava.zerodep.shaded.org.apache.hc.client5.http.wire - http-outgoing-1 << "[0x1][0x0][0x0][0x0][0x0][0x0][0x0]|2023-02-24 12:03:37.354345+00:00 [info] <0.287.0> Starting worker pool 'definition_import_pool' with 16 processes in it[0x1b][0m[\n]"
04:03:37.350 [docker-java-stream--2048532291] DEBUG com.github.dockerjava.zerodep.shaded.org.apache.hc.client5.http.wire - http-outgoing-1 << "[\r][\n]"
04:03:37.351 [docker-java-stream--2048532291] DEBUG com.github.dockerjava.zerodep.shaded.org.apache.hc.client5.http.wire - http-outgoing-1 << "102[\r][\n]"
04:03:37.351 [docker-java-stream--2048532291] DEBUG com.github.dockerjava.zerodep.shaded.org.apache.hc.client5.http.wire - http-outgoing-1 << "[0x1][0x0][0x0][0x0][0x0][0x0][0x0]k2023-02-24 12:03:37.355673+00:00 [info] <0.230.0> Running boot step cluster_name defined by app rabbit[0x1b][0m[\n]"
04:03:37.351 [docker-java-stream--2048532291] DEBUG com.github.dockerjava.zerodep.shaded.org.apache.hc.client5.http.wire - http-outgoing-1 << "[0x1][0x0][0x0][0x0][0x0][0x0][0x0][0xffffff87]2023-02-24 12:03:37.355802+00:00 [info] <0.230.0> Initialising internal cluster ID to 'rabbitmq-cluster-id-8F-Rz98bOl3i_JUCFdUWQA'[0x1b][0m[\n]"
04:03:37.351 [docker-java-stream--2048532291] DEBUG com.github.dockerjava.zerodep.shaded.org.apache.hc.client5.http.wire - http-outgoing-1 << "[\r][\n]"
04:03:37.354 [Test worker] DEBUG org.testcontainers.containers.output.WaitingConsumer - STDOUT: 2023-02-24 12:03:37.355802+00:00 [info] <0.230.0> Initialising internal cluster ID to 'rabbitmq-cluster-id-8F-Rz98bOl3i_JUCFdUWQA'
04:03:37.354 [Test worker] DEBUG org.testcontainers.containers.output.WaitingConsumer - STDOUT: 2023-02-24 12:03:37.355673+00:00 [info] <0.230.0> Running boot step cluster_name defined by app rabbit
04:03:37.354 [Test worker] DEBUG org.testcontainers.containers.output.WaitingConsumer - STDOUT: 2023-02-24 12:03:37.354345+00:00 [info] <0.287.0> Starting worker pool 'definition_import_pool' with 16 processes in it
04:03:37.354 [Test worker] DEBUG org.testcontainers.containers.output.WaitingConsumer - STDOUT: 2023-02-24 12:03:37.354241+00:00 [info] <0.230.0> Running boot step definition_import_worker_pool defined by app rabbit
04:03:37.354 [Test worker] DEBUG org.testcontainers.containers.output.WaitingConsumer - STDOUT: 2023-02-24 12:03:37.354081+00:00 [info] <0.230.0> Running boot step networking defined by app rabbit
04:03:37.354 [Test worker] DEBUG org.testcontainers.containers.output.WaitingConsumer - STDOUT: 2023-02-24 12:03:37.354064+00:00 [info] <0.230.0> Running boot step notify_cluster defined by app rabbit
04:03:37.354 [Test worker] DEBUG org.testcontainers.containers.output.WaitingConsumer - STDOUT: 2023-02-24 12:03:37.354045+00:00 [info] <0.230.0> Running boot step pre_flight defined by app rabbit
04:03:37.355 [Test worker] DEBUG org.testcontainers.containers.output.WaitingConsumer - STDOUT: 2023-02-24 12:03:37.354002+00:00 [info] <0.230.0> Running boot step routing_ready defined by app rabbit
04:03:37.355 [Test worker] DEBUG org.testcontainers.containers.output.WaitingConsumer - STDOUT: 2023-02-24 12:03:37.353684+00:00 [info] <0.230.0> Running boot step background_gc defined by app rabbit
04:03:37.355 [Test worker] DEBUG org.testcontainers.containers.output.WaitingConsumer - STDOUT: 2023-02-24 12:03:37.353430+00:00 [info] <0.230.0> Running boot step rabbit_core_metrics_gc defined by app rabbit
04:03:37.355 [Test worker] DEBUG org.testcontainers.containers.output.WaitingConsumer - STDOUT: 2023-02-24 12:03:37.353392+00:00 [info] <0.230.0> Running boot step rabbit_looking_glass defined by app rabbit
04:03:37.355 [Test worker] DEBUG org.testcontainers.containers.output.WaitingConsumer - STDOUT: 2023-02-24 12:03:37.353275+00:00 [info] <0.230.0> Running boot step rabbit_observer_cli defined by app rabbit
04:03:37.355 [Test worker] DEBUG org.testcontainers.containers.output.WaitingConsumer - STDOUT: 2023-02-24 12:03:37.353170+00:00 [info] <0.230.0> Successfully set permissions for 'guest' in virtual host '/' to '.*', '.*', '.*'
04:03:37.355 [Test worker] DEBUG org.testcontainers.containers.output.WaitingConsumer - STDOUT: 2023-02-24 12:03:37.349205+00:00 [info] <0.230.0> Successfully set user tags for user 'guest' to [administrator]
04:03:37.355 [Test worker] DEBUG org.testcontainers.containers.output.WaitingConsumer - STDOUT: 2023-02-24 12:03:37.345023+00:00 [info] <0.230.0> Created user 'guest'
04:03:37.356 [docker-java-stream--2048532291] DEBUG com.github.dockerjava.zerodep.shaded.org.apache.hc.client5.http.wire - http-outgoing-1 << "180[\r][\n]"
04:03:37.356 [docker-java-stream--2048532291] DEBUG com.github.dockerjava.zerodep.shaded.org.apache.hc.client5.http.wire - http-outgoing-1 << "[0x1][0x0][0x0][0x0][0x0][0x0][0x0]l2023-02-24 12:03:37.359627+00:00 [info] <0.230.0> Running boot step direct_client defined by app rabbit[0x1b][0m[\n]"
04:03:37.356 [docker-java-stream--2048532291] DEBUG com.github.dockerjava.zerodep.shaded.org.apache.hc.client5.http.wire - http-outgoing-1 << "[0x1][0x0][0x0][0x0][0x0][0x0][0x0]|2023-02-24 12:03:37.360066+00:00 [info] <0.230.0> Running boot step rabbit_maintenance_mode_state defined by app rabbit[0x1b][0m[\n]"
04:03:37.356 [docker-java-stream--2048532291] DEBUG com.github.dockerjava.zerodep.shaded.org.apache.hc.client5.http.wire - http-outgoing-1 << "[0x1][0x0][0x0][0x0][0x0][0x0][0x0][0xffffff80]2023-02-24 12:03:37.360217+00:00 [info] <0.230.0> Creating table rabbit_node_maintenance_states for maintenance mode status[0x1b][0m[\n]"
04:03:37.356 [docker-java-stream--2048532291] DEBUG com.github.dockerjava.zerodep.shaded.org.apache.hc.client5.http.wire - http-outgoing-1 << "[\r][\n]"
04:03:37.363 [docker-java-stream--2048532291] DEBUG com.github.dockerjava.zerodep.shaded.org.apache.hc.client5.http.wire - http-outgoing-1 << "f6[\r][\n]"
04:03:37.363 [docker-java-stream--2048532291] DEBUG com.github.dockerjava.zerodep.shaded.org.apache.hc.client5.http.wire - http-outgoing-1 << "[0x1][0x0][0x0][0x0][0x0][0x0][0x0][0xffffff8e]2023-02-24 12:03:37.366433+00:00 [info] <0.230.0> Running boot step rabbit_management_load_definitions defined by app rabbitmq_management[0x1b][0m[\n]"
04:03:37.363 [docker-java-stream--2048532291] DEBUG com.github.dockerjava.zerodep.shaded.org.apache.hc.client5.http.wire - http-outgoing-1 << "[0x1][0x0][0x0][0x0][0x0][0x0][0x0]X2023-02-24 12:03:37.366680+00:00 [info] <0.746.0> Resetting node maintenance status[0x1b][0m[\n]"
04:03:37.363 [docker-java-stream--2048532291] DEBUG com.github.dockerjava.zerodep.shaded.org.apache.hc.client5.http.wire - http-outgoing-1 << "[\r][\n]"
04:03:37.370 [Test worker] DEBUG org.testcontainers.containers.output.WaitingConsumer - STDOUT: 2023-02-24 12:03:37.366680+00:00 [info] <0.746.0> Resetting node maintenance status
04:03:37.370 [Test worker] DEBUG org.testcontainers.containers.output.WaitingConsumer - STDOUT: 2023-02-24 12:03:37.366433+00:00 [info] <0.230.0> Running boot step rabbit_management_load_definitions defined by app rabbitmq_management
04:03:37.370 [Test worker] DEBUG org.testcontainers.containers.output.WaitingConsumer - STDOUT: 2023-02-24 12:03:37.360217+00:00 [info] <0.230.0> Creating table rabbit_node_maintenance_states for maintenance mode status
04:03:37.370 [Test worker] DEBUG org.testcontainers.containers.output.WaitingConsumer - STDOUT: 2023-02-24 12:03:37.360066+00:00 [info] <0.230.0> Running boot step rabbit_maintenance_mode_state defined by app rabbit
04:03:37.370 [Test worker] DEBUG org.testcontainers.containers.output.WaitingConsumer - STDOUT: 2023-02-24 12:03:37.359627+00:00 [info] <0.230.0> Running boot step direct_client defined by app rabbit
04:03:37.380 [docker-java-stream--2048532291] DEBUG com.github.dockerjava.zerodep.shaded.org.apache.hc.client5.http.wire - http-outgoing-1 << "15d[\r][\n]"
04:03:37.380 [docker-java-stream--2048532291] DEBUG com.github.dockerjava.zerodep.shaded.org.apache.hc.client5.http.wire - http-outgoing-1 << "[0x1][0x0][0x0][0x0][0x0][0x0][0x0]w2023-02-24 12:03:37.384232+00:00 [info] <0.805.0> Management plugin: HTTP (non-TLS) listener started on port 15672[0x1b][0m[\n]"
04:03:37.380 [docker-java-stream--2048532291] DEBUG com.github.dockerjava.zerodep.shaded.org.apache.hc.client5.http.wire - http-outgoing-1 << "[0x1][0x0][0x0][0x0][0x0][0x0][0x0]S2023-02-24 12:03:37.384483+00:00 [info] <0.833.0> Statistics database started.[0x1b][0m[\n]"
04:03:37.380 [docker-java-stream--2048532291] DEBUG com.github.dockerjava.zerodep.shaded.org.apache.hc.client5.http.wire - http-outgoing-1 << "[0x1][0x0][0x0][0x0][0x0][0x0][0x0]{2023-02-24 12:03:37.384556+00:00 [info] <0.832.0> Starting worker pool 'management_worker_pool' with 3 processes in it[0x1b][0m[\n]"
04:03:37.380 [docker-java-stream--2048532291] DEBUG com.github.dockerjava.zerodep.shaded.org.apache.hc.client5.http.wire - http-outgoing-1 << "[\r][\n]"
04:03:37.385 [Test worker] DEBUG org.testcontainers.containers.output.WaitingConsumer - STDOUT: 2023-02-24 12:03:37.384556+00:00 [info] <0.832.0> Starting worker pool 'management_worker_pool' with 3 processes in it
04:03:37.385 [Test worker] DEBUG org.testcontainers.containers.output.WaitingConsumer - STDOUT: 2023-02-24 12:03:37.384483+00:00 [info] <0.833.0> Statistics database started.
04:03:37.385 [Test worker] DEBUG org.testcontainers.containers.output.WaitingConsumer - STDOUT: 2023-02-24 12:03:37.384232+00:00 [info] <0.805.0> Management plugin: HTTP (non-TLS) listener started on port 15672
04:03:37.391 [docker-java-stream--2048532291] DEBUG com.github.dockerjava.zerodep.shaded.org.apache.hc.client5.http.wire - http-outgoing-1 << "e9[\r][\n]"
04:03:37.391 [docker-java-stream--2048532291] DEBUG com.github.dockerjava.zerodep.shaded.org.apache.hc.client5.http.wire - http-outgoing-1 << "[0x1][0x0][0x0][0x0][0x0][0x0][0x0]x2023-02-24 12:03:37.395010+00:00 [info] <0.847.0> Prometheus metrics: HTTP (non-TLS) listener started on port 15692[0x1b][0m[\n]"
04:03:37.391 [docker-java-stream--2048532291] DEBUG com.github.dockerjava.zerodep.shaded.org.apache.hc.client5.http.wire - http-outgoing-1 << "[0x1][0x0][0x0][0x0][0x0][0x0][0x0]a2023-02-24 12:03:37.395199+00:00 [info] <0.746.0> Ready to start client connection listeners[0x1b][0m[\n]"
04:03:37.391 [docker-java-stream--2048532291] DEBUG com.github.dockerjava.zerodep.shaded.org.apache.hc.client5.http.wire - http-outgoing-1 << "[\r][\n]"
04:03:37.392 [docker-java-stream--2048532291] DEBUG com.github.dockerjava.zerodep.shaded.org.apache.hc.client5.http.wire - http-outgoing-1 << "60[\r][\n]"
04:03:37.392 [docker-java-stream--2048532291] DEBUG com.github.dockerjava.zerodep.shaded.org.apache.hc.client5.http.wire - http-outgoing-1 << "[0x1][0x0][0x0][0x0][0x0][0x0][0x0]X2023-02-24 12:03:37.396798+00:00 [info] <0.891.0> started TCP listener on [::]:5672[0x1b][0m[\n]"
04:03:37.392 [docker-java-stream--2048532291] DEBUG com.github.dockerjava.zerodep.shaded.org.apache.hc.client5.http.wire - http-outgoing-1 << "[\r][\n]"
04:03:37.400 [Test worker] DEBUG org.testcontainers.containers.output.WaitingConsumer - STDOUT: 2023-02-24 12:03:37.396798+00:00 [info] <0.891.0> started TCP listener on [::]:5672
04:03:37.400 [Test worker] DEBUG org.testcontainers.containers.output.WaitingConsumer - STDOUT: 2023-02-24 12:03:37.395199+00:00 [info] <0.746.0> Ready to start client connection listeners
04:03:37.400 [Test worker] DEBUG org.testcontainers.containers.output.WaitingConsumer - STDOUT: 2023-02-24 12:03:37.395010+00:00 [info] <0.847.0> Prometheus metrics: HTTP (non-TLS) listener started on port 15692
04:03:37.519 [docker-java-stream--2048532291] DEBUG com.github.dockerjava.zerodep.shaded.org.apache.hc.client5.http.wire - http-outgoing-1 << "1e9[\r][\n]"
04:03:37.519 [docker-java-stream--2048532291] DEBUG com.github.dockerjava.zerodep.shaded.org.apache.hc.client5.http.wire - http-outgoing-1 << "[0x1][0x0][0x0][0x0][0x0][0x0][0x0][0x1b] completed with 4 plugins.[\n]"
04:03:37.519 [docker-java-stream--2048532291] DEBUG com.github.dockerjava.zerodep.shaded.org.apache.hc.client5.http.wire - http-outgoing-1 << "[0x1][0x0][0x0][0x0][0x0][0x0][0x0]b2023-02-24 12:03:37.523033+00:00 [info] <0.746.0> Server startup complete; 4 plugins started.[0x1b][0m[\n]"
04:03:37.520 [docker-java-stream--2048532291] DEBUG com.github.dockerjava.zerodep.shaded.org.apache.hc.client5.http.wire - http-outgoing-1 << "[0x1][0x0][0x0][0x0][0x0][0x0][0x0]M2023-02-24 12:03:37.523033+00:00 [info] <0.746.0>  * rabbitmq_prometheus[0x1b][0m[\n]"
04:03:37.520 [docker-java-stream--2048532291] DEBUG com.github.dockerjava.zerodep.shaded.org.apache.hc.client5.http.wire - http-outgoing-1 << "[0x1][0x0][0x0][0x0][0x0][0x0][0x0]M2023-02-24 12:03:37.523033+00:00 [info] <0.746.0>  * rabbitmq_management[0x1b][0m[\n]"
04:03:37.520 [docker-java-stream--2048532291] DEBUG com.github.dockerjava.zerodep.shaded.org.apache.hc.client5.http.wire - http-outgoing-1 << "[0x1][0x0][0x0][0x0][0x0][0x0][0x0]O2023-02-24 12:03:37.523033+00:00 [info] <0.746.0>  * rabbitmq_web_dispatch[0x1b][0m[\n]"
04:03:37.520 [docker-java-stream--2048532291] DEBUG com.github.dockerjava.zerodep.shaded.org.apache.hc.client5.http.wire - http-outgoing-1 << "[0x1][0x0][0x0][0x0][0x0][0x0][0x0]S2023-02-24 12:03:37.523033+00:00 [info] <0.746.0>  * rabbitmq_management_agent[0x1b][0m[\n]"
04:03:37.520 [docker-java-stream--2048532291] DEBUG com.github.dockerjava.zerodep.shaded.org.apache.hc.client5.http.wire - http-outgoing-1 << "[\r][\n]"
04:03:37.520 [Test worker] DEBUG org.testcontainers.containers.output.WaitingConsumer - STDOUT:  completed with 4 plugins.
04:03:37.520 [Test worker] DEBUG org.testcontainers.containers.output.WaitingConsumer - STDOUT: 2023-02-24 12:03:37.523033+00:00 [info] <0.746.0>  * rabbitmq_management_agent
04:03:37.520 [Test worker] DEBUG org.testcontainers.containers.output.WaitingConsumer - STDOUT: 2023-02-24 12:03:37.523033+00:00 [info] <0.746.0>  * rabbitmq_web_dispatch
04:03:37.520 [Test worker] DEBUG org.testcontainers.containers.output.WaitingConsumer - STDOUT: 2023-02-24 12:03:37.523033+00:00 [info] <0.746.0>  * rabbitmq_management
04:03:37.520 [Test worker] DEBUG org.testcontainers.containers.output.WaitingConsumer - STDOUT: 2023-02-24 12:03:37.523033+00:00 [info] <0.746.0>  * rabbitmq_prometheus
04:03:37.520 [Test worker] DEBUG org.testcontainers.containers.output.WaitingConsumer - STDOUT: 2023-02-24 12:03:37.523033+00:00 [info] <0.746.0> Server startup complete; 4 plugins started.
04:03:37.520 [Test worker] DEBUG com.github.dockerjava.zerodep.shaded.org.apache.hc.client5.http.impl.classic.InternalHttpClient - ep-0000000C: cancel
04:03:37.520 [Test worker] DEBUG com.github.dockerjava.zerodep.shaded.org.apache.hc.client5.http.impl.io.DefaultManagedHttpClientConnection - http-outgoing-1: close connection IMMEDIATE
04:03:37.520 [Test worker] DEBUG com.github.dockerjava.zerodep.shaded.org.apache.hc.client5.http.impl.classic.InternalHttpClient - ep-0000000C: endpoint closed
04:03:37.520 [Test worker] DEBUG com.github.dockerjava.zerodep.shaded.org.apache.hc.client5.http.impl.classic.InternalHttpClient - ep-0000000C: discarding endpoint
04:03:37.520 [Test worker] DEBUG com.github.dockerjava.zerodep.shaded.org.apache.hc.client5.http.impl.io.PoolingHttpClientConnectionManager - ep-0000000C: releasing endpoint
04:03:37.520 [Test worker] DEBUG com.github.dockerjava.zerodep.shaded.org.apache.hc.client5.http.impl.io.PoolingHttpClientConnectionManager - ep-0000000C: connection is not kept alive
04:03:37.520 [docker-java-stream--2048532291] DEBUG com.github.dockerjava.zerodep.shaded.org.apache.hc.client5.http.wire - http-outgoing-1 << "end of stream"
04:03:37.520 [Test worker] DEBUG com.github.dockerjava.zerodep.shaded.org.apache.hc.client5.http.impl.io.PoolingHttpClientConnectionManager - ep-0000000C: connection released [route: {}->npipe://localhost:2375][total available: 0; route allocated: 0 of 2147483647; total allocated: 0 of 2147483647]
04:03:37.520 [Test worker] DEBUG com.github.dockerjava.zerodep.shaded.org.apache.hc.client5.http.wire - http-outgoing-1 << "[read] I/O error: java.nio.channels.ClosedChannelException"
04:03:37.521 [docker-java-stream--2048532291] DEBUG com.github.dockerjava.zerodep.shaded.org.apache.hc.client5.http.wire - http-outgoing-1 << "[read] I/O error: java.nio.channels.ClosedChannelException"
04:03:37.521 [docker-java-stream--2048532291] DEBUG com.github.dockerjava.zerodep.ApacheDockerHttpClientImpl$ApacheResponse - Failed to close the response
java.io.IOException: java.nio.channels.ClosedChannelException
	at java.base/java.nio.channels.Channels$2.read(Channels.java:240)
	at com.github.dockerjava.zerodep.shaded.org.apache.hc.client5.http.impl.io.LoggingInputStream.read(LoggingInputStream.java:81)
	at com.github.dockerjava.zerodep.shaded.org.apache.hc.core5.http.impl.io.SessionInputBufferImpl.fillBuffer(SessionInputBufferImpl.java:149)
	at com.github.dockerjava.zerodep.shaded.org.apache.hc.core5.http.impl.io.SessionInputBufferImpl.readLine(SessionInputBufferImpl.java:280)
	at com.github.dockerjava.zerodep.shaded.org.apache.hc.core5.http.impl.io.ChunkedInputStream.getChunkSize(ChunkedInputStream.java:261)
	at com.github.dockerjava.zerodep.shaded.org.apache.hc.core5.http.impl.io.ChunkedInputStream.nextChunk(ChunkedInputStream.java:222)
	at com.github.dockerjava.zerodep.shaded.org.apache.hc.core5.http.impl.io.ChunkedInputStream.read(ChunkedInputStream.java:147)
	at com.github.dockerjava.zerodep.shaded.org.apache.hc.core5.http.impl.io.ChunkedInputStream.close(ChunkedInputStream.java:314)
	at com.github.dockerjava.zerodep.shaded.org.apache.hc.core5.io.Closer.close(Closer.java:48)
	at com.github.dockerjava.zerodep.shaded.org.apache.hc.core5.http.impl.io.IncomingHttpEntity.close(IncomingHttpEntity.java:111)
	at com.github.dockerjava.zerodep.shaded.org.apache.hc.core5.http.io.entity.HttpEntityWrapper.close(HttpEntityWrapper.java:120)
	at com.github.dockerjava.zerodep.shaded.org.apache.hc.core5.io.Closer.close(Closer.java:48)
	at com.github.dockerjava.zerodep.shaded.org.apache.hc.core5.http.message.BasicClassicHttpResponse.close(BasicClassicHttpResponse.java:93)
	at com.github.dockerjava.zerodep.shaded.org.apache.hc.client5.http.impl.classic.CloseableHttpResponse.close(CloseableHttpResponse.java:200)
	at com.github.dockerjava.zerodep.ApacheDockerHttpClientImpl$ApacheResponse.close(ApacheDockerHttpClientImpl.java:256)
	at org.testcontainers.shaded.com.github.dockerjava.core.DefaultInvocationBuilder.lambda$executeAndStream$1(DefaultInvocationBuilder.java:277)
	at java.base/java.lang.Thread.run(Thread.java:833)
Caused by: java.nio.channels.ClosedChannelException: null
	at java.base/sun.nio.ch.WindowsAsynchronousFileChannelImpl.implRead(WindowsAsynchronousFileChannelImpl.java:516)
	at java.base/sun.nio.ch.AsynchronousFileChannelImpl.read(AsynchronousFileChannelImpl.java:229)
	at com.github.dockerjava.transport.NamedPipeSocket$AsynchronousFileByteChannel.read(NamedPipeSocket.java:117)
	at java.base/java.nio.channels.Channels$2.read(Channels.java:238)
	... 16 common frames omitted
04:03:37.520 [Test worker] DEBUG com.github.dockerjava.zerodep.ApacheDockerHttpClientImpl$ApacheResponse - Failed to close the response
java.io.IOException: java.nio.channels.ClosedChannelException
	at java.base/java.nio.channels.Channels$2.read(Channels.java:240)
	at com.github.dockerjava.zerodep.shaded.org.apache.hc.client5.http.impl.io.LoggingInputStream.read(LoggingInputStream.java:81)
	at com.github.dockerjava.zerodep.shaded.org.apache.hc.core5.http.impl.io.SessionInputBufferImpl.fillBuffer(SessionInputBufferImpl.java:149)
	at com.github.dockerjava.zerodep.shaded.org.apache.hc.core5.http.impl.io.SessionInputBufferImpl.readLine(SessionInputBufferImpl.java:280)
	at com.github.dockerjava.zerodep.shaded.org.apache.hc.core5.http.impl.io.ChunkedInputStream.getChunkSize(ChunkedInputStream.java:261)
	at com.github.dockerjava.zerodep.shaded.org.apache.hc.core5.http.impl.io.ChunkedInputStream.nextChunk(ChunkedInputStream.java:222)
	at com.github.dockerjava.zerodep.shaded.org.apache.hc.core5.http.impl.io.ChunkedInputStream.read(ChunkedInputStream.java:147)
	at com.github.dockerjava.zerodep.shaded.org.apache.hc.core5.http.impl.io.ChunkedInputStream.close(ChunkedInputStream.java:314)
	at com.github.dockerjava.zerodep.shaded.org.apache.hc.core5.io.Closer.close(Closer.java:48)
	at com.github.dockerjava.zerodep.shaded.org.apache.hc.core5.http.impl.io.IncomingHttpEntity.close(IncomingHttpEntity.java:111)
	at com.github.dockerjava.zerodep.shaded.org.apache.hc.core5.http.io.entity.HttpEntityWrapper.close(HttpEntityWrapper.java:120)
	at com.github.dockerjava.zerodep.shaded.org.apache.hc.core5.io.Closer.close(Closer.java:48)
	at com.github.dockerjava.zerodep.shaded.org.apache.hc.core5.http.message.BasicClassicHttpResponse.close(BasicClassicHttpResponse.java:93)
	at com.github.dockerjava.zerodep.shaded.org.apache.hc.client5.http.impl.classic.CloseableHttpResponse.close(CloseableHttpResponse.java:200)
	at com.github.dockerjava.zerodep.ApacheDockerHttpClientImpl$ApacheResponse.close(ApacheDockerHttpClientImpl.java:256)
	at org.testcontainers.shaded.com.github.dockerjava.core.DefaultInvocationBuilder.lambda$null$0(DefaultInvocationBuilder.java:272)
	at com.github.dockerjava.api.async.ResultCallbackTemplate.close(ResultCallbackTemplate.java:77)
	at org.testcontainers.containers.output.FrameConsumerResultCallback.close(FrameConsumerResultCallback.java:99)
	at org.testcontainers.containers.wait.strategy.LogMessageWaitStrategy.waitUntilReady(LogMessageWaitStrategy.java:49)
	at org.testcontainers.containers.wait.strategy.AbstractWaitStrategy.waitUntilReady(AbstractWaitStrategy.java:52)
	at org.testcontainers.containers.GenericContainer.waitUntilContainerStarted(GenericContainer.java:953)
	at org.testcontainers.containers.GenericContainer.tryStart(GenericContainer.java:485)
	at org.testcontainers.containers.GenericContainer.lambda$doStart$0(GenericContainer.java:344)
	at org.rnorth.ducttape.unreliables.Unreliables.retryUntilSuccess(Unreliables.java:81)
	at org.testcontainers.containers.GenericContainer.doStart(GenericContainer.java:334)
	at org.testcontainers.containers.GenericContainer.start(GenericContainer.java:322)
	at org.testcontainers.junit.jupiter.TestcontainersExtension$StoreAdapter.start(TestcontainersExtension.java:242)
	at org.testcontainers.junit.jupiter.TestcontainersExtension$StoreAdapter.access$200(TestcontainersExtension.java:229)
	at org.testcontainers.junit.jupiter.TestcontainersExtension.lambda$null$1(TestcontainersExtension.java:56)
	at org.junit.jupiter.engine.execution.ExtensionValuesStore.lambda$getOrComputeIfAbsent$4(ExtensionValuesStore.java:86)
	at org.junit.jupiter.engine.execution.ExtensionValuesStore$MemoizingSupplier.computeValue(ExtensionValuesStore.java:223)
	at org.junit.jupiter.engine.execution.ExtensionValuesStore$MemoizingSupplier.get(ExtensionValuesStore.java:211)
	at org.junit.jupiter.engine.execution.ExtensionValuesStore$StoredValue.evaluate(ExtensionValuesStore.java:191)
	at org.junit.jupiter.engine.execution.ExtensionValuesStore$StoredValue.access$100(ExtensionValuesStore.java:171)
	at org.junit.jupiter.engine.execution.ExtensionValuesStore.getOrComputeIfAbsent(ExtensionValuesStore.java:89)
	at org.junit.jupiter.engine.execution.NamespaceAwareStore.getOrComputeIfAbsent(NamespaceAwareStore.java:53)
	at org.testcontainers.junit.jupiter.TestcontainersExtension.lambda$beforeAll$2(TestcontainersExtension.java:56)
	at java.base/java.util.ArrayList.forEach(ArrayList.java:1511)
	at org.testcontainers.junit.jupiter.TestcontainersExtension.beforeAll(TestcontainersExtension.java:55)
	at org.junit.jupiter.engine.descriptor.ClassBasedTestDescriptor.lambda$invokeBeforeAllCallbacks$12(ClassBasedTestDescriptor.java:395)
	at org.junit.platform.engine.support.hierarchical.ThrowableCollector.execute(ThrowableCollector.java:73)
	at org.junit.jupiter.engine.descriptor.ClassBasedTestDescriptor.invokeBeforeAllCallbacks(ClassBasedTestDescriptor.java:395)
	at org.junit.jupiter.engine.descriptor.ClassBasedTestDescriptor.before(ClassBasedTestDescriptor.java:211)
	at org.junit.jupiter.engine.descriptor.ClassBasedTestDescriptor.before(ClassBasedTestDescriptor.java:84)
	at org.junit.platform.engine.support.hierarchical.NodeTestTask.lambda$executeRecursively$6(NodeTestTask.java:148)
	at org.junit.platform.engine.support.hierarchical.ThrowableCollector.execute(ThrowableCollector.java:73)
	at org.junit.platform.engine.support.hierarchical.NodeTestTask.lambda$executeRecursively$8(NodeTestTask.java:141)
	at org.junit.platform.engine.support.hierarchical.Node.around(Node.java:137)
	at org.junit.platform.engine.support.hierarchical.NodeTestTask.lambda$executeRecursively$9(NodeTestTask.java:139)
	at org.junit.platform.engine.support.hierarchical.ThrowableCollector.execute(ThrowableCollector.java:73)
	at org.junit.platform.engine.support.hierarchical.NodeTestTask.executeRecursively(NodeTestTask.java:138)
	at org.junit.platform.engine.support.hierarchical.NodeTestTask.execute(NodeTestTask.java:95)
	at java.base/java.util.ArrayList.forEach(ArrayList.java:1511)
	at org.junit.platform.engine.support.hierarchical.SameThreadHierarchicalTestExecutorService.invokeAll(SameThreadHierarchicalTestExecutorService.java:41)
	at org.junit.platform.engine.support.hierarchical.NodeTestTask.lambda$executeRecursively$6(NodeTestTask.java:155)
	at org.junit.platform.engine.support.hierarchical.ThrowableCollector.execute(ThrowableCollector.java:73)
	at org.junit.platform.engine.support.hierarchical.NodeTestTask.lambda$executeRecursively$8(NodeTestTask.java:141)
	at org.junit.platform.engine.support.hierarchical.Node.around(Node.java:137)
	at org.junit.platform.engine.support.hierarchical.NodeTestTask.lambda$executeRecursively$9(NodeTestTask.java:139)
	at org.junit.platform.engine.support.hierarchical.ThrowableCollector.execute(ThrowableCollector.java:73)
	at org.junit.platform.engine.support.hierarchical.NodeTestTask.executeRecursively(NodeTestTask.java:138)
	at org.junit.platform.engine.support.hierarchical.NodeTestTask.execute(NodeTestTask.java:95)
	at org.junit.platform.engine.support.hierarchical.SameThreadHierarchicalTestExecutorService.submit(SameThreadHierarchicalTestExecutorService.java:35)
	at org.junit.platform.engine.support.hierarchical.HierarchicalTestExecutor.execute(HierarchicalTestExecutor.java:57)
	at org.junit.platform.engine.support.hierarchical.HierarchicalTestEngine.execute(HierarchicalTestEngine.java:54)
	at org.junit.platform.launcher.core.EngineExecutionOrchestrator.execute(EngineExecutionOrchestrator.java:108)
	at org.junit.platform.launcher.core.EngineExecutionOrchestrator.execute(EngineExecutionOrchestrator.java:88)
	at org.junit.platform.launcher.core.EngineExecutionOrchestrator.lambda$execute$0(EngineExecutionOrchestrator.java:54)
	at org.junit.platform.launcher.core.EngineExecutionOrchestrator.withInterceptedStreams(EngineExecutionOrchestrator.java:67)
	at org.junit.platform.launcher.core.EngineExecutionOrchestrator.execute(EngineExecutionOrchestrator.java:52)
	at org.junit.platform.launcher.core.DefaultLauncher.execute(DefaultLauncher.java:96)
	at org.junit.platform.launcher.core.DefaultLauncher.execute(DefaultLauncher.java:75)
	at org.gradle.api.internal.tasks.testing.junitplatform.JUnitPlatformTestClassProcessor$CollectAllTestClassesExecutor.processAllTestClasses(JUnitPlatformTestClassProcessor.java:99)
	at org.gradle.api.internal.tasks.testing.junitplatform.JUnitPlatformTestClassProcessor$CollectAllTestClassesExecutor.access$000(JUnitPlatformTestClassProcessor.java:79)
	at org.gradle.api.internal.tasks.testing.junitplatform.JUnitPlatformTestClassProcessor.stop(JUnitPlatformTestClassProcessor.java:75)
	at org.gradle.api.internal.tasks.testing.SuiteTestClassProcessor.stop(SuiteTestClassProcessor.java:61)
	at java.base/jdk.internal.reflect.NativeMethodAccessorImpl.invoke0(Native Method)
	at java.base/jdk.internal.reflect.NativeMethodAccessorImpl.invoke(NativeMethodAccessorImpl.java:77)
	at java.base/jdk.internal.reflect.DelegatingMethodAccessorImpl.invoke(DelegatingMethodAccessorImpl.java:43)
	at java.base/java.lang.reflect.Method.invoke(Method.java:568)
	at org.gradle.internal.dispatch.ReflectionDispatch.dispatch(ReflectionDispatch.java:36)
	at org.gradle.internal.dispatch.ReflectionDispatch.dispatch(ReflectionDispatch.java:24)
	at org.gradle.internal.dispatch.ContextClassLoaderDispatch.dispatch(ContextClassLoaderDispatch.java:33)
	at org.gradle.internal.dispatch.ProxyDispatchAdapter$DispatchingInvocationHandler.invoke(ProxyDispatchAdapter.java:94)
	at jdk.proxy1/jdk.proxy1.$Proxy2.stop(Unknown Source)
	at org.gradle.api.internal.tasks.testing.worker.TestWorker$3.run(TestWorker.java:193)
	at org.gradle.api.internal.tasks.testing.worker.TestWorker.executeAndMaintainThreadName(TestWorker.java:129)
	at org.gradle.api.internal.tasks.testing.worker.TestWorker.execute(TestWorker.java:100)
	at org.gradle.api.internal.tasks.testing.worker.TestWorker.execute(TestWorker.java:60)
	at org.gradle.process.internal.worker.child.ActionExecutionWorker.execute(ActionExecutionWorker.java:56)
	at org.gradle.process.internal.worker.child.SystemApplicationClassLoaderWorker.call(SystemApplicationClassLoaderWorker.java:133)
	at org.gradle.process.internal.worker.child.SystemApplicationClassLoaderWorker.call(SystemApplicationClassLoaderWorker.java:71)
	at worker.org.gradle.process.internal.worker.GradleWorkerMain.run(GradleWorkerMain.java:69)
	at worker.org.gradle.process.internal.worker.GradleWorkerMain.main(GradleWorkerMain.java:74)
Caused by: java.nio.channels.ClosedChannelException: null
	at java.base/sun.nio.ch.WindowsAsynchronousFileChannelImpl.implRead(WindowsAsynchronousFileChannelImpl.java:516)
	at java.base/sun.nio.ch.AsynchronousFileChannelImpl.read(AsynchronousFileChannelImpl.java:229)
	at com.github.dockerjava.transport.NamedPipeSocket$AsynchronousFileByteChannel.read(NamedPipeSocket.java:117)
	at java.base/java.nio.channels.Channels$2.read(Channels.java:238)
	... 93 common frames omitted
04:03:37.522 [Test worker] INFO docker[rabbitmq:3-management-alpine] - Container rabbitmq:3-management-alpine started in PT10.0498178S
04:03:37.535 [Test worker] DEBUG org.springframework.test.context.support.DependencyInjectionTestExecutionListener - Performing dependency injection for test class org.example.RabbitTest

  .   ____          _            __ _ _
 /\\ / ___'_ __ _ _(_)_ __  __ _ \ \ \ \
( ( )\___ | '_ | '_| | '_ \/ _` | \ \ \ \
 \\/  ___)| |_)| | | | | || (_| |  ) ) ) )
  '  |____| .__|_| |_|_| |_\__, | / / / /
 =========|_|==============|___/=/_/_/_/
 :: Spring Boot ::                (v3.0.2)

2023-02-24T04:03:37.813-08:00  INFO 14192 --- [    Test worker] org.example.RabbitTest                   : Starting RabbitTest using Java 17.0.4 with PID 14192 (started by localst in C:\Users\localst\repo\spring-boot-testing-amqp)
2023-02-24T04:03:37.814-08:00  INFO 14192 --- [    Test worker] org.example.RabbitTest                   : No active profile set, falling back to 1 default profile: "default"
2023-02-24T04:03:39.052-08:00 DEBUG 14192 --- [    Test worker] .a.r.l.a.MessagingMessageListenerAdapter : Inferred argument type for void org.example.StockWatcher.listenForStockTrades(org.example.StockMovement) is class org.example.StockMovement
2023-02-24T04:03:39.069-08:00 DEBUG 14192 --- [    Test worker] o.s.a.r.l.SimpleMessageListenerContainer : No global properties bean
2023-02-24T04:03:39.073-08:00 DEBUG 14192 --- [    Test worker] o.s.a.r.l.SimpleMessageListenerContainer : Starting Rabbit listener container.
2023-02-24T04:03:39.074-08:00  INFO 14192 --- [    Test worker] o.s.a.r.c.CachingConnectionFactory       : Attempting to connect to: [localhost:62500]
2023-02-24T04:03:39.157-08:00  INFO 14192 --- [    Test worker] o.s.a.r.c.CachingConnectionFactory       : Created new connection: rabbitConnectionFactory#3b170235:0/SimpleConnection@351e89fc [delegate=amqp://guest@127.0.0.1:62500/, localPort=62504]
2023-02-24T04:03:39.164-08:00 DEBUG 14192 --- [    Test worker] o.s.amqp.rabbit.core.RabbitAdmin         : Initializing declarations
2023-02-24T04:03:39.174-08:00  INFO 14192 --- [    Test worker] o.s.amqp.rabbit.core.RabbitAdmin         : Auto-declaring a non-durable, auto-delete, or exclusive Queue (spring.gen-OYOcUynYTyeiKil99TA3MA) durable:false, auto-delete:true, exclusive:true. It will be redeclared if the broker stops and is restarted while the connection factory is alive, but all messages will be lost.
2023-02-24T04:03:39.209-08:00 DEBUG 14192 --- [    Test worker] o.s.a.r.c.CachingConnectionFactory       : Creating cached Rabbit Channel from AMQChannel(amqp://guest@127.0.0.1:62500/,1)
2023-02-24T04:03:39.229-08:00 DEBUG 14192 --- [    Test worker] o.s.amqp.rabbit.core.RabbitTemplate      : Executing callback RabbitAdmin$$Lambda$1039/0x000000080114ab68 on RabbitMQ Channel: Cached Rabbit Channel: AMQChannel(amqp://guest@127.0.0.1:62500/,1), conn: Proxy@2154652c Shared Rabbit Connection: SimpleConnection@351e89fc [delegate=amqp://guest@127.0.0.1:62500/, localPort=62504]
2023-02-24T04:03:39.230-08:00 DEBUG 14192 --- [    Test worker] o.s.amqp.rabbit.core.RabbitAdmin         : declaring Exchange 'stock-market'
2023-02-24T04:03:39.264-08:00 DEBUG 14192 --- [    Test worker] o.s.amqp.rabbit.core.RabbitAdmin         : declaring Queue 'spring.gen-OYOcUynYTyeiKil99TA3MA'
2023-02-24T04:03:39.283-08:00 DEBUG 14192 --- [    Test worker] o.s.amqp.rabbit.core.RabbitAdmin         : Binding destination [spring.gen-OYOcUynYTyeiKil99TA3MA (QUEUE)] to exchange [stock-market] with routing key [*]
2023-02-24T04:03:39.288-08:00 DEBUG 14192 --- [    Test worker] o.s.amqp.rabbit.core.RabbitAdmin         : Declarations finished
2023-02-24T04:03:39.296-08:00 DEBUG 14192 --- [ntContainer#0-1] o.s.amqp.rabbit.core.RabbitTemplate      : Executing callback RabbitAdmin$$Lambda$1043/0x0000000801156ce0 on RabbitMQ Channel: Cached Rabbit Channel: AMQChannel(amqp://guest@127.0.0.1:62500/,1), conn: Proxy@2154652c Shared Rabbit Connection: SimpleConnection@351e89fc [delegate=amqp://guest@127.0.0.1:62500/, localPort=62504]
2023-02-24T04:03:39.312-08:00 DEBUG 14192 --- [ntContainer#0-1] o.s.a.r.listener.BlockingQueueConsumer   : Starting consumer Consumer@14be750c: tags=[[]], channel=null, acknowledgeMode=AUTO local queue size=0
2023-02-24T04:03:39.327-08:00 DEBUG 14192 --- [ntContainer#0-1] o.s.a.r.listener.BlockingQueueConsumer   : Started on queue 'spring.gen-OYOcUynYTyeiKil99TA3MA' with tag amq.ctag-fVWGm4JqVyvlP9hXZXiYZw: Consumer@14be750c: tags=[[]], channel=Cached Rabbit Channel: AMQChannel(amqp://guest@127.0.0.1:62500/,1), conn: Proxy@2154652c Shared Rabbit Connection: SimpleConnection@351e89fc [delegate=amqp://guest@127.0.0.1:62500/, localPort=62504], acknowledgeMode=AUTO local queue size=0
2023-02-24T04:03:39.328-08:00 DEBUG 14192 --- [pool-1-thread-3] o.s.a.r.listener.BlockingQueueConsumer   : ConsumeOK: Consumer@14be750c: tags=[[amq.ctag-fVWGm4JqVyvlP9hXZXiYZw]], channel=Cached Rabbit Channel: AMQChannel(amqp://guest@127.0.0.1:62500/,1), conn: Proxy@2154652c Shared Rabbit Connection: SimpleConnection@351e89fc [delegate=amqp://guest@127.0.0.1:62500/, localPort=62504], acknowledgeMode=AUTO local queue size=0
2023-02-24T04:03:39.353-08:00  INFO 14192 --- [    Test worker] org.example.RabbitTest                   : Started RabbitTest in 1.772 seconds (process running for 16.984)
2023-02-24T04:03:39.423-08:00 DEBUG 14192 --- [   scheduling-1] o.s.a.r.c.CachingConnectionFactory       : Creating cached Rabbit Channel from AMQChannel(amqp://guest@127.0.0.1:62500/,2)
2023-02-24T04:03:39.424-08:00 DEBUG 14192 --- [   scheduling-1] o.s.amqp.rabbit.core.RabbitTemplate      : Executing callback RabbitTemplate$$Lambda$1073/0x0000000801177c48 on RabbitMQ Channel: Cached Rabbit Channel: AMQChannel(amqp://guest@127.0.0.1:62500/,2), conn: Proxy@2154652c Shared Rabbit Connection: SimpleConnection@351e89fc [delegate=amqp://guest@127.0.0.1:62500/, localPort=62504]
2023-02-24T04:03:39.435-08:00 DEBUG 14192 --- [   scheduling-1] o.s.amqp.rabbit.core.RabbitTemplate      : Publishing message [(Body:'{"stockName":"SBUX","price":80.60657}' MessageProperties [headers={__TypeId__=org.example.StockMovement}, contentType=application/json, contentEncoding=UTF-8, contentLength=37, deliveryMode=PERSISTENT, priority=0, deliveryTag=0])] on exchange [stock-market], routingKey = [SBUX]
2023-02-24T04:03:39.455-08:00 DEBUG 14192 --- [pool-1-thread-4] o.s.a.r.listener.BlockingQueueConsumer   : Storing delivery for consumerTag: 'amq.ctag-fVWGm4JqVyvlP9hXZXiYZw' with deliveryTag: '1' in Consumer@14be750c: tags=[[amq.ctag-fVWGm4JqVyvlP9hXZXiYZw]], channel=Cached Rabbit Channel: AMQChannel(amqp://guest@127.0.0.1:62500/,1), conn: Proxy@2154652c Shared Rabbit Connection: SimpleConnection@351e89fc [delegate=amqp://guest@127.0.0.1:62500/, localPort=62504], acknowledgeMode=AUTO local queue size=0
2023-02-24T04:03:39.456-08:00 DEBUG 14192 --- [ntContainer#0-1] o.s.a.r.listener.BlockingQueueConsumer   : Received message: (Body:'{"stockName":"SBUX","price":80.60657}' MessageProperties [headers={__TypeId__=org.example.StockMovement}, contentType=application/json, contentEncoding=UTF-8, contentLength=0, receivedDeliveryMode=PERSISTENT, priority=0, redelivered=false, receivedExchange=stock-market, receivedRoutingKey=SBUX, deliveryTag=1, consumerTag=amq.ctag-fVWGm4JqVyvlP9hXZXiYZw, consumerQueue=spring.gen-OYOcUynYTyeiKil99TA3MA])
2023-02-24T04:03:39.517-08:00 DEBUG 14192 --- [ntContainer#0-1] .a.r.l.a.MessagingMessageListenerAdapter : Processing [GenericMessage [payload=StockMovement{stockName='SBUX', price=80.60657}, headers={amqp_receivedDeliveryMode=PERSISTENT, amqp_receivedExchange=stock-market, amqp_deliveryTag=1, amqp_consumerQueue=spring.gen-OYOcUynYTyeiKil99TA3MA, amqp_redelivered=false, amqp_receivedRoutingKey=SBUX, amqp_contentEncoding=UTF-8, id=e41edd5d-8c4b-a079-e593-96e819dcc6c1, amqp_consumerTag=amq.ctag-fVWGm4JqVyvlP9hXZXiYZw, amqp_lastInBatch=false, contentType=application/json, __TypeId__=org.example.StockMovement, timestamp=1677240219515}]]
2023-02-24T04:03:39.843-08:00 DEBUG 14192 --- [   scheduling-1] o.s.amqp.rabbit.core.RabbitTemplate      : Executing callback RabbitTemplate$$Lambda$1073/0x0000000801177c48 on RabbitMQ Channel: Cached Rabbit Channel: AMQChannel(amqp://guest@127.0.0.1:62500/,2), conn: Proxy@2154652c Shared Rabbit Connection: SimpleConnection@351e89fc [delegate=amqp://guest@127.0.0.1:62500/, localPort=62504]
2023-02-24T04:03:39.844-08:00 DEBUG 14192 --- [   scheduling-1] o.s.amqp.rabbit.core.RabbitTemplate      : Publishing message [(Body:'{"stockName":"ZOOM","price":55.11121}' MessageProperties [headers={__TypeId__=org.example.StockMovement}, contentType=application/json, contentEncoding=UTF-8, contentLength=37, deliveryMode=PERSISTENT, priority=0, deliveryTag=0])] on exchange [stock-market], routingKey = [ZOOM]
2023-02-24T04:03:39.851-08:00 DEBUG 14192 --- [pool-1-thread-5] o.s.a.r.listener.BlockingQueueConsumer   : Storing delivery for consumerTag: 'amq.ctag-fVWGm4JqVyvlP9hXZXiYZw' with deliveryTag: '2' in Consumer@14be750c: tags=[[amq.ctag-fVWGm4JqVyvlP9hXZXiYZw]], channel=Cached Rabbit Channel: AMQChannel(amqp://guest@127.0.0.1:62500/,1), conn: Proxy@2154652c Shared Rabbit Connection: SimpleConnection@351e89fc [delegate=amqp://guest@127.0.0.1:62500/, localPort=62504], acknowledgeMode=AUTO local queue size=0
2023-02-24T04:03:39.851-08:00 DEBUG 14192 --- [ntContainer#0-1] o.s.a.r.listener.BlockingQueueConsumer   : Received message: (Body:'{"stockName":"ZOOM","price":55.11121}' MessageProperties [headers={__TypeId__=org.example.StockMovement}, contentType=application/json, contentEncoding=UTF-8, contentLength=0, receivedDeliveryMode=PERSISTENT, priority=0, redelivered=false, receivedExchange=stock-market, receivedRoutingKey=ZOOM, deliveryTag=2, consumerTag=amq.ctag-fVWGm4JqVyvlP9hXZXiYZw, consumerQueue=spring.gen-OYOcUynYTyeiKil99TA3MA])
2023-02-24T04:03:39.852-08:00 DEBUG 14192 --- [ntContainer#0-1] .a.r.l.a.MessagingMessageListenerAdapter : Processing [GenericMessage [payload=StockMovement{stockName='ZOOM', price=55.11121}, headers={amqp_receivedDeliveryMode=PERSISTENT, amqp_receivedExchange=stock-market, amqp_deliveryTag=2, amqp_consumerQueue=spring.gen-OYOcUynYTyeiKil99TA3MA, amqp_redelivered=false, amqp_receivedRoutingKey=ZOOM, amqp_contentEncoding=UTF-8, id=3ac4d86c-730b-6684-f72d-f93b91262fa1, amqp_consumerTag=amq.ctag-fVWGm4JqVyvlP9hXZXiYZw, amqp_lastInBatch=false, contentType=application/json, __TypeId__=org.example.StockMovement, timestamp=1677240219852}]]
2023-02-24T04:03:40.343-08:00 DEBUG 14192 --- [   scheduling-1] o.s.amqp.rabbit.core.RabbitTemplate      : Executing callback RabbitTemplate$$Lambda$1073/0x0000000801177c48 on RabbitMQ Channel: Cached Rabbit Channel: AMQChannel(amqp://guest@127.0.0.1:62500/,2), conn: Proxy@2154652c Shared Rabbit Connection: SimpleConnection@351e89fc [delegate=amqp://guest@127.0.0.1:62500/, localPort=62504]
2023-02-24T04:03:40.344-08:00 DEBUG 14192 --- [   scheduling-1] o.s.amqp.rabbit.core.RabbitTemplate      : Publishing message [(Body:'{"stockName":"ZOOM","price":88.64486}' MessageProperties [headers={__TypeId__=org.example.StockMovement}, contentType=application/json, contentEncoding=UTF-8, contentLength=37, deliveryMode=PERSISTENT, priority=0, deliveryTag=0])] on exchange [stock-market], routingKey = [ZOOM]
2023-02-24T04:03:40.347-08:00 DEBUG 14192 --- [pool-1-thread-6] o.s.a.r.listener.BlockingQueueConsumer   : Storing delivery for consumerTag: 'amq.ctag-fVWGm4JqVyvlP9hXZXiYZw' with deliveryTag: '3' in Consumer@14be750c: tags=[[amq.ctag-fVWGm4JqVyvlP9hXZXiYZw]], channel=Cached Rabbit Channel: AMQChannel(amqp://guest@127.0.0.1:62500/,1), conn: Proxy@2154652c Shared Rabbit Connection: SimpleConnection@351e89fc [delegate=amqp://guest@127.0.0.1:62500/, localPort=62504], acknowledgeMode=AUTO local queue size=0
2023-02-24T04:03:40.347-08:00 DEBUG 14192 --- [ntContainer#0-1] o.s.a.r.listener.BlockingQueueConsumer   : Received message: (Body:'{"stockName":"ZOOM","price":88.64486}' MessageProperties [headers={__TypeId__=org.example.StockMovement}, contentType=application/json, contentEncoding=UTF-8, contentLength=0, receivedDeliveryMode=PERSISTENT, priority=0, redelivered=false, receivedExchange=stock-market, receivedRoutingKey=ZOOM, deliveryTag=3, consumerTag=amq.ctag-fVWGm4JqVyvlP9hXZXiYZw, consumerQueue=spring.gen-OYOcUynYTyeiKil99TA3MA])
2023-02-24T04:03:40.348-08:00 DEBUG 14192 --- [ntContainer#0-1] .a.r.l.a.MessagingMessageListenerAdapter : Processing [GenericMessage [payload=StockMovement{stockName='ZOOM', price=88.64486}, headers={amqp_receivedDeliveryMode=PERSISTENT, amqp_receivedExchange=stock-market, amqp_deliveryTag=3, amqp_consumerQueue=spring.gen-OYOcUynYTyeiKil99TA3MA, amqp_redelivered=false, amqp_receivedRoutingKey=ZOOM, amqp_contentEncoding=UTF-8, id=f9d169e1-c117-7646-3013-fa0928ad8f45, amqp_consumerTag=amq.ctag-fVWGm4JqVyvlP9hXZXiYZw, amqp_lastInBatch=false, contentType=application/json, __TypeId__=org.example.StockMovement, timestamp=1677240220348}]]
2023-02-24T04:03:40.843-08:00 DEBUG 14192 --- [   scheduling-1] o.s.amqp.rabbit.core.RabbitTemplate      : Executing callback RabbitTemplate$$Lambda$1073/0x0000000801177c48 on RabbitMQ Channel: Cached Rabbit Channel: AMQChannel(amqp://guest@127.0.0.1:62500/,2), conn: Proxy@2154652c Shared Rabbit Connection: SimpleConnection@351e89fc [delegate=amqp://guest@127.0.0.1:62500/, localPort=62504]
2023-02-24T04:03:40.844-08:00 DEBUG 14192 --- [   scheduling-1] o.s.amqp.rabbit.core.RabbitTemplate      : Publishing message [(Body:'{"stockName":"SBUX","price":95.332954}' MessageProperties [headers={__TypeId__=org.example.StockMovement}, contentType=application/json, contentEncoding=UTF-8, contentLength=38, deliveryMode=PERSISTENT, priority=0, deliveryTag=0])] on exchange [stock-market], routingKey = [SBUX]
2023-02-24T04:03:40.846-08:00 DEBUG 14192 --- [pool-1-thread-7] o.s.a.r.listener.BlockingQueueConsumer   : Storing delivery for consumerTag: 'amq.ctag-fVWGm4JqVyvlP9hXZXiYZw' with deliveryTag: '4' in Consumer@14be750c: tags=[[amq.ctag-fVWGm4JqVyvlP9hXZXiYZw]], channel=Cached Rabbit Channel: AMQChannel(amqp://guest@127.0.0.1:62500/,1), conn: Proxy@2154652c Shared Rabbit Connection: SimpleConnection@351e89fc [delegate=amqp://guest@127.0.0.1:62500/, localPort=62504], acknowledgeMode=AUTO local queue size=0
2023-02-24T04:03:40.847-08:00 DEBUG 14192 --- [ntContainer#0-1] o.s.a.r.listener.BlockingQueueConsumer   : Received message: (Body:'{"stockName":"SBUX","price":95.332954}' MessageProperties [headers={__TypeId__=org.example.StockMovement}, contentType=application/json, contentEncoding=UTF-8, contentLength=0, receivedDeliveryMode=PERSISTENT, priority=0, redelivered=false, receivedExchange=stock-market, receivedRoutingKey=SBUX, deliveryTag=4, consumerTag=amq.ctag-fVWGm4JqVyvlP9hXZXiYZw, consumerQueue=spring.gen-OYOcUynYTyeiKil99TA3MA])
2023-02-24T04:03:40.847-08:00 DEBUG 14192 --- [ntContainer#0-1] .a.r.l.a.MessagingMessageListenerAdapter : Processing [GenericMessage [payload=StockMovement{stockName='SBUX', price=95.332954}, headers={amqp_receivedDeliveryMode=PERSISTENT, amqp_receivedExchange=stock-market, amqp_deliveryTag=4, amqp_consumerQueue=spring.gen-OYOcUynYTyeiKil99TA3MA, amqp_redelivered=false, amqp_receivedRoutingKey=SBUX, amqp_contentEncoding=UTF-8, id=0aa40b33-7885-93f8-7011-b58733283a4f, amqp_consumerTag=amq.ctag-fVWGm4JqVyvlP9hXZXiYZw, amqp_lastInBatch=false, contentType=application/json, __TypeId__=org.example.StockMovement, timestamp=1677240220847}]]
2023-02-24T04:03:41.343-08:00 DEBUG 14192 --- [   scheduling-1] o.s.amqp.rabbit.core.RabbitTemplate      : Executing callback RabbitTemplate$$Lambda$1073/0x0000000801177c48 on RabbitMQ Channel: Cached Rabbit Channel: AMQChannel(amqp://guest@127.0.0.1:62500/,2), conn: Proxy@2154652c Shared Rabbit Connection: SimpleConnection@351e89fc [delegate=amqp://guest@127.0.0.1:62500/, localPort=62504]
2023-02-24T04:03:41.344-08:00 DEBUG 14192 --- [   scheduling-1] o.s.amqp.rabbit.core.RabbitTemplate      : Publishing message [(Body:'{"stockName":"ATT","price":122.64004}' MessageProperties [headers={__TypeId__=org.example.StockMovement}, contentType=application/json, contentEncoding=UTF-8, contentLength=37, deliveryMode=PERSISTENT, priority=0, deliveryTag=0])] on exchange [stock-market], routingKey = [ATT]
2023-02-24T04:03:41.347-08:00 DEBUG 14192 --- [pool-1-thread-8] o.s.a.r.listener.BlockingQueueConsumer   : Storing delivery for consumerTag: 'amq.ctag-fVWGm4JqVyvlP9hXZXiYZw' with deliveryTag: '5' in Consumer@14be750c: tags=[[amq.ctag-fVWGm4JqVyvlP9hXZXiYZw]], channel=Cached Rabbit Channel: AMQChannel(amqp://guest@127.0.0.1:62500/,1), conn: Proxy@2154652c Shared Rabbit Connection: SimpleConnection@351e89fc [delegate=amqp://guest@127.0.0.1:62500/, localPort=62504], acknowledgeMode=AUTO local queue size=0
2023-02-24T04:03:41.348-08:00 DEBUG 14192 --- [ntContainer#0-1] o.s.a.r.listener.BlockingQueueConsumer   : Received message: (Body:'{"stockName":"ATT","price":122.64004}' MessageProperties [headers={__TypeId__=org.example.StockMovement}, contentType=application/json, contentEncoding=UTF-8, contentLength=0, receivedDeliveryMode=PERSISTENT, priority=0, redelivered=false, receivedExchange=stock-market, receivedRoutingKey=ATT, deliveryTag=5, consumerTag=amq.ctag-fVWGm4JqVyvlP9hXZXiYZw, consumerQueue=spring.gen-OYOcUynYTyeiKil99TA3MA])
2023-02-24T04:03:41.348-08:00 DEBUG 14192 --- [ntContainer#0-1] .a.r.l.a.MessagingMessageListenerAdapter : Processing [GenericMessage [payload=StockMovement{stockName='ATT', price=122.64004}, headers={amqp_receivedDeliveryMode=PERSISTENT, amqp_receivedExchange=stock-market, amqp_deliveryTag=5, amqp_consumerQueue=spring.gen-OYOcUynYTyeiKil99TA3MA, amqp_redelivered=false, amqp_receivedRoutingKey=ATT, amqp_contentEncoding=UTF-8, id=5a7e4c7a-50cb-b1c0-3848-9789d96aa9be, amqp_consumerTag=amq.ctag-fVWGm4JqVyvlP9hXZXiYZw, amqp_lastInBatch=false, contentType=application/json, __TypeId__=org.example.StockMovement, timestamp=1677240221348}]]
2023-02-24T04:03:41.847-08:00 DEBUG 14192 --- [   scheduling-1] o.s.amqp.rabbit.core.RabbitTemplate      : Executing callback RabbitTemplate$$Lambda$1073/0x0000000801177c48 on RabbitMQ Channel: Cached Rabbit Channel: AMQChannel(amqp://guest@127.0.0.1:62500/,2), conn: Proxy@2154652c Shared Rabbit Connection: SimpleConnection@351e89fc [delegate=amqp://guest@127.0.0.1:62500/, localPort=62504]
2023-02-24T04:03:41.847-08:00 DEBUG 14192 --- [   scheduling-1] o.s.amqp.rabbit.core.RabbitTemplate      : Publishing message [(Body:'{"stockName":"ZOOM","price":132.3451}' MessageProperties [headers={__TypeId__=org.example.StockMovement}, contentType=application/json, contentEncoding=UTF-8, contentLength=37, deliveryMode=PERSISTENT, priority=0, deliveryTag=0])] on exchange [stock-market], routingKey = [ZOOM]
2023-02-24T04:03:41.851-08:00 DEBUG 14192 --- [pool-1-thread-9] o.s.a.r.listener.BlockingQueueConsumer   : Storing delivery for consumerTag: 'amq.ctag-fVWGm4JqVyvlP9hXZXiYZw' with deliveryTag: '6' in Consumer@14be750c: tags=[[amq.ctag-fVWGm4JqVyvlP9hXZXiYZw]], channel=Cached Rabbit Channel: AMQChannel(amqp://guest@127.0.0.1:62500/,1), conn: Proxy@2154652c Shared Rabbit Connection: SimpleConnection@351e89fc [delegate=amqp://guest@127.0.0.1:62500/, localPort=62504], acknowledgeMode=AUTO local queue size=0
2023-02-24T04:03:41.852-08:00 DEBUG 14192 --- [ntContainer#0-1] o.s.a.r.listener.BlockingQueueConsumer   : Received message: (Body:'{"stockName":"ZOOM","price":132.3451}' MessageProperties [headers={__TypeId__=org.example.StockMovement}, contentType=application/json, contentEncoding=UTF-8, contentLength=0, receivedDeliveryMode=PERSISTENT, priority=0, redelivered=false, receivedExchange=stock-market, receivedRoutingKey=ZOOM, deliveryTag=6, consumerTag=amq.ctag-fVWGm4JqVyvlP9hXZXiYZw, consumerQueue=spring.gen-OYOcUynYTyeiKil99TA3MA])
2023-02-24T04:03:41.852-08:00 DEBUG 14192 --- [ntContainer#0-1] .a.r.l.a.MessagingMessageListenerAdapter : Processing [GenericMessage [payload=StockMovement{stockName='ZOOM', price=132.3451}, headers={amqp_receivedDeliveryMode=PERSISTENT, amqp_receivedExchange=stock-market, amqp_deliveryTag=6, amqp_consumerQueue=spring.gen-OYOcUynYTyeiKil99TA3MA, amqp_redelivered=false, amqp_receivedRoutingKey=ZOOM, amqp_contentEncoding=UTF-8, id=5b09d955-33c4-b34f-2d39-f2979669f20d, amqp_consumerTag=amq.ctag-fVWGm4JqVyvlP9hXZXiYZw, amqp_lastInBatch=false, contentType=application/json, __TypeId__=org.example.StockMovement, timestamp=1677240221852}]]
2023-02-24T04:03:42.348-08:00 DEBUG 14192 --- [   scheduling-1] o.s.amqp.rabbit.core.RabbitTemplate      : Executing callback RabbitTemplate$$Lambda$1073/0x0000000801177c48 on RabbitMQ Channel: Cached Rabbit Channel: AMQChannel(amqp://guest@127.0.0.1:62500/,2), conn: Proxy@2154652c Shared Rabbit Connection: SimpleConnection@351e89fc [delegate=amqp://guest@127.0.0.1:62500/, localPort=62504]
2023-02-24T04:03:42.348-08:00 DEBUG 14192 --- [   scheduling-1] o.s.amqp.rabbit.core.RabbitTemplate      : Publishing message [(Body:'{"stockName":"ATT","price":54.968357}' MessageProperties [headers={__TypeId__=org.example.StockMovement}, contentType=application/json, contentEncoding=UTF-8, contentLength=37, deliveryMode=PERSISTENT, priority=0, deliveryTag=0])] on exchange [stock-market], routingKey = [ATT]
2023-02-24T04:03:42.351-08:00 DEBUG 14192 --- [ool-1-thread-10] o.s.a.r.listener.BlockingQueueConsumer   : Storing delivery for consumerTag: 'amq.ctag-fVWGm4JqVyvlP9hXZXiYZw' with deliveryTag: '7' in Consumer@14be750c: tags=[[amq.ctag-fVWGm4JqVyvlP9hXZXiYZw]], channel=Cached Rabbit Channel: AMQChannel(amqp://guest@127.0.0.1:62500/,1), conn: Proxy@2154652c Shared Rabbit Connection: SimpleConnection@351e89fc [delegate=amqp://guest@127.0.0.1:62500/, localPort=62504], acknowledgeMode=AUTO local queue size=0
2023-02-24T04:03:42.351-08:00 DEBUG 14192 --- [ntContainer#0-1] o.s.a.r.listener.BlockingQueueConsumer   : Received message: (Body:'{"stockName":"ATT","price":54.968357}' MessageProperties [headers={__TypeId__=org.example.StockMovement}, contentType=application/json, contentEncoding=UTF-8, contentLength=0, receivedDeliveryMode=PERSISTENT, priority=0, redelivered=false, receivedExchange=stock-market, receivedRoutingKey=ATT, deliveryTag=7, consumerTag=amq.ctag-fVWGm4JqVyvlP9hXZXiYZw, consumerQueue=spring.gen-OYOcUynYTyeiKil99TA3MA])
2023-02-24T04:03:42.351-08:00 DEBUG 14192 --- [ntContainer#0-1] .a.r.l.a.MessagingMessageListenerAdapter : Processing [GenericMessage [payload=StockMovement{stockName='ATT', price=54.968357}, headers={amqp_receivedDeliveryMode=PERSISTENT, amqp_receivedExchange=stock-market, amqp_deliveryTag=7, amqp_consumerQueue=spring.gen-OYOcUynYTyeiKil99TA3MA, amqp_redelivered=false, amqp_receivedRoutingKey=ATT, amqp_contentEncoding=UTF-8, id=80deca11-bf81-18b6-9b68-b0cfb890df1b, amqp_consumerTag=amq.ctag-fVWGm4JqVyvlP9hXZXiYZw, amqp_lastInBatch=false, contentType=application/json, __TypeId__=org.example.StockMovement, timestamp=1677240222351}]]
2023-02-24T04:03:42.846-08:00 DEBUG 14192 --- [   scheduling-1] o.s.amqp.rabbit.core.RabbitTemplate      : Executing callback RabbitTemplate$$Lambda$1073/0x0000000801177c48 on RabbitMQ Channel: Cached Rabbit Channel: AMQChannel(amqp://guest@127.0.0.1:62500/,2), conn: Proxy@2154652c Shared Rabbit Connection: SimpleConnection@351e89fc [delegate=amqp://guest@127.0.0.1:62500/, localPort=62504]
2023-02-24T04:03:42.846-08:00 DEBUG 14192 --- [   scheduling-1] o.s.amqp.rabbit.core.RabbitTemplate      : Publishing message [(Body:'{"stockName":"ZOOM","price":124.63222}' MessageProperties [headers={__TypeId__=org.example.StockMovement}, contentType=application/json, contentEncoding=UTF-8, contentLength=38, deliveryMode=PERSISTENT, priority=0, deliveryTag=0])] on exchange [stock-market], routingKey = [ZOOM]
2023-02-24T04:03:42.849-08:00 DEBUG 14192 --- [ool-1-thread-11] o.s.a.r.listener.BlockingQueueConsumer   : Storing delivery for consumerTag: 'amq.ctag-fVWGm4JqVyvlP9hXZXiYZw' with deliveryTag: '8' in Consumer@14be750c: tags=[[amq.ctag-fVWGm4JqVyvlP9hXZXiYZw]], channel=Cached Rabbit Channel: AMQChannel(amqp://guest@127.0.0.1:62500/,1), conn: Proxy@2154652c Shared Rabbit Connection: SimpleConnection@351e89fc [delegate=amqp://guest@127.0.0.1:62500/, localPort=62504], acknowledgeMode=AUTO local queue size=0
2023-02-24T04:03:42.849-08:00 DEBUG 14192 --- [ntContainer#0-1] o.s.a.r.listener.BlockingQueueConsumer   : Received message: (Body:'{"stockName":"ZOOM","price":124.63222}' MessageProperties [headers={__TypeId__=org.example.StockMovement}, contentType=application/json, contentEncoding=UTF-8, contentLength=0, receivedDeliveryMode=PERSISTENT, priority=0, redelivered=false, receivedExchange=stock-market, receivedRoutingKey=ZOOM, deliveryTag=8, consumerTag=amq.ctag-fVWGm4JqVyvlP9hXZXiYZw, consumerQueue=spring.gen-OYOcUynYTyeiKil99TA3MA])
2023-02-24T04:03:42.850-08:00 DEBUG 14192 --- [ntContainer#0-1] .a.r.l.a.MessagingMessageListenerAdapter : Processing [GenericMessage [payload=StockMovement{stockName='ZOOM', price=124.63222}, headers={amqp_receivedDeliveryMode=PERSISTENT, amqp_receivedExchange=stock-market, amqp_deliveryTag=8, amqp_consumerQueue=spring.gen-OYOcUynYTyeiKil99TA3MA, amqp_redelivered=false, amqp_receivedRoutingKey=ZOOM, amqp_contentEncoding=UTF-8, id=c4248c50-c7ee-7f11-ef8d-cdbbe56ab075, amqp_consumerTag=amq.ctag-fVWGm4JqVyvlP9hXZXiYZw, amqp_lastInBatch=false, contentType=application/json, __TypeId__=org.example.StockMovement, timestamp=1677240222850}]]
2023-02-24T04:03:43.347-08:00 DEBUG 14192 --- [   scheduling-1] o.s.amqp.rabbit.core.RabbitTemplate      : Executing callback RabbitTemplate$$Lambda$1073/0x0000000801177c48 on RabbitMQ Channel: Cached Rabbit Channel: AMQChannel(amqp://guest@127.0.0.1:62500/,2), conn: Proxy@2154652c Shared Rabbit Connection: SimpleConnection@351e89fc [delegate=amqp://guest@127.0.0.1:62500/, localPort=62504]
2023-02-24T04:03:43.347-08:00 DEBUG 14192 --- [   scheduling-1] o.s.amqp.rabbit.core.RabbitTemplate      : Publishing message [(Body:'{"stockName":"SBUX","price":144.05429}' MessageProperties [headers={__TypeId__=org.example.StockMovement}, contentType=application/json, contentEncoding=UTF-8, contentLength=38, deliveryMode=PERSISTENT, priority=0, deliveryTag=0])] on exchange [stock-market], routingKey = [SBUX]
2023-02-24T04:03:43.351-08:00 DEBUG 14192 --- [ool-1-thread-12] o.s.a.r.listener.BlockingQueueConsumer   : Storing delivery for consumerTag: 'amq.ctag-fVWGm4JqVyvlP9hXZXiYZw' with deliveryTag: '9' in Consumer@14be750c: tags=[[amq.ctag-fVWGm4JqVyvlP9hXZXiYZw]], channel=Cached Rabbit Channel: AMQChannel(amqp://guest@127.0.0.1:62500/,1), conn: Proxy@2154652c Shared Rabbit Connection: SimpleConnection@351e89fc [delegate=amqp://guest@127.0.0.1:62500/, localPort=62504], acknowledgeMode=AUTO local queue size=0
2023-02-24T04:03:43.351-08:00 DEBUG 14192 --- [ntContainer#0-1] o.s.a.r.listener.BlockingQueueConsumer   : Received message: (Body:'{"stockName":"SBUX","price":144.05429}' MessageProperties [headers={__TypeId__=org.example.StockMovement}, contentType=application/json, contentEncoding=UTF-8, contentLength=0, receivedDeliveryMode=PERSISTENT, priority=0, redelivered=false, receivedExchange=stock-market, receivedRoutingKey=SBUX, deliveryTag=9, consumerTag=amq.ctag-fVWGm4JqVyvlP9hXZXiYZw, consumerQueue=spring.gen-OYOcUynYTyeiKil99TA3MA])
2023-02-24T04:03:43.351-08:00 DEBUG 14192 --- [ntContainer#0-1] .a.r.l.a.MessagingMessageListenerAdapter : Processing [GenericMessage [payload=StockMovement{stockName='SBUX', price=144.05429}, headers={amqp_receivedDeliveryMode=PERSISTENT, amqp_receivedExchange=stock-market, amqp_deliveryTag=9, amqp_consumerQueue=spring.gen-OYOcUynYTyeiKil99TA3MA, amqp_redelivered=false, amqp_receivedRoutingKey=SBUX, amqp_contentEncoding=UTF-8, id=243de24c-d241-3148-3c54-74869397b771, amqp_consumerTag=amq.ctag-fVWGm4JqVyvlP9hXZXiYZw, amqp_lastInBatch=false, contentType=application/json, __TypeId__=org.example.StockMovement, timestamp=1677240223351}]]
2023-02-24T04:03:43.850-08:00 DEBUG 14192 --- [   scheduling-1] o.s.amqp.rabbit.core.RabbitTemplate      : Executing callback RabbitTemplate$$Lambda$1073/0x0000000801177c48 on RabbitMQ Channel: Cached Rabbit Channel: AMQChannel(amqp://guest@127.0.0.1:62500/,2), conn: Proxy@2154652c Shared Rabbit Connection: SimpleConnection@351e89fc [delegate=amqp://guest@127.0.0.1:62500/, localPort=62504]
2023-02-24T04:03:43.851-08:00 DEBUG 14192 --- [   scheduling-1] o.s.amqp.rabbit.core.RabbitTemplate      : Publishing message [(Body:'{"stockName":"ZOOM","price":138.63779}' MessageProperties [headers={__TypeId__=org.example.StockMovement}, contentType=application/json, contentEncoding=UTF-8, contentLength=38, deliveryMode=PERSISTENT, priority=0, deliveryTag=0])] on exchange [stock-market], routingKey = [ZOOM]
2023-02-24T04:03:43.855-08:00 DEBUG 14192 --- [ool-1-thread-13] o.s.a.r.listener.BlockingQueueConsumer   : Storing delivery for consumerTag: 'amq.ctag-fVWGm4JqVyvlP9hXZXiYZw' with deliveryTag: '10' in Consumer@14be750c: tags=[[amq.ctag-fVWGm4JqVyvlP9hXZXiYZw]], channel=Cached Rabbit Channel: AMQChannel(amqp://guest@127.0.0.1:62500/,1), conn: Proxy@2154652c Shared Rabbit Connection: SimpleConnection@351e89fc [delegate=amqp://guest@127.0.0.1:62500/, localPort=62504], acknowledgeMode=AUTO local queue size=0
2023-02-24T04:03:43.855-08:00 DEBUG 14192 --- [ntContainer#0-1] o.s.a.r.listener.BlockingQueueConsumer   : Received message: (Body:'{"stockName":"ZOOM","price":138.63779}' MessageProperties [headers={__TypeId__=org.example.StockMovement}, contentType=application/json, contentEncoding=UTF-8, contentLength=0, receivedDeliveryMode=PERSISTENT, priority=0, redelivered=false, receivedExchange=stock-market, receivedRoutingKey=ZOOM, deliveryTag=10, consumerTag=amq.ctag-fVWGm4JqVyvlP9hXZXiYZw, consumerQueue=spring.gen-OYOcUynYTyeiKil99TA3MA])
2023-02-24T04:03:43.856-08:00 DEBUG 14192 --- [ntContainer#0-1] .a.r.l.a.MessagingMessageListenerAdapter : Processing [GenericMessage [payload=StockMovement{stockName='ZOOM', price=138.63779}, headers={amqp_receivedDeliveryMode=PERSISTENT, amqp_receivedExchange=stock-market, amqp_deliveryTag=10, amqp_consumerQueue=spring.gen-OYOcUynYTyeiKil99TA3MA, amqp_redelivered=false, amqp_receivedRoutingKey=ZOOM, amqp_contentEncoding=UTF-8, id=207ff16c-9b3f-0dc3-b7aa-e31a8f1151da, amqp_consumerTag=amq.ctag-fVWGm4JqVyvlP9hXZXiYZw, amqp_lastInBatch=false, contentType=application/json, __TypeId__=org.example.StockMovement, timestamp=1677240223856}]]
2023-02-24T04:03:44.350-08:00 DEBUG 14192 --- [   scheduling-1] o.s.amqp.rabbit.core.RabbitTemplate      : Executing callback RabbitTemplate$$Lambda$1073/0x0000000801177c48 on RabbitMQ Channel: Cached Rabbit Channel: AMQChannel(amqp://guest@127.0.0.1:62500/,2), conn: Proxy@2154652c Shared Rabbit Connection: SimpleConnection@351e89fc [delegate=amqp://guest@127.0.0.1:62500/, localPort=62504]
2023-02-24T04:03:44.350-08:00 DEBUG 14192 --- [   scheduling-1] o.s.amqp.rabbit.core.RabbitTemplate      : Publishing message [(Body:'{"stockName":"SBUX","price":81.05694}' MessageProperties [headers={__TypeId__=org.example.StockMovement}, contentType=application/json, contentEncoding=UTF-8, contentLength=37, deliveryMode=PERSISTENT, priority=0, deliveryTag=0])] on exchange [stock-market], routingKey = [SBUX]
2023-02-24T04:03:44.354-08:00 DEBUG 14192 --- [ool-1-thread-14] o.s.a.r.listener.BlockingQueueConsumer   : Storing delivery for consumerTag: 'amq.ctag-fVWGm4JqVyvlP9hXZXiYZw' with deliveryTag: '11' in Consumer@14be750c: tags=[[amq.ctag-fVWGm4JqVyvlP9hXZXiYZw]], channel=Cached Rabbit Channel: AMQChannel(amqp://guest@127.0.0.1:62500/,1), conn: Proxy@2154652c Shared Rabbit Connection: SimpleConnection@351e89fc [delegate=amqp://guest@127.0.0.1:62500/, localPort=62504], acknowledgeMode=AUTO local queue size=0
2023-02-24T04:03:44.354-08:00 DEBUG 14192 --- [ntContainer#0-1] o.s.a.r.listener.BlockingQueueConsumer   : Received message: (Body:'{"stockName":"SBUX","price":81.05694}' MessageProperties [headers={__TypeId__=org.example.StockMovement}, contentType=application/json, contentEncoding=UTF-8, contentLength=0, receivedDeliveryMode=PERSISTENT, priority=0, redelivered=false, receivedExchange=stock-market, receivedRoutingKey=SBUX, deliveryTag=11, consumerTag=amq.ctag-fVWGm4JqVyvlP9hXZXiYZw, consumerQueue=spring.gen-OYOcUynYTyeiKil99TA3MA])
2023-02-24T04:03:44.354-08:00 DEBUG 14192 --- [ntContainer#0-1] .a.r.l.a.MessagingMessageListenerAdapter : Processing [GenericMessage [payload=StockMovement{stockName='SBUX', price=81.05694}, headers={amqp_receivedDeliveryMode=PERSISTENT, amqp_receivedExchange=stock-market, amqp_deliveryTag=11, amqp_consumerQueue=spring.gen-OYOcUynYTyeiKil99TA3MA, amqp_redelivered=false, amqp_receivedRoutingKey=SBUX, amqp_contentEncoding=UTF-8, id=3e054c46-8f4d-96f9-3ba5-7d1377c5ea9d, amqp_consumerTag=amq.ctag-fVWGm4JqVyvlP9hXZXiYZw, amqp_lastInBatch=false, contentType=application/json, __TypeId__=org.example.StockMovement, timestamp=1677240224354}]]
2023-02-24T04:03:44.852-08:00 DEBUG 14192 --- [   scheduling-1] o.s.amqp.rabbit.core.RabbitTemplate      : Executing callback RabbitTemplate$$Lambda$1073/0x0000000801177c48 on RabbitMQ Channel: Cached Rabbit Channel: AMQChannel(amqp://guest@127.0.0.1:62500/,2), conn: Proxy@2154652c Shared Rabbit Connection: SimpleConnection@351e89fc [delegate=amqp://guest@127.0.0.1:62500/, localPort=62504]
2023-02-24T04:03:44.852-08:00 DEBUG 14192 --- [   scheduling-1] o.s.amqp.rabbit.core.RabbitTemplate      : Publishing message [(Body:'{"stockName":"ATT","price":52.56474}' MessageProperties [headers={__TypeId__=org.example.StockMovement}, contentType=application/json, contentEncoding=UTF-8, contentLength=36, deliveryMode=PERSISTENT, priority=0, deliveryTag=0])] on exchange [stock-market], routingKey = [ATT]
2023-02-24T04:03:44.856-08:00 DEBUG 14192 --- [ool-1-thread-15] o.s.a.r.listener.BlockingQueueConsumer   : Storing delivery for consumerTag: 'amq.ctag-fVWGm4JqVyvlP9hXZXiYZw' with deliveryTag: '12' in Consumer@14be750c: tags=[[amq.ctag-fVWGm4JqVyvlP9hXZXiYZw]], channel=Cached Rabbit Channel: AMQChannel(amqp://guest@127.0.0.1:62500/,1), conn: Proxy@2154652c Shared Rabbit Connection: SimpleConnection@351e89fc [delegate=amqp://guest@127.0.0.1:62500/, localPort=62504], acknowledgeMode=AUTO local queue size=0
2023-02-24T04:03:44.856-08:00 DEBUG 14192 --- [ntContainer#0-1] o.s.a.r.listener.BlockingQueueConsumer   : Received message: (Body:'{"stockName":"ATT","price":52.56474}' MessageProperties [headers={__TypeId__=org.example.StockMovement}, contentType=application/json, contentEncoding=UTF-8, contentLength=0, receivedDeliveryMode=PERSISTENT, priority=0, redelivered=false, receivedExchange=stock-market, receivedRoutingKey=ATT, deliveryTag=12, consumerTag=amq.ctag-fVWGm4JqVyvlP9hXZXiYZw, consumerQueue=spring.gen-OYOcUynYTyeiKil99TA3MA])
2023-02-24T04:03:44.856-08:00 DEBUG 14192 --- [ntContainer#0-1] .a.r.l.a.MessagingMessageListenerAdapter : Processing [GenericMessage [payload=StockMovement{stockName='ATT', price=52.56474}, headers={amqp_receivedDeliveryMode=PERSISTENT, amqp_receivedExchange=stock-market, amqp_deliveryTag=12, amqp_consumerQueue=spring.gen-OYOcUynYTyeiKil99TA3MA, amqp_redelivered=false, amqp_receivedRoutingKey=ATT, amqp_contentEncoding=UTF-8, id=87895d63-5254-f8ae-c6ec-a19940781916, amqp_consumerTag=amq.ctag-fVWGm4JqVyvlP9hXZXiYZw, amqp_lastInBatch=false, contentType=application/json, __TypeId__=org.example.StockMovement, timestamp=1677240224856}]]
2023-02-24T04:03:45.339-08:00 DEBUG 14192 --- [   scheduling-1] o.s.amqp.rabbit.core.RabbitTemplate      : Executing callback RabbitTemplate$$Lambda$1073/0x0000000801177c48 on RabbitMQ Channel: Cached Rabbit Channel: AMQChannel(amqp://guest@127.0.0.1:62500/,2), conn: Proxy@2154652c Shared Rabbit Connection: SimpleConnection@351e89fc [delegate=amqp://guest@127.0.0.1:62500/, localPort=62504]
2023-02-24T04:03:45.339-08:00 DEBUG 14192 --- [   scheduling-1] o.s.amqp.rabbit.core.RabbitTemplate      : Publishing message [(Body:'{"stockName":"SBUX","price":112.150154}' MessageProperties [headers={__TypeId__=org.example.StockMovement}, contentType=application/json, contentEncoding=UTF-8, contentLength=39, deliveryMode=PERSISTENT, priority=0, deliveryTag=0])] on exchange [stock-market], routingKey = [SBUX]
2023-02-24T04:03:45.343-08:00 DEBUG 14192 --- [ool-1-thread-16] o.s.a.r.listener.BlockingQueueConsumer   : Storing delivery for consumerTag: 'amq.ctag-fVWGm4JqVyvlP9hXZXiYZw' with deliveryTag: '13' in Consumer@14be750c: tags=[[amq.ctag-fVWGm4JqVyvlP9hXZXiYZw]], channel=Cached Rabbit Channel: AMQChannel(amqp://guest@127.0.0.1:62500/,1), conn: Proxy@2154652c Shared Rabbit Connection: SimpleConnection@351e89fc [delegate=amqp://guest@127.0.0.1:62500/, localPort=62504], acknowledgeMode=AUTO local queue size=0
2023-02-24T04:03:45.343-08:00 DEBUG 14192 --- [ntContainer#0-1] o.s.a.r.listener.BlockingQueueConsumer   : Received message: (Body:'{"stockName":"SBUX","price":112.150154}' MessageProperties [headers={__TypeId__=org.example.StockMovement}, contentType=application/json, contentEncoding=UTF-8, contentLength=0, receivedDeliveryMode=PERSISTENT, priority=0, redelivered=false, receivedExchange=stock-market, receivedRoutingKey=SBUX, deliveryTag=13, consumerTag=amq.ctag-fVWGm4JqVyvlP9hXZXiYZw, consumerQueue=spring.gen-OYOcUynYTyeiKil99TA3MA])
2023-02-24T04:03:45.344-08:00 DEBUG 14192 --- [ntContainer#0-1] .a.r.l.a.MessagingMessageListenerAdapter : Processing [GenericMessage [payload=StockMovement{stockName='SBUX', price=112.150154}, headers={amqp_receivedDeliveryMode=PERSISTENT, amqp_receivedExchange=stock-market, amqp_deliveryTag=13, amqp_consumerQueue=spring.gen-OYOcUynYTyeiKil99TA3MA, amqp_redelivered=false, amqp_receivedRoutingKey=SBUX, amqp_contentEncoding=UTF-8, id=0952c612-3a72-3af2-fabf-35afb0fdf3fc, amqp_consumerTag=amq.ctag-fVWGm4JqVyvlP9hXZXiYZw, amqp_lastInBatch=false, contentType=application/json, __TypeId__=org.example.StockMovement, timestamp=1677240225344}]]
2023-02-24T04:03:45.844-08:00 DEBUG 14192 --- [   scheduling-1] o.s.amqp.rabbit.core.RabbitTemplate      : Executing callback RabbitTemplate$$Lambda$1073/0x0000000801177c48 on RabbitMQ Channel: Cached Rabbit Channel: AMQChannel(amqp://guest@127.0.0.1:62500/,2), conn: Proxy@2154652c Shared Rabbit Connection: SimpleConnection@351e89fc [delegate=amqp://guest@127.0.0.1:62500/, localPort=62504]
2023-02-24T04:03:45.844-08:00 DEBUG 14192 --- [   scheduling-1] o.s.amqp.rabbit.core.RabbitTemplate      : Publishing message [(Body:'{"stockName":"ZOOM","price":110.77382}' MessageProperties [headers={__TypeId__=org.example.StockMovement}, contentType=application/json, contentEncoding=UTF-8, contentLength=38, deliveryMode=PERSISTENT, priority=0, deliveryTag=0])] on exchange [stock-market], routingKey = [ZOOM]
2023-02-24T04:03:45.847-08:00 DEBUG 14192 --- [ool-1-thread-17] o.s.a.r.listener.BlockingQueueConsumer   : Storing delivery for consumerTag: 'amq.ctag-fVWGm4JqVyvlP9hXZXiYZw' with deliveryTag: '14' in Consumer@14be750c: tags=[[amq.ctag-fVWGm4JqVyvlP9hXZXiYZw]], channel=Cached Rabbit Channel: AMQChannel(amqp://guest@127.0.0.1:62500/,1), conn: Proxy@2154652c Shared Rabbit Connection: SimpleConnection@351e89fc [delegate=amqp://guest@127.0.0.1:62500/, localPort=62504], acknowledgeMode=AUTO local queue size=0
2023-02-24T04:03:45.847-08:00 DEBUG 14192 --- [ntContainer#0-1] o.s.a.r.listener.BlockingQueueConsumer   : Received message: (Body:'{"stockName":"ZOOM","price":110.77382}' MessageProperties [headers={__TypeId__=org.example.StockMovement}, contentType=application/json, contentEncoding=UTF-8, contentLength=0, receivedDeliveryMode=PERSISTENT, priority=0, redelivered=false, receivedExchange=stock-market, receivedRoutingKey=ZOOM, deliveryTag=14, consumerTag=amq.ctag-fVWGm4JqVyvlP9hXZXiYZw, consumerQueue=spring.gen-OYOcUynYTyeiKil99TA3MA])
2023-02-24T04:03:45.848-08:00 DEBUG 14192 --- [ntContainer#0-1] .a.r.l.a.MessagingMessageListenerAdapter : Processing [GenericMessage [payload=StockMovement{stockName='ZOOM', price=110.77382}, headers={amqp_receivedDeliveryMode=PERSISTENT, amqp_receivedExchange=stock-market, amqp_deliveryTag=14, amqp_consumerQueue=spring.gen-OYOcUynYTyeiKil99TA3MA, amqp_redelivered=false, amqp_receivedRoutingKey=ZOOM, amqp_contentEncoding=UTF-8, id=532d7749-d27d-044f-9d83-fbb3e4be2e15, amqp_consumerTag=amq.ctag-fVWGm4JqVyvlP9hXZXiYZw, amqp_lastInBatch=false, contentType=application/json, __TypeId__=org.example.StockMovement, timestamp=1677240225848}]]
2023-02-24T04:03:46.346-08:00 DEBUG 14192 --- [   scheduling-1] o.s.amqp.rabbit.core.RabbitTemplate      : Executing callback RabbitTemplate$$Lambda$1073/0x0000000801177c48 on RabbitMQ Channel: Cached Rabbit Channel: AMQChannel(amqp://guest@127.0.0.1:62500/,2), conn: Proxy@2154652c Shared Rabbit Connection: SimpleConnection@351e89fc [delegate=amqp://guest@127.0.0.1:62500/, localPort=62504]
2023-02-24T04:03:46.346-08:00 DEBUG 14192 --- [   scheduling-1] o.s.amqp.rabbit.core.RabbitTemplate      : Publishing message [(Body:'{"stockName":"ZOOM","price":50.649197}' MessageProperties [headers={__TypeId__=org.example.StockMovement}, contentType=application/json, contentEncoding=UTF-8, contentLength=38, deliveryMode=PERSISTENT, priority=0, deliveryTag=0])] on exchange [stock-market], routingKey = [ZOOM]
2023-02-24T04:03:46.375-08:00 DEBUG 14192 --- [ool-1-thread-18] o.s.a.r.listener.BlockingQueueConsumer   : Storing delivery for consumerTag: 'amq.ctag-fVWGm4JqVyvlP9hXZXiYZw' with deliveryTag: '15' in Consumer@14be750c: tags=[[amq.ctag-fVWGm4JqVyvlP9hXZXiYZw]], channel=Cached Rabbit Channel: AMQChannel(amqp://guest@127.0.0.1:62500/,1), conn: Proxy@2154652c Shared Rabbit Connection: SimpleConnection@351e89fc [delegate=amqp://guest@127.0.0.1:62500/, localPort=62504], acknowledgeMode=AUTO local queue size=0
2023-02-24T04:03:46.376-08:00 DEBUG 14192 --- [ntContainer#0-1] o.s.a.r.listener.BlockingQueueConsumer   : Received message: (Body:'{"stockName":"ZOOM","price":50.649197}' MessageProperties [headers={__TypeId__=org.example.StockMovement}, contentType=application/json, contentEncoding=UTF-8, contentLength=0, receivedDeliveryMode=PERSISTENT, priority=0, redelivered=false, receivedExchange=stock-market, receivedRoutingKey=ZOOM, deliveryTag=15, consumerTag=amq.ctag-fVWGm4JqVyvlP9hXZXiYZw, consumerQueue=spring.gen-OYOcUynYTyeiKil99TA3MA])
2023-02-24T04:03:46.376-08:00 DEBUG 14192 --- [ntContainer#0-1] .a.r.l.a.MessagingMessageListenerAdapter : Processing [GenericMessage [payload=StockMovement{stockName='ZOOM', price=50.649197}, headers={amqp_receivedDeliveryMode=PERSISTENT, amqp_receivedExchange=stock-market, amqp_deliveryTag=15, amqp_consumerQueue=spring.gen-OYOcUynYTyeiKil99TA3MA, amqp_redelivered=false, amqp_receivedRoutingKey=ZOOM, amqp_contentEncoding=UTF-8, id=fc7ea028-5958-a21f-19e3-1b5bcc90b1de, amqp_consumerTag=amq.ctag-fVWGm4JqVyvlP9hXZXiYZw, amqp_lastInBatch=false, contentType=application/json, __TypeId__=org.example.StockMovement, timestamp=1677240226376}]]
2023-02-24T04:03:46.838-08:00 DEBUG 14192 --- [   scheduling-1] o.s.amqp.rabbit.core.RabbitTemplate      : Executing callback RabbitTemplate$$Lambda$1073/0x0000000801177c48 on RabbitMQ Channel: Cached Rabbit Channel: AMQChannel(amqp://guest@127.0.0.1:62500/,2), conn: Proxy@2154652c Shared Rabbit Connection: SimpleConnection@351e89fc [delegate=amqp://guest@127.0.0.1:62500/, localPort=62504]
2023-02-24T04:03:46.838-08:00 DEBUG 14192 --- [   scheduling-1] o.s.amqp.rabbit.core.RabbitTemplate      : Publishing message [(Body:'{"stockName":"SBUX","price":127.62113}' MessageProperties [headers={__TypeId__=org.example.StockMovement}, contentType=application/json, contentEncoding=UTF-8, contentLength=38, deliveryMode=PERSISTENT, priority=0, deliveryTag=0])] on exchange [stock-market], routingKey = [SBUX]
2023-02-24T04:03:46.842-08:00 DEBUG 14192 --- [pool-1-thread-3] o.s.a.r.listener.BlockingQueueConsumer   : Storing delivery for consumerTag: 'amq.ctag-fVWGm4JqVyvlP9hXZXiYZw' with deliveryTag: '16' in Consumer@14be750c: tags=[[amq.ctag-fVWGm4JqVyvlP9hXZXiYZw]], channel=Cached Rabbit Channel: AMQChannel(amqp://guest@127.0.0.1:62500/,1), conn: Proxy@2154652c Shared Rabbit Connection: SimpleConnection@351e89fc [delegate=amqp://guest@127.0.0.1:62500/, localPort=62504], acknowledgeMode=AUTO local queue size=0
2023-02-24T04:03:46.842-08:00 DEBUG 14192 --- [ntContainer#0-1] o.s.a.r.listener.BlockingQueueConsumer   : Received message: (Body:'{"stockName":"SBUX","price":127.62113}' MessageProperties [headers={__TypeId__=org.example.StockMovement}, contentType=application/json, contentEncoding=UTF-8, contentLength=0, receivedDeliveryMode=PERSISTENT, priority=0, redelivered=false, receivedExchange=stock-market, receivedRoutingKey=SBUX, deliveryTag=16, consumerTag=amq.ctag-fVWGm4JqVyvlP9hXZXiYZw, consumerQueue=spring.gen-OYOcUynYTyeiKil99TA3MA])
2023-02-24T04:03:46.843-08:00 DEBUG 14192 --- [ntContainer#0-1] .a.r.l.a.MessagingMessageListenerAdapter : Processing [GenericMessage [payload=StockMovement{stockName='SBUX', price=127.62113}, headers={amqp_receivedDeliveryMode=PERSISTENT, amqp_receivedExchange=stock-market, amqp_deliveryTag=16, amqp_consumerQueue=spring.gen-OYOcUynYTyeiKil99TA3MA, amqp_redelivered=false, amqp_receivedRoutingKey=SBUX, amqp_contentEncoding=UTF-8, id=1c5cc608-4010-2f9c-fd80-82afaadaa16e, amqp_consumerTag=amq.ctag-fVWGm4JqVyvlP9hXZXiYZw, amqp_lastInBatch=false, contentType=application/json, __TypeId__=org.example.StockMovement, timestamp=1677240226843}]]
2023-02-24T04:03:47.343-08:00 DEBUG 14192 --- [   scheduling-1] o.s.amqp.rabbit.core.RabbitTemplate      : Executing callback RabbitTemplate$$Lambda$1073/0x0000000801177c48 on RabbitMQ Channel: Cached Rabbit Channel: AMQChannel(amqp://guest@127.0.0.1:62500/,2), conn: Proxy@2154652c Shared Rabbit Connection: SimpleConnection@351e89fc [delegate=amqp://guest@127.0.0.1:62500/, localPort=62504]
2023-02-24T04:03:47.343-08:00 DEBUG 14192 --- [   scheduling-1] o.s.amqp.rabbit.core.RabbitTemplate      : Publishing message [(Body:'{"stockName":"ZOOM","price":86.053925}' MessageProperties [headers={__TypeId__=org.example.StockMovement}, contentType=application/json, contentEncoding=UTF-8, contentLength=38, deliveryMode=PERSISTENT, priority=0, deliveryTag=0])] on exchange [stock-market], routingKey = [ZOOM]
2023-02-24T04:03:47.346-08:00 DEBUG 14192 --- [pool-1-thread-4] o.s.a.r.listener.BlockingQueueConsumer   : Storing delivery for consumerTag: 'amq.ctag-fVWGm4JqVyvlP9hXZXiYZw' with deliveryTag: '17' in Consumer@14be750c: tags=[[amq.ctag-fVWGm4JqVyvlP9hXZXiYZw]], channel=Cached Rabbit Channel: AMQChannel(amqp://guest@127.0.0.1:62500/,1), conn: Proxy@2154652c Shared Rabbit Connection: SimpleConnection@351e89fc [delegate=amqp://guest@127.0.0.1:62500/, localPort=62504], acknowledgeMode=AUTO local queue size=0
2023-02-24T04:03:47.346-08:00 DEBUG 14192 --- [ntContainer#0-1] o.s.a.r.listener.BlockingQueueConsumer   : Received message: (Body:'{"stockName":"ZOOM","price":86.053925}' MessageProperties [headers={__TypeId__=org.example.StockMovement}, contentType=application/json, contentEncoding=UTF-8, contentLength=0, receivedDeliveryMode=PERSISTENT, priority=0, redelivered=false, receivedExchange=stock-market, receivedRoutingKey=ZOOM, deliveryTag=17, consumerTag=amq.ctag-fVWGm4JqVyvlP9hXZXiYZw, consumerQueue=spring.gen-OYOcUynYTyeiKil99TA3MA])
2023-02-24T04:03:47.346-08:00 DEBUG 14192 --- [ntContainer#0-1] .a.r.l.a.MessagingMessageListenerAdapter : Processing [GenericMessage [payload=StockMovement{stockName='ZOOM', price=86.053925}, headers={amqp_receivedDeliveryMode=PERSISTENT, amqp_receivedExchange=stock-market, amqp_deliveryTag=17, amqp_consumerQueue=spring.gen-OYOcUynYTyeiKil99TA3MA, amqp_redelivered=false, amqp_receivedRoutingKey=ZOOM, amqp_contentEncoding=UTF-8, id=d0b78b03-b0d3-1116-7a37-f037970c1ba7, amqp_consumerTag=amq.ctag-fVWGm4JqVyvlP9hXZXiYZw, amqp_lastInBatch=false, contentType=application/json, __TypeId__=org.example.StockMovement, timestamp=1677240227346}]]
2023-02-24T04:03:47.847-08:00 DEBUG 14192 --- [   scheduling-1] o.s.amqp.rabbit.core.RabbitTemplate      : Executing callback RabbitTemplate$$Lambda$1073/0x0000000801177c48 on RabbitMQ Channel: Cached Rabbit Channel: AMQChannel(amqp://guest@127.0.0.1:62500/,2), conn: Proxy@2154652c Shared Rabbit Connection: SimpleConnection@351e89fc [delegate=amqp://guest@127.0.0.1:62500/, localPort=62504]
2023-02-24T04:03:47.848-08:00 DEBUG 14192 --- [   scheduling-1] o.s.amqp.rabbit.core.RabbitTemplate      : Publishing message [(Body:'{"stockName":"SBUX","price":80.94317}' MessageProperties [headers={__TypeId__=org.example.StockMovement}, contentType=application/json, contentEncoding=UTF-8, contentLength=37, deliveryMode=PERSISTENT, priority=0, deliveryTag=0])] on exchange [stock-market], routingKey = [SBUX]
2023-02-24T04:03:47.852-08:00 DEBUG 14192 --- [pool-1-thread-5] o.s.a.r.listener.BlockingQueueConsumer   : Storing delivery for consumerTag: 'amq.ctag-fVWGm4JqVyvlP9hXZXiYZw' with deliveryTag: '18' in Consumer@14be750c: tags=[[amq.ctag-fVWGm4JqVyvlP9hXZXiYZw]], channel=Cached Rabbit Channel: AMQChannel(amqp://guest@127.0.0.1:62500/,1), conn: Proxy@2154652c Shared Rabbit Connection: SimpleConnection@351e89fc [delegate=amqp://guest@127.0.0.1:62500/, localPort=62504], acknowledgeMode=AUTO local queue size=0
2023-02-24T04:03:47.852-08:00 DEBUG 14192 --- [ntContainer#0-1] o.s.a.r.listener.BlockingQueueConsumer   : Received message: (Body:'{"stockName":"SBUX","price":80.94317}' MessageProperties [headers={__TypeId__=org.example.StockMovement}, contentType=application/json, contentEncoding=UTF-8, contentLength=0, receivedDeliveryMode=PERSISTENT, priority=0, redelivered=false, receivedExchange=stock-market, receivedRoutingKey=SBUX, deliveryTag=18, consumerTag=amq.ctag-fVWGm4JqVyvlP9hXZXiYZw, consumerQueue=spring.gen-OYOcUynYTyeiKil99TA3MA])
2023-02-24T04:03:47.853-08:00 DEBUG 14192 --- [ntContainer#0-1] .a.r.l.a.MessagingMessageListenerAdapter : Processing [GenericMessage [payload=StockMovement{stockName='SBUX', price=80.94317}, headers={amqp_receivedDeliveryMode=PERSISTENT, amqp_receivedExchange=stock-market, amqp_deliveryTag=18, amqp_consumerQueue=spring.gen-OYOcUynYTyeiKil99TA3MA, amqp_redelivered=false, amqp_receivedRoutingKey=SBUX, amqp_contentEncoding=UTF-8, id=bb9f06d6-02b3-36ca-e6e8-e4c5fe650f98, amqp_consumerTag=amq.ctag-fVWGm4JqVyvlP9hXZXiYZw, amqp_lastInBatch=false, contentType=application/json, __TypeId__=org.example.StockMovement, timestamp=1677240227853}]]
2023-02-24T04:03:48.350-08:00 DEBUG 14192 --- [   scheduling-1] o.s.amqp.rabbit.core.RabbitTemplate      : Executing callback RabbitTemplate$$Lambda$1073/0x0000000801177c48 on RabbitMQ Channel: Cached Rabbit Channel: AMQChannel(amqp://guest@127.0.0.1:62500/,2), conn: Proxy@2154652c Shared Rabbit Connection: SimpleConnection@351e89fc [delegate=amqp://guest@127.0.0.1:62500/, localPort=62504]
2023-02-24T04:03:48.350-08:00 DEBUG 14192 --- [   scheduling-1] o.s.amqp.rabbit.core.RabbitTemplate      : Publishing message [(Body:'{"stockName":"SBUX","price":55.031036}' MessageProperties [headers={__TypeId__=org.example.StockMovement}, contentType=application/json, contentEncoding=UTF-8, contentLength=38, deliveryMode=PERSISTENT, priority=0, deliveryTag=0])] on exchange [stock-market], routingKey = [SBUX]
2023-02-24T04:03:48.354-08:00 DEBUG 14192 --- [pool-1-thread-6] o.s.a.r.listener.BlockingQueueConsumer   : Storing delivery for consumerTag: 'amq.ctag-fVWGm4JqVyvlP9hXZXiYZw' with deliveryTag: '19' in Consumer@14be750c: tags=[[amq.ctag-fVWGm4JqVyvlP9hXZXiYZw]], channel=Cached Rabbit Channel: AMQChannel(amqp://guest@127.0.0.1:62500/,1), conn: Proxy@2154652c Shared Rabbit Connection: SimpleConnection@351e89fc [delegate=amqp://guest@127.0.0.1:62500/, localPort=62504], acknowledgeMode=AUTO local queue size=0
2023-02-24T04:03:48.354-08:00 DEBUG 14192 --- [ntContainer#0-1] o.s.a.r.listener.BlockingQueueConsumer   : Received message: (Body:'{"stockName":"SBUX","price":55.031036}' MessageProperties [headers={__TypeId__=org.example.StockMovement}, contentType=application/json, contentEncoding=UTF-8, contentLength=0, receivedDeliveryMode=PERSISTENT, priority=0, redelivered=false, receivedExchange=stock-market, receivedRoutingKey=SBUX, deliveryTag=19, consumerTag=amq.ctag-fVWGm4JqVyvlP9hXZXiYZw, consumerQueue=spring.gen-OYOcUynYTyeiKil99TA3MA])
2023-02-24T04:03:48.354-08:00 DEBUG 14192 --- [ntContainer#0-1] .a.r.l.a.MessagingMessageListenerAdapter : Processing [GenericMessage [payload=StockMovement{stockName='SBUX', price=55.031036}, headers={amqp_receivedDeliveryMode=PERSISTENT, amqp_receivedExchange=stock-market, amqp_deliveryTag=19, amqp_consumerQueue=spring.gen-OYOcUynYTyeiKil99TA3MA, amqp_redelivered=false, amqp_receivedRoutingKey=SBUX, amqp_contentEncoding=UTF-8, id=8088af9d-4433-add7-3de0-c2fc1f0c0bc8, amqp_consumerTag=amq.ctag-fVWGm4JqVyvlP9hXZXiYZw, amqp_lastInBatch=false, contentType=application/json, __TypeId__=org.example.StockMovement, timestamp=1677240228354}]]
2023-02-24T04:03:48.849-08:00 DEBUG 14192 --- [   scheduling-1] o.s.amqp.rabbit.core.RabbitTemplate      : Executing callback RabbitTemplate$$Lambda$1073/0x0000000801177c48 on RabbitMQ Channel: Cached Rabbit Channel: AMQChannel(amqp://guest@127.0.0.1:62500/,2), conn: Proxy@2154652c Shared Rabbit Connection: SimpleConnection@351e89fc [delegate=amqp://guest@127.0.0.1:62500/, localPort=62504]
2023-02-24T04:03:48.849-08:00 DEBUG 14192 --- [   scheduling-1] o.s.amqp.rabbit.core.RabbitTemplate      : Publishing message [(Body:'{"stockName":"ATT","price":83.75441}' MessageProperties [headers={__TypeId__=org.example.StockMovement}, contentType=application/json, contentEncoding=UTF-8, contentLength=36, deliveryMode=PERSISTENT, priority=0, deliveryTag=0])] on exchange [stock-market], routingKey = [ATT]
2023-02-24T04:03:48.853-08:00 DEBUG 14192 --- [pool-1-thread-7] o.s.a.r.listener.BlockingQueueConsumer   : Storing delivery for consumerTag: 'amq.ctag-fVWGm4JqVyvlP9hXZXiYZw' with deliveryTag: '20' in Consumer@14be750c: tags=[[amq.ctag-fVWGm4JqVyvlP9hXZXiYZw]], channel=Cached Rabbit Channel: AMQChannel(amqp://guest@127.0.0.1:62500/,1), conn: Proxy@2154652c Shared Rabbit Connection: SimpleConnection@351e89fc [delegate=amqp://guest@127.0.0.1:62500/, localPort=62504], acknowledgeMode=AUTO local queue size=0
2023-02-24T04:03:48.853-08:00 DEBUG 14192 --- [ntContainer#0-1] o.s.a.r.listener.BlockingQueueConsumer   : Received message: (Body:'{"stockName":"ATT","price":83.75441}' MessageProperties [headers={__TypeId__=org.example.StockMovement}, contentType=application/json, contentEncoding=UTF-8, contentLength=0, receivedDeliveryMode=PERSISTENT, priority=0, redelivered=false, receivedExchange=stock-market, receivedRoutingKey=ATT, deliveryTag=20, consumerTag=amq.ctag-fVWGm4JqVyvlP9hXZXiYZw, consumerQueue=spring.gen-OYOcUynYTyeiKil99TA3MA])
2023-02-24T04:03:48.853-08:00 DEBUG 14192 --- [ntContainer#0-1] .a.r.l.a.MessagingMessageListenerAdapter : Processing [GenericMessage [payload=StockMovement{stockName='ATT', price=83.75441}, headers={amqp_receivedDeliveryMode=PERSISTENT, amqp_receivedExchange=stock-market, amqp_deliveryTag=20, amqp_consumerQueue=spring.gen-OYOcUynYTyeiKil99TA3MA, amqp_redelivered=false, amqp_receivedRoutingKey=ATT, amqp_contentEncoding=UTF-8, id=49aa3d62-bbb0-9633-9bc1-cd288d70d380, amqp_consumerTag=amq.ctag-fVWGm4JqVyvlP9hXZXiYZw, amqp_lastInBatch=false, contentType=application/json, __TypeId__=org.example.StockMovement, timestamp=1677240228853}]]
2023-02-24T04:03:49.341-08:00 DEBUG 14192 --- [   scheduling-1] o.s.amqp.rabbit.core.RabbitTemplate      : Executing callback RabbitTemplate$$Lambda$1073/0x0000000801177c48 on RabbitMQ Channel: Cached Rabbit Channel: AMQChannel(amqp://guest@127.0.0.1:62500/,2), conn: Proxy@2154652c Shared Rabbit Connection: SimpleConnection@351e89fc [delegate=amqp://guest@127.0.0.1:62500/, localPort=62504]
2023-02-24T04:03:49.341-08:00 DEBUG 14192 --- [   scheduling-1] o.s.amqp.rabbit.core.RabbitTemplate      : Publishing message [(Body:'{"stockName":"SBUX","price":67.70556}' MessageProperties [headers={__TypeId__=org.example.StockMovement}, contentType=application/json, contentEncoding=UTF-8, contentLength=37, deliveryMode=PERSISTENT, priority=0, deliveryTag=0])] on exchange [stock-market], routingKey = [SBUX]
2023-02-24T04:03:49.345-08:00 DEBUG 14192 --- [pool-1-thread-8] o.s.a.r.listener.BlockingQueueConsumer   : Storing delivery for consumerTag: 'amq.ctag-fVWGm4JqVyvlP9hXZXiYZw' with deliveryTag: '21' in Consumer@14be750c: tags=[[amq.ctag-fVWGm4JqVyvlP9hXZXiYZw]], channel=Cached Rabbit Channel: AMQChannel(amqp://guest@127.0.0.1:62500/,1), conn: Proxy@2154652c Shared Rabbit Connection: SimpleConnection@351e89fc [delegate=amqp://guest@127.0.0.1:62500/, localPort=62504], acknowledgeMode=AUTO local queue size=0
2023-02-24T04:03:49.345-08:00 DEBUG 14192 --- [ntContainer#0-1] o.s.a.r.listener.BlockingQueueConsumer   : Received message: (Body:'{"stockName":"SBUX","price":67.70556}' MessageProperties [headers={__TypeId__=org.example.StockMovement}, contentType=application/json, contentEncoding=UTF-8, contentLength=0, receivedDeliveryMode=PERSISTENT, priority=0, redelivered=false, receivedExchange=stock-market, receivedRoutingKey=SBUX, deliveryTag=21, consumerTag=amq.ctag-fVWGm4JqVyvlP9hXZXiYZw, consumerQueue=spring.gen-OYOcUynYTyeiKil99TA3MA])
2023-02-24T04:03:49.345-08:00 DEBUG 14192 --- [ntContainer#0-1] .a.r.l.a.MessagingMessageListenerAdapter : Processing [GenericMessage [payload=StockMovement{stockName='SBUX', price=67.70556}, headers={amqp_receivedDeliveryMode=PERSISTENT, amqp_receivedExchange=stock-market, amqp_deliveryTag=21, amqp_consumerQueue=spring.gen-OYOcUynYTyeiKil99TA3MA, amqp_redelivered=false, amqp_receivedRoutingKey=SBUX, amqp_contentEncoding=UTF-8, id=436d0297-5b91-8ee6-c30a-e78fb1071d01, amqp_consumerTag=amq.ctag-fVWGm4JqVyvlP9hXZXiYZw, amqp_lastInBatch=false, contentType=application/json, __TypeId__=org.example.StockMovement, timestamp=1677240229345}]]
2023-02-24T04:03:49.845-08:00 DEBUG 14192 --- [   scheduling-1] o.s.amqp.rabbit.core.RabbitTemplate      : Executing callback RabbitTemplate$$Lambda$1073/0x0000000801177c48 on RabbitMQ Channel: Cached Rabbit Channel: AMQChannel(amqp://guest@127.0.0.1:62500/,2), conn: Proxy@2154652c Shared Rabbit Connection: SimpleConnection@351e89fc [delegate=amqp://guest@127.0.0.1:62500/, localPort=62504]
2023-02-24T04:03:49.845-08:00 DEBUG 14192 --- [   scheduling-1] o.s.amqp.rabbit.core.RabbitTemplate      : Publishing message [(Body:'{"stockName":"SBUX","price":115.01137}' MessageProperties [headers={__TypeId__=org.example.StockMovement}, contentType=application/json, contentEncoding=UTF-8, contentLength=38, deliveryMode=PERSISTENT, priority=0, deliveryTag=0])] on exchange [stock-market], routingKey = [SBUX]
2023-02-24T04:03:49.847-08:00 DEBUG 14192 --- [pool-1-thread-9] o.s.a.r.listener.BlockingQueueConsumer   : Storing delivery for consumerTag: 'amq.ctag-fVWGm4JqVyvlP9hXZXiYZw' with deliveryTag: '22' in Consumer@14be750c: tags=[[amq.ctag-fVWGm4JqVyvlP9hXZXiYZw]], channel=Cached Rabbit Channel: AMQChannel(amqp://guest@127.0.0.1:62500/,1), conn: Proxy@2154652c Shared Rabbit Connection: SimpleConnection@351e89fc [delegate=amqp://guest@127.0.0.1:62500/, localPort=62504], acknowledgeMode=AUTO local queue size=0
2023-02-24T04:03:49.848-08:00 DEBUG 14192 --- [ntContainer#0-1] o.s.a.r.listener.BlockingQueueConsumer   : Received message: (Body:'{"stockName":"SBUX","price":115.01137}' MessageProperties [headers={__TypeId__=org.example.StockMovement}, contentType=application/json, contentEncoding=UTF-8, contentLength=0, receivedDeliveryMode=PERSISTENT, priority=0, redelivered=false, receivedExchange=stock-market, receivedRoutingKey=SBUX, deliveryTag=22, consumerTag=amq.ctag-fVWGm4JqVyvlP9hXZXiYZw, consumerQueue=spring.gen-OYOcUynYTyeiKil99TA3MA])
2023-02-24T04:03:49.848-08:00 DEBUG 14192 --- [ntContainer#0-1] .a.r.l.a.MessagingMessageListenerAdapter : Processing [GenericMessage [payload=StockMovement{stockName='SBUX', price=115.01137}, headers={amqp_receivedDeliveryMode=PERSISTENT, amqp_receivedExchange=stock-market, amqp_deliveryTag=22, amqp_consumerQueue=spring.gen-OYOcUynYTyeiKil99TA3MA, amqp_redelivered=false, amqp_receivedRoutingKey=SBUX, amqp_contentEncoding=UTF-8, id=1fe695be-5147-f67a-9b23-2a00454fd1a1, amqp_consumerTag=amq.ctag-fVWGm4JqVyvlP9hXZXiYZw, amqp_lastInBatch=false, contentType=application/json, __TypeId__=org.example.StockMovement, timestamp=1677240229848}]]
2023-02-24T04:03:50.026-08:00 DEBUG 14192 --- [ool-1-thread-10] o.s.a.r.listener.BlockingQueueConsumer   : Received shutdown signal for consumer tag=amq.ctag-fVWGm4JqVyvlP9hXZXiYZw

com.rabbitmq.client.ShutdownSignalException: connection error
	at com.rabbitmq.client.impl.AMQConnection.startShutdown(AMQConnection.java:985) ~[amqp-client-5.16.0.jar:5.16.0]
	at com.rabbitmq.client.impl.AMQConnection.shutdown(AMQConnection.java:975) ~[amqp-client-5.16.0.jar:5.16.0]
	at com.rabbitmq.client.impl.AMQConnection.handleFailure(AMQConnection.java:775) ~[amqp-client-5.16.0.jar:5.16.0]
	at com.rabbitmq.client.impl.AMQConnection.access$400(AMQConnection.java:47) ~[amqp-client-5.16.0.jar:5.16.0]
	at com.rabbitmq.client.impl.AMQConnection$MainLoop.run(AMQConnection.java:674) ~[amqp-client-5.16.0.jar:5.16.0]
	at java.base/java.lang.Thread.run(Thread.java:833) ~[na:na]
Caused by: java.io.EOFException: null
	at java.base/java.io.DataInputStream.readUnsignedByte(DataInputStream.java:296) ~[na:na]
	at com.rabbitmq.client.impl.Frame.readFrom(Frame.java:91) ~[amqp-client-5.16.0.jar:5.16.0]
	at com.rabbitmq.client.impl.SocketFrameHandler.readFrame(SocketFrameHandler.java:184) ~[amqp-client-5.16.0.jar:5.16.0]
	at com.rabbitmq.client.impl.AMQConnection$MainLoop.run(AMQConnection.java:665) ~[amqp-client-5.16.0.jar:5.16.0]
	... 1 common frames omitted

2023-02-24T04:03:50.346-08:00  INFO 14192 --- [   scheduling-1] o.s.a.r.c.CachingConnectionFactory       : Attempting to connect to: [localhost:62500]
2023-02-24T04:03:50.349-08:00 ERROR 14192 --- [   scheduling-1] o.s.s.s.TaskUtils$LoggingErrorHandler    : Unexpected error occurred in scheduled task

org.springframework.amqp.AmqpConnectException: java.net.ConnectException: Connection refused: no further information
	at org.springframework.amqp.rabbit.support.RabbitExceptionTranslator.convertRabbitAccessException(RabbitExceptionTranslator.java:61) ~[spring-rabbit-3.0.1.jar:3.0.1]
	at org.springframework.amqp.rabbit.connection.AbstractConnectionFactory.createBareConnection(AbstractConnectionFactory.java:587) ~[spring-rabbit-3.0.1.jar:3.0.1]
	at org.springframework.amqp.rabbit.connection.CachingConnectionFactory.createConnection(CachingConnectionFactory.java:686) ~[spring-rabbit-3.0.1.jar:3.0.1]
	at org.springframework.amqp.rabbit.connection.CachingConnectionFactory.createBareChannel(CachingConnectionFactory.java:637) ~[spring-rabbit-3.0.1.jar:3.0.1]
	at org.springframework.amqp.rabbit.connection.CachingConnectionFactory.getCachedChannelProxy(CachingConnectionFactory.java:611) ~[spring-rabbit-3.0.1.jar:3.0.1]
	at org.springframework.amqp.rabbit.connection.CachingConnectionFactory.getChannel(CachingConnectionFactory.java:501) ~[spring-rabbit-3.0.1.jar:3.0.1]
	at org.springframework.amqp.rabbit.connection.CachingConnectionFactory$ChannelCachingConnectionProxy.createChannel(CachingConnectionFactory.java:1379) ~[spring-rabbit-3.0.1.jar:3.0.1]
	at org.springframework.amqp.rabbit.core.RabbitTemplate.doExecute(RabbitTemplate.java:2231) ~[spring-rabbit-3.0.1.jar:3.0.1]
	at org.springframework.amqp.rabbit.core.RabbitTemplate.execute(RabbitTemplate.java:2198) ~[spring-rabbit-3.0.1.jar:3.0.1]
	at org.springframework.amqp.rabbit.core.RabbitTemplate.send(RabbitTemplate.java:1119) ~[spring-rabbit-3.0.1.jar:3.0.1]
	at org.springframework.amqp.rabbit.core.RabbitTemplate.convertAndSend(RabbitTemplate.java:1182) ~[spring-rabbit-3.0.1.jar:3.0.1]
	at org.springframework.amqp.rabbit.core.RabbitTemplate.convertAndSend(RabbitTemplate.java:1175) ~[spring-rabbit-3.0.1.jar:3.0.1]
	at org.example.StockMarket.marketMovement(StockMarket.java:39) ~[main/:na]
	at jdk.internal.reflect.GeneratedMethodAccessor13.invoke(Unknown Source) ~[na:na]
	at java.base/jdk.internal.reflect.DelegatingMethodAccessorImpl.invoke(DelegatingMethodAccessorImpl.java:43) ~[na:na]
	at java.base/java.lang.reflect.Method.invoke(Method.java:568) ~[na:na]
	at org.springframework.scheduling.support.ScheduledMethodRunnable.run(ScheduledMethodRunnable.java:84) ~[spring-context-6.0.4.jar:6.0.4]
	at org.springframework.scheduling.support.DelegatingErrorHandlingRunnable.run(DelegatingErrorHandlingRunnable.java:54) ~[spring-context-6.0.4.jar:6.0.4]
	at java.base/java.util.concurrent.Executors$RunnableAdapter.call(Executors.java:539) ~[na:na]
	at java.base/java.util.concurrent.FutureTask.runAndReset(FutureTask.java:305) ~[na:na]
	at java.base/java.util.concurrent.ScheduledThreadPoolExecutor$ScheduledFutureTask.run(ScheduledThreadPoolExecutor.java:305) ~[na:na]
	at java.base/java.util.concurrent.ThreadPoolExecutor.runWorker(ThreadPoolExecutor.java:1136) ~[na:na]
	at java.base/java.util.concurrent.ThreadPoolExecutor$Worker.run(ThreadPoolExecutor.java:635) ~[na:na]
	at java.base/java.lang.Thread.run(Thread.java:833) ~[na:na]
Caused by: java.net.ConnectException: Connection refused: no further information
	at java.base/sun.nio.ch.Net.pollConnect(Native Method) ~[na:na]
	at java.base/sun.nio.ch.Net.pollConnectNow(Net.java:672) ~[na:na]
	at java.base/sun.nio.ch.NioSocketImpl.timedFinishConnect(NioSocketImpl.java:542) ~[na:na]
	at java.base/sun.nio.ch.NioSocketImpl.connect(NioSocketImpl.java:597) ~[na:na]
	at java.base/java.net.SocksSocketImpl.connect(SocksSocketImpl.java:327) ~[na:na]
	at java.base/java.net.Socket.connect(Socket.java:633) ~[na:na]
	at com.rabbitmq.client.impl.SocketFrameHandlerFactory.create(SocketFrameHandlerFactory.java:59) ~[amqp-client-5.16.0.jar:5.16.0]
	at com.rabbitmq.client.ConnectionFactory.newConnection(ConnectionFactory.java:1223) ~[amqp-client-5.16.0.jar:5.16.0]
	at com.rabbitmq.client.ConnectionFactory.newConnection(ConnectionFactory.java:1173) ~[amqp-client-5.16.0.jar:5.16.0]
	at org.springframework.amqp.rabbit.connection.AbstractConnectionFactory.connectAddresses(AbstractConnectionFactory.java:625) ~[spring-rabbit-3.0.1.jar:3.0.1]
	at org.springframework.amqp.rabbit.connection.AbstractConnectionFactory.connect(AbstractConnectionFactory.java:600) ~[spring-rabbit-3.0.1.jar:3.0.1]
	at org.springframework.amqp.rabbit.connection.AbstractConnectionFactory.createBareConnection(AbstractConnectionFactory.java:550) ~[spring-rabbit-3.0.1.jar:3.0.1]
	... 22 common frames omitted

]]></system-out>
  <system-err><![CDATA[]]></system-err>
</testsuite>
