<?xml version="1.0" encoding="UTF-8"?>
<testsuite name="org.example.spring.data.jpa.queries.SpringDataJpaQueriesApplicationTest" tests="1" skipped="0" failures="0" errors="0" timestamp="2023-03-09T20:09:50" hostname="STEWS" time="0.009">
  <properties/>
  <testcase name="contextLoads()" classname="org.example.spring.data.jpa.queries.SpringDataJpaQueriesApplicationTest" time="0.009"/>
  <system-out><![CDATA[]]></system-out>
  <system-err><![CDATA[]]></system-err>
</testsuite>
